2023-11-13 16:14:15.056 [info] Log level: Info
2023-11-13 16:14:15.056 [info] Validating found git in: "git"
2023-11-13 16:14:15.056 [info] Using git "2.34.1" from "git"
2023-11-13 16:14:15.056 [info] > git rev-parse --show-toplevel [207ms]
2023-11-13 16:14:15.085 [info] > git rev-parse --git-dir --git-common-dir [45ms]
2023-11-13 16:14:15.100 [info] Open repository: /home/ernest
2023-11-13 16:14:15.127 [info] > git rev-parse --show-toplevel [7ms]
2023-11-13 16:14:15.128 [info] > git config --get commit.template [15ms]
2023-11-13 16:14:15.178 [info] > git rev-parse --git-dir --git-common-dir [38ms]
2023-11-13 16:14:15.184 [info] Open repository: /home/ernest/block17
2023-11-13 16:14:15.203 [info] > git for-each-ref --format=%(refname)%00%(upstream:short)%00%(objectname)%00%(upstream:track)%00%(upstream:remotename)%00%(upstream:remoteref) refs/heads/main refs/remotes/main [47ms]
2023-11-13 16:14:15.229 [info] > git rev-parse --show-toplevel [31ms]
2023-11-13 16:14:15.229 [info] > git config --get commit.template [37ms]
2023-11-13 16:14:15.251 [info] > git rev-parse --show-toplevel [14ms]
2023-11-13 16:14:15.260 [info] > git for-each-ref --format=%(refname)%00%(upstream:short)%00%(objectname)%00%(upstream:track)%00%(upstream:remotename)%00%(upstream:remoteref) refs/heads/master refs/remotes/master [10ms]
2023-11-13 16:14:15.271 [info] > git rev-parse --show-toplevel [12ms]
2023-11-13 16:14:15.279 [info] > git status -z -uall [12ms]
2023-11-13 16:14:15.298 [info] > git rev-parse --show-toplevel [18ms]
2023-11-13 16:14:15.311 [info] > git config --get commit.template [14ms]
2023-11-13 16:14:15.314 [info] > git rev-parse --show-toplevel [4ms]
2023-11-13 16:14:15.336 [info] > git rev-parse --git-dir --git-common-dir [2ms]
2023-11-13 16:14:15.344 [info] Open repository: /home/ernest/.nvm
2023-11-13 16:14:15.346 [info] > git for-each-ref --format=%(refname)%00%(upstream:short)%00%(objectname)%00%(upstream:track)%00%(upstream:remotename)%00%(upstream:remoteref) refs/heads/master refs/remotes/master [21ms]
2023-11-13 16:14:15.374 [info] > git status -z -uall [20ms]
2023-11-13 16:14:15.384 [info] > git rev-parse --show-toplevel [15ms]
2023-11-13 16:14:15.385 [info] > git config --get commit.template [23ms]
2023-11-13 16:14:15.403 [info] > git rev-parse --show-toplevel [10ms]
2023-11-13 16:14:16.456 [info] > git status -z -uall [1247ms] (cancelled)
2023-11-13 16:14:16.456 [info] > git rev-parse --show-toplevel [1045ms]
2023-11-13 16:14:16.457 [info] > git for-each-ref --format=%(refname)%00%(upstream:short)%00%(objectname)%00%(upstream:track)%00%(upstream:remotename)%00%(upstream:remoteref) refs/heads/master refs/remotes/master [1055ms]
2023-11-13 16:14:16.559 [info] > git status -z -uall [96ms]
2023-11-13 16:14:16.559 [info] > git check-ignore -v -z --stdin [51ms]
2023-11-13 16:14:16.560 [info] > git check-ignore -v -z --stdin [40ms]
2023-11-13 16:14:16.561 [info] > git check-ignore -v -z --stdin [25ms]
2023-11-13 16:14:16.564 [info] > git config --get commit.template [138ms]
2023-11-13 16:14:16.576 [info] > git rev-parse --show-toplevel [20ms]
2023-11-13 16:14:16.596 [info] > git config --get commit.template [21ms]
2023-11-13 16:14:16.614 [info] > git rev-parse --git-dir --git-common-dir [19ms]
2023-11-13 16:14:16.617 [info] Open repository: /home/ernest/2310-github-demo
2023-11-13 16:14:16.617 [info] > git for-each-ref --format=%(refname)%00%(upstream:short)%00%(objectname)%00%(upstream:track)%00%(upstream:remotename)%00%(upstream:remoteref) refs/heads/main refs/remotes/main [32ms]
2023-11-13 16:14:16.661 [info] > git rev-parse --show-toplevel [3ms]
2023-11-13 16:14:16.661 [info] > git config --get commit.template [12ms]
2023-11-13 16:14:16.661 [info] > git for-each-ref --format=%(refname)%00%(upstream:short)%00%(objectname)%00%(upstream:track)%00%(upstream:remotename)%00%(upstream:remoteref) refs/heads/master refs/remotes/master [23ms]
2023-11-13 16:14:16.684 [info] No remotes found in the git config file.
2023-11-13 16:14:16.698 [info] > git status -z -uall [30ms]
2023-11-13 16:14:16.725 [info] > git for-each-ref --format=%(refname)%00%(upstream:short)%00%(objectname)%00%(upstream:track)%00%(upstream:remotename)%00%(upstream:remoteref) refs/heads/master refs/remotes/master [42ms]
2023-11-13 16:14:16.733 [info] > git rev-parse --show-toplevel [57ms]
2023-11-13 16:14:16.754 [info] > git status -z -uall [22ms]
2023-11-13 16:14:16.756 [info] > git rev-parse --show-toplevel [13ms]
2023-11-13 16:14:16.796 [info] > git config --get commit.template [5ms]
2023-11-13 16:14:16.796 [info] > git rev-parse --show-toplevel [13ms]
2023-11-13 16:14:17.937 [info] No remotes found in the git config file.
2023-11-13 16:14:17.961 [info] > git status -z -uall [1334ms] (cancelled)
2023-11-13 16:14:17.962 [info] > git rev-parse --show-toplevel [1028ms]
2023-11-13 16:14:18.121 [info] > git check-ignore -v -z --stdin [146ms]
2023-11-13 16:14:18.122 [info] > git check-ignore -v -z --stdin [137ms]
2023-11-13 16:14:18.123 [info] > git check-ignore -v -z --stdin [128ms]
2023-11-13 16:14:18.123 [info] > git check-ignore -v -z --stdin [118ms]
2023-11-13 16:14:18.124 [info] > git for-each-ref --format=%(refname)%00%(upstream:short)%00%(objectname)%00%(upstream:track)%00%(upstream:remotename)%00%(upstream:remoteref) refs/heads/master refs/remotes/master [188ms]
2023-11-13 16:14:18.141 [info] > git rev-parse --show-toplevel [28ms]
2023-11-13 16:14:18.153 [info] > git status -z -uall [17ms]
2023-11-13 16:14:18.156 [info] > git rev-parse --git-dir --git-common-dir [3ms]
2023-11-13 16:14:18.160 [info] Open repository: /home/ernest/block12
2023-11-13 16:14:18.207 [info] > git config --get commit.template [19ms]
2023-11-13 16:14:18.209 [info] > git rev-parse --show-toplevel [6ms]
2023-11-13 16:14:18.254 [info] > git rev-parse --git-dir --git-common-dir [22ms]
2023-11-13 16:14:18.257 [info] Open repository: /home/ernest/block13
2023-11-13 16:14:18.258 [info] > git for-each-ref --format=%(refname)%00%(upstream:short)%00%(objectname)%00%(upstream:track)%00%(upstream:remotename)%00%(upstream:remoteref) refs/heads/master refs/remotes/master [39ms]
2023-11-13 16:14:18.289 [info] > git status -z -uall [22ms]
2023-11-13 16:14:18.289 [info] > git rev-parse --show-toplevel [4ms]
2023-11-13 16:14:18.290 [info] > git config --get commit.template [12ms]
2023-11-13 16:14:18.338 [info] > git config --get commit.template [28ms]
2023-11-13 16:14:18.338 [info] > git rev-parse --git-dir --git-common-dir [36ms]
2023-11-13 16:14:18.341 [info] Open repository: /home/ernest/block14
2023-11-13 16:14:18.363 [info] > git for-each-ref --format=%(refname)%00%(upstream:short)%00%(objectname)%00%(upstream:track)%00%(upstream:remotename)%00%(upstream:remoteref) refs/heads/JavaStuff refs/remotes/JavaStuff [42ms]
2023-11-13 16:14:18.387 [info] > git status -z -uall [16ms]
2023-11-13 16:14:18.387 [info] > git rev-parse --show-toplevel [29ms]
2023-11-13 16:14:18.387 [info] > git config --get commit.template [37ms]
2023-11-13 16:14:18.397 [info] > git for-each-ref --format=%(refname)%00%(upstream:short)%00%(objectname)%00%(upstream:track)%00%(upstream:remotename)%00%(upstream:remoteref) refs/heads/master refs/remotes/master [17ms]
2023-11-13 16:14:18.418 [info] No remotes found in the git config file.
2023-11-13 16:14:18.441 [info] > git status -z -uall [36ms]
2023-11-13 16:14:18.443 [info] > git rev-parse --git-dir --git-common-dir [47ms]
2023-11-13 16:14:18.445 [info] Open repository: /home/ernest/block15
2023-11-13 16:14:18.464 [info] > git config --get commit.template [23ms]
2023-11-13 16:14:18.465 [info] > git for-each-ref --format=%(refname)%00%(upstream:short)%00%(objectname)%00%(upstream:track)%00%(upstream:remotename)%00%(upstream:remoteref) refs/heads/master refs/remotes/master [47ms]
2023-11-13 16:14:18.478 [info] > git status -z -uall [4ms]
2023-11-13 16:14:18.479 [info] > git rev-parse --show-toplevel [16ms]
2023-11-13 16:14:18.480 [info] > git config --get commit.template [25ms]
2023-11-13 16:14:18.549 [info] > git rev-parse --git-dir --git-common-dir [52ms]
2023-11-13 16:14:18.552 [info] Open repository: /home/ernest/block16
2023-11-13 16:14:18.552 [info] > git for-each-ref --format=%(refname)%00%(upstream:short)%00%(objectname)%00%(upstream:track)%00%(upstream:remotename)%00%(upstream:remoteref) refs/heads/JavaStuff refs/remotes/JavaStuff [64ms]
2023-11-13 16:14:18.582 [info] > git status -z -uall [24ms]
2023-11-13 16:14:18.584 [info] > git config --get commit.template [36ms]
2023-11-13 16:14:18.611 [info] > git for-each-ref --format=%(refname)%00%(upstream:short)%00%(objectname)%00%(upstream:track)%00%(upstream:remotename)%00%(upstream:remoteref) refs/heads/master refs/remotes/master [103ms]
2023-11-13 16:14:18.627 [info] > git status -z -uall [7ms]
2023-11-13 16:14:18.637 [info] > git rev-parse --show-toplevel [59ms]
2023-11-13 16:14:18.637 [info] > git config --get commit.template [68ms]
2023-11-13 16:14:18.656 [info] No remotes found in the git config file.
2023-11-13 16:14:18.741 [info] > git rev-parse --show-toplevel [76ms]
2023-11-13 16:14:18.741 [info] > git for-each-ref --format=%(refname)%00%(upstream:short)%00%(objectname)%00%(upstream:track)%00%(upstream:remotename)%00%(upstream:remoteref) refs/heads/master refs/remotes/master [85ms]
2023-11-13 16:14:18.765 [info] > git status -z -uall [15ms]
2023-11-13 16:14:18.790 [info] > git config --get commit.template [73ms]
2023-11-13 16:14:18.790 [info] > git for-each-ref --format=%(refname)%00%(upstream:short)%00%(objectname)%00%(upstream:track)%00%(upstream:remotename)%00%(upstream:remoteref) refs/heads/master refs/remotes/master [85ms]
2023-11-13 16:14:18.803 [info] > git status -z -uall [5ms]
2023-11-13 16:14:18.846 [info] > git rev-parse --git-dir --git-common-dir [83ms]
2023-11-13 16:14:18.849 [info] Open repository: /home/ernest/personalwebsite
2023-11-13 16:14:18.892 [info] > git show --textconv :numbers.js [34ms]
2023-11-13 16:14:18.892 [info] > git ls-files --stage -- /home/ernest/block17/numbers.js [24ms]
2023-11-13 16:14:18.955 [info] > git cat-file -s a6af5020d59cdb9b7d634b7b2d43c5122e6d6ec9 [52ms]
2023-11-13 16:14:18.956 [info] > git config --get commit.template [69ms]
2023-11-13 16:14:18.956 [info] > git for-each-ref --format=%(refname)%00%(upstream:short)%00%(objectname)%00%(upstream:track)%00%(upstream:remotename)%00%(upstream:remoteref) refs/heads/master refs/remotes/master [79ms]
2023-11-13 16:14:18.975 [info] > git status -z -uall [11ms]
2023-11-13 16:14:18.979 [info] > git config --get commit.template [48ms]
2023-11-13 16:14:19.020 [info] > git for-each-ref --format=%(refname)%00%(upstream:short)%00%(objectname)%00%(upstream:track)%00%(upstream:remotename)%00%(upstream:remoteref) refs/heads/main refs/remotes/main [19ms]
2023-11-13 16:14:19.034 [info] > git status -z -uall [5ms]
2023-11-13 16:14:19.037 [info] > git for-each-ref --format=%(refname)%00%(upstream:short)%00%(objectname)%00%(upstream:track)%00%(upstream:remotename)%00%(upstream:remoteref) refs/heads/master refs/remotes/master [21ms]
2023-11-13 16:14:19.083 [info] > git status -z -uall [37ms]
2023-11-13 16:14:19.095 [info] > git config --get commit.template [12ms]
2023-11-13 16:14:19.112 [info] > git for-each-ref --format=%(refname)%00%(upstream:short)%00%(objectname)%00%(upstream:track)%00%(upstream:remotename)%00%(upstream:remoteref) refs/heads/main refs/remotes/main [8ms]
2023-11-13 16:14:19.123 [info] > git status -z -uall [2ms]
2023-11-13 16:14:19.517 [info] > git check-ignore -v -z --stdin [73ms]
2023-11-13 16:14:19.518 [info] > git check-ignore -v -z --stdin [67ms]
2023-11-13 16:14:19.519 [info] > git check-ignore -v -z --stdin [60ms]
2023-11-13 16:14:19.519 [info] > git check-ignore -v -z --stdin [52ms]
2023-11-13 16:14:19.520 [info] > git check-ignore -v -z --stdin [45ms]
2023-11-13 16:14:19.520 [info] > git check-ignore -v -z --stdin [39ms]
2023-11-13 16:14:19.520 [info] > git check-ignore -v -z --stdin [30ms]
2023-11-13 16:14:19.521 [info] > git check-ignore -v -z --stdin [21ms]
2023-11-13 16:14:19.521 [info] > git check-ignore -v -z --stdin [12ms]
2023-11-13 16:14:19.521 [info] > git check-ignore -v -z --stdin [5ms]
2023-11-13 16:14:32.217 [info] > git fetch [30ms]
2023-11-13 16:14:32.218 [info] > git fetch [56ms]
2023-11-13 16:14:32.234 [info] > git config --get commit.template [1ms]
2023-11-13 16:14:32.234 [info] > git config --get commit.template [8ms]
2023-11-13 16:14:32.242 [info] No remotes found in the git config file.
2023-11-13 16:14:32.250 [info] No remotes found in the git config file.
2023-11-13 16:14:32.251 [info] > git for-each-ref --format=%(refname)%00%(upstream:short)%00%(objectname)%00%(upstream:track)%00%(upstream:remotename)%00%(upstream:remoteref) refs/heads/master refs/remotes/master [8ms]
2023-11-13 16:14:32.258 [info] > git for-each-ref --format=%(refname)%00%(upstream:short)%00%(objectname)%00%(upstream:track)%00%(upstream:remotename)%00%(upstream:remoteref) refs/heads/master refs/remotes/master [8ms]
2023-11-13 16:14:32.269 [info] > git status -z -uall [12ms]
2023-11-13 16:14:32.272 [info] > git status -z -uall [2ms]
2023-11-13 16:14:32.615 [info] > git fetch [473ms]
2023-11-13 16:14:32.625 [info] > git config --get commit.template [1ms]
2023-11-13 16:14:32.635 [info] > git for-each-ref --format=%(refname)%00%(upstream:short)%00%(objectname)%00%(upstream:track)%00%(upstream:remotename)%00%(upstream:remoteref) refs/heads/master refs/remotes/master [1ms]
2023-11-13 16:14:32.645 [info] > git status -z -uall [1ms]
2023-11-13 16:14:32.654 [info] > git fetch [451ms]
2023-11-13 16:14:32.665 [info] > git fetch [487ms]
2023-11-13 16:14:32.677 [info] > git config --get commit.template [11ms]
2023-11-13 16:14:32.677 [info] > git fetch [465ms]
2023-11-13 16:14:32.678 [info] > git fetch [484ms]
2023-11-13 16:14:32.701 [info] > git config --get commit.template [25ms]
2023-11-13 16:14:32.701 [info] > git fetch [531ms]
2023-11-13 16:14:32.722 [info] > git config --get commit.template [21ms]
2023-11-13 16:14:32.722 [info] > git config --get commit.template [32ms]
2023-11-13 16:14:32.722 [info] > git fetch [570ms]
2023-11-13 16:14:32.741 [info] > git config --get commit.template [20ms]
2023-11-13 16:14:32.741 [info] > git for-each-ref --format=%(refname)%00%(upstream:short)%00%(objectname)%00%(upstream:track)%00%(upstream:remotename)%00%(upstream:remoteref) refs/heads/master refs/remotes/master [30ms]
2023-11-13 16:14:32.772 [info] > git status -z -uall [23ms]
2023-11-13 16:14:32.772 [info] > git config --get commit.template [32ms]
2023-11-13 16:14:32.773 [info] > git for-each-ref --format=%(refname)%00%(upstream:short)%00%(objectname)%00%(upstream:track)%00%(upstream:remotename)%00%(upstream:remoteref) refs/heads/JavaStuff refs/remotes/JavaStuff [43ms]
2023-11-13 16:14:32.790 [info] > git for-each-ref --format=%(refname)%00%(upstream:short)%00%(objectname)%00%(upstream:track)%00%(upstream:remotename)%00%(upstream:remoteref) refs/heads/master refs/remotes/master [19ms]
2023-11-13 16:14:32.800 [info] > git for-each-ref --format=%(refname)%00%(upstream:short)%00%(objectname)%00%(upstream:track)%00%(upstream:remotename)%00%(upstream:remoteref) refs/heads/main refs/remotes/main [40ms]
2023-11-13 16:14:32.809 [info] > git fetch [677ms]
2023-11-13 16:14:32.809 [info] fatal: repository 'https://github.com/ernesttheiss/github-workflow/tree/master/' not found
2023-11-13 16:14:32.826 [info] > git status -z -uall [46ms]
2023-11-13 16:14:32.826 [info] > git status -z -uall [27ms]
2023-11-13 16:14:32.826 [info] > git status -z -uall [17ms]
2023-11-13 16:14:32.830 [info] > git for-each-ref --format=%(refname)%00%(upstream:short)%00%(objectname)%00%(upstream:track)%00%(upstream:remotename)%00%(upstream:remoteref) refs/heads/master refs/remotes/master [40ms]
2023-11-13 16:14:32.840 [info] > git status -z -uall [2ms]
2023-11-13 16:14:32.841 [info] > git config --get commit.template [16ms]
2023-11-13 16:14:32.841 [info] > git for-each-ref --format=%(refname)%00%(upstream:short)%00%(objectname)%00%(upstream:track)%00%(upstream:remotename)%00%(upstream:remoteref) refs/heads/master refs/remotes/master [23ms]
2023-11-13 16:14:32.858 [info] > git status -z -uall [9ms]
2023-11-13 16:14:32.858 [info] > git for-each-ref --format=%(refname)%00%(upstream:short)%00%(objectname)%00%(upstream:track)%00%(upstream:remotename)%00%(upstream:remoteref) refs/heads/main refs/remotes/main [2ms]
2023-11-13 16:14:33.964 [info] > git status -z -uall [1098ms] (cancelled)
2023-11-13 16:14:34.010 [info] > git config --get commit.template [16ms]
2023-11-13 16:14:34.011 [info] > git config --get commit.template [3ms]
2023-11-13 16:14:34.022 [info] No remotes found in the git config file.
2023-11-13 16:14:34.031 [info] No remotes found in the git config file.
2023-11-13 16:14:34.032 [info] > git for-each-ref --format=%(refname)%00%(upstream:short)%00%(objectname)%00%(upstream:track)%00%(upstream:remotename)%00%(upstream:remoteref) refs/heads/master refs/remotes/master [0ms]
2023-11-13 16:14:34.043 [info] > git for-each-ref --format=%(refname)%00%(upstream:short)%00%(objectname)%00%(upstream:track)%00%(upstream:remotename)%00%(upstream:remoteref) refs/heads/master refs/remotes/master [22ms]
2023-11-13 16:14:34.059 [info] > git status -z -uall [16ms]
2023-11-13 16:14:34.063 [info] > git status -z -uall [4ms]
2023-11-13 16:14:35.042 [info] > git config --get commit.template [63ms]
2023-11-13 16:14:35.042 [info] > git config --get commit.template [71ms]
2023-11-13 16:14:35.043 [info] > git config --get commit.template [2ms]
2023-11-13 16:14:35.043 [info] > git config --get commit.template [9ms]
2023-11-13 16:14:35.043 [info] > git config --get commit.template [18ms]
2023-11-13 16:14:35.043 [info] > git config --get commit.template [27ms]
2023-11-13 16:14:35.044 [info] > git config --get commit.template [35ms]
2023-11-13 16:14:35.101 [info] > git for-each-ref --format=%(refname)%00%(upstream:short)%00%(objectname)%00%(upstream:track)%00%(upstream:remotename)%00%(upstream:remoteref) refs/heads/master refs/remotes/master [50ms]
2023-11-13 16:14:35.110 [info] > git status -z -uall [1ms]
2023-11-13 16:14:35.112 [info] > git for-each-ref --format=%(refname)%00%(upstream:short)%00%(objectname)%00%(upstream:track)%00%(upstream:remotename)%00%(upstream:remoteref) refs/heads/main refs/remotes/main [12ms]
2023-11-13 16:14:35.123 [info] > git for-each-ref --format=%(refname)%00%(upstream:short)%00%(objectname)%00%(upstream:track)%00%(upstream:remotename)%00%(upstream:remoteref) refs/heads/master refs/remotes/master [31ms]
2023-11-13 16:14:35.133 [info] > git for-each-ref --format=%(refname)%00%(upstream:short)%00%(objectname)%00%(upstream:track)%00%(upstream:remotename)%00%(upstream:remoteref) refs/heads/master refs/remotes/master [50ms]
2023-11-13 16:14:35.142 [info] > git for-each-ref --format=%(refname)%00%(upstream:short)%00%(objectname)%00%(upstream:track)%00%(upstream:remotename)%00%(upstream:remoteref) refs/heads/JavaStuff refs/remotes/JavaStuff [67ms]
2023-11-13 16:14:35.155 [info] > git for-each-ref --format=%(refname)%00%(upstream:short)%00%(objectname)%00%(upstream:track)%00%(upstream:remotename)%00%(upstream:remoteref) refs/heads/master refs/remotes/master [87ms]
2023-11-13 16:14:35.168 [info] > git for-each-ref --format=%(refname)%00%(upstream:short)%00%(objectname)%00%(upstream:track)%00%(upstream:remotename)%00%(upstream:remoteref) refs/heads/master refs/remotes/master [108ms]
2023-11-13 16:14:35.180 [info] > git status -z -uall [57ms]
2023-11-13 16:14:35.180 [info] > git status -z -uall [47ms]
2023-11-13 16:14:35.180 [info] > git status -z -uall [38ms]
2023-11-13 16:14:35.180 [info] > git status -z -uall [25ms]
2023-11-13 16:14:35.180 [info] > git status -z -uall [13ms]
2023-11-13 16:14:35.201 [info] > git status -z -uall [23ms]
2023-11-13 16:14:35.205 [info] > git ls-files --stage -- /home/ernest/block17/numbers.js [5ms]
2023-11-13 16:14:35.217 [info] > git cat-file -s a6af5020d59cdb9b7d634b7b2d43c5122e6d6ec9 [1ms]
2023-11-13 16:14:35.231 [info] > git show --textconv :numbers.js [1ms]
2023-11-13 16:14:44.553 [info] > git config --get commit.template [1ms]
2023-11-13 16:14:44.564 [info] > git for-each-ref --format=%(refname)%00%(upstream:short)%00%(objectname)%00%(upstream:track)%00%(upstream:remotename)%00%(upstream:remoteref) refs/heads/master refs/remotes/master [1ms]
2023-11-13 16:14:44.574 [info] > git status -z -uall [1ms]
2023-11-13 16:14:54.238 [info] > git check-ignore -v -z --stdin [3ms]
2023-11-13 16:15:21.273 [info] > git show --textconv :Practice/practice.js [8ms]
2023-11-13 16:15:21.274 [info] > git ls-files --stage -- /home/ernest/Practice/practice.js [3ms]
2023-11-13 16:15:21.515 [info] > git check-ignore -v -z --stdin [2ms]
2023-11-13 16:15:29.049 [info] > git show --textconv :Practice/practice.html [9ms]
2023-11-13 16:15:29.050 [info] > git ls-files --stage -- /home/ernest/Practice/practice.html [3ms]
2023-11-13 16:15:29.191 [info] > git check-ignore -v -z --stdin [2ms]
2023-11-13 16:20:42.002 [info] > git fetch [64ms]
2023-11-13 16:20:42.003 [info] > git fetch [76ms]
2023-11-13 16:20:42.021 [info] > git config --get commit.template [3ms]
2023-11-13 16:20:42.021 [info] > git config --get commit.template [11ms]
2023-11-13 16:20:42.029 [info] No remotes found in the git config file.
2023-11-13 16:20:42.036 [info] No remotes found in the git config file.
2023-11-13 16:20:42.036 [info] > git for-each-ref --format=%(refname)%00%(upstream:short)%00%(objectname)%00%(upstream:track)%00%(upstream:remotename)%00%(upstream:remoteref) refs/heads/master refs/remotes/master [7ms]
2023-11-13 16:20:42.044 [info] > git for-each-ref --format=%(refname)%00%(upstream:short)%00%(objectname)%00%(upstream:track)%00%(upstream:remotename)%00%(upstream:remoteref) refs/heads/master refs/remotes/master [9ms]
2023-11-13 16:20:42.050 [info] > git status -z -uall [7ms]
2023-11-13 16:20:42.052 [info] > git status -z -uall [3ms]
2023-11-13 16:20:42.405 [info] > git fetch [435ms]
2023-11-13 16:20:42.416 [info] > git config --get commit.template [2ms]
2023-11-13 16:20:42.428 [info] > git fetch [443ms]
2023-11-13 16:20:42.429 [info] > git fetch [476ms]
2023-11-13 16:20:42.429 [info] > git fetch [468ms]
2023-11-13 16:20:42.448 [info] > git fetch [504ms]
2023-11-13 16:20:42.449 [info] > git for-each-ref --format=%(refname)%00%(upstream:short)%00%(objectname)%00%(upstream:track)%00%(upstream:remotename)%00%(upstream:remoteref) refs/heads/master refs/remotes/master [22ms]
2023-11-13 16:20:42.464 [info] > git status -z -uall [7ms]
2023-11-13 16:20:42.465 [info] > git config --get commit.template [17ms]
2023-11-13 16:20:42.465 [info] > git config --get commit.template [24ms]
2023-11-13 16:20:42.465 [info] > git config --get commit.template [29ms]
2023-11-13 16:20:42.465 [info] > git fetch [474ms]
2023-11-13 16:20:42.465 [info] > git fetch [488ms]
2023-11-13 16:20:42.477 [info] > git config --get commit.template [14ms]
2023-11-13 16:20:42.498 [info] > git config --get commit.template [22ms]
2023-11-13 16:20:42.498 [info] > git config --get commit.template [27ms]
2023-11-13 16:20:42.505 [info] > git for-each-ref --format=%(refname)%00%(upstream:short)%00%(objectname)%00%(upstream:track)%00%(upstream:remotename)%00%(upstream:remoteref) refs/heads/main refs/remotes/main [8ms]
2023-11-13 16:20:42.513 [info] > git for-each-ref --format=%(refname)%00%(upstream:short)%00%(objectname)%00%(upstream:track)%00%(upstream:remotename)%00%(upstream:remoteref) refs/heads/master refs/remotes/master [21ms]
2023-11-13 16:20:42.519 [info] > git for-each-ref --format=%(refname)%00%(upstream:short)%00%(objectname)%00%(upstream:track)%00%(upstream:remotename)%00%(upstream:remoteref) refs/heads/master refs/remotes/master [32ms]
2023-11-13 16:20:42.536 [info] > git status -z -uall [24ms]
2023-11-13 16:20:42.537 [info] > git status -z -uall [19ms]
2023-11-13 16:20:42.537 [info] > git status -z -uall [13ms]
2023-11-13 16:20:42.540 [info] > git for-each-ref --format=%(refname)%00%(upstream:short)%00%(objectname)%00%(upstream:track)%00%(upstream:remotename)%00%(upstream:remoteref) refs/heads/master refs/remotes/master [36ms]
2023-11-13 16:20:42.548 [info] > git for-each-ref --format=%(refname)%00%(upstream:short)%00%(objectname)%00%(upstream:track)%00%(upstream:remotename)%00%(upstream:remoteref) refs/heads/JavaStuff refs/remotes/JavaStuff [13ms]
2023-11-13 16:20:42.555 [info] > git for-each-ref --format=%(refname)%00%(upstream:short)%00%(objectname)%00%(upstream:track)%00%(upstream:remotename)%00%(upstream:remoteref) refs/heads/master refs/remotes/master [26ms]
2023-11-13 16:20:42.564 [info] > git status -z -uall [16ms]
2023-11-13 16:20:42.564 [info] > git status -z -uall [9ms]
2023-11-13 16:20:42.564 [info] > git status -z -uall [3ms]
2023-11-13 16:20:42.600 [info] > git fetch [600ms]
2023-11-13 16:20:42.600 [info] fatal: repository 'https://github.com/ernesttheiss/github-workflow/tree/master/' not found
2023-11-13 16:20:42.613 [info] > git config --get commit.template [6ms]
2023-11-13 16:20:42.614 [info] > git for-each-ref --format=%(refname)%00%(upstream:short)%00%(objectname)%00%(upstream:track)%00%(upstream:remotename)%00%(upstream:remoteref) refs/heads/main refs/remotes/main [2ms]
2023-11-13 16:20:43.724 [info] > git status -z -uall [1104ms] (cancelled)
2023-11-13 16:20:43.780 [info] > git config --get commit.template [9ms]
2023-11-13 16:20:43.792 [info] No remotes found in the git config file.
2023-11-13 16:20:43.795 [info] > git for-each-ref --format=%(refname)%00%(upstream:short)%00%(objectname)%00%(upstream:track)%00%(upstream:remotename)%00%(upstream:remoteref) refs/heads/master refs/remotes/master [4ms]
2023-11-13 16:20:43.810 [info] > git status -z -uall [2ms]
2023-11-13 16:20:44.805 [info] > git config --get commit.template [80ms]
2023-11-13 16:20:44.806 [info] > git config --get commit.template [90ms]
2023-11-13 16:20:44.807 [info] > git config --get commit.template [3ms]
2023-11-13 16:20:44.807 [info] > git config --get commit.template [11ms]
2023-11-13 16:20:44.807 [info] > git config --get commit.template [19ms]
2023-11-13 16:20:44.807 [info] > git config --get commit.template [27ms]
2023-11-13 16:20:44.808 [info] > git config --get commit.template [34ms]
2023-11-13 16:20:44.865 [info] > git for-each-ref --format=%(refname)%00%(upstream:short)%00%(objectname)%00%(upstream:track)%00%(upstream:remotename)%00%(upstream:remoteref) refs/heads/master refs/remotes/master [42ms]
2023-11-13 16:20:44.874 [info] > git for-each-ref --format=%(refname)%00%(upstream:short)%00%(objectname)%00%(upstream:track)%00%(upstream:remotename)%00%(upstream:remoteref) refs/heads/master refs/remotes/master [59ms]
2023-11-13 16:20:44.883 [info] > git status -z -uall [9ms]
2023-11-13 16:20:44.883 [info] > git status -z -uall [1ms]
2023-11-13 16:20:44.885 [info] > git for-each-ref --format=%(refname)%00%(upstream:short)%00%(objectname)%00%(upstream:track)%00%(upstream:remotename)%00%(upstream:remoteref) refs/heads/main refs/remotes/main [21ms]
2023-11-13 16:20:44.894 [info] > git for-each-ref --format=%(refname)%00%(upstream:short)%00%(objectname)%00%(upstream:track)%00%(upstream:remotename)%00%(upstream:remoteref) refs/heads/master refs/remotes/master [39ms]
2023-11-13 16:20:44.903 [info] > git for-each-ref --format=%(refname)%00%(upstream:short)%00%(objectname)%00%(upstream:track)%00%(upstream:remotename)%00%(upstream:remoteref) refs/heads/master refs/remotes/master [55ms]
2023-11-13 16:20:44.912 [info] > git for-each-ref --format=%(refname)%00%(upstream:short)%00%(objectname)%00%(upstream:track)%00%(upstream:remotename)%00%(upstream:remoteref) refs/heads/JavaStuff refs/remotes/JavaStuff [71ms]
2023-11-13 16:20:44.920 [info] > git for-each-ref --format=%(refname)%00%(upstream:short)%00%(objectname)%00%(upstream:track)%00%(upstream:remotename)%00%(upstream:remoteref) refs/heads/master refs/remotes/master [86ms]
2023-11-13 16:20:44.942 [info] > git status -z -uall [49ms]
2023-11-13 16:20:44.942 [info] > git status -z -uall [39ms]
2023-11-13 16:20:44.942 [info] > git status -z -uall [30ms]
2023-11-13 16:20:44.942 [info] > git status -z -uall [22ms]
2023-11-13 16:20:44.942 [info] > git status -z -uall [11ms]
2023-11-13 16:20:44.945 [info] > git ls-files --stage -- /home/ernest/Practice/practice.html [4ms]
2023-11-13 16:20:45.004 [info] > git show --textconv :Practice/practice.html [4ms]
2023-11-13 16:20:49.061 [info] > git show --textconv :Practice/practice.js [13ms]
2023-11-13 16:20:49.062 [info] > git ls-files --stage -- /home/ernest/Practice/practice.js [2ms]
2023-11-13 16:23:42.069 [info] > git fetch [8ms]
2023-11-13 16:23:42.078 [info] > git fetch [11ms]
2023-11-13 16:23:42.087 [info] > git config --get commit.template [9ms]
2023-11-13 16:23:42.088 [info] > git config --get commit.template [1ms]
2023-11-13 16:23:42.094 [info] No remotes found in the git config file.
2023-11-13 16:23:42.100 [info] No remotes found in the git config file.
2023-11-13 16:23:42.101 [info] > git for-each-ref --format=%(refname)%00%(upstream:short)%00%(objectname)%00%(upstream:track)%00%(upstream:remotename)%00%(upstream:remoteref) refs/heads/master refs/remotes/master [7ms]
2023-11-13 16:23:42.107 [info] > git for-each-ref --format=%(refname)%00%(upstream:short)%00%(objectname)%00%(upstream:track)%00%(upstream:remotename)%00%(upstream:remoteref) refs/heads/master refs/remotes/master [7ms]
2023-11-13 16:23:42.113 [info] > git status -z -uall [7ms]
2023-11-13 16:23:42.117 [info] > git status -z -uall [4ms]
2023-11-13 16:25:29.057 [info] > git config --get commit.template [3ms]
2023-11-13 16:25:29.057 [info] > git config --get commit.template [10ms]
2023-11-13 16:25:29.065 [info] No remotes found in the git config file.
2023-11-13 16:25:29.072 [info] No remotes found in the git config file.
2023-11-13 16:25:29.073 [info] > git for-each-ref --format=%(refname)%00%(upstream:short)%00%(objectname)%00%(upstream:track)%00%(upstream:remotename)%00%(upstream:remoteref) refs/heads/master refs/remotes/master [2ms]
2023-11-13 16:25:29.080 [info] > git for-each-ref --format=%(refname)%00%(upstream:short)%00%(objectname)%00%(upstream:track)%00%(upstream:remotename)%00%(upstream:remoteref) refs/heads/master refs/remotes/master [15ms]
2023-11-13 16:25:29.087 [info] > git status -z -uall [6ms]
2023-11-13 16:25:29.089 [info] > git status -z -uall [2ms]
2023-11-13 16:25:29.422 [info] > git fetch [455ms]
2023-11-13 16:25:29.423 [info] > git fetch [436ms]
2023-11-13 16:25:29.440 [info] > git config --get commit.template [9ms]
2023-11-13 16:25:29.440 [info] > git fetch [464ms]
2023-11-13 16:25:29.441 [info] > git fetch [444ms]
2023-11-13 16:25:29.456 [info] > git config --get commit.template [17ms]
2023-11-13 16:25:29.473 [info] > git config --get commit.template [17ms]
2023-11-13 16:25:29.473 [info] > git config --get commit.template [24ms]
2023-11-13 16:25:29.473 [info] > git fetch [456ms]
2023-11-13 16:25:29.483 [info] > git for-each-ref --format=%(refname)%00%(upstream:short)%00%(objectname)%00%(upstream:track)%00%(upstream:remotename)%00%(upstream:remoteref) refs/heads/main refs/remotes/main [12ms]
2023-11-13 16:25:29.490 [info] > git for-each-ref --format=%(refname)%00%(upstream:short)%00%(objectname)%00%(upstream:track)%00%(upstream:remotename)%00%(upstream:remoteref) refs/heads/master refs/remotes/master [26ms]
2023-11-13 16:25:29.497 [info] > git fetch [470ms]
2023-11-13 16:25:29.516 [info] > git status -z -uall [26ms]
2023-11-13 16:25:29.516 [info] > git status -z -uall [20ms]
2023-11-13 16:25:29.519 [info] > git config --get commit.template [37ms]
2023-11-13 16:25:29.519 [info] > git fetch [512ms]
2023-11-13 16:25:29.529 [info] > git config --get commit.template [13ms]
2023-11-13 16:25:29.529 [info] > git for-each-ref --format=%(refname)%00%(upstream:short)%00%(objectname)%00%(upstream:track)%00%(upstream:remotename)%00%(upstream:remoteref) refs/heads/master refs/remotes/master [20ms]
2023-11-13 16:25:29.535 [info] > git for-each-ref --format=%(refname)%00%(upstream:short)%00%(objectname)%00%(upstream:track)%00%(upstream:remotename)%00%(upstream:remoteref) refs/heads/master refs/remotes/master [32ms]
2023-11-13 16:25:29.549 [info] > git status -z -uall [14ms]
2023-11-13 16:25:29.549 [info] > git status -z -uall [8ms]
2023-11-13 16:25:29.551 [info] > git config --get commit.template [23ms]
2023-11-13 16:25:29.559 [info] > git for-each-ref --format=%(refname)%00%(upstream:short)%00%(objectname)%00%(upstream:track)%00%(upstream:remotename)%00%(upstream:remoteref) refs/heads/JavaStuff refs/remotes/JavaStuff [12ms]
2023-11-13 16:25:29.576 [info] > git status -z -uall [10ms]
2023-11-13 16:25:29.578 [info] > git for-each-ref --format=%(refname)%00%(upstream:short)%00%(objectname)%00%(upstream:track)%00%(upstream:remotename)%00%(upstream:remoteref) refs/heads/master refs/remotes/master [20ms]
2023-11-13 16:25:29.585 [info] > git fetch [550ms]
2023-11-13 16:25:29.585 [info] fatal: repository 'https://github.com/ernesttheiss/github-workflow/tree/master/' not found
2023-11-13 16:25:29.593 [info] > git status -z -uall [9ms]
2023-11-13 16:25:29.595 [info] > git for-each-ref --format=%(refname)%00%(upstream:short)%00%(objectname)%00%(upstream:track)%00%(upstream:remotename)%00%(upstream:remoteref) refs/heads/master refs/remotes/master [20ms]
2023-11-13 16:25:29.604 [info] > git config --get commit.template [10ms]
2023-11-13 16:25:29.604 [info] > git status -z -uall [3ms]
2023-11-13 16:25:29.613 [info] > git for-each-ref --format=%(refname)%00%(upstream:short)%00%(objectname)%00%(upstream:track)%00%(upstream:remotename)%00%(upstream:remoteref) refs/heads/main refs/remotes/main [1ms]
2023-11-13 16:25:30.650 [info] > git status -z -uall [1030ms] (cancelled)
2023-11-13 16:25:30.895 [info] > git ls-files --stage -- /home/ernest/Practice/practice.js [2ms]
2023-11-13 16:25:30.912 [info] > git show --textconv :Practice/practice.js [2ms]
2023-11-13 16:25:31.727 [info] > git config --get commit.template [52ms]
2023-11-13 16:25:31.727 [info] > git config --get commit.template [62ms]
2023-11-13 16:25:31.727 [info] > git config --get commit.template [72ms]
2023-11-13 16:25:31.751 [info] > git config --get commit.template [26ms]
2023-11-13 16:25:31.751 [info] > git config --get commit.template [36ms]
2023-11-13 16:25:31.751 [info] > git config --get commit.template [47ms]
2023-11-13 16:25:31.751 [info] > git config --get commit.template [59ms]
2023-11-13 16:25:31.819 [info] > git for-each-ref --format=%(refname)%00%(upstream:short)%00%(objectname)%00%(upstream:track)%00%(upstream:remotename)%00%(upstream:remoteref) refs/heads/master refs/remotes/master [39ms]
2023-11-13 16:25:31.831 [info] > git for-each-ref --format=%(refname)%00%(upstream:short)%00%(objectname)%00%(upstream:track)%00%(upstream:remotename)%00%(upstream:remoteref) refs/heads/master refs/remotes/master [59ms]
2023-11-13 16:25:31.841 [info] > git for-each-ref --format=%(refname)%00%(upstream:short)%00%(objectname)%00%(upstream:track)%00%(upstream:remotename)%00%(upstream:remoteref) refs/heads/master refs/remotes/master [81ms]
2023-11-13 16:25:31.853 [info] > git status -z -uall [23ms]
2023-11-13 16:25:31.853 [info] > git status -z -uall [13ms]
2023-11-13 16:25:31.853 [info] > git status -z -uall [3ms]
2023-11-13 16:25:31.855 [info] > git for-each-ref --format=%(refname)%00%(upstream:short)%00%(objectname)%00%(upstream:track)%00%(upstream:remotename)%00%(upstream:remoteref) refs/heads/main refs/remotes/main [37ms]
2023-11-13 16:25:31.865 [info] > git for-each-ref --format=%(refname)%00%(upstream:short)%00%(objectname)%00%(upstream:track)%00%(upstream:remotename)%00%(upstream:remoteref) refs/heads/master refs/remotes/master [56ms]
2023-11-13 16:25:31.875 [info] > git for-each-ref --format=%(refname)%00%(upstream:short)%00%(objectname)%00%(upstream:track)%00%(upstream:remotename)%00%(upstream:remoteref) refs/heads/master refs/remotes/master [76ms]
2023-11-13 16:25:31.887 [info] > git for-each-ref --format=%(refname)%00%(upstream:short)%00%(objectname)%00%(upstream:track)%00%(upstream:remotename)%00%(upstream:remoteref) refs/heads/JavaStuff refs/remotes/JavaStuff [97ms]
2023-11-13 16:25:31.898 [info] > git status -z -uall [34ms]
2023-11-13 16:25:31.898 [info] > git status -z -uall [24ms]
2023-11-13 16:25:31.898 [info] > git status -z -uall [11ms]
2023-11-13 16:25:31.898 [info] > git status -z -uall [2ms]
2023-11-13 16:26:42.134 [info] > git fetch [10ms]
2023-11-13 16:26:42.145 [info] > git fetch [12ms]
2023-11-13 16:26:42.153 [info] > git config --get commit.template [10ms]
2023-11-13 16:26:42.161 [info] No remotes found in the git config file.
2023-11-13 16:26:42.162 [info] > git config --get commit.template [10ms]
2023-11-13 16:26:42.163 [info] > git for-each-ref --format=%(refname)%00%(upstream:short)%00%(objectname)%00%(upstream:track)%00%(upstream:remotename)%00%(upstream:remoteref) refs/heads/master refs/remotes/master [1ms]
2023-11-13 16:26:42.177 [info] No remotes found in the git config file.
2023-11-13 16:26:42.177 [info] > git status -z -uall [7ms]
2023-11-13 16:26:42.177 [info] > git for-each-ref --format=%(refname)%00%(upstream:short)%00%(objectname)%00%(upstream:track)%00%(upstream:remotename)%00%(upstream:remoteref) refs/heads/master refs/remotes/master [1ms]
2023-11-13 16:26:42.185 [info] > git status -z -uall [2ms]
2023-11-13 16:26:43.260 [info] > git config --get commit.template [1ms]
2023-11-13 16:26:43.261 [info] > git config --get commit.template [7ms]
2023-11-13 16:26:43.268 [info] No remotes found in the git config file.
2023-11-13 16:26:43.274 [info] No remotes found in the git config file.
2023-11-13 16:26:43.275 [info] > git for-each-ref --format=%(refname)%00%(upstream:short)%00%(objectname)%00%(upstream:track)%00%(upstream:remotename)%00%(upstream:remoteref) refs/heads/master refs/remotes/master [2ms]
2023-11-13 16:26:43.284 [info] > git for-each-ref --format=%(refname)%00%(upstream:short)%00%(objectname)%00%(upstream:track)%00%(upstream:remotename)%00%(upstream:remoteref) refs/heads/master refs/remotes/master [16ms]
2023-11-13 16:26:43.293 [info] > git status -z -uall [9ms]
2023-11-13 16:26:43.293 [info] > git status -z -uall [2ms]
2023-11-13 16:28:30.092 [info] > git fetch [556ms]
2023-11-13 16:28:30.103 [info] > git config --get commit.template [1ms]
2023-11-13 16:28:30.112 [info] > git for-each-ref --format=%(refname)%00%(upstream:short)%00%(objectname)%00%(upstream:track)%00%(upstream:remotename)%00%(upstream:remoteref) refs/heads/main refs/remotes/main [1ms]
2023-11-13 16:28:30.124 [info] > git status -z -uall [0ms]
2023-11-13 16:28:30.356 [info] > git fetch [828ms]
2023-11-13 16:28:30.370 [info] > git fetch [793ms]
2023-11-13 16:28:30.380 [info] > git config --get commit.template [11ms]
2023-11-13 16:28:30.388 [info] > git config --get commit.template [9ms]
2023-11-13 16:28:30.388 [info] > git fetch [826ms]
2023-11-13 16:28:30.398 [info] > git for-each-ref --format=%(refname)%00%(upstream:short)%00%(objectname)%00%(upstream:track)%00%(upstream:remotename)%00%(upstream:remoteref) refs/heads/master refs/remotes/master [11ms]
2023-11-13 16:28:30.423 [info] > git status -z -uall [14ms]
2023-11-13 16:28:30.425 [info] > git config --get commit.template [27ms]
2023-11-13 16:28:30.425 [info] > git fetch [822ms]
2023-11-13 16:28:30.426 [info] > git fetch [837ms]
2023-11-13 16:28:30.444 [info] > git for-each-ref --format=%(refname)%00%(upstream:short)%00%(objectname)%00%(upstream:track)%00%(upstream:remotename)%00%(upstream:remoteref) refs/heads/master refs/remotes/master [23ms]
2023-11-13 16:28:30.453 [info] > git fetch [833ms]
2023-11-13 16:28:30.471 [info] > git status -z -uall [19ms]
2023-11-13 16:28:30.472 [info] > git config --get commit.template [28ms]
2023-11-13 16:28:30.472 [info] > git config --get commit.template [36ms]
2023-11-13 16:28:30.472 [info] > git fetch [621ms]
2023-11-13 16:28:30.472 [info] fatal: repository 'https://github.com/ernesttheiss/github-workflow/tree/master/' not found
2023-11-13 16:28:30.482 [info] > git config --get commit.template [12ms]
2023-11-13 16:28:30.483 [info] > git for-each-ref --format=%(refname)%00%(upstream:short)%00%(objectname)%00%(upstream:track)%00%(upstream:remotename)%00%(upstream:remoteref) refs/heads/master refs/remotes/master [21ms]
2023-11-13 16:28:30.509 [info] > git status -z -uall [17ms]
2023-11-13 16:28:30.509 [info] > git config --get commit.template [27ms]
2023-11-13 16:28:30.517 [info] > git for-each-ref --format=%(refname)%00%(upstream:short)%00%(objectname)%00%(upstream:track)%00%(upstream:remotename)%00%(upstream:remoteref) refs/heads/JavaStuff refs/remotes/JavaStuff [9ms]
2023-11-13 16:28:30.525 [info] > git for-each-ref --format=%(refname)%00%(upstream:short)%00%(objectname)%00%(upstream:track)%00%(upstream:remotename)%00%(upstream:remoteref) refs/heads/master refs/remotes/master [25ms]
2023-11-13 16:28:30.543 [info] > git status -z -uall [18ms]
2023-11-13 16:28:30.544 [info] > git status -z -uall [11ms]
2023-11-13 16:28:30.546 [info] > git for-each-ref --format=%(refname)%00%(upstream:short)%00%(objectname)%00%(upstream:track)%00%(upstream:remotename)%00%(upstream:remoteref) refs/heads/master refs/remotes/master [29ms]
2023-11-13 16:28:30.554 [info] > git for-each-ref --format=%(refname)%00%(upstream:short)%00%(objectname)%00%(upstream:track)%00%(upstream:remotename)%00%(upstream:remoteref) refs/heads/main refs/remotes/main [11ms]
2023-11-13 16:28:30.563 [info] > git status -z -uall [10ms]
2023-11-13 16:28:31.609 [info] > git status -z -uall [1047ms] (cancelled)
2023-11-13 16:28:31.651 [info] > git config --get commit.template [4ms]
2023-11-13 16:28:31.675 [info] > git for-each-ref --format=%(refname)%00%(upstream:short)%00%(objectname)%00%(upstream:track)%00%(upstream:remotename)%00%(upstream:remoteref) refs/heads/main refs/remotes/main [4ms]
2023-11-13 16:28:31.704 [info] > git status -z -uall [2ms]
2023-11-13 16:28:32.681 [info] > git config --get commit.template [25ms]
2023-11-13 16:28:32.681 [info] > git config --get commit.template [33ms]
2023-11-13 16:28:32.682 [info] > git config --get commit.template [42ms]
2023-11-13 16:28:32.683 [info] > git config --get commit.template [51ms]
2023-11-13 16:28:32.683 [info] > git config --get commit.template [60ms]
2023-11-13 16:28:32.683 [info] > git config --get commit.template [68ms]
2023-11-13 16:28:32.745 [info] > git for-each-ref --format=%(refname)%00%(upstream:short)%00%(objectname)%00%(upstream:track)%00%(upstream:remotename)%00%(upstream:remoteref) refs/heads/master refs/remotes/master [5ms]
2023-11-13 16:28:32.757 [info] > git for-each-ref --format=%(refname)%00%(upstream:short)%00%(objectname)%00%(upstream:track)%00%(upstream:remotename)%00%(upstream:remoteref) refs/heads/master refs/remotes/master [26ms]
2023-11-13 16:28:32.767 [info] > git for-each-ref --format=%(refname)%00%(upstream:short)%00%(objectname)%00%(upstream:track)%00%(upstream:remotename)%00%(upstream:remoteref) refs/heads/JavaStuff refs/remotes/JavaStuff [48ms]
2023-11-13 16:28:32.779 [info] > git for-each-ref --format=%(refname)%00%(upstream:short)%00%(objectname)%00%(upstream:track)%00%(upstream:remotename)%00%(upstream:remoteref) refs/heads/master refs/remotes/master [69ms]
2023-11-13 16:28:32.789 [info] > git for-each-ref --format=%(refname)%00%(upstream:short)%00%(objectname)%00%(upstream:track)%00%(upstream:remotename)%00%(upstream:remoteref) refs/heads/master refs/remotes/master [87ms]
2023-11-13 16:28:32.798 [info] > git for-each-ref --format=%(refname)%00%(upstream:short)%00%(objectname)%00%(upstream:track)%00%(upstream:remotename)%00%(upstream:remoteref) refs/heads/master refs/remotes/master [105ms]
2023-11-13 16:28:32.812 [info] > git status -z -uall [56ms]
2023-11-13 16:28:32.812 [info] > git status -z -uall [46ms]
2023-11-13 16:28:32.812 [info] > git status -z -uall [33ms]
2023-11-13 16:28:32.812 [info] > git status -z -uall [24ms]
2023-11-13 16:28:32.812 [info] > git status -z -uall [14ms]
2023-11-13 16:28:32.812 [info] > git status -z -uall [5ms]
2023-11-13 16:28:32.829 [info] > git ls-files --stage -- /home/ernest/Practice/practice.js [2ms]
2023-11-13 16:28:32.888 [info] > git show --textconv :Practice/practice.js [3ms]
2023-11-13 16:29:42.201 [info] > git fetch [8ms]
2023-11-13 16:29:42.212 [info] > git fetch [12ms]
2023-11-13 16:29:42.219 [info] > git config --get commit.template [7ms]
2023-11-13 16:29:42.225 [info] No remotes found in the git config file.
2023-11-13 16:29:42.225 [info] > git config --get commit.template [7ms]
2023-11-13 16:29:42.226 [info] > git for-each-ref --format=%(refname)%00%(upstream:short)%00%(objectname)%00%(upstream:track)%00%(upstream:remotename)%00%(upstream:remoteref) refs/heads/master refs/remotes/master [2ms]
2023-11-13 16:29:42.241 [info] No remotes found in the git config file.
2023-11-13 16:29:42.241 [info] > git status -z -uall [8ms]
2023-11-13 16:29:42.243 [info] > git for-each-ref --format=%(refname)%00%(upstream:short)%00%(objectname)%00%(upstream:track)%00%(upstream:remotename)%00%(upstream:remoteref) refs/heads/master refs/remotes/master [1ms]
2023-11-13 16:29:42.250 [info] > git status -z -uall [1ms]
2023-11-13 16:29:43.397 [info] > git config --get commit.template [1ms]
2023-11-13 16:29:43.398 [info] > git config --get commit.template [8ms]
2023-11-13 16:29:43.406 [info] No remotes found in the git config file.
2023-11-13 16:29:43.412 [info] No remotes found in the git config file.
2023-11-13 16:29:43.413 [info] > git for-each-ref --format=%(refname)%00%(upstream:short)%00%(objectname)%00%(upstream:track)%00%(upstream:remotename)%00%(upstream:remoteref) refs/heads/master refs/remotes/master [7ms]
2023-11-13 16:29:43.420 [info] > git for-each-ref --format=%(refname)%00%(upstream:short)%00%(objectname)%00%(upstream:track)%00%(upstream:remotename)%00%(upstream:remoteref) refs/heads/master refs/remotes/master [8ms]
2023-11-13 16:29:43.427 [info] > git status -z -uall [7ms]
2023-11-13 16:29:43.428 [info] > git status -z -uall [2ms]
2023-11-13 16:32:50.145 [info] > git fetch [10ms]
2023-11-13 16:32:50.155 [info] > git fetch [11ms]
2023-11-13 16:32:50.165 [info] > git config --get commit.template [11ms]
2023-11-13 16:32:50.166 [info] > git config --get commit.template [2ms]
2023-11-13 16:32:50.176 [info] No remotes found in the git config file.
2023-11-13 16:32:50.185 [info] No remotes found in the git config file.
2023-11-13 16:32:50.185 [info] > git for-each-ref --format=%(refname)%00%(upstream:short)%00%(objectname)%00%(upstream:track)%00%(upstream:remotename)%00%(upstream:remoteref) refs/heads/master refs/remotes/master [10ms]
2023-11-13 16:32:50.193 [info] > git for-each-ref --format=%(refname)%00%(upstream:short)%00%(objectname)%00%(upstream:track)%00%(upstream:remotename)%00%(upstream:remoteref) refs/heads/master refs/remotes/master [9ms]
2023-11-13 16:32:50.201 [info] > git status -z -uall [8ms]
2023-11-13 16:32:50.203 [info] > git status -z -uall [2ms]
2023-11-13 16:32:50.547 [info] > git fetch [451ms]
2023-11-13 16:32:50.560 [info] > git config --get commit.template [1ms]
2023-11-13 16:32:50.560 [info] > git fetch [482ms]
2023-11-13 16:32:50.561 [info] > git fetch [503ms]
2023-11-13 16:32:50.562 [info] > git fetch [492ms]
2023-11-13 16:32:50.563 [info] > git fetch [457ms]
2023-11-13 16:32:50.598 [info] > git fetch [510ms]
2023-11-13 16:32:50.615 [info] > git config --get commit.template [19ms]
2023-11-13 16:32:50.616 [info] > git config --get commit.template [28ms]
2023-11-13 16:32:50.616 [info] > git config --get commit.template [35ms]
2023-11-13 16:32:50.616 [info] > git config --get commit.template [44ms]
2023-11-13 16:32:50.616 [info] > git fetch [502ms]
2023-11-13 16:32:50.625 [info] > git config --get commit.template [11ms]
2023-11-13 16:32:50.625 [info] > git for-each-ref --format=%(refname)%00%(upstream:short)%00%(objectname)%00%(upstream:track)%00%(upstream:remotename)%00%(upstream:remoteref) refs/heads/master refs/remotes/master [20ms]
2023-11-13 16:32:50.667 [info] > git config --get commit.template [43ms]
2023-11-13 16:32:50.675 [info] > git status -z -uall [41ms]
2023-11-13 16:32:50.676 [info] > git for-each-ref --format=%(refname)%00%(upstream:short)%00%(objectname)%00%(upstream:track)%00%(upstream:remotename)%00%(upstream:remoteref) refs/heads/JavaStuff refs/remotes/JavaStuff [10ms]
2023-11-13 16:32:50.683 [info] > git for-each-ref --format=%(refname)%00%(upstream:short)%00%(objectname)%00%(upstream:track)%00%(upstream:remotename)%00%(upstream:remoteref) refs/heads/master refs/remotes/master [25ms]
2023-11-13 16:32:50.689 [info] > git for-each-ref --format=%(refname)%00%(upstream:short)%00%(objectname)%00%(upstream:track)%00%(upstream:remotename)%00%(upstream:remoteref) refs/heads/main refs/remotes/main [39ms]
2023-11-13 16:32:50.699 [info] > git for-each-ref --format=%(refname)%00%(upstream:short)%00%(objectname)%00%(upstream:track)%00%(upstream:remotename)%00%(upstream:remoteref) refs/heads/master refs/remotes/master [57ms]
2023-11-13 16:32:50.709 [info] > git fetch [585ms]
2023-11-13 16:32:50.709 [info] fatal: repository 'https://github.com/ernesttheiss/github-workflow/tree/master/' not found
2023-11-13 16:32:50.727 [info] > git status -z -uall [44ms]
2023-11-13 16:32:50.727 [info] > git status -z -uall [38ms]
2023-11-13 16:32:50.727 [info] > git status -z -uall [29ms]
2023-11-13 16:32:50.727 [info] > git status -z -uall [19ms]
2023-11-13 16:32:50.732 [info] > git for-each-ref --format=%(refname)%00%(upstream:short)%00%(objectname)%00%(upstream:track)%00%(upstream:remotename)%00%(upstream:remoteref) refs/heads/master refs/remotes/master [58ms]
2023-11-13 16:32:50.741 [info] > git config --get commit.template [15ms]
2023-11-13 16:32:50.742 [info] > git for-each-ref --format=%(refname)%00%(upstream:short)%00%(objectname)%00%(upstream:track)%00%(upstream:remotename)%00%(upstream:remoteref) refs/heads/master refs/remotes/master [23ms]
2023-11-13 16:32:50.750 [info] > git status -z -uall [10ms]
2023-11-13 16:32:50.760 [info] > git status -z -uall [11ms]
2023-11-13 16:32:50.762 [info] > git for-each-ref --format=%(refname)%00%(upstream:short)%00%(objectname)%00%(upstream:track)%00%(upstream:remotename)%00%(upstream:remoteref) refs/heads/main refs/remotes/main [3ms]
2023-11-13 16:32:51.833 [info] > git status -z -uall [1060ms] (cancelled)
2023-11-13 16:32:51.897 [info] > git config --get commit.template [11ms]
2023-11-13 16:32:51.898 [info] > git config --get commit.template [25ms]
2023-11-13 16:32:51.926 [info] No remotes found in the git config file.
2023-11-13 16:32:51.926 [info] No remotes found in the git config file.
2023-11-13 16:32:51.928 [info] > git for-each-ref --format=%(refname)%00%(upstream:short)%00%(objectname)%00%(upstream:track)%00%(upstream:remotename)%00%(upstream:remoteref) refs/heads/master refs/remotes/master [3ms]
2023-11-13 16:32:51.940 [info] > git for-each-ref --format=%(refname)%00%(upstream:short)%00%(objectname)%00%(upstream:track)%00%(upstream:remotename)%00%(upstream:remoteref) refs/heads/master refs/remotes/master [26ms]
2023-11-13 16:32:51.951 [info] > git status -z -uall [12ms]
2023-11-13 16:32:51.951 [info] > git status -z -uall [1ms]
2023-11-13 16:32:52.883 [info] > git config --get commit.template [40ms]
2023-11-13 16:32:52.884 [info] > git config --get commit.template [50ms]
2023-11-13 16:32:52.908 [info] > git config --get commit.template [24ms]
2023-11-13 16:32:52.908 [info] > git config --get commit.template [32ms]
2023-11-13 16:32:52.908 [info] > git config --get commit.template [38ms]
2023-11-13 16:32:52.908 [info] > git config --get commit.template [45ms]
2023-11-13 16:32:52.908 [info] > git config --get commit.template [53ms]
2023-11-13 16:32:52.962 [info] > git for-each-ref --format=%(refname)%00%(upstream:short)%00%(objectname)%00%(upstream:track)%00%(upstream:remotename)%00%(upstream:remoteref) refs/heads/master refs/remotes/master [29ms]
2023-11-13 16:32:52.970 [info] > git for-each-ref --format=%(refname)%00%(upstream:short)%00%(objectname)%00%(upstream:track)%00%(upstream:remotename)%00%(upstream:remoteref) refs/heads/master refs/remotes/master [44ms]
2023-11-13 16:32:52.977 [info] > git for-each-ref --format=%(refname)%00%(upstream:short)%00%(objectname)%00%(upstream:track)%00%(upstream:remotename)%00%(upstream:remoteref) refs/heads/master refs/remotes/master [59ms]
2023-11-13 16:32:52.986 [info] > git status -z -uall [16ms]
2023-11-13 16:32:52.986 [info] > git status -z -uall [9ms]
2023-11-13 16:32:52.986 [info] > git status -z -uall [1ms]
2023-11-13 16:32:52.989 [info] > git for-each-ref --format=%(refname)%00%(upstream:short)%00%(objectname)%00%(upstream:track)%00%(upstream:remotename)%00%(upstream:remoteref) refs/heads/main refs/remotes/main [28ms]
2023-11-13 16:32:52.997 [info] > git for-each-ref --format=%(refname)%00%(upstream:short)%00%(objectname)%00%(upstream:track)%00%(upstream:remotename)%00%(upstream:remoteref) refs/heads/master refs/remotes/master [43ms]
2023-11-13 16:32:53.005 [info] > git for-each-ref --format=%(refname)%00%(upstream:short)%00%(objectname)%00%(upstream:track)%00%(upstream:remotename)%00%(upstream:remoteref) refs/heads/master refs/remotes/master [57ms]
2023-11-13 16:32:53.014 [info] > git for-each-ref --format=%(refname)%00%(upstream:short)%00%(objectname)%00%(upstream:track)%00%(upstream:remotename)%00%(upstream:remoteref) refs/heads/JavaStuff refs/remotes/JavaStuff [73ms]
2023-11-13 16:32:53.035 [info] > git status -z -uall [38ms]
2023-11-13 16:32:53.036 [info] > git status -z -uall [31ms]
2023-11-13 16:32:53.036 [info] > git status -z -uall [22ms]
2023-11-13 16:32:53.036 [info] > git status -z -uall [13ms]
2023-11-13 16:32:53.041 [info] > git ls-files --stage -- /home/ernest/Practice/practice.js [5ms]
2023-11-13 16:32:53.065 [info] > git show --textconv :Practice/practice.js [3ms]
2023-11-13 16:38:12.634 [info] > git fetch [82ms]
2023-11-13 16:38:12.634 [info] > git fetch [92ms]
2023-11-13 16:38:12.653 [info] > git config --get commit.template [9ms]
2023-11-13 16:38:12.653 [info] > git config --get commit.template [1ms]
2023-11-13 16:38:12.661 [info] No remotes found in the git config file.
2023-11-13 16:38:12.668 [info] No remotes found in the git config file.
2023-11-13 16:38:12.669 [info] > git for-each-ref --format=%(refname)%00%(upstream:short)%00%(objectname)%00%(upstream:track)%00%(upstream:remotename)%00%(upstream:remoteref) refs/heads/master refs/remotes/master [0ms]
2023-11-13 16:38:12.677 [info] > git for-each-ref --format=%(refname)%00%(upstream:short)%00%(objectname)%00%(upstream:track)%00%(upstream:remotename)%00%(upstream:remoteref) refs/heads/master refs/remotes/master [16ms]
2023-11-13 16:38:12.684 [info] > git status -z -uall [8ms]
2023-11-13 16:38:12.685 [info] > git status -z -uall [1ms]
2023-11-13 16:38:13.035 [info] > git fetch [451ms]
2023-11-13 16:38:13.036 [info] > git fetch [472ms]
2023-11-13 16:38:13.051 [info] > git config --get commit.template [7ms]
2023-11-13 16:38:13.051 [info] > git fetch [456ms]
2023-11-13 16:38:13.052 [info] > git fetch [478ms]
2023-11-13 16:38:13.061 [info] > git config --get commit.template [11ms]
2023-11-13 16:38:13.082 [info] > git config --get commit.template [22ms]
2023-11-13 16:38:13.082 [info] > git fetch [468ms]
2023-11-13 16:38:13.089 [info] > git for-each-ref --format=%(refname)%00%(upstream:short)%00%(objectname)%00%(upstream:track)%00%(upstream:remotename)%00%(upstream:remoteref) refs/heads/master refs/remotes/master [7ms]
2023-11-13 16:38:13.094 [info] > git for-each-ref --format=%(refname)%00%(upstream:short)%00%(objectname)%00%(upstream:track)%00%(upstream:remotename)%00%(upstream:remoteref) refs/heads/main refs/remotes/main [19ms]
2023-11-13 16:38:13.099 [info] > git config --get commit.template [30ms]
2023-11-13 16:38:13.099 [info] > git fetch [477ms]
2023-11-13 16:38:13.100 [info] > git fetch [496ms]
2023-11-13 16:38:13.122 [info] > git status -z -uall [28ms]
2023-11-13 16:38:13.122 [info] > git status -z -uall [23ms]
2023-11-13 16:38:13.126 [info] > git config --get commit.template [38ms]
2023-11-13 16:38:13.127 [info] > git config --get commit.template [6ms]
2023-11-13 16:38:13.127 [info] > git config --get commit.template [11ms]
2023-11-13 16:38:13.127 [info] > git for-each-ref --format=%(refname)%00%(upstream:short)%00%(objectname)%00%(upstream:track)%00%(upstream:remotename)%00%(upstream:remoteref) refs/heads/master refs/remotes/master [17ms]
2023-11-13 16:38:13.136 [info] > git for-each-ref --format=%(refname)%00%(upstream:short)%00%(objectname)%00%(upstream:track)%00%(upstream:remotename)%00%(upstream:remoteref) refs/heads/master refs/remotes/master [31ms]
2023-11-13 16:38:13.148 [info] > git status -z -uall [12ms]
2023-11-13 16:38:13.148 [info] > git status -z -uall [6ms]
2023-11-13 16:38:13.162 [info] > git for-each-ref --format=%(refname)%00%(upstream:short)%00%(objectname)%00%(upstream:track)%00%(upstream:remotename)%00%(upstream:remoteref) refs/heads/master refs/remotes/master [14ms]
2023-11-13 16:38:13.169 [info] > git status -z -uall [2ms]
2023-11-13 16:38:13.170 [info] > git for-each-ref --format=%(refname)%00%(upstream:short)%00%(objectname)%00%(upstream:track)%00%(upstream:remotename)%00%(upstream:remoteref) refs/heads/JavaStuff refs/remotes/JavaStuff [9ms]
2023-11-13 16:38:13.177 [info] > git for-each-ref --format=%(refname)%00%(upstream:short)%00%(objectname)%00%(upstream:track)%00%(upstream:remotename)%00%(upstream:remoteref) refs/heads/master refs/remotes/master [21ms]
2023-11-13 16:38:13.185 [info] > git status -z -uall [8ms]
2023-11-13 16:38:13.186 [info] > git status -z -uall [2ms]
2023-11-13 16:38:13.247 [info] > git fetch [616ms]
2023-11-13 16:38:13.247 [info] fatal: repository 'https://github.com/ernesttheiss/github-workflow/tree/master/' not found
2023-11-13 16:38:13.261 [info] > git config --get commit.template [7ms]
2023-11-13 16:38:13.261 [info] > git for-each-ref --format=%(refname)%00%(upstream:short)%00%(objectname)%00%(upstream:track)%00%(upstream:remotename)%00%(upstream:remoteref) refs/heads/main refs/remotes/main [1ms]
2023-11-13 16:38:14.273 [info] > git status -z -uall [1006ms] (cancelled)
2023-11-13 16:38:14.439 [info] > git config --get commit.template [108ms]
2023-11-13 16:38:14.441 [info] > git config --get commit.template [4ms]
2023-11-13 16:38:14.441 [info] > git config --get commit.template [13ms]
2023-11-13 16:38:14.441 [info] > git config --get commit.template [25ms]
2023-11-13 16:38:14.441 [info] > git config --get commit.template [40ms]
2023-11-13 16:38:14.441 [info] > git config --get commit.template [57ms]
2023-11-13 16:38:14.441 [info] > git config --get commit.template [69ms]
2023-11-13 16:38:14.442 [info] > git config --get commit.template [82ms]
2023-11-13 16:38:14.452 [info] No remotes found in the git config file.
2023-11-13 16:38:14.527 [info] > git for-each-ref --format=%(refname)%00%(upstream:short)%00%(objectname)%00%(upstream:track)%00%(upstream:remotename)%00%(upstream:remoteref) refs/heads/master refs/remotes/master [75ms]
2023-11-13 16:38:14.540 [info] > git for-each-ref --format=%(refname)%00%(upstream:short)%00%(objectname)%00%(upstream:track)%00%(upstream:remotename)%00%(upstream:remoteref) refs/heads/main refs/remotes/main [15ms]
2023-11-13 16:38:14.550 [info] > git for-each-ref --format=%(refname)%00%(upstream:short)%00%(objectname)%00%(upstream:track)%00%(upstream:remotename)%00%(upstream:remoteref) refs/heads/master refs/remotes/master [36ms]
2023-11-13 16:38:14.561 [info] > git for-each-ref --format=%(refname)%00%(upstream:short)%00%(objectname)%00%(upstream:track)%00%(upstream:remotename)%00%(upstream:remoteref) refs/heads/master refs/remotes/master [56ms]
2023-11-13 16:38:14.571 [info] > git for-each-ref --format=%(refname)%00%(upstream:short)%00%(objectname)%00%(upstream:track)%00%(upstream:remotename)%00%(upstream:remoteref) refs/heads/JavaStuff refs/remotes/JavaStuff [79ms]
2023-11-13 16:38:14.581 [info] > git for-each-ref --format=%(refname)%00%(upstream:short)%00%(objectname)%00%(upstream:track)%00%(upstream:remotename)%00%(upstream:remoteref) refs/heads/master refs/remotes/master [97ms]
2023-11-13 16:38:14.591 [info] > git for-each-ref --format=%(refname)%00%(upstream:short)%00%(objectname)%00%(upstream:track)%00%(upstream:remotename)%00%(upstream:remoteref) refs/heads/master refs/remotes/master [117ms]
2023-11-13 16:38:14.601 [info] > git for-each-ref --format=%(refname)%00%(upstream:short)%00%(objectname)%00%(upstream:track)%00%(upstream:remotename)%00%(upstream:remoteref) refs/heads/master refs/remotes/master [137ms]
2023-11-13 16:38:14.626 [info] > git status -z -uall [88ms]
2023-11-13 16:38:14.626 [info] > git status -z -uall [76ms]
2023-11-13 16:38:14.626 [info] > git status -z -uall [65ms]
2023-11-13 16:38:14.626 [info] > git status -z -uall [56ms]
2023-11-13 16:38:14.626 [info] > git status -z -uall [46ms]
2023-11-13 16:38:14.626 [info] > git status -z -uall [35ms]
2023-11-13 16:38:14.626 [info] > git status -z -uall [25ms]
2023-11-13 16:38:14.626 [info] > git status -z -uall [15ms]
2023-11-13 16:38:14.632 [info] > git ls-files --stage -- /home/ernest/Practice/practice.js [7ms]
2023-11-13 16:38:14.664 [info] > git show --textconv :Practice/practice.js [3ms]
2023-11-13 16:41:12.707 [info] > git fetch [11ms]
2023-11-13 16:41:12.718 [info] > git config --get commit.template [1ms]
2023-11-13 16:41:12.718 [info] > git fetch [13ms]
2023-11-13 16:41:12.732 [info] No remotes found in the git config file.
2023-11-13 16:41:12.733 [info] > git for-each-ref --format=%(refname)%00%(upstream:short)%00%(objectname)%00%(upstream:track)%00%(upstream:remotename)%00%(upstream:remoteref) refs/heads/master refs/remotes/master [1ms]
2023-11-13 16:41:12.741 [info] > git config --get commit.template [16ms]
2023-11-13 16:41:12.747 [info] No remotes found in the git config file.
2023-11-13 16:41:12.748 [info] > git status -z -uall [7ms]
2023-11-13 16:41:12.750 [info] > git for-each-ref --format=%(refname)%00%(upstream:short)%00%(objectname)%00%(upstream:track)%00%(upstream:remotename)%00%(upstream:remoteref) refs/heads/master refs/remotes/master [2ms]
2023-11-13 16:41:12.760 [info] > git status -z -uall [1ms]
2023-11-13 16:41:13.677 [info] > git fetch [519ms]
2023-11-13 16:41:13.694 [info] > git config --get commit.template [8ms]
2023-11-13 16:41:13.695 [info] > git for-each-ref --format=%(refname)%00%(upstream:short)%00%(objectname)%00%(upstream:track)%00%(upstream:remotename)%00%(upstream:remoteref) refs/heads/master refs/remotes/master [1ms]
2023-11-13 16:41:13.704 [info] > git status -z -uall [1ms]
2023-11-13 16:41:13.910 [info] > git config --get commit.template [2ms]
2023-11-13 16:41:13.910 [info] > git config --get commit.template [10ms]
2023-11-13 16:41:13.919 [info] No remotes found in the git config file.
2023-11-13 16:41:13.926 [info] No remotes found in the git config file.
2023-11-13 16:41:13.926 [info] > git for-each-ref --format=%(refname)%00%(upstream:short)%00%(objectname)%00%(upstream:track)%00%(upstream:remotename)%00%(upstream:remoteref) refs/heads/master refs/remotes/master [1ms]
2023-11-13 16:41:13.934 [info] > git for-each-ref --format=%(refname)%00%(upstream:short)%00%(objectname)%00%(upstream:track)%00%(upstream:remotename)%00%(upstream:remoteref) refs/heads/master refs/remotes/master [15ms]
2023-11-13 16:41:13.943 [info] > git status -z -uall [10ms]
2023-11-13 16:41:13.943 [info] > git status -z -uall [1ms]
2023-11-13 16:41:13.945 [info] > git fetch [811ms]
2023-11-13 16:41:13.956 [info] > git config --get commit.template [2ms]
2023-11-13 16:41:13.967 [info] > git for-each-ref --format=%(refname)%00%(upstream:short)%00%(objectname)%00%(upstream:track)%00%(upstream:remotename)%00%(upstream:remoteref) refs/heads/main refs/remotes/main [1ms]
2023-11-13 16:41:13.978 [info] > git fetch [790ms]
2023-11-13 16:41:13.988 [info] > git status -z -uall [10ms]
2023-11-13 16:41:13.990 [info] > git config --get commit.template [3ms]
2023-11-13 16:41:13.990 [info] > git fetch [793ms]
2023-11-13 16:41:13.991 [info] > git fetch [813ms]
2023-11-13 16:41:14.015 [info] > git config --get commit.template [15ms]
2023-11-13 16:41:14.015 [info] > git for-each-ref --format=%(refname)%00%(upstream:short)%00%(objectname)%00%(upstream:track)%00%(upstream:remotename)%00%(upstream:remoteref) refs/heads/master refs/remotes/master [1ms]
2023-11-13 16:41:14.022 [info] > git config --get commit.template [15ms]
2023-11-13 16:41:14.037 [info] > git status -z -uall [15ms]
2023-11-13 16:41:14.039 [info] > git for-each-ref --format=%(refname)%00%(upstream:short)%00%(objectname)%00%(upstream:track)%00%(upstream:remotename)%00%(upstream:remoteref) refs/heads/master refs/remotes/master [2ms]
2023-11-13 16:41:14.050 [info] > git for-each-ref --format=%(refname)%00%(upstream:short)%00%(objectname)%00%(upstream:track)%00%(upstream:remotename)%00%(upstream:remoteref) refs/heads/JavaStuff refs/remotes/JavaStuff [21ms]
2023-11-13 16:41:14.061 [info] > git status -z -uall [12ms]
2023-11-13 16:41:14.061 [info] > git status -z -uall [1ms]
2023-11-13 16:41:14.063 [info] > git fetch [570ms]
2023-11-13 16:41:14.063 [info] fatal: repository 'https://github.com/ernesttheiss/github-workflow/tree/master/' not found
2023-11-13 16:41:14.072 [info] > git fetch [931ms]
2023-11-13 16:41:14.084 [info] > git config --get commit.template [11ms]
2023-11-13 16:41:14.084 [info] > git config --get commit.template [1ms]
2023-11-13 16:41:14.100 [info] > git for-each-ref --format=%(refname)%00%(upstream:short)%00%(objectname)%00%(upstream:track)%00%(upstream:remotename)%00%(upstream:remoteref) refs/heads/main refs/remotes/main [8ms]
2023-11-13 16:41:14.107 [info] > git for-each-ref --format=%(refname)%00%(upstream:short)%00%(objectname)%00%(upstream:track)%00%(upstream:remotename)%00%(upstream:remoteref) refs/heads/master refs/remotes/master [8ms]
2023-11-13 16:41:14.118 [info] > git status -z -uall [1ms]
2023-11-13 16:41:15.151 [info] > git status -z -uall [1045ms] (cancelled)
2023-11-13 16:41:15.152 [info] > git fetch [1947ms]
2023-11-13 16:41:15.208 [info] > git config --get commit.template [17ms]
2023-11-13 16:41:15.208 [info] > git config --get commit.template [36ms]
2023-11-13 16:41:15.236 [info] > git for-each-ref --format=%(refname)%00%(upstream:short)%00%(objectname)%00%(upstream:track)%00%(upstream:remotename)%00%(upstream:remoteref) refs/heads/master refs/remotes/master [13ms]
2023-11-13 16:41:15.265 [info] > git status -z -uall [9ms]
2023-11-13 16:41:15.267 [info] > git for-each-ref --format=%(refname)%00%(upstream:short)%00%(objectname)%00%(upstream:track)%00%(upstream:remotename)%00%(upstream:remoteref) refs/heads/master refs/remotes/master [33ms]
2023-11-13 16:41:15.296 [info] > git status -z -uall [16ms]
2023-11-13 16:41:20.035 [info] > git config --get commit.template [27ms]
2023-11-13 16:41:20.036 [info] > git config --get commit.template [45ms]
2023-11-13 16:41:20.036 [info] > git config --get commit.template [60ms]
2023-11-13 16:41:20.036 [info] > git config --get commit.template [76ms]
2023-11-13 16:41:20.037 [info] > git config --get commit.template [18ms]
2023-11-13 16:41:20.101 [info] > git for-each-ref --format=%(refname)%00%(upstream:short)%00%(objectname)%00%(upstream:track)%00%(upstream:remotename)%00%(upstream:remoteref) refs/heads/master refs/remotes/master [12ms]
2023-11-13 16:41:20.111 [info] > git for-each-ref --format=%(refname)%00%(upstream:short)%00%(objectname)%00%(upstream:track)%00%(upstream:remotename)%00%(upstream:remoteref) refs/heads/JavaStuff refs/remotes/JavaStuff [36ms]
2023-11-13 16:41:20.122 [info] > git for-each-ref --format=%(refname)%00%(upstream:short)%00%(objectname)%00%(upstream:track)%00%(upstream:remotename)%00%(upstream:remoteref) refs/heads/master refs/remotes/master [58ms]
2023-11-13 16:41:20.133 [info] > git for-each-ref --format=%(refname)%00%(upstream:short)%00%(objectname)%00%(upstream:track)%00%(upstream:remotename)%00%(upstream:remoteref) refs/heads/master refs/remotes/master [84ms]
2023-11-13 16:41:20.143 [info] > git ls-files --stage -- /home/ernest/Practice/practice.js [109ms]
2023-11-13 16:41:20.145 [info] > git status -z -uall [34ms]
2023-11-13 16:41:20.145 [info] > git status -z -uall [24ms]
2023-11-13 16:41:20.145 [info] > git status -z -uall [12ms]
2023-11-13 16:41:20.145 [info] > git status -z -uall [2ms]
2023-11-13 16:41:20.148 [info] > git for-each-ref --format=%(refname)%00%(upstream:short)%00%(objectname)%00%(upstream:track)%00%(upstream:remotename)%00%(upstream:remoteref) refs/heads/main refs/remotes/main [49ms]
2023-11-13 16:41:20.175 [info] > git status -z -uall [16ms]
2023-11-13 16:41:20.177 [info] > git show --textconv :Practice/practice.js [3ms]
2023-11-13 16:44:58.140 [info] > git fetch [88ms]
2023-11-13 16:44:58.141 [info] > git fetch [99ms]
2023-11-13 16:44:58.161 [info] > git config --get commit.template [10ms]
2023-11-13 16:44:58.162 [info] > git config --get commit.template [1ms]
2023-11-13 16:44:58.173 [info] No remotes found in the git config file.
2023-11-13 16:44:58.180 [info] No remotes found in the git config file.
2023-11-13 16:44:58.181 [info] > git for-each-ref --format=%(refname)%00%(upstream:short)%00%(objectname)%00%(upstream:track)%00%(upstream:remotename)%00%(upstream:remoteref) refs/heads/master refs/remotes/master [1ms]
2023-11-13 16:44:58.193 [info] > git for-each-ref --format=%(refname)%00%(upstream:short)%00%(objectname)%00%(upstream:track)%00%(upstream:remotename)%00%(upstream:remoteref) refs/heads/master refs/remotes/master [20ms]
2023-11-13 16:44:58.203 [info] > git status -z -uall [11ms]
2023-11-13 16:44:58.205 [info] > git status -z -uall [3ms]
2023-11-13 16:44:58.532 [info] > git fetch [448ms]
2023-11-13 16:44:58.544 [info] > git fetch [481ms]
2023-11-13 16:44:58.545 [info] > git fetch [452ms]
2023-11-13 16:44:58.569 [info] > git config --get commit.template [25ms]
2023-11-13 16:44:58.579 [info] > git config --get commit.template [12ms]
2023-11-13 16:44:58.579 [info] > git config --get commit.template [23ms]
2023-11-13 16:44:58.579 [info] > git fetch [464ms]
2023-11-13 16:44:58.580 [info] > git fetch [506ms]
2023-11-13 16:44:58.580 [info] > git fetch [476ms]
2023-11-13 16:44:58.608 [info] > git for-each-ref --format=%(refname)%00%(upstream:short)%00%(objectname)%00%(upstream:track)%00%(upstream:remotename)%00%(upstream:remoteref) refs/heads/master refs/remotes/master [30ms]
2023-11-13 16:44:58.630 [info] > git status -z -uall [16ms]
2023-11-13 16:44:58.630 [info] > git config --get commit.template [23ms]
2023-11-13 16:44:58.630 [info] > git config --get commit.template [31ms]
2023-11-13 16:44:58.630 [info] > git config --get commit.template [40ms]
2023-11-13 16:44:58.631 [info] > git for-each-ref --format=%(refname)%00%(upstream:short)%00%(objectname)%00%(upstream:track)%00%(upstream:remotename)%00%(upstream:remoteref) refs/heads/master refs/remotes/master [2ms]
2023-11-13 16:44:58.640 [info] > git for-each-ref --format=%(refname)%00%(upstream:short)%00%(objectname)%00%(upstream:track)%00%(upstream:remotename)%00%(upstream:remoteref) refs/heads/master refs/remotes/master [19ms]
2023-11-13 16:44:58.675 [info] > git status -z -uall [36ms]
2023-11-13 16:44:58.675 [info] > git status -z -uall [28ms]
2023-11-13 16:44:58.677 [info] > git fetch [550ms]
2023-11-13 16:44:58.677 [info] fatal: repository 'https://github.com/ernesttheiss/github-workflow/tree/master/' not found
2023-11-13 16:44:58.689 [info] > git for-each-ref --format=%(refname)%00%(upstream:short)%00%(objectname)%00%(upstream:track)%00%(upstream:remotename)%00%(upstream:remoteref) refs/heads/JavaStuff refs/remotes/JavaStuff [14ms]
2023-11-13 16:44:58.697 [info] > git for-each-ref --format=%(refname)%00%(upstream:short)%00%(objectname)%00%(upstream:track)%00%(upstream:remotename)%00%(upstream:remoteref) refs/heads/main refs/remotes/main [29ms]
2023-11-13 16:44:58.704 [info] > git for-each-ref --format=%(refname)%00%(upstream:short)%00%(objectname)%00%(upstream:track)%00%(upstream:remotename)%00%(upstream:remoteref) refs/heads/master refs/remotes/master [45ms]
2023-11-13 16:44:58.711 [info] > git fetch [573ms]
2023-11-13 16:44:58.720 [info] > git status -z -uall [24ms]
2023-11-13 16:44:58.720 [info] > git status -z -uall [16ms]
2023-11-13 16:44:58.720 [info] > git status -z -uall [9ms]
2023-11-13 16:44:58.723 [info] > git config --get commit.template [36ms]
2023-11-13 16:44:58.724 [info] > git config --get commit.template [5ms]
2023-11-13 16:44:58.740 [info] > git for-each-ref --format=%(refname)%00%(upstream:short)%00%(objectname)%00%(upstream:track)%00%(upstream:remotename)%00%(upstream:remoteref) refs/heads/master refs/remotes/master [2ms]
2023-11-13 16:44:58.747 [info] > git for-each-ref --format=%(refname)%00%(upstream:short)%00%(objectname)%00%(upstream:track)%00%(upstream:remotename)%00%(upstream:remoteref) refs/heads/main refs/remotes/main [16ms]
2023-11-13 16:44:58.758 [info] > git status -z -uall [11ms]
2023-11-13 16:44:59.844 [info] > git status -z -uall [1087ms] (cancelled)
2023-11-13 16:44:59.863 [info] > git config --get commit.template [0ms]
2023-11-13 16:44:59.880 [info] No remotes found in the git config file.
2023-11-13 16:44:59.880 [info] > git for-each-ref --format=%(refname)%00%(upstream:short)%00%(objectname)%00%(upstream:track)%00%(upstream:remotename)%00%(upstream:remoteref) refs/heads/master refs/remotes/master [1ms]
2023-11-13 16:44:59.898 [info] > git status -z -uall [2ms]
2023-11-13 16:45:00.936 [info] > git config --get commit.template [86ms]
2023-11-13 16:45:00.938 [info] > git config --get commit.template [3ms]
2023-11-13 16:45:00.938 [info] > git config --get commit.template [12ms]
2023-11-13 16:45:00.938 [info] > git config --get commit.template [21ms]
2023-11-13 16:45:00.938 [info] > git config --get commit.template [30ms]
2023-11-13 16:45:00.938 [info] > git config --get commit.template [39ms]
2023-11-13 16:45:00.938 [info] > git config --get commit.template [50ms]
2023-11-13 16:45:01.011 [info] > git for-each-ref --format=%(refname)%00%(upstream:short)%00%(objectname)%00%(upstream:track)%00%(upstream:remotename)%00%(upstream:remoteref) refs/heads/master refs/remotes/master [63ms]
2023-11-13 16:45:01.027 [info] > git for-each-ref --format=%(refname)%00%(upstream:short)%00%(objectname)%00%(upstream:track)%00%(upstream:remotename)%00%(upstream:remoteref) refs/heads/main refs/remotes/main [17ms]
2023-11-13 16:45:01.038 [info] > git for-each-ref --format=%(refname)%00%(upstream:short)%00%(objectname)%00%(upstream:track)%00%(upstream:remotename)%00%(upstream:remoteref) refs/heads/master refs/remotes/master [41ms]
2023-11-13 16:45:01.048 [info] > git for-each-ref --format=%(refname)%00%(upstream:short)%00%(objectname)%00%(upstream:track)%00%(upstream:remotename)%00%(upstream:remoteref) refs/heads/master refs/remotes/master [61ms]
2023-11-13 16:45:01.058 [info] > git for-each-ref --format=%(refname)%00%(upstream:short)%00%(objectname)%00%(upstream:track)%00%(upstream:remotename)%00%(upstream:remoteref) refs/heads/JavaStuff refs/remotes/JavaStuff [80ms]
2023-11-13 16:45:01.068 [info] > git for-each-ref --format=%(refname)%00%(upstream:short)%00%(objectname)%00%(upstream:track)%00%(upstream:remotename)%00%(upstream:remoteref) refs/heads/master refs/remotes/master [99ms]
2023-11-13 16:45:01.077 [info] > git for-each-ref --format=%(refname)%00%(upstream:short)%00%(objectname)%00%(upstream:track)%00%(upstream:remotename)%00%(upstream:remoteref) refs/heads/master refs/remotes/master [120ms]
2023-11-13 16:45:01.100 [info] > git status -z -uall [75ms]
2023-11-13 16:45:01.100 [info] > git status -z -uall [63ms]
2023-11-13 16:45:01.101 [info] > git status -z -uall [54ms]
2023-11-13 16:45:01.101 [info] > git status -z -uall [43ms]
2023-11-13 16:45:01.101 [info] > git status -z -uall [33ms]
2023-11-13 16:45:01.101 [info] > git status -z -uall [24ms]
2023-11-13 16:45:01.101 [info] > git status -z -uall [15ms]
2023-11-13 16:45:01.108 [info] > git ls-files --stage -- /home/ernest/Practice/practice.js [12ms]
2023-11-13 16:45:01.128 [info] > git show --textconv :Practice/practice.js [2ms]
2023-11-13 17:11:04.186 [info] > git fetch [126ms]
2023-11-13 17:11:04.187 [info] > git fetch [139ms]
2023-11-13 17:11:04.205 [info] > git config --get commit.template [9ms]
2023-11-13 17:11:04.205 [info] > git config --get commit.template [1ms]
2023-11-13 17:11:04.213 [info] No remotes found in the git config file.
2023-11-13 17:11:04.225 [info] No remotes found in the git config file.
2023-11-13 17:11:04.225 [info] > git for-each-ref --format=%(refname)%00%(upstream:short)%00%(objectname)%00%(upstream:track)%00%(upstream:remotename)%00%(upstream:remoteref) refs/heads/master refs/remotes/master [12ms]
2023-11-13 17:11:04.238 [info] > git for-each-ref --format=%(refname)%00%(upstream:short)%00%(objectname)%00%(upstream:track)%00%(upstream:remotename)%00%(upstream:remoteref) refs/heads/master refs/remotes/master [14ms]
2023-11-13 17:11:04.249 [info] > git status -z -uall [10ms]
2023-11-13 17:11:04.251 [info] > git status -z -uall [3ms]
2023-11-13 17:11:04.548 [info] > git fetch [470ms]
2023-11-13 17:11:04.564 [info] > git config --get commit.template [7ms]
2023-11-13 17:11:04.564 [info] > git for-each-ref --format=%(refname)%00%(upstream:short)%00%(objectname)%00%(upstream:track)%00%(upstream:remotename)%00%(upstream:remoteref) refs/heads/master refs/remotes/master [1ms]
2023-11-13 17:11:04.572 [info] > git fetch [458ms]
2023-11-13 17:11:04.579 [info] > git status -z -uall [8ms]
2023-11-13 17:11:04.582 [info] > git config --get commit.template [3ms]
2023-11-13 17:11:04.591 [info] > git for-each-ref --format=%(refname)%00%(upstream:short)%00%(objectname)%00%(upstream:track)%00%(upstream:remotename)%00%(upstream:remoteref) refs/heads/master refs/remotes/master [1ms]
2023-11-13 17:11:04.599 [info] > git status -z -uall [0ms]
2023-11-13 17:11:04.608 [info] > git fetch [468ms]
2023-11-13 17:11:04.616 [info] > git fetch [468ms]
2023-11-13 17:11:04.625 [info] > git config --get commit.template [9ms]
2023-11-13 17:11:04.626 [info] > git fetch [498ms]
2023-11-13 17:11:04.635 [info] > git config --get commit.template [9ms]
2023-11-13 17:11:04.643 [info] > git config --get commit.template [8ms]
2023-11-13 17:11:04.643 [info] > git fetch [547ms]
2023-11-13 17:11:04.660 [info] > git for-each-ref --format=%(refname)%00%(upstream:short)%00%(objectname)%00%(upstream:track)%00%(upstream:remotename)%00%(upstream:remoteref) refs/heads/main refs/remotes/main [18ms]
2023-11-13 17:11:04.680 [info] > git status -z -uall [9ms]
2023-11-13 17:11:04.680 [info] > git config --get commit.template [22ms]
2023-11-13 17:11:04.680 [info] > git for-each-ref --format=%(refname)%00%(upstream:short)%00%(objectname)%00%(upstream:track)%00%(upstream:remotename)%00%(upstream:remoteref) refs/heads/JavaStuff refs/remotes/JavaStuff [30ms]
2023-11-13 17:11:04.693 [info] > git for-each-ref --format=%(refname)%00%(upstream:short)%00%(objectname)%00%(upstream:track)%00%(upstream:remotename)%00%(upstream:remoteref) refs/heads/master refs/remotes/master [14ms]
2023-11-13 17:11:04.729 [info] > git status -z -uall [37ms]
2023-11-13 17:11:04.729 [info] > git status -z -uall [19ms]
2023-11-13 17:11:04.732 [info] > git for-each-ref --format=%(refname)%00%(upstream:short)%00%(objectname)%00%(upstream:track)%00%(upstream:remotename)%00%(upstream:remoteref) refs/heads/master refs/remotes/master [4ms]
2023-11-13 17:11:04.743 [info] > git fetch [580ms]
2023-11-13 17:11:04.744 [info] > git fetch [559ms]
2023-11-13 17:11:04.744 [info] fatal: repository 'https://github.com/ernesttheiss/github-workflow/tree/master/' not found
2023-11-13 17:11:04.760 [info] > git status -z -uall [17ms]
2023-11-13 17:11:04.763 [info] > git config --get commit.template [3ms]
2023-11-13 17:11:04.763 [info] > git config --get commit.template [11ms]
2023-11-13 17:11:04.778 [info] > git for-each-ref --format=%(refname)%00%(upstream:short)%00%(objectname)%00%(upstream:track)%00%(upstream:remotename)%00%(upstream:remoteref) refs/heads/master refs/remotes/master [7ms]
2023-11-13 17:11:04.787 [info] > git for-each-ref --format=%(refname)%00%(upstream:short)%00%(objectname)%00%(upstream:track)%00%(upstream:remotename)%00%(upstream:remoteref) refs/heads/main refs/remotes/main [10ms]
2023-11-13 17:11:04.795 [info] > git status -z -uall [9ms]
2023-11-13 17:11:05.941 [info] > git status -z -uall [1147ms] (cancelled)
2023-11-13 17:11:06.025 [info] > git config --get commit.template [31ms]
2023-11-13 17:11:06.026 [info] > git config --get commit.template [2ms]
2023-11-13 17:11:06.042 [info] No remotes found in the git config file.
2023-11-13 17:11:06.058 [info] No remotes found in the git config file.
2023-11-13 17:11:06.060 [info] > git for-each-ref --format=%(refname)%00%(upstream:short)%00%(objectname)%00%(upstream:track)%00%(upstream:remotename)%00%(upstream:remoteref) refs/heads/master refs/remotes/master [2ms]
2023-11-13 17:11:06.074 [info] > git for-each-ref --format=%(refname)%00%(upstream:short)%00%(objectname)%00%(upstream:track)%00%(upstream:remotename)%00%(upstream:remoteref) refs/heads/master refs/remotes/master [32ms]
2023-11-13 17:11:06.088 [info] > git status -z -uall [14ms]
2023-11-13 17:11:06.090 [info] > git status -z -uall [3ms]
2023-11-13 17:11:07.060 [info] > git config --get commit.template [99ms]
2023-11-13 17:11:07.060 [info] > git config --get commit.template [111ms]
2023-11-13 17:11:07.063 [info] > git config --get commit.template [3ms]
2023-11-13 17:11:07.063 [info] > git config --get commit.template [21ms]
2023-11-13 17:11:07.063 [info] > git config --get commit.template [35ms]
2023-11-13 17:11:07.063 [info] > git config --get commit.template [48ms]
2023-11-13 17:11:07.063 [info] > git config --get commit.template [61ms]
2023-11-13 17:11:07.166 [info] > git for-each-ref --format=%(refname)%00%(upstream:short)%00%(objectname)%00%(upstream:track)%00%(upstream:remotename)%00%(upstream:remoteref) refs/heads/master refs/remotes/master [92ms]
2023-11-13 17:11:07.178 [info] > git status -z -uall [2ms]
2023-11-13 17:11:07.178 [info] > git ls-files --stage -- /home/ernest/Practice/practice.js [13ms]
2023-11-13 17:11:07.179 [info] > git for-each-ref --format=%(refname)%00%(upstream:short)%00%(objectname)%00%(upstream:track)%00%(upstream:remotename)%00%(upstream:remoteref) refs/heads/main refs/remotes/main [25ms]
2023-11-13 17:11:07.193 [info] > git for-each-ref --format=%(refname)%00%(upstream:short)%00%(objectname)%00%(upstream:track)%00%(upstream:remotename)%00%(upstream:remoteref) refs/heads/master refs/remotes/master [52ms]
2023-11-13 17:11:07.203 [info] > git for-each-ref --format=%(refname)%00%(upstream:short)%00%(objectname)%00%(upstream:track)%00%(upstream:remotename)%00%(upstream:remoteref) refs/heads/master refs/remotes/master [73ms]
2023-11-13 17:11:07.213 [info] > git for-each-ref --format=%(refname)%00%(upstream:short)%00%(objectname)%00%(upstream:track)%00%(upstream:remotename)%00%(upstream:remoteref) refs/heads/JavaStuff refs/remotes/JavaStuff [96ms]
2023-11-13 17:11:07.227 [info] > git for-each-ref --format=%(refname)%00%(upstream:short)%00%(objectname)%00%(upstream:track)%00%(upstream:remotename)%00%(upstream:remoteref) refs/heads/master refs/remotes/master [123ms]
2023-11-13 17:11:07.236 [info] > git for-each-ref --format=%(refname)%00%(upstream:short)%00%(objectname)%00%(upstream:track)%00%(upstream:remotename)%00%(upstream:remoteref) refs/heads/master refs/remotes/master [144ms]
2023-11-13 17:11:07.261 [info] > git status -z -uall [67ms]
2023-11-13 17:11:07.261 [info] > git status -z -uall [58ms]
2023-11-13 17:11:07.261 [info] > git status -z -uall [48ms]
2023-11-13 17:11:07.261 [info] > git status -z -uall [35ms]
2023-11-13 17:11:07.261 [info] > git status -z -uall [25ms]
2023-11-13 17:11:07.261 [info] > git status -z -uall [16ms]
2023-11-13 17:11:07.268 [info] > git show --textconv :Practice/practice.js [8ms]
2023-11-13 18:16:04.392 [info] > git fetch [182ms]
2023-11-13 18:16:04.394 [info] > git fetch [195ms]
2023-11-13 18:16:04.437 [info] > git config --get commit.template [23ms]
2023-11-13 18:16:04.438 [info] > git config --get commit.template [5ms]
2023-11-13 18:16:04.450 [info] No remotes found in the git config file.
2023-11-13 18:16:04.462 [info] No remotes found in the git config file.
2023-11-13 18:16:04.467 [info] > git for-each-ref --format=%(refname)%00%(upstream:short)%00%(objectname)%00%(upstream:track)%00%(upstream:remotename)%00%(upstream:remoteref) refs/heads/master refs/remotes/master [17ms]
2023-11-13 18:16:04.478 [info] > git for-each-ref --format=%(refname)%00%(upstream:short)%00%(objectname)%00%(upstream:track)%00%(upstream:remotename)%00%(upstream:remoteref) refs/heads/master refs/remotes/master [15ms]
2023-11-13 18:16:04.491 [info] > git status -z -uall [15ms]
2023-11-13 18:16:04.491 [info] > git status -z -uall [2ms]
2023-11-13 18:16:04.691 [info] > git fetch [421ms]
2023-11-13 18:16:04.710 [info] > git config --get commit.template [10ms]
2023-11-13 18:16:04.711 [info] > git for-each-ref --format=%(refname)%00%(upstream:short)%00%(objectname)%00%(upstream:track)%00%(upstream:remotename)%00%(upstream:remoteref) refs/heads/main refs/remotes/main [2ms]
2023-11-13 18:16:04.722 [info] > git fetch [400ms]
2023-11-13 18:16:04.730 [info] > git status -z -uall [8ms]
2023-11-13 18:16:04.733 [info] > git config --get commit.template [2ms]
2023-11-13 18:16:04.743 [info] > git for-each-ref --format=%(refname)%00%(upstream:short)%00%(objectname)%00%(upstream:track)%00%(upstream:remotename)%00%(upstream:remoteref) refs/heads/master refs/remotes/master [1ms]
2023-11-13 18:16:04.755 [info] > git status -z -uall [1ms]
2023-11-13 18:16:04.902 [info] > git fetch [552ms]
2023-11-13 18:16:04.902 [info] fatal: repository 'https://github.com/ernesttheiss/github-workflow/tree/master/' not found
2023-11-13 18:16:04.923 [info] > git config --get commit.template [11ms]
2023-11-13 18:16:04.923 [info] > git for-each-ref --format=%(refname)%00%(upstream:short)%00%(objectname)%00%(upstream:track)%00%(upstream:remotename)%00%(upstream:remoteref) refs/heads/main refs/remotes/main [1ms]
2023-11-13 18:16:05.010 [info] > git fetch [756ms]
2023-11-13 18:16:05.011 [info] > git fetch [787ms]
2023-11-13 18:16:05.032 [info] > git config --get commit.template [3ms]
2023-11-13 18:16:05.032 [info] > git config --get commit.template [11ms]
2023-11-13 18:16:05.032 [info] > git fetch [740ms]
2023-11-13 18:16:05.062 [info] > git config --get commit.template [21ms]
2023-11-13 18:16:05.069 [info] > git for-each-ref --format=%(refname)%00%(upstream:short)%00%(objectname)%00%(upstream:track)%00%(upstream:remotename)%00%(upstream:remoteref) refs/heads/master refs/remotes/master [9ms]
2023-11-13 18:16:05.077 [info] > git for-each-ref --format=%(refname)%00%(upstream:short)%00%(objectname)%00%(upstream:track)%00%(upstream:remotename)%00%(upstream:remoteref) refs/heads/master refs/remotes/master [26ms]
2023-11-13 18:16:05.086 [info] > git fetch [776ms]
2023-11-13 18:16:05.111 [info] > git status -z -uall [34ms]
2023-11-13 18:16:05.112 [info] > git status -z -uall [27ms]
2023-11-13 18:16:05.114 [info] > git fetch [778ms]
2023-11-13 18:16:05.278 [info] > git config --get commit.template [171ms]
2023-11-13 18:16:05.278 [info] > git for-each-ref --format=%(refname)%00%(upstream:short)%00%(objectname)%00%(upstream:track)%00%(upstream:remotename)%00%(upstream:remoteref) refs/heads/master refs/remotes/master [180ms]
2023-11-13 18:16:06.230 [info] > git status -z -uall [1298ms] (cancelled)
2023-11-13 18:16:06.230 [info] > git status -z -uall [942ms]
2023-11-13 18:16:06.232 [info] > git config --get commit.template [1108ms]
2023-11-13 18:16:06.346 [info] > git for-each-ref --format=%(refname)%00%(upstream:short)%00%(objectname)%00%(upstream:track)%00%(upstream:remotename)%00%(upstream:remoteref) refs/heads/JavaStuff refs/remotes/JavaStuff [15ms]
2023-11-13 18:16:06.362 [info] > git status -z -uall [1ms]
2023-11-13 18:16:06.363 [info] > git for-each-ref --format=%(refname)%00%(upstream:short)%00%(objectname)%00%(upstream:track)%00%(upstream:remotename)%00%(upstream:remoteref) refs/heads/master refs/remotes/master [18ms]
2023-11-13 18:16:06.387 [info] > git status -z -uall [6ms]
2023-11-13 18:20:23.646 [info] > git fetch [124ms]
2023-11-13 18:20:23.647 [info] > git fetch [136ms]
2023-11-13 18:20:23.675 [info] > git config --get commit.template [30ms]
2023-11-13 18:20:23.675 [info] > git config --get commit.template [39ms]
2023-11-13 18:20:23.675 [info] > git config --get commit.template [46ms]
2023-11-13 18:20:23.675 [info] > git config --get commit.template [55ms]
2023-11-13 18:20:23.675 [info] > git config --get commit.template [62ms]
2023-11-13 18:20:23.677 [info] > git config --get commit.template [3ms]
2023-11-13 18:20:23.677 [info] > git config --get commit.template [14ms]
2023-11-13 18:20:23.677 [info] > git ls-files --stage -- /home/ernest/Practice/practice.js [22ms]
2023-11-13 18:20:23.688 [info] No remotes found in the git config file.
2023-11-13 18:20:23.768 [info] No remotes found in the git config file.
2023-11-13 18:20:23.786 [info] No remotes found in the git config file.
2023-11-13 18:20:23.787 [info] > git for-each-ref --format=%(refname)%00%(upstream:short)%00%(objectname)%00%(upstream:track)%00%(upstream:remotename)%00%(upstream:remoteref) refs/heads/master refs/remotes/master [38ms]
2023-11-13 18:20:23.795 [info] > git for-each-ref --format=%(refname)%00%(upstream:short)%00%(objectname)%00%(upstream:track)%00%(upstream:remotename)%00%(upstream:remoteref) refs/heads/master refs/remotes/master [65ms]
2023-11-13 18:20:23.804 [info] > git for-each-ref --format=%(refname)%00%(upstream:short)%00%(objectname)%00%(upstream:track)%00%(upstream:remotename)%00%(upstream:remoteref) refs/heads/main refs/remotes/main [83ms]
2023-11-13 18:20:23.813 [info] > git for-each-ref --format=%(refname)%00%(upstream:short)%00%(objectname)%00%(upstream:track)%00%(upstream:remotename)%00%(upstream:remoteref) refs/heads/master refs/remotes/master [107ms]
2023-11-13 18:20:23.820 [info] > git for-each-ref --format=%(refname)%00%(upstream:short)%00%(objectname)%00%(upstream:track)%00%(upstream:remotename)%00%(upstream:remoteref) refs/heads/master refs/remotes/master [133ms]
2023-11-13 18:20:23.835 [info] > git status -z -uall [40ms]
2023-11-13 18:20:23.835 [info] > git status -z -uall [32ms]
2023-11-13 18:20:23.835 [info] > git status -z -uall [23ms]
2023-11-13 18:20:23.835 [info] > git status -z -uall [16ms]
2023-11-13 18:20:23.835 [info] > git show --textconv :Practice/practice.js [4ms]
2023-11-13 18:20:23.838 [info] > git for-each-ref --format=%(refname)%00%(upstream:short)%00%(objectname)%00%(upstream:track)%00%(upstream:remotename)%00%(upstream:remoteref) refs/heads/master refs/remotes/master [51ms]
2023-11-13 18:20:23.845 [info] > git for-each-ref --format=%(refname)%00%(upstream:short)%00%(objectname)%00%(upstream:track)%00%(upstream:remotename)%00%(upstream:remoteref) refs/heads/master refs/remotes/master [77ms]
2023-11-13 18:20:23.853 [info] > git status -z -uall [8ms]
2023-11-13 18:20:23.853 [info] > git status -z -uall [1ms]
2023-11-13 18:20:23.993 [info] > git fetch [432ms]
2023-11-13 18:20:24.002 [info] > git config --get commit.template [1ms]
2023-11-13 18:20:24.013 [info] > git fetch [479ms]
2023-11-13 18:20:24.014 [info] > git for-each-ref --format=%(refname)%00%(upstream:short)%00%(objectname)%00%(upstream:track)%00%(upstream:remotename)%00%(upstream:remoteref) refs/heads/master refs/remotes/master [1ms]
2023-11-13 18:20:24.031 [info] > git status -z -uall [11ms]
2023-11-13 18:20:24.031 [info] > git config --get commit.template [1ms]
2023-11-13 18:20:24.031 [info] > git fetch [490ms]
2023-11-13 18:20:24.032 [info] > git fetch [445ms]
2023-11-13 18:20:24.057 [info] > git fetch [476ms]
2023-11-13 18:20:24.067 [info] > git config --get commit.template [11ms]
2023-11-13 18:20:24.067 [info] > git config --get commit.template [18ms]
2023-11-13 18:20:24.067 [info] > git for-each-ref --format=%(refname)%00%(upstream:short)%00%(objectname)%00%(upstream:track)%00%(upstream:remotename)%00%(upstream:remoteref) refs/heads/main refs/remotes/main [24ms]
2023-11-13 18:20:24.076 [info] > git status -z -uall [1ms]
2023-11-13 18:20:24.076 [info] > git config --get commit.template [10ms]
2023-11-13 18:20:24.076 [info] > git fetch [475ms]
2023-11-13 18:20:24.111 [info] > git config --get commit.template [14ms]
2023-11-13 18:20:24.111 [info] > git for-each-ref --format=%(refname)%00%(upstream:short)%00%(objectname)%00%(upstream:track)%00%(upstream:remotename)%00%(upstream:remoteref) refs/heads/JavaStuff refs/remotes/JavaStuff [21ms]
2023-11-13 18:20:24.117 [info] > git for-each-ref --format=%(refname)%00%(upstream:short)%00%(objectname)%00%(upstream:track)%00%(upstream:remotename)%00%(upstream:remoteref) refs/heads/master refs/remotes/master [34ms]
2023-11-13 18:20:24.125 [info] > git fetch [557ms]
2023-11-13 18:20:24.125 [info] fatal: repository 'https://github.com/ernesttheiss/github-workflow/tree/master/' not found
2023-11-13 18:20:24.134 [info] > git status -z -uall [17ms]
2023-11-13 18:20:24.134 [info] > git status -z -uall [9ms]
2023-11-13 18:20:24.136 [info] > git for-each-ref --format=%(refname)%00%(upstream:short)%00%(objectname)%00%(upstream:track)%00%(upstream:remotename)%00%(upstream:remoteref) refs/heads/master refs/remotes/master [27ms]
2023-11-13 18:20:24.151 [info] > git status -z -uall [7ms]
2023-11-13 18:20:24.152 [info] > git config --get commit.template [18ms]
2023-11-13 18:20:24.152 [info] > git fetch [601ms]
2023-11-13 18:20:24.160 [info] > git for-each-ref --format=%(refname)%00%(upstream:short)%00%(objectname)%00%(upstream:track)%00%(upstream:remotename)%00%(upstream:remoteref) refs/heads/master refs/remotes/master [9ms]
2023-11-13 18:20:24.176 [info] > git status -z -uall [10ms]
2023-11-13 18:20:24.177 [info] > git config --get commit.template [18ms]
2023-11-13 18:20:24.178 [info] > git for-each-ref --format=%(refname)%00%(upstream:short)%00%(objectname)%00%(upstream:track)%00%(upstream:remotename)%00%(upstream:remoteref) refs/heads/main refs/remotes/main [3ms]
2023-11-13 18:20:24.197 [info] > git for-each-ref --format=%(refname)%00%(upstream:short)%00%(objectname)%00%(upstream:track)%00%(upstream:remotename)%00%(upstream:remoteref) refs/heads/master refs/remotes/master [1ms]
2023-11-13 18:20:24.204 [info] > git status -z -uall [1ms]
2023-11-13 18:20:25.284 [info] > git status -z -uall [1098ms] (cancelled)
2023-11-13 18:20:26.344 [info] > git config --get commit.template [26ms]
2023-11-13 18:20:26.344 [info] > git config --get commit.template [38ms]
2023-11-13 18:20:26.344 [info] > git config --get commit.template [49ms]
2023-11-13 18:20:26.376 [info] > git for-each-ref --format=%(refname)%00%(upstream:short)%00%(objectname)%00%(upstream:track)%00%(upstream:remotename)%00%(upstream:remoteref) refs/heads/master refs/remotes/master [10ms]
2023-11-13 18:20:26.387 [info] > git for-each-ref --format=%(refname)%00%(upstream:short)%00%(objectname)%00%(upstream:track)%00%(upstream:remotename)%00%(upstream:remoteref) refs/heads/master refs/remotes/master [32ms]
2023-11-13 18:20:26.401 [info] > git status -z -uall [15ms]
2023-11-13 18:20:26.401 [info] > git status -z -uall [2ms]
2023-11-13 18:20:26.404 [info] > git for-each-ref --format=%(refname)%00%(upstream:short)%00%(objectname)%00%(upstream:track)%00%(upstream:remotename)%00%(upstream:remoteref) refs/heads/JavaStuff refs/remotes/JavaStuff [29ms]
2023-11-13 18:20:26.424 [info] > git status -z -uall [1ms]
2023-11-13 18:20:26.464 [info] > git ls-files --stage -- /home/ernest/Practice/practice.js [8ms]
2023-11-13 18:20:26.490 [info] > git show --textconv :Practice/practice.js [4ms]
