2023-11-06 12:17:06.829 [info] Log level: Info
2023-11-06 12:17:06.830 [info] Validating found git in: "git"
2023-11-06 12:17:06.830 [info] Using git "2.34.1" from "git"
2023-11-06 12:17:06.830 [info] > git rev-parse --show-toplevel [279ms]
2023-11-06 12:17:06.830 [info] > git rev-parse --git-dir --git-common-dir [5ms]
2023-11-06 12:17:06.830 [info] Open repository: /home/ernest
2023-11-06 12:17:06.830 [info] > git rev-parse --show-toplevel [126ms]
2023-11-06 12:17:06.830 [info] > git config --get commit.template [133ms]
2023-11-06 12:17:06.867 [info] > git rev-parse --git-dir --git-common-dir [28ms]
2023-11-06 12:17:06.871 [info] Open repository: /home/ernest/block15
2023-11-06 12:17:06.900 [info] > git for-each-ref --format=%(refname)%00%(upstream:short)%00%(objectname)%00%(upstream:track)%00%(upstream:remotename)%00%(upstream:remoteref) refs/heads/main refs/remotes/main [35ms]
2023-11-06 12:17:06.965 [info] > git rev-parse --show-toplevel [67ms]
2023-11-06 12:17:06.966 [info] > git config --get commit.template [76ms]
2023-11-06 12:17:07.002 [info] > git rev-parse --show-toplevel [26ms]
2023-11-06 12:17:07.010 [info] > git for-each-ref --format=%(refname)%00%(upstream:short)%00%(objectname)%00%(upstream:track)%00%(upstream:remotename)%00%(upstream:remoteref) refs/heads/master refs/remotes/master [25ms]
2023-11-06 12:17:07.017 [info] > git status -z -uall [3ms]
2023-11-06 12:17:07.018 [info] > git rev-parse --show-toplevel [11ms]
2023-11-06 12:17:07.209 [info] > git status -z -uall [302ms] (cancelled)
2023-11-06 12:17:07.210 [info] > git config --get commit.template [170ms]
2023-11-06 12:17:07.210 [info] > git rev-parse --show-toplevel [175ms]
2023-11-06 12:17:07.947 [info] > git check-ignore -v -z --stdin [53ms]
2023-11-06 12:17:07.948 [info] > git check-ignore -v -z --stdin [49ms]
2023-11-06 12:17:07.950 [info] > git rev-parse --show-toplevel [66ms]
2023-11-06 12:17:07.950 [info] > git config --get commit.template [74ms]
2023-11-06 12:17:07.960 [info] > git for-each-ref --format=%(refname)%00%(upstream:short)%00%(objectname)%00%(upstream:track)%00%(upstream:remotename)%00%(upstream:remoteref) refs/heads/master refs/remotes/master [18ms]
2023-11-06 12:17:07.977 [info] > git status -z -uall [11ms]
2023-11-06 12:17:07.977 [info] > git rev-parse --git-dir --git-common-dir [19ms]
2023-11-06 12:17:07.981 [info] Open repository: /home/ernest/.nvm
2023-11-06 12:17:08.015 [info] > git for-each-ref --format=%(refname)%00%(upstream:short)%00%(objectname)%00%(upstream:track)%00%(upstream:remotename)%00%(upstream:remoteref) refs/heads/main refs/remotes/main [38ms]
2023-11-06 12:17:08.049 [info] > git rev-parse --show-toplevel [42ms]
2023-11-06 12:17:08.049 [info] > git config --get commit.template [55ms]
2023-11-06 12:17:08.075 [info] > git rev-parse --show-toplevel [14ms]
2023-11-06 12:17:08.102 [info] > git for-each-ref --format=%(refname)%00%(upstream:short)%00%(objectname)%00%(upstream:track)%00%(upstream:remotename)%00%(upstream:remoteref) refs/heads/master refs/remotes/master [28ms]
2023-11-06 12:17:08.126 [info] > git rev-parse --show-toplevel [25ms]
2023-11-06 12:17:08.126 [info] > git status -z -uall [13ms]
2023-11-06 12:17:08.176 [info] > git config --get commit.template [7ms]
2023-11-06 12:17:08.176 [info] > git rev-parse --show-toplevel [34ms]
2023-11-06 12:17:08.196 [info] > git rev-parse --git-dir --git-common-dir [11ms]
2023-11-06 12:17:08.199 [info] Open repository: /home/ernest/2310-github-demo
2023-11-06 12:17:08.240 [info] > git for-each-ref --format=%(refname)%00%(upstream:short)%00%(objectname)%00%(upstream:track)%00%(upstream:remotename)%00%(upstream:remoteref) refs/heads/master refs/remotes/master [45ms]
2023-11-06 12:17:08.447 [info] > git status -z -uall [419ms] (cancelled)
2023-11-06 12:17:08.447 [info] > git status -z -uall [198ms]
2023-11-06 12:17:08.447 [info] > git rev-parse --show-toplevel [214ms]
2023-11-06 12:17:08.447 [info] > git config --get commit.template [224ms]
2023-11-06 12:17:09.435 [info] No remotes found in the git config file.
2023-11-06 12:17:09.439 [info] > git check-ignore -v -z --stdin [70ms]
2023-11-06 12:17:09.440 [info] > git check-ignore -v -z --stdin [53ms]
2023-11-06 12:17:09.441 [info] > git check-ignore -v -z --stdin [39ms]
2023-11-06 12:17:09.441 [info] > git check-ignore -v -z --stdin [28ms]
2023-11-06 12:17:09.442 [info] > git rev-parse --show-toplevel [155ms]
2023-11-06 12:17:09.467 [info] > git for-each-ref --format=%(refname)%00%(upstream:short)%00%(objectname)%00%(upstream:track)%00%(upstream:remotename)%00%(upstream:remoteref) refs/heads/master refs/remotes/master [32ms]
2023-11-06 12:17:09.477 [info] > git status -z -uall [1ms]
2023-11-06 12:17:09.478 [info] > git rev-parse --show-toplevel [12ms]
2023-11-06 12:17:09.497 [info] > git rev-parse --show-toplevel [11ms]
2023-11-06 12:17:09.520 [info] > git config --get commit.template [23ms]
2023-11-06 12:17:09.528 [info] > git rev-parse --show-toplevel [9ms]
2023-11-06 12:17:09.537 [info] No remotes found in the git config file.
2023-11-06 12:17:09.549 [info] > git rev-parse --show-toplevel [6ms]
2023-11-06 12:17:09.549 [info] > git for-each-ref --format=%(refname)%00%(upstream:short)%00%(objectname)%00%(upstream:track)%00%(upstream:remotename)%00%(upstream:remoteref) refs/heads/master refs/remotes/master [13ms]
2023-11-06 12:17:09.597 [info] > git status -z -uall [41ms]
2023-11-06 12:17:09.597 [info] > git rev-parse --git-dir --git-common-dir [20ms]
2023-11-06 12:17:09.600 [info] Open repository: /home/ernest/block12
2023-11-06 12:17:09.618 [info] > git rev-parse --show-toplevel [3ms]
2023-11-06 12:17:09.619 [info] > git config --get commit.template [10ms]
2023-11-06 12:17:09.648 [info] > git rev-parse --git-dir --git-common-dir [8ms]
2023-11-06 12:17:09.650 [info] Open repository: /home/ernest/block13
2023-11-06 12:17:09.664 [info] > git for-each-ref --format=%(refname)%00%(upstream:short)%00%(objectname)%00%(upstream:track)%00%(upstream:remotename)%00%(upstream:remoteref) refs/heads/master refs/remotes/master [18ms]
2023-11-06 12:17:09.671 [info] > git status -z -uall [1ms]
2023-11-06 12:17:09.671 [info] > git rev-parse --show-toplevel [8ms]
2023-11-06 12:17:09.672 [info] > git config --get commit.template [14ms]
2023-11-06 12:17:09.732 [info] > git rev-parse --git-dir --git-common-dir [21ms]
2023-11-06 12:17:09.734 [info] Open repository: /home/ernest/block14
2023-11-06 12:17:09.783 [info] > git config --get commit.template [54ms]
2023-11-06 12:17:09.784 [info] > git for-each-ref --format=%(refname)%00%(upstream:short)%00%(objectname)%00%(upstream:track)%00%(upstream:remotename)%00%(upstream:remoteref) refs/heads/JavaStuff refs/remotes/JavaStuff [61ms]
2023-11-06 12:17:09.804 [info] > git status -z -uall [13ms]
2023-11-06 12:17:09.820 [info] > git rev-parse --show-toplevel [62ms]
2023-11-06 12:17:09.821 [info] > git config --get commit.template [68ms]
2023-11-06 12:17:09.874 [info] No remotes found in the git config file.
2023-11-06 12:17:09.889 [info] > git rev-parse --show-toplevel [45ms]
2023-11-06 12:17:09.889 [info] > git config --get commit.template [51ms]
2023-11-06 12:17:09.889 [info] > git for-each-ref --format=%(refname)%00%(upstream:short)%00%(objectname)%00%(upstream:track)%00%(upstream:remotename)%00%(upstream:remoteref) refs/heads/master refs/remotes/master [61ms]
2023-11-06 12:17:09.904 [info] > git status -z -uall [9ms]
2023-11-06 12:17:09.912 [info] > git for-each-ref --format=%(refname)%00%(upstream:short)%00%(objectname)%00%(upstream:track)%00%(upstream:remotename)%00%(upstream:remoteref) refs/heads/master refs/remotes/master [38ms]
2023-11-06 12:17:09.925 [info] > git status -z -uall [8ms]
2023-11-06 12:17:09.928 [info] > git rev-parse --git-dir --git-common-dir [25ms]
2023-11-06 12:17:09.930 [info] Open repository: /home/ernest/personalwebsite
2023-11-06 12:17:09.965 [info] > git show --textconv :froyo.css [27ms]
2023-11-06 12:17:09.965 [info] > git ls-files --stage -- /home/ernest/block15/froyo.css [20ms]
2023-11-06 12:17:09.973 [info] > git for-each-ref --format=%(refname)%00%(upstream:short)%00%(objectname)%00%(upstream:track)%00%(upstream:remotename)%00%(upstream:remoteref) refs/heads/JavaStuff refs/remotes/JavaStuff [49ms]
2023-11-06 12:17:09.984 [info] > git status -z -uall [4ms]
2023-11-06 12:17:09.984 [info] > git cat-file -s ceeab3cd909777b3ab2a6afa53c26303419a34ff [12ms]
2023-11-06 12:17:09.985 [info] > git config --get commit.template [24ms]
2023-11-06 12:17:09.985 [info] > git config --get commit.template [31ms]
2023-11-06 12:17:09.995 [info] No remotes found in the git config file.
2023-11-06 12:17:10.002 [info] > git for-each-ref --format=%(refname)%00%(upstream:short)%00%(objectname)%00%(upstream:track)%00%(upstream:remotename)%00%(upstream:remoteref) refs/heads/master refs/remotes/master [8ms]
2023-11-06 12:17:10.007 [info] > git for-each-ref --format=%(refname)%00%(upstream:short)%00%(objectname)%00%(upstream:track)%00%(upstream:remotename)%00%(upstream:remoteref) refs/heads/main refs/remotes/main [6ms]
2023-11-06 12:17:10.015 [info] > git status -z -uall [8ms]
2023-11-06 12:17:10.015 [info] > git status -z -uall [2ms]
2023-11-06 12:17:10.029 [info] > git config --get commit.template [0ms]
2023-11-06 12:17:10.036 [info] > git for-each-ref --format=%(refname)%00%(upstream:short)%00%(objectname)%00%(upstream:track)%00%(upstream:remotename)%00%(upstream:remoteref) refs/heads/main refs/remotes/main [1ms]
2023-11-06 12:17:10.045 [info] > git status -z -uall [1ms]
2023-11-06 12:17:10.535 [info] > git check-ignore -v -z --stdin [44ms]
2023-11-06 12:17:10.535 [info] > git check-ignore -v -z --stdin [38ms]
2023-11-06 12:17:10.536 [info] > git check-ignore -v -z --stdin [32ms]
2023-11-06 12:17:10.536 [info] > git check-ignore -v -z --stdin [26ms]
2023-11-06 12:17:10.536 [info] > git check-ignore -v -z --stdin [20ms]
2023-11-06 12:17:10.537 [info] > git check-ignore -v -z --stdin [16ms]
2023-11-06 12:17:10.537 [info] > git check-ignore -v -z --stdin [10ms]
2023-11-06 12:17:10.537 [info] > git check-ignore -v -z --stdin [4ms]
