2023-11-05 08:35:03.823 [info] Log level: Info
2023-11-05 08:35:03.823 [info] Validating found git in: "git"
2023-11-05 08:35:03.823 [info] Using git "2.34.1" from "git"
2023-11-05 08:35:03.823 [info] > git rev-parse --show-toplevel [234ms]
2023-11-05 08:35:03.832 [info] > git rev-parse --git-dir --git-common-dir [11ms]
2023-11-05 08:35:03.844 [info] Open repository: /home/ernest
2023-11-05 08:35:03.886 [info] > git rev-parse --show-toplevel [24ms]
2023-11-05 08:35:03.886 [info] > git config --get commit.template [29ms]
2023-11-05 08:35:03.912 [info] > git rev-parse --show-toplevel [20ms]
2023-11-05 08:35:03.932 [info] > git for-each-ref --format=%(refname)%00%(upstream:short)%00%(objectname)%00%(upstream:track)%00%(upstream:remotename)%00%(upstream:remoteref) refs/heads/main refs/remotes/main [27ms]
2023-11-05 08:35:03.944 [info] > git rev-parse --show-toplevel [17ms]
2023-11-05 08:35:03.960 [info] > git rev-parse --show-toplevel [8ms]
2023-11-05 08:35:03.968 [info] > git rev-parse --show-toplevel [1ms]
2023-11-05 08:35:03.976 [info] > git rev-parse --git-dir --git-common-dir [1ms]
2023-11-05 08:35:03.987 [info] Open repository: /home/ernest/.nvm
2023-11-05 08:35:04.013 [info] > git rev-parse --show-toplevel [14ms]
2023-11-05 08:35:04.014 [info] > git config --get commit.template [18ms]
2023-11-05 08:35:04.028 [info] > git rev-parse --show-toplevel [9ms]
2023-11-05 08:35:04.038 [info] > git rev-parse --show-toplevel [4ms]
2023-11-05 08:35:04.039 [info] > git for-each-ref --format=%(refname)%00%(upstream:short)%00%(objectname)%00%(upstream:track)%00%(upstream:remotename)%00%(upstream:remoteref) refs/heads/master refs/remotes/master [13ms]
2023-11-05 08:35:04.058 [info] > git status -z -uall [119ms] (cancelled)
2023-11-05 08:35:04.058 [info] > git status -z -uall [15ms]
2023-11-05 08:35:04.058 [info] > git rev-parse --git-dir --git-common-dir [10ms]
2023-11-05 08:35:04.066 [info] Open repository: /home/ernest/2310-github-demo
2023-11-05 08:35:04.093 [info] > git fetch [28ms]
2023-11-05 08:35:04.102 [info] > git config --get commit.template [14ms]
2023-11-05 08:35:04.103 [info] > git rev-parse --show-toplevel [19ms]
2023-11-05 08:35:04.103 [info] > git config --get commit.template [25ms]
2023-11-05 08:35:04.109 [info] > git config --get commit.template [9ms]
2023-11-05 08:35:04.115 [info] No remotes found in the git config file.
2023-11-05 08:35:04.132 [info] > git rev-parse --show-toplevel [24ms]
2023-11-05 08:35:04.137 [info] No remotes found in the git config file.
2023-11-05 08:35:04.144 [info] > git for-each-ref --format=%(refname)%00%(upstream:short)%00%(objectname)%00%(upstream:track)%00%(upstream:remotename)%00%(upstream:remoteref) refs/heads/master refs/remotes/master [22ms]
2023-11-05 08:35:04.148 [info] > git for-each-ref --format=%(refname)%00%(upstream:short)%00%(objectname)%00%(upstream:track)%00%(upstream:remotename)%00%(upstream:remoteref) refs/heads/master refs/remotes/master [33ms]
2023-11-05 08:35:04.156 [info] > git status -z -uall [8ms]
2023-11-05 08:35:04.159 [info] > git rev-parse --show-toplevel [17ms]
2023-11-05 08:35:04.159 [info] > git for-each-ref --format=%(refname)%00%(upstream:short)%00%(objectname)%00%(upstream:track)%00%(upstream:remotename)%00%(upstream:remoteref) refs/heads/master refs/remotes/master [22ms]
2023-11-05 08:35:04.191 [info] > git config --get commit.template [35ms]
2023-11-05 08:35:04.205 [info] > git rev-parse --show-toplevel [39ms]
2023-11-05 08:35:04.211 [info] No remotes found in the git config file.
2023-11-05 08:35:04.218 [info] > git rev-parse --show-toplevel [2ms]
2023-11-05 08:35:04.218 [info] > git for-each-ref --format=%(refname)%00%(upstream:short)%00%(objectname)%00%(upstream:track)%00%(upstream:remotename)%00%(upstream:remoteref) refs/heads/master refs/remotes/master [8ms]
2023-11-05 08:35:04.239 [info] > git status -z -uall [15ms]
2023-11-05 08:35:04.242 [info] > git rev-parse --show-toplevel [13ms]
2023-11-05 08:35:04.248 [info] > git rev-parse --git-dir --git-common-dir [2ms]
2023-11-05 08:35:04.257 [info] Open repository: /home/ernest/block12
2023-11-05 08:35:04.286 [info] > git rev-parse --show-toplevel [6ms]
2023-11-05 08:35:04.287 [info] > git config --get commit.template [10ms]
2023-11-05 08:35:04.299 [info] > git rev-parse --git-dir --git-common-dir [7ms]
2023-11-05 08:35:04.309 [info] Open repository: /home/ernest/block13
2023-11-05 08:35:04.345 [info] > git for-each-ref --format=%(refname)%00%(upstream:short)%00%(objectname)%00%(upstream:track)%00%(upstream:remotename)%00%(upstream:remoteref) refs/heads/master refs/remotes/master [47ms]
2023-11-05 08:35:04.363 [info] > git status -z -uall [14ms]
2023-11-05 08:35:04.368 [info] > git rev-parse --show-toplevel [30ms]
2023-11-05 08:35:04.368 [info] > git config --get commit.template [36ms]
2023-11-05 08:35:04.377 [info] > git fetch [533ms]
2023-11-05 08:35:04.416 [info] > git config --get commit.template [22ms]
2023-11-05 08:35:04.417 [info] > git rev-parse --show-toplevel [28ms]
2023-11-05 08:35:04.417 [info] > git config --get commit.template [33ms]
2023-11-05 08:35:04.430 [info] > git for-each-ref --format=%(refname)%00%(upstream:short)%00%(objectname)%00%(upstream:track)%00%(upstream:remotename)%00%(upstream:remoteref) refs/heads/JavaStuff refs/remotes/JavaStuff [20ms]
2023-11-05 08:35:04.444 [info] > git status -z -uall [10ms]
2023-11-05 08:35:04.449 [info] > git rev-parse --show-toplevel [26ms]
2023-11-05 08:35:04.451 [info] > git for-each-ref --format=%(refname)%00%(upstream:short)%00%(objectname)%00%(upstream:track)%00%(upstream:remotename)%00%(upstream:remoteref) refs/heads/main refs/remotes/main [8ms]
2023-11-05 08:35:04.455 [info] > git for-each-ref --format=%(refname)%00%(upstream:short)%00%(objectname)%00%(upstream:track)%00%(upstream:remotename)%00%(upstream:remoteref) refs/heads/master refs/remotes/master [15ms]
2023-11-05 08:35:04.478 [info] > git status -z -uall [18ms]
2023-11-05 08:35:04.481 [info] > git config --get commit.template [7ms]
2023-11-05 08:35:04.482 [info] > git rev-parse --git-dir --git-common-dir [13ms]
2023-11-05 08:35:04.490 [info] Open repository: /home/ernest/personalwebsite
2023-11-05 08:35:04.506 [info] > git config --get commit.template [7ms]
2023-11-05 08:35:04.507 [info] > git for-each-ref --format=%(refname)%00%(upstream:short)%00%(objectname)%00%(upstream:track)%00%(upstream:remotename)%00%(upstream:remoteref) refs/heads/JavaStuff refs/remotes/JavaStuff [2ms]
2023-11-05 08:35:04.519 [info] > git status -z -uall [7ms]
2023-11-05 08:35:04.519 [info] > git for-each-ref --format=%(refname)%00%(upstream:short)%00%(objectname)%00%(upstream:track)%00%(upstream:remotename)%00%(upstream:remoteref) refs/heads/main refs/remotes/main [3ms]
2023-11-05 08:35:04.529 [info] > git status -z -uall [5ms]
2023-11-05 08:35:04.540 [info] > git config --get commit.template [2ms]
2023-11-05 08:35:04.553 [info] > git status -z -uall [98ms] (cancelled)
2023-11-05 08:35:04.556 [info] > git for-each-ref --format=%(refname)%00%(upstream:short)%00%(objectname)%00%(upstream:track)%00%(upstream:remotename)%00%(upstream:remoteref) refs/heads/main refs/remotes/main [4ms]
2023-11-05 08:35:04.563 [info] > git status -z -uall [0ms]
2023-11-05 08:35:05.700 [info] > git fetch [1211ms]
2023-11-05 08:35:05.701 [info] > git fetch [1393ms]
2023-11-05 08:35:05.702 [info] > git fetch [1446ms]
2023-11-05 08:35:05.704 [info] > git fetch [1717ms]
2023-11-05 08:35:05.704 [info] From https://github.com/nvm-sh/nvm
   b64e547..4bdd57b  master     -> origin/master
   5cc74a6..833530e  travis     -> origin/travis
2023-11-05 08:35:05.841 [info] > git check-ignore -v -z --stdin [119ms]
2023-11-05 08:35:05.843 [info] > git check-ignore -v -z --stdin [107ms]
2023-11-05 08:35:05.844 [info] > git check-ignore -v -z --stdin [96ms]
2023-11-05 08:35:05.844 [info] > git check-ignore -v -z --stdin [86ms]
2023-11-05 08:35:05.845 [info] > git check-ignore -v -z --stdin [72ms]
2023-11-05 08:35:05.845 [info] > git check-ignore -v -z --stdin [62ms]
2023-11-05 08:35:05.847 [info] > git config --get commit.template [224ms]
2023-11-05 08:35:05.883 [info] > git config --get commit.template [44ms]
2023-11-05 08:35:05.883 [info] > git config --get commit.template [51ms]
2023-11-05 08:35:05.883 [info] > git config --get commit.template [61ms]
2023-11-05 08:35:05.884 [info] > git config --get commit.template [78ms]
2023-11-05 08:35:05.884 [info] > git config --get commit.template [89ms]
2023-11-05 08:35:05.971 [info] No remotes found in the git config file.
2023-11-05 08:35:05.974 [info] > git for-each-ref --format=%(refname)%00%(upstream:short)%00%(objectname)%00%(upstream:track)%00%(upstream:remotename)%00%(upstream:remoteref) refs/heads/main refs/remotes/main [81ms]
2023-11-05 08:35:05.998 [info] > git for-each-ref --format=%(refname)%00%(upstream:short)%00%(objectname)%00%(upstream:track)%00%(upstream:remotename)%00%(upstream:remoteref) refs/heads/master refs/remotes/master [27ms]
2023-11-05 08:35:06.008 [info] > git for-each-ref --format=%(refname)%00%(upstream:short)%00%(objectname)%00%(upstream:track)%00%(upstream:remotename)%00%(upstream:remoteref) refs/heads/master refs/remotes/master [49ms]
2023-11-05 08:35:06.023 [info] > git for-each-ref --format=%(refname)%00%(upstream:short)%00%(objectname)%00%(upstream:track)%00%(upstream:remotename)%00%(upstream:remoteref) refs/heads/master refs/remotes/master [73ms]
2023-11-05 08:35:06.034 [info] > git for-each-ref --format=%(refname)%00%(upstream:short)%00%(objectname)%00%(upstream:track)%00%(upstream:remotename)%00%(upstream:remoteref) refs/heads/JavaStuff refs/remotes/JavaStuff [97ms]
2023-11-05 08:35:06.042 [info] > git for-each-ref --format=%(refname)%00%(upstream:short)%00%(objectname)%00%(upstream:track)%00%(upstream:remotename)%00%(upstream:remoteref) refs/heads/main refs/remotes/main [119ms]
2023-11-05 08:35:06.053 [info] > git status -z -uall [46ms]
2023-11-05 08:35:06.053 [info] > git status -z -uall [31ms]
2023-11-05 08:35:06.053 [info] > git status -z -uall [19ms]
2023-11-05 08:35:06.053 [info] > git status -z -uall [12ms]
2023-11-05 08:35:06.053 [info] > git status -z -uall [3ms]
2023-11-05 08:35:07.176 [info] > git status -z -uall [1190ms] (cancelled)
2023-11-05 08:35:08.865 [info] > git show --textconv :block14/index14.js [11ms]
2023-11-05 08:35:08.868 [info] > git ls-files --stage -- /home/ernest/block14/index14.js [4ms]
2023-11-05 08:35:09.093 [info] > git check-ignore -v -z --stdin [2ms]
2023-11-05 08:35:10.062 [info] > git show --textconv :block14/index14.html [20ms]
2023-11-05 08:35:10.062 [info] > git ls-files --stage -- /home/ernest/block14/index14.html [13ms]
2023-11-05 08:35:19.233 [info] > git show --textconv :block14/index14.js [8ms]
2023-11-05 08:35:19.235 [info] > git ls-files --stage -- /home/ernest/block14/index14.js [2ms]
2023-11-05 08:35:22.560 [info] > git show --textconv :block14/index14.html [7ms]
2023-11-05 08:35:22.561 [info] > git ls-files --stage -- /home/ernest/block14/index14.html [3ms]
2023-11-05 08:35:23.747 [info] > git show --textconv :block14/index14.js [7ms]
2023-11-05 08:35:23.749 [info] > git ls-files --stage -- /home/ernest/block14/index14.js [2ms]
2023-11-05 08:35:36.451 [info] > git show --textconv :block14/index14.html [8ms]
2023-11-05 08:35:36.453 [info] > git ls-files --stage -- /home/ernest/block14/index14.html [4ms]
2023-11-05 08:35:44.624 [info] > git show --textconv :block14/index14.js [9ms]
2023-11-05 08:35:44.625 [info] > git ls-files --stage -- /home/ernest/block14/index14.js [2ms]
