2023-11-06 11:56:25.068 [info] Log level: Info
2023-11-06 11:56:25.068 [info] Validating found git in: "git"
2023-11-06 11:56:25.068 [info] Using git "2.34.1" from "git"
2023-11-06 11:56:25.068 [info] > git rev-parse --show-toplevel [435ms]
2023-11-06 11:56:25.068 [info] > git rev-parse --git-dir --git-common-dir [23ms]
2023-11-06 11:56:25.068 [info] Open repository: /home/ernest
2023-11-06 11:56:25.120 [info] > git config --get commit.template [26ms]
2023-11-06 11:56:25.130 [info] > git rev-parse --show-toplevel [27ms]
2023-11-06 11:56:25.164 [info] > git rev-parse --git-dir --git-common-dir [17ms]
2023-11-06 11:56:25.167 [info] Open repository: /home/ernest/block13
2023-11-06 11:56:25.167 [info] > git for-each-ref --format=%(refname)%00%(upstream:short)%00%(objectname)%00%(upstream:track)%00%(upstream:remotename)%00%(upstream:remoteref) refs/heads/main refs/remotes/main [30ms]
2023-11-06 11:56:25.199 [info] > git rev-parse --show-toplevel [15ms]
2023-11-06 11:56:25.200 [info] > git config --get commit.template [20ms]
2023-11-06 11:56:25.229 [info] > git rev-parse --show-toplevel [21ms]
2023-11-06 11:56:25.240 [info] > git rev-parse --show-toplevel [4ms]
2023-11-06 11:56:25.249 [info] > git rev-parse --show-toplevel [1ms]
2023-11-06 11:56:25.255 [info] > git rev-parse --show-toplevel [1ms]
2023-11-06 11:56:25.262 [info] > git rev-parse --git-dir --git-common-dir [1ms]
2023-11-06 11:56:25.266 [info] Open repository: /home/ernest/.nvm
2023-11-06 11:56:25.266 [info] > git for-each-ref --format=%(refname)%00%(upstream:short)%00%(objectname)%00%(upstream:track)%00%(upstream:remotename)%00%(upstream:remoteref) refs/heads/JavaStuff refs/remotes/JavaStuff [38ms]
2023-11-06 11:56:25.291 [info] > git status -z -uall [18ms]
2023-11-06 11:56:25.291 [info] > git config --get commit.template [12ms]
2023-11-06 11:56:25.304 [info] > git rev-parse --show-toplevel [17ms]
2023-11-06 11:56:25.324 [info] > git config --get commit.template [21ms]
2023-11-06 11:56:25.326 [info] > git rev-parse --show-toplevel [3ms]
2023-11-06 11:56:25.344 [info] > git for-each-ref --format=%(refname)%00%(upstream:short)%00%(objectname)%00%(upstream:track)%00%(upstream:remotename)%00%(upstream:remoteref) refs/heads/JavaStuff refs/remotes/JavaStuff [10ms]
2023-11-06 11:56:25.366 [info] > git rev-parse --show-toplevel [24ms]
2023-11-06 11:56:25.375 [info] > git status -z -uall [25ms]
2023-11-06 11:56:25.380 [info] > git rev-parse --show-toplevel [6ms]
2023-11-06 11:56:25.441 [info] > git rev-parse --git-dir --git-common-dir [55ms]
2023-11-06 11:56:25.445 [info] Open repository: /home/ernest/2310-github-demo
2023-11-06 11:56:25.457 [info] > git for-each-ref --format=%(refname)%00%(upstream:short)%00%(objectname)%00%(upstream:track)%00%(upstream:remotename)%00%(upstream:remoteref) refs/heads/master refs/remotes/master [139ms]
2023-11-06 11:56:25.464 [info] > git status -z -uall [2ms]
2023-11-06 11:56:25.464 [info] > git rev-parse --show-toplevel [9ms]
2023-11-06 11:56:25.464 [info] > git config --get commit.template [13ms]
2023-11-06 11:56:25.478 [info] No remotes found in the git config file.
2023-11-06 11:56:25.497 [info] > git rev-parse --show-toplevel [27ms]
2023-11-06 11:56:25.505 [info] > git config --get commit.template [10ms]
2023-11-06 11:56:25.506 [info] > git for-each-ref --format=%(refname)%00%(upstream:short)%00%(objectname)%00%(upstream:track)%00%(upstream:remotename)%00%(upstream:remoteref) refs/heads/master refs/remotes/master [29ms]
2023-11-06 11:56:25.517 [info] > git rev-parse --show-toplevel [14ms]
2023-11-06 11:56:25.570 [info] > git status -z -uall [59ms]
2023-11-06 11:56:25.571 [info] > git rev-parse --show-toplevel [41ms]
2023-11-06 11:56:25.571 [info] > git for-each-ref --format=%(refname)%00%(upstream:short)%00%(objectname)%00%(upstream:track)%00%(upstream:remotename)%00%(upstream:remoteref) refs/heads/master refs/remotes/master [49ms]
2023-11-06 11:56:26.467 [info] > git status -z -uall [1295ms] (cancelled)
2023-11-06 11:56:26.467 [info] > git status -z -uall [891ms]
2023-11-06 11:56:26.467 [info] > git rev-parse --show-toplevel [886ms]
2023-11-06 11:56:26.519 [info] > git check-ignore -v -z --stdin [29ms]
2023-11-06 11:56:26.520 [info] > git check-ignore -v -z --stdin [22ms]
2023-11-06 11:56:26.520 [info] > git check-ignore -v -z --stdin [16ms]
2023-11-06 11:56:26.520 [info] > git check-ignore -v -z --stdin [10ms]
2023-11-06 11:56:26.521 [info] > git config --get commit.template [58ms]
2023-11-06 11:56:26.521 [info] > git config --get commit.template [63ms]
2023-11-06 11:56:26.557 [info] > git rev-parse --show-toplevel [39ms]
2023-11-06 11:56:26.572 [info] No remotes found in the git config file.
2023-11-06 11:56:26.615 [info] > git rev-parse --git-dir --git-common-dir [36ms]
2023-11-06 11:56:26.619 [info] Open repository: /home/ernest/block12
2023-11-06 11:56:26.620 [info] > git for-each-ref --format=%(refname)%00%(upstream:short)%00%(objectname)%00%(upstream:track)%00%(upstream:remotename)%00%(upstream:remoteref) refs/heads/master refs/remotes/master [48ms]
2023-11-06 11:56:26.627 [info] > git for-each-ref --format=%(refname)%00%(upstream:short)%00%(objectname)%00%(upstream:track)%00%(upstream:remotename)%00%(upstream:remoteref) refs/heads/main refs/remotes/main [62ms]
2023-11-06 11:56:26.652 [info] > git status -z -uall [26ms]
2023-11-06 11:56:26.664 [info] > git rev-parse --show-toplevel [14ms]
2023-11-06 11:56:26.665 [info] > git config --get commit.template [21ms]
2023-11-06 11:56:26.698 [info] > git rev-parse --show-toplevel [20ms]
2023-11-06 11:56:26.723 [info] > git for-each-ref --format=%(refname)%00%(upstream:short)%00%(objectname)%00%(upstream:track)%00%(upstream:remotename)%00%(upstream:remoteref) refs/heads/master refs/remotes/master [28ms]
2023-11-06 11:56:26.763 [info] > git rev-parse --show-toplevel [52ms]
2023-11-06 11:56:26.773 [info] > git status -z -uall [40ms]
2023-11-06 11:56:26.794 [info] > git rev-parse --git-dir --git-common-dir [22ms]
2023-11-06 11:56:26.796 [info] Open repository: /home/ernest/personalwebsite
2023-11-06 11:56:26.974 [info] > git status -z -uall [342ms] (cancelled)
2023-11-06 11:56:26.975 [info] > git show --textconv :block13ws.js [171ms]
2023-11-06 11:56:26.975 [info] > git ls-files --stage -- /home/ernest/block13/block13ws.js [164ms]
2023-11-06 11:56:26.984 [info] > git config --get commit.template [193ms]
2023-11-06 11:56:27.842 [info] > git cat-file -s 702883e22dc998cf5d869e165dd5806abd8982c4 [859ms]
2023-11-06 11:56:27.843 [info] > git config --get commit.template [1024ms]
2023-11-06 11:56:27.971 [info] > git check-ignore -v -z --stdin [96ms]
2023-11-06 11:56:27.971 [info] > git check-ignore -v -z --stdin [89ms]
2023-11-06 11:56:27.972 [info] > git check-ignore -v -z --stdin [83ms]
2023-11-06 11:56:27.972 [info] > git check-ignore -v -z --stdin [77ms]
2023-11-06 11:56:27.972 [info] > git check-ignore -v -z --stdin [69ms]
2023-11-06 11:56:27.972 [info] > git check-ignore -v -z --stdin [60ms]
2023-11-06 11:56:27.973 [info] > git for-each-ref --format=%(refname)%00%(upstream:short)%00%(objectname)%00%(upstream:track)%00%(upstream:remotename)%00%(upstream:remoteref) refs/heads/master refs/remotes/master [31ms]
2023-11-06 11:56:27.984 [info] > git status -z -uall [2ms]
2023-11-06 11:56:27.985 [info] > git for-each-ref --format=%(refname)%00%(upstream:short)%00%(objectname)%00%(upstream:track)%00%(upstream:remotename)%00%(upstream:remoteref) refs/heads/main refs/remotes/main [16ms]
2023-11-06 11:56:27.994 [info] > git status -z -uall [1ms]
2023-11-06 11:56:28.005 [info] > git config --get commit.template [0ms]
2023-11-06 11:56:28.012 [info] > git for-each-ref --format=%(refname)%00%(upstream:short)%00%(objectname)%00%(upstream:track)%00%(upstream:remotename)%00%(upstream:remoteref) refs/heads/main refs/remotes/main [1ms]
2023-11-06 11:56:28.020 [info] > git status -z -uall [1ms]
2023-11-06 11:56:33.463 [info] > git fetch [17ms]
2023-11-06 11:56:33.472 [info] > git config --get commit.template [1ms]
2023-11-06 11:56:33.479 [info] No remotes found in the git config file.
2023-11-06 11:56:33.479 [info] > git for-each-ref --format=%(refname)%00%(upstream:short)%00%(objectname)%00%(upstream:track)%00%(upstream:remotename)%00%(upstream:remoteref) refs/heads/master refs/remotes/master [0ms]
2023-11-06 11:56:33.488 [info] > git status -z -uall [1ms]
2023-11-06 11:56:33.855 [info] > git show --textconv :block14/index14.html [19ms]
2023-11-06 11:56:33.855 [info] > git ls-files --stage -- /home/ernest/block14/index14.html [12ms]
2023-11-06 11:56:34.013 [info] > git fetch [585ms]
2023-11-06 11:56:34.023 [info] > git config --get commit.template [1ms]
2023-11-06 11:56:34.023 [info] > git fetch [586ms]
2023-11-06 11:56:34.024 [info] > git fetch [571ms]
2023-11-06 11:56:34.024 [info] > git fetch [563ms]
2023-11-06 11:56:34.051 [info] > git config --get commit.template [13ms]
2023-11-06 11:56:34.051 [info] > git config --get commit.template [19ms]
2023-11-06 11:56:34.051 [info] > git for-each-ref --format=%(refname)%00%(upstream:short)%00%(objectname)%00%(upstream:track)%00%(upstream:remotename)%00%(upstream:remoteref) refs/heads/JavaStuff refs/remotes/JavaStuff [1ms]
2023-11-06 11:56:34.058 [info] > git config --get commit.template [14ms]
2023-11-06 11:56:34.077 [info] > git status -z -uall [19ms]
2023-11-06 11:56:34.089 [info] > git for-each-ref --format=%(refname)%00%(upstream:short)%00%(objectname)%00%(upstream:track)%00%(upstream:remotename)%00%(upstream:remoteref) refs/heads/main refs/remotes/main [12ms]
2023-11-06 11:56:34.096 [info] > git for-each-ref --format=%(refname)%00%(upstream:short)%00%(objectname)%00%(upstream:track)%00%(upstream:remotename)%00%(upstream:remoteref) refs/heads/master refs/remotes/master [24ms]
2023-11-06 11:56:34.102 [info] > git for-each-ref --format=%(refname)%00%(upstream:short)%00%(objectname)%00%(upstream:track)%00%(upstream:remotename)%00%(upstream:remoteref) refs/heads/master refs/remotes/master [37ms]
2023-11-06 11:56:34.110 [info] > git status -z -uall [14ms]
2023-11-06 11:56:34.110 [info] > git status -z -uall [8ms]
2023-11-06 11:56:34.110 [info] > git status -z -uall [2ms]
2023-11-06 11:56:34.119 [info] > git fetch [699ms]
2023-11-06 11:56:34.129 [info] > git config --get commit.template [2ms]
2023-11-06 11:56:34.138 [info] > git for-each-ref --format=%(refname)%00%(upstream:short)%00%(objectname)%00%(upstream:track)%00%(upstream:remotename)%00%(upstream:remoteref) refs/heads/main refs/remotes/main [1ms]
2023-11-06 11:56:35.115 [info] > git status -z -uall [971ms] (cancelled)
2023-11-06 11:56:35.170 [info] > git config --get commit.template [15ms]
2023-11-06 11:56:35.179 [info] No remotes found in the git config file.
2023-11-06 11:56:35.180 [info] > git for-each-ref --format=%(refname)%00%(upstream:short)%00%(objectname)%00%(upstream:track)%00%(upstream:remotename)%00%(upstream:remoteref) refs/heads/master refs/remotes/master [2ms]
2023-11-06 11:56:35.189 [info] > git status -z -uall [1ms]
2023-11-06 11:56:35.439 [info] > git show --textconv :block14/index14.js [10ms]
2023-11-06 11:56:35.440 [info] > git ls-files --stage -- /home/ernest/block14/index14.js [3ms]
2023-11-06 11:56:36.133 [info] > git config --get commit.template [1ms]
2023-11-06 11:56:36.133 [info] > git config --get commit.template [9ms]
2023-11-06 11:56:36.134 [info] > git config --get commit.template [18ms]
2023-11-06 11:56:36.134 [info] > git config --get commit.template [25ms]
2023-11-06 11:56:36.165 [info] > git for-each-ref --format=%(refname)%00%(upstream:short)%00%(objectname)%00%(upstream:track)%00%(upstream:remotename)%00%(upstream:remoteref) refs/heads/master refs/remotes/master [8ms]
2023-11-06 11:56:36.174 [info] > git for-each-ref --format=%(refname)%00%(upstream:short)%00%(objectname)%00%(upstream:track)%00%(upstream:remotename)%00%(upstream:remoteref) refs/heads/master refs/remotes/master [25ms]
2023-11-06 11:56:36.182 [info] > git for-each-ref --format=%(refname)%00%(upstream:short)%00%(objectname)%00%(upstream:track)%00%(upstream:remotename)%00%(upstream:remoteref) refs/heads/JavaStuff refs/remotes/JavaStuff [40ms]
2023-11-06 11:56:36.191 [info] > git status -z -uall [17ms]
2023-11-06 11:56:36.191 [info] > git status -z -uall [10ms]
2023-11-06 11:56:36.191 [info] > git status -z -uall [1ms]
2023-11-06 11:56:36.193 [info] > git for-each-ref --format=%(refname)%00%(upstream:short)%00%(objectname)%00%(upstream:track)%00%(upstream:remotename)%00%(upstream:remoteref) refs/heads/main refs/remotes/main [29ms]
2023-11-06 11:56:36.222 [info] > git status -z -uall [21ms]
2023-11-06 11:56:36.237 [info] > git ls-files --stage -- /home/ernest/block14/index14.js [2ms]
2023-11-06 11:56:36.251 [info] > git show --textconv :block14/index14.js [2ms]
2023-11-06 11:58:35.106 [info] > git show --textconv :block14/index14.html [8ms]
2023-11-06 11:58:35.107 [info] > git ls-files --stage -- /home/ernest/block14/index14.html [2ms]
2023-11-06 11:59:33.499 [info] > git fetch [3ms]
2023-11-06 11:59:33.505 [info] > git config --get commit.template [0ms]
2023-11-06 11:59:33.510 [info] No remotes found in the git config file.
2023-11-06 11:59:33.511 [info] > git for-each-ref --format=%(refname)%00%(upstream:short)%00%(objectname)%00%(upstream:track)%00%(upstream:remotename)%00%(upstream:remoteref) refs/heads/master refs/remotes/master [0ms]
2023-11-06 11:59:33.516 [info] > git status -z -uall [1ms]
2023-11-06 11:59:34.554 [info] > git fetch [468ms]
2023-11-06 11:59:34.561 [info] > git fetch [442ms]
2023-11-06 11:59:34.561 [info] > git fetch [437ms]
2023-11-06 11:59:34.573 [info] > git config --get commit.template [13ms]
2023-11-06 11:59:34.580 [info] > git config --get commit.template [7ms]
2023-11-06 11:59:34.581 [info] > git config --get commit.template [15ms]
2023-11-06 11:59:34.581 [info] > git for-each-ref --format=%(refname)%00%(upstream:short)%00%(objectname)%00%(upstream:track)%00%(upstream:remotename)%00%(upstream:remoteref) refs/heads/JavaStuff refs/remotes/JavaStuff [1ms]
2023-11-06 11:59:34.589 [info] > git fetch [458ms]
2023-11-06 11:59:34.608 [info] > git status -z -uall [20ms]
2023-11-06 11:59:34.610 [info] > git config --get commit.template [3ms]
2023-11-06 11:59:34.610 [info] > git for-each-ref --format=%(refname)%00%(upstream:short)%00%(objectname)%00%(upstream:track)%00%(upstream:remotename)%00%(upstream:remoteref) refs/heads/main refs/remotes/main [9ms]
2023-11-06 11:59:34.616 [info] > git for-each-ref --format=%(refname)%00%(upstream:short)%00%(objectname)%00%(upstream:track)%00%(upstream:remotename)%00%(upstream:remoteref) refs/heads/master refs/remotes/master [21ms]
2023-11-06 11:59:34.622 [info] > git status -z -uall [7ms]
2023-11-06 11:59:34.622 [info] > git status -z -uall [1ms]
2023-11-06 11:59:34.631 [info] > git for-each-ref --format=%(refname)%00%(upstream:short)%00%(objectname)%00%(upstream:track)%00%(upstream:remotename)%00%(upstream:remoteref) refs/heads/master refs/remotes/master [2ms]
2023-11-06 11:59:34.638 [info] > git status -z -uall [2ms]
2023-11-06 11:59:34.656 [info] > git config --get commit.template [1ms]
2023-11-06 11:59:34.661 [info] No remotes found in the git config file.
2023-11-06 11:59:34.661 [info] > git for-each-ref --format=%(refname)%00%(upstream:short)%00%(objectname)%00%(upstream:track)%00%(upstream:remotename)%00%(upstream:remoteref) refs/heads/master refs/remotes/master [0ms]
2023-11-06 11:59:34.667 [info] > git status -z -uall [1ms]
2023-11-06 11:59:34.763 [info] > git fetch [448ms]
2023-11-06 11:59:34.770 [info] > git config --get commit.template [1ms]
2023-11-06 11:59:34.778 [info] > git for-each-ref --format=%(refname)%00%(upstream:short)%00%(objectname)%00%(upstream:track)%00%(upstream:remotename)%00%(upstream:remoteref) refs/heads/main refs/remotes/main [0ms]
2023-11-06 11:59:35.717 [info] > git status -z -uall [935ms] (cancelled)
2023-11-06 11:59:35.849 [info] > git config --get commit.template [2ms]
2023-11-06 11:59:35.849 [info] > git config --get commit.template [14ms]
2023-11-06 11:59:35.849 [info] > git config --get commit.template [27ms]
2023-11-06 11:59:35.849 [info] > git config --get commit.template [38ms]
2023-11-06 11:59:35.893 [info] > git for-each-ref --format=%(refname)%00%(upstream:short)%00%(objectname)%00%(upstream:track)%00%(upstream:remotename)%00%(upstream:remoteref) refs/heads/master refs/remotes/master [11ms]
2023-11-06 11:59:35.899 [info] > git for-each-ref --format=%(refname)%00%(upstream:short)%00%(objectname)%00%(upstream:track)%00%(upstream:remotename)%00%(upstream:remoteref) refs/heads/master refs/remotes/master [27ms]
2023-11-06 11:59:35.909 [info] > git for-each-ref --format=%(refname)%00%(upstream:short)%00%(objectname)%00%(upstream:track)%00%(upstream:remotename)%00%(upstream:remoteref) refs/heads/JavaStuff refs/remotes/JavaStuff [48ms]
2023-11-06 11:59:35.921 [info] > git status -z -uall [22ms]
2023-11-06 11:59:35.921 [info] > git status -z -uall [13ms]
2023-11-06 11:59:35.921 [info] > git status -z -uall [0ms]
2023-11-06 11:59:35.926 [info] > git for-each-ref --format=%(refname)%00%(upstream:short)%00%(objectname)%00%(upstream:track)%00%(upstream:remotename)%00%(upstream:remoteref) refs/heads/main refs/remotes/main [33ms]
2023-11-06 11:59:35.940 [info] > git status -z -uall [4ms]
2023-11-06 11:59:36.088 [info] > git ls-files --stage -- /home/ernest/block14/index14.html [2ms]
2023-11-06 11:59:36.101 [info] > git show --textconv :block14/index14.html [2ms]
2023-11-06 11:59:47.251 [info] > git ls-files --stage -- /home/ernest/block14/index14.html [2ms]
2023-11-06 11:59:47.263 [info] > git show --textconv :block14/index14.html [2ms]
2023-11-06 12:00:11.463 [info] > git rev-parse --show-toplevel [2ms]
2023-11-06 12:00:11.485 [info] > git rev-parse --git-dir --git-common-dir [14ms]
2023-11-06 12:00:11.495 [info] Open repository: /home/ernest/block14
2023-11-06 12:00:11.508 [info] > git fetch [12ms]
2023-11-06 12:00:11.517 [info] > git config --get commit.template [10ms]
2023-11-06 12:00:11.517 [info] > git config --get commit.template [1ms]
2023-11-06 12:00:11.525 [info] No remotes found in the git config file.
2023-11-06 12:00:11.533 [info] No remotes found in the git config file.
2023-11-06 12:00:11.534 [info] > git for-each-ref --format=%(refname)%00%(upstream:short)%00%(objectname)%00%(upstream:track)%00%(upstream:remotename)%00%(upstream:remoteref) refs/heads/master refs/remotes/master [9ms]
2023-11-06 12:00:11.547 [info] > git for-each-ref --format=%(refname)%00%(upstream:short)%00%(objectname)%00%(upstream:track)%00%(upstream:remotename)%00%(upstream:remoteref) refs/heads/master refs/remotes/master [14ms]
2023-11-06 12:00:11.549 [info] > git config --get commit.template [4ms]
2023-11-06 12:00:11.557 [info] No remotes found in the git config file.
2023-11-06 12:00:11.558 [info] > git for-each-ref --format=%(refname)%00%(upstream:short)%00%(objectname)%00%(upstream:track)%00%(upstream:remotename)%00%(upstream:remoteref) refs/heads/master refs/remotes/master [1ms]
2023-11-06 12:00:11.566 [info] > git status -z -uall [0ms]
2023-11-06 12:00:12.084 [info] > git check-ignore -v -z --stdin [31ms]
2023-11-06 12:00:12.085 [info] > git check-ignore -v -z --stdin [27ms]
2023-11-06 12:00:12.085 [info] > git check-ignore -v -z --stdin [22ms]
2023-11-06 12:00:12.085 [info] > git check-ignore -v -z --stdin [17ms]
2023-11-06 12:00:12.085 [info] > git check-ignore -v -z --stdin [12ms]
2023-11-06 12:00:12.085 [info] > git check-ignore -v -z --stdin [7ms]
2023-11-06 12:00:12.086 [info] > git check-ignore -v -z --stdin [3ms]
2023-11-06 12:00:12.705 [info] > git config --get commit.template [0ms]
2023-11-06 12:00:12.710 [info] No remotes found in the git config file.
2023-11-06 12:00:12.711 [info] > git for-each-ref --format=%(refname)%00%(upstream:short)%00%(objectname)%00%(upstream:track)%00%(upstream:remotename)%00%(upstream:remoteref) refs/heads/master refs/remotes/master [1ms]
2023-11-06 12:00:12.717 [info] > git status -z -uall [0ms]
2023-11-06 12:00:12.807 [info] > git ls-files --stage -- /home/ernest/block14/index14.html [1ms]
2023-11-06 12:00:12.826 [info] > git show --textconv :index14.html [0ms]
2023-11-06 12:00:15.264 [info] > git ls-files --stage -- /home/ernest/block14/index14.html [0ms]
2023-11-06 12:00:15.271 [info] > git cat-file -s ce54063cec5a68038c144c32ee417f6ba599a481 [1ms]
2023-11-06 12:00:15.280 [info] > git show --textconv :index14.html [1ms]
2023-11-06 12:00:17.728 [info] > git config --get commit.template [0ms]
2023-11-06 12:00:17.732 [info] No remotes found in the git config file.
2023-11-06 12:00:17.732 [info] > git for-each-ref --format=%(refname)%00%(upstream:short)%00%(objectname)%00%(upstream:track)%00%(upstream:remotename)%00%(upstream:remoteref) refs/heads/master refs/remotes/master [0ms]
2023-11-06 12:00:17.737 [info] > git status -z -uall [0ms]
2023-11-06 12:00:33.594 [info] > git config --get commit.template [1ms]
2023-11-06 12:00:33.600 [info] No remotes found in the git config file.
2023-11-06 12:00:33.601 [info] > git for-each-ref --format=%(refname)%00%(upstream:short)%00%(objectname)%00%(upstream:track)%00%(upstream:remotename)%00%(upstream:remoteref) refs/heads/master refs/remotes/master [1ms]
2023-11-06 12:00:33.607 [info] > git status -z -uall [1ms]
2023-11-06 12:00:33.696 [info] > git ls-files --stage -- /home/ernest/block14/index14.html [1ms]
2023-11-06 12:00:33.701 [info] > git cat-file -s ce54063cec5a68038c144c32ee417f6ba599a481 [0ms]
2023-11-06 12:00:33.714 [info] > git show --textconv :index14.html [4ms]
2023-11-06 12:02:06.085 [info] > git show --textconv :index14.js [7ms]
2023-11-06 12:02:06.086 [info] > git ls-files --stage -- /home/ernest/block14/index14.js [1ms]
2023-11-06 12:02:06.093 [info] > git cat-file -s bb0be38676571404ba32bf589b5409d55b511ecd [1ms]
2023-11-06 12:02:23.556 [info] > git show --textconv :block15 [6ms]
2023-11-06 12:02:23.558 [info] > git ls-files --stage -- /home/ernest/block15 [3ms]
2023-11-06 12:02:23.828 [info] > git check-ignore -v -z --stdin [2ms]
2023-11-06 12:02:33.526 [info] > git fetch [2ms]
2023-11-06 12:02:33.532 [info] > git config --get commit.template [1ms]
2023-11-06 12:02:33.537 [info] No remotes found in the git config file.
2023-11-06 12:02:33.537 [info] > git for-each-ref --format=%(refname)%00%(upstream:short)%00%(objectname)%00%(upstream:track)%00%(upstream:remotename)%00%(upstream:remoteref) refs/heads/master refs/remotes/master [1ms]
2023-11-06 12:02:33.542 [info] > git status -z -uall [0ms]
2023-11-06 12:02:34.619 [info] > git config --get commit.template [6ms]
2023-11-06 12:02:34.625 [info] No remotes found in the git config file.
2023-11-06 12:02:34.631 [info] > git for-each-ref --format=%(refname)%00%(upstream:short)%00%(objectname)%00%(upstream:track)%00%(upstream:remotename)%00%(upstream:remoteref) refs/heads/master refs/remotes/master [6ms]
2023-11-06 12:02:34.642 [info] > git status -z -uall [6ms]
2023-11-06 12:02:35.260 [info] > git fetch [642ms]
2023-11-06 12:02:35.271 [info] > git config --get commit.template [5ms]
2023-11-06 12:02:35.272 [info] > git for-each-ref --format=%(refname)%00%(upstream:short)%00%(objectname)%00%(upstream:track)%00%(upstream:remotename)%00%(upstream:remoteref) refs/heads/JavaStuff refs/remotes/JavaStuff [0ms]
2023-11-06 12:02:35.277 [info] > git status -z -uall [1ms]
2023-11-06 12:02:35.457 [info] > git fetch [827ms]
2023-11-06 12:02:35.469 [info] > git config --get commit.template [6ms]
2023-11-06 12:02:35.470 [info] > git for-each-ref --format=%(refname)%00%(upstream:short)%00%(objectname)%00%(upstream:track)%00%(upstream:remotename)%00%(upstream:remoteref) refs/heads/main refs/remotes/main [1ms]
2023-11-06 12:02:35.475 [info] > git fetch [833ms]
2023-11-06 12:02:35.480 [info] > git status -z -uall [6ms]
2023-11-06 12:02:35.482 [info] > git config --get commit.template [2ms]
2023-11-06 12:02:35.489 [info] > git fetch [839ms]
2023-11-06 12:02:35.496 [info] > git for-each-ref --format=%(refname)%00%(upstream:short)%00%(objectname)%00%(upstream:track)%00%(upstream:remotename)%00%(upstream:remoteref) refs/heads/master refs/remotes/master [8ms]
2023-11-06 12:02:35.502 [info] > git status -z -uall [1ms]
2023-11-06 12:02:35.502 [info] > git config --get commit.template [7ms]
2023-11-06 12:02:35.510 [info] > git for-each-ref --format=%(refname)%00%(upstream:short)%00%(objectname)%00%(upstream:track)%00%(upstream:remotename)%00%(upstream:remoteref) refs/heads/master refs/remotes/master [1ms]
2023-11-06 12:02:35.516 [info] > git status -z -uall [2ms]
2023-11-06 12:02:35.877 [info] > git fetch [898ms]
2023-11-06 12:02:35.877 [info] From https://github.com/ernesttheiss/github-workflow
 + 6246c8d...10c588d main       -> origin/main  (forced update)
 + 53dba1c...df07cea master     -> origin/master  (forced update)
2023-11-06 12:02:35.888 [info] > git config --get commit.template [5ms]
2023-11-06 12:02:35.888 [info] > git for-each-ref --format=%(refname)%00%(upstream:short)%00%(objectname)%00%(upstream:track)%00%(upstream:remotename)%00%(upstream:remoteref) refs/heads/main refs/remotes/main [1ms]
2023-11-06 12:02:36.809 [info] > git status -z -uall [915ms] (cancelled)
2023-11-06 12:02:36.881 [info] > git config --get commit.template [2ms]
2023-11-06 12:02:36.882 [info] > git config --get commit.template [12ms]
2023-11-06 12:02:36.882 [info] > git config --get commit.template [20ms]
2023-11-06 12:02:36.882 [info] > git config --get commit.template [29ms]
2023-11-06 12:02:36.917 [info] > git for-each-ref --format=%(refname)%00%(upstream:short)%00%(objectname)%00%(upstream:track)%00%(upstream:remotename)%00%(upstream:remoteref) refs/heads/main refs/remotes/main [1ms]
2023-11-06 12:02:36.928 [info] > git for-each-ref --format=%(refname)%00%(upstream:short)%00%(objectname)%00%(upstream:track)%00%(upstream:remotename)%00%(upstream:remoteref) refs/heads/master refs/remotes/master [23ms]
2023-11-06 12:02:36.940 [info] > git for-each-ref --format=%(refname)%00%(upstream:short)%00%(objectname)%00%(upstream:track)%00%(upstream:remotename)%00%(upstream:remoteref) refs/heads/master refs/remotes/master [42ms]
2023-11-06 12:02:36.951 [info] > git for-each-ref --format=%(refname)%00%(upstream:short)%00%(objectname)%00%(upstream:track)%00%(upstream:remotename)%00%(upstream:remoteref) refs/heads/JavaStuff refs/remotes/JavaStuff [60ms]
2023-11-06 12:02:36.960 [info] > git status -z -uall [32ms]
2023-11-06 12:02:36.960 [info] > git status -z -uall [21ms]
2023-11-06 12:02:36.960 [info] > git status -z -uall [10ms]
2023-11-06 12:02:36.960 [info] > git status -z -uall [2ms]
2023-11-06 12:02:37.903 [info] > git ls-files --stage -- /home/ernest/block15 [2ms]
2023-11-06 12:02:37.916 [info] > git show --textconv :block15 [2ms]
2023-11-06 12:03:11.558 [info] > git fetch [3ms]
2023-11-06 12:03:11.565 [info] > git config --get commit.template [0ms]
2023-11-06 12:03:11.565 [info] No remotes found in the git config file.
2023-11-06 12:03:11.570 [info] > git for-each-ref --format=%(refname)%00%(upstream:short)%00%(objectname)%00%(upstream:track)%00%(upstream:remotename)%00%(upstream:remoteref) refs/heads/master refs/remotes/master [1ms]
2023-11-06 12:03:11.575 [info] > git status -z -uall [1ms]
2023-11-06 12:03:12.647 [info] > git config --get commit.template [0ms]
2023-11-06 12:03:12.653 [info] No remotes found in the git config file.
2023-11-06 12:03:12.653 [info] > git for-each-ref --format=%(refname)%00%(upstream:short)%00%(objectname)%00%(upstream:track)%00%(upstream:remotename)%00%(upstream:remoteref) refs/heads/master refs/remotes/master [0ms]
2023-11-06 12:03:12.658 [info] > git status -z -uall [1ms]
2023-11-06 12:03:20.671 [info] > git show --textconv :README.md [11ms]
2023-11-06 12:03:20.672 [info] > git ls-files --stage -- /home/ernest/README.md [2ms]
2023-11-06 12:03:20.679 [info] > git cat-file -s 5c854d3592cf9bb89a096421fa42c1e6a6f22803 [1ms]
2023-11-06 12:03:23.212 [info] > git show --textconv :block15 [7ms]
2023-11-06 12:03:23.214 [info] > git ls-files --stage -- /home/ernest/block15 [3ms]
2023-11-06 12:06:14.726 [info] > git fetch [42ms]
2023-11-06 12:06:14.734 [info] > git fetch [9ms]
2023-11-06 12:06:14.740 [info] > git config --get commit.template [7ms]
2023-11-06 12:06:14.748 [info] No remotes found in the git config file.
2023-11-06 12:06:14.749 [info] > git config --get commit.template [9ms]
2023-11-06 12:06:14.750 [info] > git for-each-ref --format=%(refname)%00%(upstream:short)%00%(objectname)%00%(upstream:track)%00%(upstream:remotename)%00%(upstream:remoteref) refs/heads/master refs/remotes/master [3ms]
2023-11-06 12:06:14.764 [info] No remotes found in the git config file.
2023-11-06 12:06:14.765 [info] > git status -z -uall [9ms]
2023-11-06 12:06:14.765 [info] > git for-each-ref --format=%(refname)%00%(upstream:short)%00%(objectname)%00%(upstream:track)%00%(upstream:remotename)%00%(upstream:remoteref) refs/heads/master refs/remotes/master [1ms]
2023-11-06 12:06:14.772 [info] > git status -z -uall [1ms]
2023-11-06 12:06:15.299 [info] > git fetch [607ms]
2023-11-06 12:06:15.306 [info] > git config --get commit.template [1ms]
2023-11-06 12:06:15.312 [info] > git for-each-ref --format=%(refname)%00%(upstream:short)%00%(objectname)%00%(upstream:track)%00%(upstream:remotename)%00%(upstream:remoteref) refs/heads/JavaStuff refs/remotes/JavaStuff [0ms]
2023-11-06 12:06:15.318 [info] > git status -z -uall [1ms]
2023-11-06 12:06:15.537 [info] > git fetch [817ms]
2023-11-06 12:06:15.550 [info] > git fetch [845ms]
2023-11-06 12:06:15.551 [info] > git config --get commit.template [8ms]
2023-11-06 12:06:15.557 [info] > git for-each-ref --format=%(refname)%00%(upstream:short)%00%(objectname)%00%(upstream:track)%00%(upstream:remotename)%00%(upstream:remoteref) refs/heads/main refs/remotes/main [7ms]
2023-11-06 12:06:15.563 [info] > git config --get commit.template [6ms]
2023-11-06 12:06:15.571 [info] > git for-each-ref --format=%(refname)%00%(upstream:short)%00%(objectname)%00%(upstream:track)%00%(upstream:remotename)%00%(upstream:remoteref) refs/heads/master refs/remotes/master [1ms]
2023-11-06 12:06:15.578 [info] > git status -z -uall [0ms]
2023-11-06 12:06:16.452 [info] > git status -z -uall [890ms] (cancelled)
2023-11-06 12:06:16.452 [info] > git fetch [1741ms]
2023-11-06 12:06:16.515 [info] > git config --get commit.template [13ms]
2023-11-06 12:06:16.516 [info] > git config --get commit.template [28ms]
2023-11-06 12:06:16.528 [info] > git config --get commit.template [13ms]
2023-11-06 12:06:16.560 [info] No remotes found in the git config file.
2023-11-06 12:06:16.571 [info] > git for-each-ref --format=%(refname)%00%(upstream:short)%00%(objectname)%00%(upstream:track)%00%(upstream:remotename)%00%(upstream:remoteref) refs/heads/master refs/remotes/master [11ms]
2023-11-06 12:06:16.584 [info] > git for-each-ref --format=%(refname)%00%(upstream:short)%00%(objectname)%00%(upstream:track)%00%(upstream:remotename)%00%(upstream:remoteref) refs/heads/master refs/remotes/master [39ms]
2023-11-06 12:06:16.596 [info] > git status -z -uall [13ms]
2023-11-06 12:06:16.598 [info] > git for-each-ref --format=%(refname)%00%(upstream:short)%00%(objectname)%00%(upstream:track)%00%(upstream:remotename)%00%(upstream:remoteref) refs/heads/JavaStuff refs/remotes/JavaStuff [28ms]
2023-11-06 12:06:16.610 [info] > git fetch [1912ms]
2023-11-06 12:06:16.623 [info] > git status -z -uall [28ms]
2023-11-06 12:06:16.623 [info] > git status -z -uall [13ms]
2023-11-06 12:06:16.626 [info] > git config --get commit.template [4ms]
2023-11-06 12:06:16.635 [info] > git for-each-ref --format=%(refname)%00%(upstream:short)%00%(objectname)%00%(upstream:track)%00%(upstream:remotename)%00%(upstream:remoteref) refs/heads/main refs/remotes/main [1ms]
2023-11-06 12:06:16.646 [info] > git status -z -uall [1ms]
2023-11-06 12:06:17.460 [info] > git config --get commit.template [1ms]
2023-11-06 12:06:17.467 [info] > git for-each-ref --format=%(refname)%00%(upstream:short)%00%(objectname)%00%(upstream:track)%00%(upstream:remotename)%00%(upstream:remoteref) refs/heads/master refs/remotes/master [0ms]
2023-11-06 12:06:17.475 [info] > git status -z -uall [1ms]
2023-11-06 12:06:17.786 [info] > git config --get commit.template [1ms]
2023-11-06 12:06:17.797 [info] > git for-each-ref --format=%(refname)%00%(upstream:short)%00%(objectname)%00%(upstream:track)%00%(upstream:remotename)%00%(upstream:remoteref) refs/heads/main refs/remotes/main [4ms]
2023-11-06 12:06:17.805 [info] > git status -z -uall [1ms]
2023-11-06 12:06:36.173 [info] > git show --textconv :block15/froyo.html [8ms]
2023-11-06 12:06:36.174 [info] > git ls-files --stage -- /home/ernest/block15/froyo.html [2ms]
2023-11-06 12:06:36.428 [info] > git check-ignore -v -z --stdin [3ms]
2023-11-06 12:07:40.220 [info] > git show --textconv :block15/froyo.css [8ms]
2023-11-06 12:07:40.221 [info] > git ls-files --stage -- /home/ernest/block15/froyo.css [2ms]
2023-11-06 12:07:40.495 [info] > git check-ignore -v -z --stdin [2ms]
2023-11-06 12:07:47.559 [info] > git show --textconv :block15/froyo.js [8ms]
2023-11-06 12:07:47.560 [info] > git ls-files --stage -- /home/ernest/block15/froyo.js [2ms]
2023-11-06 12:07:47.831 [info] > git check-ignore -v -z --stdin [2ms]
2023-11-06 12:07:56.669 [info] > git show --textconv :block15/froyo.html [9ms]
2023-11-06 12:07:56.671 [info] > git ls-files --stage -- /home/ernest/block15/froyo.html [3ms]
2023-11-06 12:08:12.734 [info] > git show --textconv :block15/froyo.css [9ms]
2023-11-06 12:08:12.736 [info] > git ls-files --stage -- /home/ernest/block15/froyo.css [3ms]
2023-11-06 12:08:18.037 [info] > git show --textconv :block15/froyo.js [8ms]
2023-11-06 12:08:18.039 [info] > git ls-files --stage -- /home/ernest/block15/froyo.js [2ms]
2023-11-06 12:09:29.619 [info] > git fetch [42ms]
2023-11-06 12:09:29.619 [info] > git fetch [50ms]
2023-11-06 12:09:29.636 [info] > git config --get commit.template [1ms]
2023-11-06 12:09:29.636 [info] > git config --get commit.template [9ms]
2023-11-06 12:09:29.643 [info] No remotes found in the git config file.
2023-11-06 12:09:29.650 [info] No remotes found in the git config file.
2023-11-06 12:09:29.651 [info] > git for-each-ref --format=%(refname)%00%(upstream:short)%00%(objectname)%00%(upstream:track)%00%(upstream:remotename)%00%(upstream:remoteref) refs/heads/master refs/remotes/master [1ms]
2023-11-06 12:09:29.657 [info] > git for-each-ref --format=%(refname)%00%(upstream:short)%00%(objectname)%00%(upstream:track)%00%(upstream:remotename)%00%(upstream:remoteref) refs/heads/master refs/remotes/master [15ms]
2023-11-06 12:09:29.664 [info] > git status -z -uall [7ms]
2023-11-06 12:09:29.667 [info] > git status -z -uall [3ms]
2023-11-06 12:09:30.075 [info] > git fetch [489ms]
2023-11-06 12:09:30.090 [info] > git for-each-ref --format=%(refname)%00%(upstream:short)%00%(objectname)%00%(upstream:track)%00%(upstream:remotename)%00%(upstream:remoteref) refs/heads/JavaStuff refs/remotes/JavaStuff [2ms]
2023-11-06 12:09:30.090 [info] > git fetch [472ms]
2023-11-06 12:09:30.091 [info] > git config --get commit.template [8ms]
2023-11-06 12:09:30.104 [info] > git status -z -uall [8ms]
2023-11-06 12:09:30.104 [info] > git config --get commit.template [1ms]
2023-11-06 12:09:30.104 [info] > git fetch [503ms]
2023-11-06 12:09:30.120 [info] > git fetch [510ms]
2023-11-06 12:09:30.127 [info] > git for-each-ref --format=%(refname)%00%(upstream:short)%00%(objectname)%00%(upstream:track)%00%(upstream:remotename)%00%(upstream:remoteref) refs/heads/main refs/remotes/main [8ms]
2023-11-06 12:09:30.132 [info] > git fetch [539ms]
2023-11-06 12:09:30.133 [info] > git config --get commit.template [20ms]
2023-11-06 12:09:30.143 [info] > git status -z -uall [11ms]
2023-11-06 12:09:30.145 [info] > git config --get commit.template [19ms]
2023-11-06 12:09:30.145 [info] > git config --get commit.template [2ms]
2023-11-06 12:09:30.146 [info] > git for-each-ref --format=%(refname)%00%(upstream:short)%00%(objectname)%00%(upstream:track)%00%(upstream:remotename)%00%(upstream:remoteref) refs/heads/main refs/remotes/main [8ms]
2023-11-06 12:09:30.165 [info] > git for-each-ref --format=%(refname)%00%(upstream:short)%00%(objectname)%00%(upstream:track)%00%(upstream:remotename)%00%(upstream:remoteref) refs/heads/master refs/remotes/master [7ms]
2023-11-06 12:09:30.174 [info] > git for-each-ref --format=%(refname)%00%(upstream:short)%00%(objectname)%00%(upstream:track)%00%(upstream:remotename)%00%(upstream:remoteref) refs/heads/master refs/remotes/master [9ms]
2023-11-06 12:09:30.180 [info] > git status -z -uall [8ms]
2023-11-06 12:09:30.182 [info] > git status -z -uall [2ms]
2023-11-06 12:09:31.018 [info] > git status -z -uall [867ms] (cancelled)
2023-11-06 12:09:31.067 [info] > git config --get commit.template [1ms]
2023-11-06 12:09:31.067 [info] > git config --get commit.template [19ms]
2023-11-06 12:09:31.087 [info] No remotes found in the git config file.
2023-11-06 12:09:31.097 [info] No remotes found in the git config file.
2023-11-06 12:09:31.098 [info] > git for-each-ref --format=%(refname)%00%(upstream:short)%00%(objectname)%00%(upstream:track)%00%(upstream:remotename)%00%(upstream:remoteref) refs/heads/master refs/remotes/master [1ms]
2023-11-06 12:09:31.106 [info] > git for-each-ref --format=%(refname)%00%(upstream:short)%00%(objectname)%00%(upstream:track)%00%(upstream:remotename)%00%(upstream:remoteref) refs/heads/master refs/remotes/master [19ms]
2023-11-06 12:09:31.114 [info] > git status -z -uall [9ms]
2023-11-06 12:09:31.115 [info] > git status -z -uall [2ms]
2023-11-06 12:09:32.047 [info] > git config --get commit.template [1ms]
2023-11-06 12:09:32.047 [info] > git config --get commit.template [8ms]
2023-11-06 12:09:32.047 [info] > git config --get commit.template [15ms]
2023-11-06 12:09:32.047 [info] > git config --get commit.template [22ms]
2023-11-06 12:09:32.077 [info] > git for-each-ref --format=%(refname)%00%(upstream:short)%00%(objectname)%00%(upstream:track)%00%(upstream:remotename)%00%(upstream:remoteref) refs/heads/main refs/remotes/main [1ms]
2023-11-06 12:09:32.084 [info] > git for-each-ref --format=%(refname)%00%(upstream:short)%00%(objectname)%00%(upstream:track)%00%(upstream:remotename)%00%(upstream:remoteref) refs/heads/master refs/remotes/master [16ms]
2023-11-06 12:09:32.091 [info] > git for-each-ref --format=%(refname)%00%(upstream:short)%00%(objectname)%00%(upstream:track)%00%(upstream:remotename)%00%(upstream:remoteref) refs/heads/master refs/remotes/master [30ms]
2023-11-06 12:09:32.098 [info] > git for-each-ref --format=%(refname)%00%(upstream:short)%00%(objectname)%00%(upstream:track)%00%(upstream:remotename)%00%(upstream:remoteref) refs/heads/JavaStuff refs/remotes/JavaStuff [43ms]
2023-11-06 12:09:32.106 [info] > git status -z -uall [22ms]
2023-11-06 12:09:32.106 [info] > git status -z -uall [16ms]
2023-11-06 12:09:32.106 [info] > git status -z -uall [9ms]
2023-11-06 12:09:32.106 [info] > git status -z -uall [0ms]
2023-11-06 12:09:32.128 [info] > git ls-files --stage -- /home/ernest/block15/froyo.js [2ms]
2023-11-06 12:09:32.141 [info] > git show --textconv :block15/froyo.js [3ms]
2023-11-06 12:11:45.781 [info] > git show --textconv :block15/froyo.html [8ms]
2023-11-06 12:11:45.783 [info] > git ls-files --stage -- /home/ernest/block15/froyo.html [3ms]
2023-11-06 12:11:58.051 [info] > git ls-files --stage -- /home/ernest/block15/froyo.html [2ms]
2023-11-06 12:11:58.060 [info] > git show --textconv :block15/froyo.html [2ms]
2023-11-06 12:12:29.681 [info] > git fetch [6ms]
2023-11-06 12:12:29.688 [info] > git fetch [8ms]
2023-11-06 12:12:29.694 [info] > git config --get commit.template [7ms]
2023-11-06 12:12:29.699 [info] No remotes found in the git config file.
2023-11-06 12:12:29.700 [info] > git config --get commit.template [7ms]
2023-11-06 12:12:29.700 [info] > git for-each-ref --format=%(refname)%00%(upstream:short)%00%(objectname)%00%(upstream:track)%00%(upstream:remotename)%00%(upstream:remoteref) refs/heads/master refs/remotes/master [1ms]
2023-11-06 12:12:29.710 [info] No remotes found in the git config file.
2023-11-06 12:12:29.711 [info] > git status -z -uall [5ms]
2023-11-06 12:12:29.713 [info] > git for-each-ref --format=%(refname)%00%(upstream:short)%00%(objectname)%00%(upstream:track)%00%(upstream:remotename)%00%(upstream:remoteref) refs/heads/master refs/remotes/master [3ms]
2023-11-06 12:12:29.720 [info] > git status -z -uall [1ms]
2023-11-06 12:12:30.620 [info] > git fetch [507ms]
2023-11-06 12:12:30.627 [info] > git config --get commit.template [1ms]
2023-11-06 12:12:30.633 [info] > git for-each-ref --format=%(refname)%00%(upstream:short)%00%(objectname)%00%(upstream:track)%00%(upstream:remotename)%00%(upstream:remoteref) refs/heads/JavaStuff refs/remotes/JavaStuff [1ms]
2023-11-06 12:12:30.640 [info] > git status -z -uall [1ms]
2023-11-06 12:12:30.651 [info] > git fetch [499ms]
2023-11-06 12:12:30.662 [info] > git config --get commit.template [5ms]
2023-11-06 12:12:30.663 [info] > git for-each-ref --format=%(refname)%00%(upstream:short)%00%(objectname)%00%(upstream:track)%00%(upstream:remotename)%00%(upstream:remoteref) refs/heads/main refs/remotes/main [1ms]
2023-11-06 12:12:30.669 [info] > git status -z -uall [1ms]
2023-11-06 12:12:30.676 [info] > git fetch [482ms]
2023-11-06 12:12:30.688 [info] > git config --get commit.template [5ms]
2023-11-06 12:12:30.689 [info] > git for-each-ref --format=%(refname)%00%(upstream:short)%00%(objectname)%00%(upstream:track)%00%(upstream:remotename)%00%(upstream:remoteref) refs/heads/master refs/remotes/master [1ms]
2023-11-06 12:12:30.695 [info] > git status -z -uall [0ms]
2023-11-06 12:12:30.793 [info] > git fetch [456ms]
2023-11-06 12:12:30.814 [info] > git config --get commit.template [14ms]
2023-11-06 12:12:30.815 [info] > git config --get commit.template [1ms]
2023-11-06 12:12:30.815 [info] > git config --get commit.template [7ms]
2023-11-06 12:12:30.829 [info] No remotes found in the git config file.
2023-11-06 12:12:30.835 [info] No remotes found in the git config file.
2023-11-06 12:12:30.836 [info] > git for-each-ref --format=%(refname)%00%(upstream:short)%00%(objectname)%00%(upstream:track)%00%(upstream:remotename)%00%(upstream:remoteref) refs/heads/main refs/remotes/main [13ms]
2023-11-06 12:12:30.843 [info] > git for-each-ref --format=%(refname)%00%(upstream:short)%00%(objectname)%00%(upstream:track)%00%(upstream:remotename)%00%(upstream:remoteref) refs/heads/master refs/remotes/master [8ms]
2023-11-06 12:12:30.852 [info] > git for-each-ref --format=%(refname)%00%(upstream:short)%00%(objectname)%00%(upstream:track)%00%(upstream:remotename)%00%(upstream:remoteref) refs/heads/master refs/remotes/master [23ms]
2023-11-06 12:12:30.860 [info] > git status -z -uall [8ms]
2023-11-06 12:12:30.862 [info] > git status -z -uall [3ms]
2023-11-06 12:12:31.753 [info] > git status -z -uall [910ms] (cancelled)
2023-11-06 12:12:31.802 [info] > git fetch [1614ms]
2023-11-06 12:12:31.823 [info] > git config --get commit.template [10ms]
2023-11-06 12:12:31.823 [info] > git for-each-ref --format=%(refname)%00%(upstream:short)%00%(objectname)%00%(upstream:track)%00%(upstream:remotename)%00%(upstream:remoteref) refs/heads/master refs/remotes/master [1ms]
2023-11-06 12:12:31.833 [info] > git status -z -uall [1ms]
2023-11-06 12:12:31.880 [info] > git config --get commit.template [1ms]
2023-11-06 12:12:31.880 [info] > git config --get commit.template [14ms]
2023-11-06 12:12:31.880 [info] > git config --get commit.template [25ms]
2023-11-06 12:12:31.908 [info] > git for-each-ref --format=%(refname)%00%(upstream:short)%00%(objectname)%00%(upstream:track)%00%(upstream:remotename)%00%(upstream:remoteref) refs/heads/main refs/remotes/main [1ms]
2023-11-06 12:12:31.917 [info] > git for-each-ref --format=%(refname)%00%(upstream:short)%00%(objectname)%00%(upstream:track)%00%(upstream:remotename)%00%(upstream:remoteref) refs/heads/master refs/remotes/master [18ms]
2023-11-06 12:12:31.925 [info] > git for-each-ref --format=%(refname)%00%(upstream:short)%00%(objectname)%00%(upstream:track)%00%(upstream:remotename)%00%(upstream:remoteref) refs/heads/JavaStuff refs/remotes/JavaStuff [34ms]
2023-11-06 12:12:31.934 [info] > git status -z -uall [16ms]
2023-11-06 12:12:31.934 [info] > git status -z -uall [9ms]
2023-11-06 12:12:31.936 [info] > git status -z -uall [3ms]
2023-11-06 12:12:33.102 [info] > git config --get commit.template [1ms]
2023-11-06 12:12:33.111 [info] > git for-each-ref --format=%(refname)%00%(upstream:short)%00%(objectname)%00%(upstream:track)%00%(upstream:remotename)%00%(upstream:remoteref) refs/heads/master refs/remotes/master [1ms]
2023-11-06 12:12:33.121 [info] > git status -z -uall [2ms]
2023-11-06 12:12:33.206 [info] > git ls-files --stage -- /home/ernest/block15/froyo.html [3ms]
2023-11-06 12:12:33.218 [info] > git show --textconv :block15/froyo.html [1ms]
2023-11-06 12:13:14.856 [info] > git rev-parse --show-toplevel [1ms]
2023-11-06 12:13:14.875 [info] > git rev-parse --git-dir --git-common-dir [12ms]
2023-11-06 12:13:14.885 [info] Open repository: /home/ernest/block15
2023-11-06 12:13:14.896 [info] > git fetch [12ms]
2023-11-06 12:13:14.904 [info] > git config --get commit.template [9ms]
2023-11-06 12:13:14.905 [info] > git config --get commit.template [1ms]
2023-11-06 12:13:14.912 [info] No remotes found in the git config file.
2023-11-06 12:13:14.920 [info] No remotes found in the git config file.
2023-11-06 12:13:14.920 [info] > git for-each-ref --format=%(refname)%00%(upstream:short)%00%(objectname)%00%(upstream:track)%00%(upstream:remotename)%00%(upstream:remoteref) refs/heads/master refs/remotes/master [8ms]
2023-11-06 12:13:14.931 [info] > git for-each-ref --format=%(refname)%00%(upstream:short)%00%(objectname)%00%(upstream:track)%00%(upstream:remotename)%00%(upstream:remoteref) refs/heads/master refs/remotes/master [12ms]
2023-11-06 12:13:14.932 [info] > git config --get commit.template [3ms]
2023-11-06 12:13:14.933 [info] No remotes found in the git config file.
2023-11-06 12:13:14.943 [info] > git for-each-ref --format=%(refname)%00%(upstream:short)%00%(objectname)%00%(upstream:track)%00%(upstream:remotename)%00%(upstream:remoteref) refs/heads/master refs/remotes/master [1ms]
2023-11-06 12:13:14.953 [info] > git status -z -uall [3ms]
2023-11-06 12:13:15.489 [info] > git check-ignore -v -z --stdin [39ms]
2023-11-06 12:13:15.490 [info] > git check-ignore -v -z --stdin [34ms]
2023-11-06 12:13:15.490 [info] > git check-ignore -v -z --stdin [29ms]
2023-11-06 12:13:15.490 [info] > git check-ignore -v -z --stdin [23ms]
2023-11-06 12:13:15.491 [info] > git check-ignore -v -z --stdin [19ms]
2023-11-06 12:13:15.491 [info] > git check-ignore -v -z --stdin [14ms]
2023-11-06 12:13:15.491 [info] > git check-ignore -v -z --stdin [9ms]
2023-11-06 12:13:15.491 [info] > git check-ignore -v -z --stdin [4ms]
2023-11-06 12:13:16.097 [info] No remotes found in the git config file.
2023-11-06 12:13:16.098 [info] > git config --get commit.template [5ms]
2023-11-06 12:13:16.098 [info] > git for-each-ref --format=%(refname)%00%(upstream:short)%00%(objectname)%00%(upstream:track)%00%(upstream:remotename)%00%(upstream:remoteref) refs/heads/master refs/remotes/master [1ms]
2023-11-06 12:13:16.103 [info] > git status -z -uall [1ms]
2023-11-06 12:13:16.195 [info] > git ls-files --stage -- /home/ernest/block15/froyo.html [0ms]
2023-11-06 12:13:16.206 [info] > git show --textconv :froyo.html [2ms]
2023-11-06 12:13:18.345 [info] > git ls-files --stage -- /home/ernest/block15/froyo.html [1ms]
2023-11-06 12:13:18.351 [info] > git cat-file -s e69de29bb2d1d6434b8b29ae775ad8c2e48c5391 [0ms]
2023-11-06 12:13:18.361 [info] > git show --textconv :froyo.html [1ms]
2023-11-06 12:13:21.118 [info] No remotes found in the git config file.
2023-11-06 12:13:21.118 [info] > git config --get commit.template [6ms]
2023-11-06 12:13:21.118 [info] > git for-each-ref --format=%(refname)%00%(upstream:short)%00%(objectname)%00%(upstream:track)%00%(upstream:remotename)%00%(upstream:remoteref) refs/heads/master refs/remotes/master [0ms]
2023-11-06 12:13:21.124 [info] > git status -z -uall [1ms]
2023-11-06 12:13:31.600 [info] > git config --get commit.template [0ms]
2023-11-06 12:13:31.606 [info] No remotes found in the git config file.
2023-11-06 12:13:31.607 [info] > git for-each-ref --format=%(refname)%00%(upstream:short)%00%(objectname)%00%(upstream:track)%00%(upstream:remotename)%00%(upstream:remoteref) refs/heads/master refs/remotes/master [1ms]
2023-11-06 12:13:31.613 [info] > git status -z -uall [2ms]
2023-11-06 12:13:31.700 [info] > git ls-files --stage -- /home/ernest/block15/froyo.html [0ms]
2023-11-06 12:13:31.706 [info] > git cat-file -s e69de29bb2d1d6434b8b29ae775ad8c2e48c5391 [1ms]
2023-11-06 12:13:31.723 [info] > git show --textconv :froyo.html [1ms]
2023-11-06 12:13:54.149 [info] > git show --textconv :froyo.js [6ms]
2023-11-06 12:13:54.150 [info] > git ls-files --stage -- /home/ernest/block15/froyo.js [1ms]
2023-11-06 12:13:54.160 [info] > git cat-file -s e69de29bb2d1d6434b8b29ae775ad8c2e48c5391 [3ms]
2023-11-06 12:13:55.019 [info] > git show --textconv :froyo.html [6ms]
2023-11-06 12:13:55.019 [info] > git ls-files --stage -- /home/ernest/block15/froyo.html [1ms]
2023-11-06 12:13:55.027 [info] > git cat-file -s e69de29bb2d1d6434b8b29ae775ad8c2e48c5391 [0ms]
2023-11-06 12:14:05.634 [info] > git show --textconv :froyo.css [11ms]
2023-11-06 12:14:05.635 [info] > git ls-files --stage -- /home/ernest/block15/froyo.css [3ms]
2023-11-06 12:14:05.642 [info] > git cat-file -s e69de29bb2d1d6434b8b29ae775ad8c2e48c5391 [0ms]
2023-11-06 12:14:06.768 [info] > git show --textconv :froyo.html [8ms]
2023-11-06 12:14:06.769 [info] > git ls-files --stage -- /home/ernest/block15/froyo.html [2ms]
2023-11-06 12:14:06.777 [info] > git cat-file -s e69de29bb2d1d6434b8b29ae775ad8c2e48c5391 [0ms]
2023-11-06 12:14:25.224 [info] > git config --get commit.template [9ms]
2023-11-06 12:14:25.233 [info] No remotes found in the git config file.
2023-11-06 12:14:25.234 [info] > git for-each-ref --format=%(refname)%00%(upstream:short)%00%(objectname)%00%(upstream:track)%00%(upstream:remotename)%00%(upstream:remoteref) refs/heads/master refs/remotes/master [2ms]
2023-11-06 12:14:25.241 [info] > git status -z -uall [1ms]
2023-11-06 12:14:25.567 [info] > git show --textconv :froyo.js [10ms]
2023-11-06 12:14:25.568 [info] > git ls-files --stage -- /home/ernest/block15/froyo.js [2ms]
2023-11-06 12:14:25.575 [info] > git cat-file -s e69de29bb2d1d6434b8b29ae775ad8c2e48c5391 [1ms]
2023-11-06 12:14:26.551 [info] > git show --textconv :froyo.css [8ms]
2023-11-06 12:14:26.552 [info] > git ls-files --stage -- /home/ernest/block15/froyo.css [1ms]
2023-11-06 12:14:26.559 [info] > git cat-file -s e69de29bb2d1d6434b8b29ae775ad8c2e48c5391 [0ms]
2023-11-06 12:14:27.784 [info] > git show --textconv :froyo.html [8ms]
2023-11-06 12:14:27.785 [info] > git ls-files --stage -- /home/ernest/block15/froyo.html [2ms]
2023-11-06 12:14:27.791 [info] > git cat-file -s e69de29bb2d1d6434b8b29ae775ad8c2e48c5391 [0ms]
2023-11-06 12:14:30.259 [info] No remotes found in the git config file.
2023-11-06 12:14:30.259 [info] > git config --get commit.template [6ms]
2023-11-06 12:14:30.260 [info] > git for-each-ref --format=%(refname)%00%(upstream:short)%00%(objectname)%00%(upstream:track)%00%(upstream:remotename)%00%(upstream:remoteref) refs/heads/master refs/remotes/master [0ms]
2023-11-06 12:14:30.267 [info] > git status -z -uall [1ms]
2023-11-06 12:14:56.600 [info] > git show --textconv :froyo.css [7ms]
2023-11-06 12:14:56.601 [info] > git ls-files --stage -- /home/ernest/block15/froyo.css [1ms]
2023-11-06 12:14:56.608 [info] > git cat-file -s e69de29bb2d1d6434b8b29ae775ad8c2e48c5391 [0ms]
2023-11-06 12:14:57.021 [info] > git show --textconv :froyo.html [6ms]
2023-11-06 12:14:57.022 [info] > git ls-files --stage -- /home/ernest/block15/froyo.html [2ms]
2023-11-06 12:14:57.029 [info] > git cat-file -s e69de29bb2d1d6434b8b29ae775ad8c2e48c5391 [1ms]
2023-11-06 12:14:57.787 [info] > git show --textconv :froyo.js [7ms]
2023-11-06 12:14:57.788 [info] > git ls-files --stage -- /home/ernest/block15/froyo.js [1ms]
2023-11-06 12:14:57.796 [info] > git cat-file -s e69de29bb2d1d6434b8b29ae775ad8c2e48c5391 [1ms]
2023-11-06 12:14:58.444 [info] > git show --textconv :froyo.html [7ms]
2023-11-06 12:14:58.444 [info] > git ls-files --stage -- /home/ernest/block15/froyo.html [1ms]
2023-11-06 12:14:58.451 [info] > git cat-file -s e69de29bb2d1d6434b8b29ae775ad8c2e48c5391 [1ms]
2023-11-06 12:15:00.289 [info] > git config --get commit.template [7ms]
2023-11-06 12:15:00.289 [info] No remotes found in the git config file.
2023-11-06 12:15:00.290 [info] > git for-each-ref --format=%(refname)%00%(upstream:short)%00%(objectname)%00%(upstream:track)%00%(upstream:remotename)%00%(upstream:remoteref) refs/heads/master refs/remotes/master [1ms]
2023-11-06 12:15:00.296 [info] > git status -z -uall [1ms]
2023-11-06 12:15:11.680 [info] > git add -A -- . [11ms]
2023-11-06 12:15:11.692 [info] > git -c user.useConfigOnly=true commit --quiet --allow-empty-message --file - [4ms]
2023-11-06 12:15:11.700 [info] > git config --get commit.template [1ms]
2023-11-06 12:15:11.713 [info] > git config --get commit.template [2ms]
2023-11-06 12:15:11.722 [info] No remotes found in the git config file.
2023-11-06 12:15:11.723 [info] > git for-each-ref --format=%(refname)%00%(upstream:short)%00%(objectname)%00%(upstream:track)%00%(upstream:remotename)%00%(upstream:remoteref) refs/heads/master refs/remotes/master [1ms]
2023-11-06 12:15:11.732 [info] > git status -z -uall [1ms]
2023-11-06 12:15:11.852 [info] > git config --get commit.template [1ms]
2023-11-06 12:15:11.860 [info] No remotes found in the git config file.
2023-11-06 12:15:11.861 [info] > git for-each-ref --format=%(refname)%00%(upstream:short)%00%(objectname)%00%(upstream:track)%00%(upstream:remotename)%00%(upstream:remoteref) refs/heads/master refs/remotes/master [1ms]
2023-11-06 12:15:11.870 [info] > git status -z -uall [1ms]
2023-11-06 12:15:12.883 [info] > git config --get commit.template [1ms]
2023-11-06 12:15:12.890 [info] No remotes found in the git config file.
2023-11-06 12:15:12.891 [info] > git for-each-ref --format=%(refname)%00%(upstream:short)%00%(objectname)%00%(upstream:track)%00%(upstream:remotename)%00%(upstream:remoteref) refs/heads/master refs/remotes/master [1ms]
2023-11-06 12:15:12.898 [info] > git status -z -uall [1ms]
2023-11-06 12:15:12.985 [info] > git ls-files --stage -- /home/ernest/block15/froyo.html [1ms]
2023-11-06 12:15:12.995 [info] > git cat-file -s 3c0620f9ddae31a07223c83abe5d91c84e9b16f5 [1ms]
2023-11-06 12:15:13.007 [info] > git show --textconv :froyo.html [0ms]
2023-11-06 12:15:29.728 [info] > git fetch [8ms]
2023-11-06 12:15:29.737 [info] > git fetch [9ms]
2023-11-06 12:15:29.744 [info] > git config --get commit.template [7ms]
2023-11-06 12:15:29.750 [info] No remotes found in the git config file.
2023-11-06 12:15:29.751 [info] > git config --get commit.template [7ms]
2023-11-06 12:15:29.751 [info] > git for-each-ref --format=%(refname)%00%(upstream:short)%00%(objectname)%00%(upstream:track)%00%(upstream:remotename)%00%(upstream:remoteref) refs/heads/master refs/remotes/master [1ms]
2023-11-06 12:15:29.763 [info] No remotes found in the git config file.
2023-11-06 12:15:29.763 [info] > git status -z -uall [6ms]
2023-11-06 12:15:29.766 [info] > git for-each-ref --format=%(refname)%00%(upstream:short)%00%(objectname)%00%(upstream:track)%00%(upstream:remotename)%00%(upstream:remoteref) refs/heads/master refs/remotes/master [3ms]
2023-11-06 12:15:29.773 [info] > git status -z -uall [1ms]
2023-11-06 12:15:30.828 [info] > git config --get commit.template [1ms]
2023-11-06 12:15:30.835 [info] No remotes found in the git config file.
2023-11-06 12:15:30.836 [info] > git for-each-ref --format=%(refname)%00%(upstream:short)%00%(objectname)%00%(upstream:track)%00%(upstream:remotename)%00%(upstream:remoteref) refs/heads/master refs/remotes/master [1ms]
2023-11-06 12:15:30.862 [info] > git status -z -uall [19ms]
2023-11-06 12:15:30.913 [info] > git config --get commit.template [1ms]
2023-11-06 12:15:30.920 [info] No remotes found in the git config file.
2023-11-06 12:15:30.920 [info] > git for-each-ref --format=%(refname)%00%(upstream:short)%00%(objectname)%00%(upstream:track)%00%(upstream:remotename)%00%(upstream:remoteref) refs/heads/master refs/remotes/master [1ms]
2023-11-06 12:15:30.927 [info] > git status -z -uall [1ms]
2023-11-06 12:15:31.120 [info] > git fetch [443ms]
2023-11-06 12:15:31.135 [info] > git config --get commit.template [8ms]
2023-11-06 12:15:31.137 [info] > git for-each-ref --format=%(refname)%00%(upstream:short)%00%(objectname)%00%(upstream:track)%00%(upstream:remotename)%00%(upstream:remoteref) refs/heads/main refs/remotes/main [3ms]
2023-11-06 12:15:31.144 [info] > git fetch [438ms]
2023-11-06 12:15:31.151 [info] > git status -z -uall [7ms]
2023-11-06 12:15:31.153 [info] > git fetch [504ms]
2023-11-06 12:15:31.161 [info] > git config --get commit.template [10ms]
2023-11-06 12:15:31.162 [info] > git config --get commit.template [1ms]
2023-11-06 12:15:31.177 [info] > git for-each-ref --format=%(refname)%00%(upstream:short)%00%(objectname)%00%(upstream:track)%00%(upstream:remotename)%00%(upstream:remoteref) refs/heads/master refs/remotes/master [8ms]
2023-11-06 12:15:31.185 [info] > git for-each-ref --format=%(refname)%00%(upstream:short)%00%(objectname)%00%(upstream:track)%00%(upstream:remotename)%00%(upstream:remoteref) refs/heads/JavaStuff refs/remotes/JavaStuff [9ms]
2023-11-06 12:15:31.192 [info] > git status -z -uall [9ms]
2023-11-06 12:15:31.192 [info] > git status -z -uall [1ms]
2023-11-06 12:15:31.732 [info] > git fetch [687ms]
2023-11-06 12:15:31.732 [info] From https://github.com/ernesttheiss/Froyo-Orders
 + df07cea...ab8be76 master     -> origin/master  (forced update)
2023-11-06 12:15:31.745 [info] > git config --get commit.template [5ms]
2023-11-06 12:15:31.745 [info] > git for-each-ref --format=%(refname)%00%(upstream:short)%00%(objectname)%00%(upstream:track)%00%(upstream:remotename)%00%(upstream:remoteref) refs/heads/main refs/remotes/main [1ms]
2023-11-06 12:15:32.713 [info] > git status -z -uall [962ms] (cancelled)
2023-11-06 12:15:32.713 [info] > git fetch [763ms]
2023-11-06 12:15:32.790 [info] > git config --get commit.template [3ms]
2023-11-06 12:15:32.790 [info] > git config --get commit.template [13ms]
2023-11-06 12:15:32.790 [info] > git config --get commit.template [34ms]
2023-11-06 12:15:32.790 [info] > git config --get commit.template [45ms]
2023-11-06 12:15:32.829 [info] > git for-each-ref --format=%(refname)%00%(upstream:short)%00%(objectname)%00%(upstream:track)%00%(upstream:remotename)%00%(upstream:remoteref) refs/heads/main refs/remotes/main [2ms]
2023-11-06 12:15:32.839 [info] > git for-each-ref --format=%(refname)%00%(upstream:short)%00%(objectname)%00%(upstream:track)%00%(upstream:remotename)%00%(upstream:remoteref) refs/heads/master refs/remotes/master [21ms]
2023-11-06 12:15:32.849 [info] > git for-each-ref --format=%(refname)%00%(upstream:short)%00%(objectname)%00%(upstream:track)%00%(upstream:remotename)%00%(upstream:remoteref) refs/heads/JavaStuff refs/remotes/JavaStuff [41ms]
2023-11-06 12:15:32.860 [info] > git for-each-ref --format=%(refname)%00%(upstream:short)%00%(objectname)%00%(upstream:track)%00%(upstream:remotename)%00%(upstream:remoteref) refs/heads/master refs/remotes/master [62ms]
2023-11-06 12:15:32.873 [info] > git status -z -uall [35ms]
2023-11-06 12:15:32.873 [info] > git status -z -uall [24ms]
2023-11-06 12:15:32.873 [info] > git status -z -uall [14ms]
2023-11-06 12:15:32.873 [info] > git status -z -uall [3ms]
2023-11-06 12:15:33.811 [info] > git ls-files --stage -- /home/ernest/block15/froyo.html [1ms]
2023-11-06 12:15:33.819 [info] > git cat-file -s 3c0620f9ddae31a07223c83abe5d91c84e9b16f5 [1ms]
2023-11-06 12:15:33.850 [info] > git show --textconv :froyo.html [20ms]
2023-11-06 12:15:33.927 [info] > git remote add origin https://github.com/ernesttheiss/block15.git [3ms]
2023-11-06 12:15:33.944 [info] > git config --get commit.template [10ms]
2023-11-06 12:15:33.944 [info] > git for-each-ref --format=%(refname)%00%(upstream:short)%00%(objectname)%00%(upstream:track)%00%(upstream:remotename)%00%(upstream:remoteref) refs/heads/master refs/remotes/master [1ms]
2023-11-06 12:15:33.952 [info] > git status -z -uall [1ms]
2023-11-06 12:15:34.854 [info] > git push -u origin master [892ms]
2023-11-06 12:15:34.854 [info] To https://github.com/ernesttheiss/block15.git
 * [new branch]      master -> master
2023-11-06 12:15:34.870 [info] > git config --get commit.template [7ms]
2023-11-06 12:15:34.870 [info] > git for-each-ref --format=%(refname)%00%(upstream:short)%00%(objectname)%00%(upstream:track)%00%(upstream:remotename)%00%(upstream:remoteref) refs/heads/master refs/remotes/master [1ms]
2023-11-06 12:15:34.879 [info] > git status -z -uall [1ms]
2023-11-06 12:15:36.030 [info] > git config --get commit.template [9ms]
2023-11-06 12:15:36.030 [info] > git for-each-ref --format=%(refname)%00%(upstream:short)%00%(objectname)%00%(upstream:track)%00%(upstream:remotename)%00%(upstream:remoteref) refs/heads/master refs/remotes/master [1ms]
2023-11-06 12:15:36.039 [info] > git status -z -uall [2ms]
2023-11-06 12:15:36.123 [info] > git ls-files --stage -- /home/ernest/block15/froyo.html [1ms]
2023-11-06 12:15:36.132 [info] > git cat-file -s 3c0620f9ddae31a07223c83abe5d91c84e9b16f5 [1ms]
2023-11-06 12:15:36.144 [info] > git show --textconv :froyo.html [0ms]
2023-11-06 12:16:15.624 [info] > git fetch [684ms]
2023-11-06 12:16:15.632 [info] > git config --get commit.template [1ms]
2023-11-06 12:16:15.638 [info] > git for-each-ref --format=%(refname)%00%(upstream:short)%00%(objectname)%00%(upstream:track)%00%(upstream:remotename)%00%(upstream:remoteref) refs/heads/master refs/remotes/master [1ms]
2023-11-06 12:16:15.645 [info] > git status -z -uall [1ms]
2023-11-06 12:16:16.785 [info] > git config --get commit.template [0ms]
2023-11-06 12:16:16.792 [info] > git for-each-ref --format=%(refname)%00%(upstream:short)%00%(objectname)%00%(upstream:track)%00%(upstream:remotename)%00%(upstream:remoteref) refs/heads/master refs/remotes/master [0ms]
2023-11-06 12:16:16.797 [info] > git status -z -uall [0ms]
2023-11-06 12:16:16.885 [info] > git ls-files --stage -- /home/ernest/block15/froyo.html [0ms]
2023-11-06 12:16:16.892 [info] > git cat-file -s 3c0620f9ddae31a07223c83abe5d91c84e9b16f5 [1ms]
2023-11-06 12:16:16.903 [info] > git show --textconv :froyo.html [0ms]
2023-11-06 12:16:25.085 [info] > git show --textconv :froyo.css [8ms]
2023-11-06 12:16:25.086 [info] > git ls-files --stage -- /home/ernest/block15/froyo.css [2ms]
2023-11-06 12:16:25.093 [info] > git cat-file -s ceeab3cd909777b3ab2a6afa53c26303419a34ff [1ms]
