2023-11-22 14:43:33.408 [info] Extension host with pid 1135 started
2023-11-22 14:43:33.421 [info] Lock '/home/ernest/.vscode-server/data/User/workspaceStorage/5ccb9994fe73f9e914a369d7df65aeec/vscode.lock': Lock acquired.
2023-11-22 14:43:33.571 [info] ExtensionService#_doActivateExtension vscode.tunnel-forwarding, startup: false, activationEvent: 'onTunnel'
2023-11-22 14:43:33.571 [info] ExtensionService#_doActivateExtension vscode.emmet, startup: false, activationEvent: 'onLanguage'
2023-11-22 14:43:33.572 [info] ExtensionService#_doActivateExtension vscode.html-language-features, startup: false, activationEvent: 'onLanguage:html'
2023-11-22 14:43:33.572 [info] ExtensionService#_doActivateExtension george-alisson.html-preview-vscode, startup: false, activationEvent: 'onLanguage:html'
2023-11-22 14:43:34.413 [info] ExtensionService#_doActivateExtension vscode.git-base, startup: true, activationEvent: '*', root cause: vscode.git
2023-11-22 14:43:34.413 [info] ExtensionService#_doActivateExtension ecmel.vscode-html-css, startup: true, activationEvent: '*'
2023-11-22 14:43:34.414 [info] ExtensionService#_doActivateExtension kamikillerto.vscode-colorize, startup: true, activationEvent: '*'
2023-11-22 14:43:34.487 [info] ExtensionService#_doActivateExtension vscode.json-language-features, startup: false, activationEvent: 'onLanguage:jsonc'
2023-11-22 14:43:34.487 [info] ExtensionService#_doActivateExtension vscode.typescript-language-features, startup: false, activationEvent: 'onLanguage:jsonc'
2023-11-22 14:43:34.595 [info] ExtensionService#_doActivateExtension vscode.git, startup: true, activationEvent: '*'
2023-11-22 14:43:34.595 [info] ExtensionService#_doActivateExtension vscode.github, startup: true, activationEvent: '*'
2023-11-22 14:43:34.815 [info] Eager extensions activated
2023-11-22 14:43:34.816 [info] ExtensionService#_doActivateExtension vscode.debug-auto-launch, startup: false, activationEvent: 'onStartupFinished'
2023-11-22 14:43:34.816 [info] ExtensionService#_doActivateExtension vscode.merge-conflict, startup: false, activationEvent: 'onStartupFinished'
2023-11-22 14:43:34.816 [info] ExtensionService#_doActivateExtension dbaeumer.vscode-eslint, startup: false, activationEvent: 'onStartupFinished'
2023-11-22 14:43:34.816 [info] ExtensionService#_doActivateExtension eamodio.gitlens, startup: false, activationEvent: 'onStartupFinished'
2023-11-22 14:43:34.816 [info] ExtensionService#_doActivateExtension esbenp.prettier-vscode, startup: false, activationEvent: 'onStartupFinished'
2023-11-22 14:43:34.816 [info] ExtensionService#_doActivateExtension ritwickdey.LiveServer, startup: false, activationEvent: 'onStartupFinished'
2023-11-22 14:43:54.558 [warning] TextEditor is closed/disposed
2023-11-22 14:43:54.678 [warning] [Decorations] CAPPING events from decorations provider vscode.git 398
2023-11-22 14:43:55.343 [warning] [Decorations] CAPPING events from decorations provider vscode.git 399
2023-11-22 14:43:59.752 [warning] [Decorations] CAPPING events from decorations provider vscode.git 405
2023-11-22 14:44:25.735 [warning] [Decorations] CAPPING events from decorations provider vscode.git 404
2023-11-22 14:44:30.804 [warning] [Decorations] CAPPING events from decorations provider vscode.git 404
2023-11-22 14:44:35.886 [warning] [Decorations] CAPPING events from decorations provider vscode.git 404
2023-11-22 14:44:40.952 [warning] [Decorations] CAPPING events from decorations provider vscode.git 404
2023-11-22 14:44:42.126 [info] ExtensionService#_doActivateExtension vscode.npm, startup: false, activationEvent: 'onTerminalQuickFixRequest:ms-vscode.npm-command'
2023-11-22 14:44:46.016 [warning] [Decorations] CAPPING events from decorations provider vscode.git 404
2023-11-22 14:44:51.099 [warning] [Decorations] CAPPING events from decorations provider vscode.git 404
2023-11-22 14:44:59.721 [warning] [Decorations] CAPPING events from decorations provider vscode.git 404
2023-11-22 14:45:04.802 [warning] [Decorations] CAPPING events from decorations provider vscode.git 404
2023-11-22 14:45:09.897 [warning] [Decorations] CAPPING events from decorations provider vscode.git 404
2023-11-22 14:45:14.983 [warning] [Decorations] CAPPING events from decorations provider vscode.git 404
