0 verbose cli /home/ernest/.nvm/versions/node/v18.18.0/bin/node /home/ernest/.nvm/versions/node/v18.18.0/bin/npm
1 info using npm@9.8.1
2 info using node@v18.18.0
3 timing npm:load:whichnode Completed in 3ms
4 timing config:load:defaults Completed in 5ms
5 timing config:load:file:/home/ernest/.nvm/versions/node/v18.18.0/lib/node_modules/npm/npmrc Completed in 0ms
6 timing config:load:builtin Completed in 1ms
7 timing config:load:cli Completed in 3ms
8 timing config:load:env Completed in 0ms
9 timing config:load:file:/home/ernest/.cache/typescript/5.2/.npmrc Completed in 0ms
10 timing config:load:project Completed in 1ms
11 timing config:load:file:/home/ernest/.npmrc Completed in 0ms
12 timing config:load:user Completed in 1ms
13 timing config:load:file:/home/ernest/.nvm/versions/node/v18.18.0/etc/npmrc Completed in 0ms
14 timing config:load:global Completed in 0ms
15 timing config:load:setEnvs Completed in 1ms
16 timing config:load Completed in 12ms
17 timing npm:load:configload Completed in 12ms
18 timing config:load:flatten Completed in 2ms
19 timing npm:load:mkdirpcache Completed in 1ms
20 timing npm:load:mkdirplogs Completed in 0ms
21 verbose title npm install types-registry@latest
22 verbose argv "install" "--ignore-scripts" "types-registry@latest"
23 timing npm:load:setTitle Completed in 1ms
24 timing npm:load:display Completed in 1ms
25 verbose logfile logs-max:10 dir:/home/ernest/.npm/_logs/2023-11-20T23_23_01_175Z-
26 verbose logfile /home/ernest/.npm/_logs/2023-11-20T23_23_01_175Z-debug-0.log
27 timing npm:load:logFile Completed in 11ms
28 timing npm:load:timers Completed in 0ms
29 timing npm:load:configScope Completed in 0ms
30 timing npm:load Completed in 50ms
31 timing arborist:ctor Completed in 1ms
32 silly logfile start cleaning logs, removing 2 files
33 timing idealTree:init Completed in 19ms
34 silly logfile done cleaning log files
35 timing arborist:ctor Completed in 1ms
36 http fetch GET 200 https://registry.npmjs.org/types-registry 327ms (cache updated)
37 timing idealTree:userRequests Completed in 333ms
38 silly idealTree buildDeps
39 silly fetch manifest types-registry@0.1.671
40 silly placeDep ROOT types-registry@0.1.671 REPLACE for:  want: 0.1.671
41 timing idealTree:#root Completed in 6ms
42 timing idealTree:node_modules/types-registry Completed in 0ms
43 timing idealTree:buildDeps Completed in 6ms
44 timing idealTree:fixDepFlags Completed in 0ms
45 timing idealTree Completed in 360ms
46 timing reify:loadTrees Completed in 362ms
47 timing reify:diffTrees Completed in 0ms
48 silly reify mark retired [ '/home/ernest/.cache/typescript/5.2/node_modules/types-registry' ]
49 silly reify moves {
49 silly reify   '/home/ernest/.cache/typescript/5.2/node_modules/types-registry': '/home/ernest/.cache/typescript/5.2/node_modules/.types-registry-OHp6EXRW'
49 silly reify }
50 timing reify:retireShallow Completed in 3ms
51 timing reify:createSparse Completed in 1ms
52 timing reify:loadBundles Completed in 0ms
53 silly audit bulk request { 'types-registry': [ '0.1.671' ] }
54 silly tarball no local data for types-registry@https://registry.npmjs.org/types-registry/-/types-registry-0.1.671.tgz. Extracting by manifest.
55 http fetch POST 200 https://registry.npmjs.org/-/npm/v1/security/advisories/bulk 65ms
56 timing auditReport:getReport Completed in 66ms
57 silly audit report {}
58 timing auditReport:init Completed in 1ms
59 timing reify:audit Completed in 67ms
60 http fetch GET 200 https://registry.npmjs.org/types-registry/-/types-registry-0.1.671.tgz 205ms (cache miss)
61 timing reifyNode:node_modules/types-registry Completed in 212ms
62 timing reify:unpack Completed in 213ms
63 timing reify:unretire Completed in 0ms
64 timing build:queue Completed in 0ms
65 timing build:deps Completed in 0ms
66 timing build Completed in 0ms
67 timing reify:build Completed in 1ms
68 timing reify:trash Completed in 2ms
69 timing reify:save Completed in 5ms
70 timing reify Completed in 603ms
71 silly CHANGE node_modules/types-registry
72 timing command:install Completed in 609ms
73 verbose exit 0
74 timing npm Completed in 1033ms
75 info ok
