0 verbose cli /home/ernest/.nvm/versions/node/v18.18.0/bin/node /home/ernest/.nvm/versions/node/v18.18.0/bin/npm
1 info using npm@9.8.1
2 info using node@v18.18.0
3 timing npm:load:whichnode Completed in 2ms
4 timing config:load:defaults Completed in 2ms
5 timing config:load:file:/home/ernest/.nvm/versions/node/v18.18.0/lib/node_modules/npm/npmrc Completed in 3ms
6 timing config:load:builtin Completed in 3ms
7 timing config:load:cli Completed in 2ms
8 timing config:load:env Completed in 0ms
9 timing config:load:file:/home/ernest/.cache/typescript/5.2/.npmrc Completed in 0ms
10 timing config:load:project Completed in 1ms
11 timing config:load:file:/home/ernest/.npmrc Completed in 0ms
12 timing config:load:user Completed in 1ms
13 timing config:load:file:/home/ernest/.nvm/versions/node/v18.18.0/etc/npmrc Completed in 0ms
14 timing config:load:global Completed in 0ms
15 timing config:load:setEnvs Completed in 0ms
16 timing config:load Completed in 9ms
17 timing npm:load:configload Completed in 9ms
18 timing config:load:flatten Completed in 2ms
19 timing npm:load:mkdirpcache Completed in 0ms
20 timing npm:load:mkdirplogs Completed in 0ms
21 verbose title npm install types-registry@latest
22 verbose argv "install" "--ignore-scripts" "types-registry@latest"
23 timing npm:load:setTitle Completed in 0ms
24 timing npm:load:display Completed in 1ms
25 verbose logfile logs-max:10 dir:/home/ernest/.npm/_logs/2023-10-06T01_18_41_039Z-
26 verbose logfile /home/ernest/.npm/_logs/2023-10-06T01_18_41_039Z-debug-0.log
27 timing npm:load:logFile Completed in 6ms
28 timing npm:load:timers Completed in 0ms
29 timing npm:load:configScope Completed in 0ms
30 timing npm:load Completed in 31ms
31 timing arborist:ctor Completed in 1ms
32 silly logfile done cleaning log files
33 timing idealTree:init Completed in 10ms
34 timing arborist:ctor Completed in 0ms
35 http fetch GET 200 https://registry.npmjs.org/types-registry 14ms (cache hit)
36 timing idealTree:userRequests Completed in 18ms
37 silly idealTree buildDeps
38 silly fetch manifest types-registry@0.1.663
39 silly placeDep ROOT types-registry@0.1.663 REPLACE for:  want: 0.1.663
40 timing idealTree:#root Completed in 5ms
41 timing idealTree:node_modules/types-registry Completed in 0ms
42 timing idealTree:buildDeps Completed in 5ms
43 timing idealTree:fixDepFlags Completed in 0ms
44 timing idealTree Completed in 34ms
45 timing reify:loadTrees Completed in 35ms
46 timing reify:diffTrees Completed in 0ms
47 silly reify moves {}
48 timing reify:retireShallow Completed in 0ms
49 timing reify:createSparse Completed in 0ms
50 timing reify:loadBundles Completed in 0ms
51 silly audit bulk request { 'types-registry': [ '0.1.663' ] }
52 timing reify:unpack Completed in 0ms
53 timing reify:unretire Completed in 0ms
54 timing build:queue Completed in 0ms
55 timing build:deps Completed in 0ms
56 timing build Completed in 0ms
57 timing reify:build Completed in 0ms
58 timing reify:trash Completed in 0ms
59 timing reify:save Completed in 3ms
60 http fetch GET 200 https://registry.npmjs.org/npm 285ms (cache miss)
61 http fetch POST 200 https://registry.npmjs.org/-/npm/v1/security/advisories/bulk 256ms
62 timing auditReport:getReport Completed in 257ms
63 silly audit report {}
64 timing auditReport:init Completed in 0ms
65 timing reify:audit Completed in 257ms
66 timing reify Completed in 340ms
67 timing command:install Completed in 343ms
68 notice
68 notice New major version of npm available! 9.8.1 -> 10.2.0
68 notice Changelog: <https://github.com/npm/cli/releases/tag/v10.2.0>
68 notice Run `npm install -g npm@10.2.0` to update!
68 notice
69 verbose exit 0
70 timing npm Completed in 489ms
71 info ok
