2023-11-16 14:32:35.764 [info] Log level: Info
2023-11-16 14:32:35.764 [info] Validating found git in: "git"
2023-11-16 14:32:35.764 [info] Using git "2.34.1" from "git"
2023-11-16 14:32:35.764 [info] > git rev-parse --show-toplevel [134ms]
2023-11-16 14:32:35.764 [info] > git rev-parse --git-dir --git-common-dir [16ms]
2023-11-16 14:32:35.764 [info] Open repository: /home/ernest
2023-11-16 14:32:35.764 [info] > git rev-parse --show-toplevel [28ms]
2023-11-16 14:32:35.764 [info] > git config --get commit.template [31ms]
2023-11-16 14:32:35.780 [info] > git rev-parse --show-toplevel [11ms]
2023-11-16 14:32:35.790 [info] > git for-each-ref --format=%(refname)%00%(upstream:short)%00%(objectname)%00%(upstream:track)%00%(upstream:remotename)%00%(upstream:remoteref) refs/heads/main refs/remotes/main [13ms]
2023-11-16 14:32:35.805 [info] > git rev-parse --show-toplevel [20ms]
2023-11-16 14:32:35.822 [info] > git rev-parse --show-toplevel [7ms]
2023-11-16 14:32:35.830 [info] > git rev-parse --show-toplevel [1ms]
2023-11-16 14:32:35.838 [info] > git rev-parse --show-toplevel [1ms]
2023-11-16 14:32:35.846 [info] > git rev-parse --git-dir --git-common-dir [1ms]
2023-11-16 14:32:35.850 [info] Open repository: /home/ernest/.nvm
2023-11-16 14:32:35.867 [info] > git rev-parse --show-toplevel [3ms]
2023-11-16 14:32:35.868 [info] > git config --get commit.template [10ms]
2023-11-16 14:32:35.881 [info] > git rev-parse --show-toplevel [6ms]
2023-11-16 14:32:35.887 [info] > git rev-parse --show-toplevel [1ms]
2023-11-16 14:32:35.899 [info] > git for-each-ref --format=%(refname)%00%(upstream:short)%00%(objectname)%00%(upstream:track)%00%(upstream:remotename)%00%(upstream:remoteref) refs/heads/master refs/remotes/master [18ms]
2023-11-16 14:32:35.906 [info] > git rev-parse --show-toplevel [13ms]
2023-11-16 14:32:35.913 [info] > git status -z -uall [11ms]
2023-11-16 14:32:35.926 [info] > git rev-parse --git-dir --git-common-dir [13ms]
2023-11-16 14:32:35.930 [info] Open repository: /home/ernest/2310-github-demo
2023-11-16 14:32:35.959 [info] > git config --get commit.template [34ms]
2023-11-16 14:32:36.161 [info] > git rev-parse --show-toplevel [207ms]
2023-11-16 14:32:36.162 [info] > git config --get commit.template [212ms]
2023-11-16 14:32:36.958 [info] > git status -z -uall [1160ms] (cancelled)
2023-11-16 14:32:36.958 [info] > git config --get commit.template [804ms]
2023-11-16 14:32:37.039 [info] No remotes found in the git config file.
2023-11-16 14:32:37.043 [info] > git rev-parse --show-toplevel [111ms]
2023-11-16 14:32:37.043 [info] > git for-each-ref --format=%(refname)%00%(upstream:short)%00%(objectname)%00%(upstream:track)%00%(upstream:remotename)%00%(upstream:remoteref) refs/heads/master refs/remotes/master [118ms]
2023-11-16 14:32:37.089 [info] > git check-ignore -v -z --stdin [83ms]
2023-11-16 14:32:37.090 [info] > git check-ignore -v -z --stdin [72ms]
2023-11-16 14:32:37.090 [info] > git check-ignore -v -z --stdin [62ms]
2023-11-16 14:32:37.091 [info] > git status -z -uall [41ms]
2023-11-16 14:32:37.091 [info] > git for-each-ref --format=%(refname)%00%(upstream:short)%00%(objectname)%00%(upstream:track)%00%(upstream:remotename)%00%(upstream:remoteref) refs/heads/master refs/remotes/master [53ms]
2023-11-16 14:32:37.103 [info] > git rev-parse --show-toplevel [15ms]
2023-11-16 14:32:37.104 [info] > git for-each-ref --format=%(refname)%00%(upstream:short)%00%(objectname)%00%(upstream:track)%00%(upstream:remotename)%00%(upstream:remoteref) refs/heads/main refs/remotes/main [46ms]
2023-11-16 14:32:37.119 [info] > git status -z -uall [18ms]
2023-11-16 14:32:37.133 [info] > git rev-parse --show-toplevel [13ms]
2023-11-16 14:32:37.158 [info] > git config --get commit.template [25ms]
2023-11-16 14:32:37.159 [info] > git rev-parse --show-toplevel [2ms]
2023-11-16 14:32:37.168 [info] No remotes found in the git config file.
2023-11-16 14:32:37.177 [info] > git rev-parse --show-toplevel [2ms]
2023-11-16 14:32:37.177 [info] > git for-each-ref --format=%(refname)%00%(upstream:short)%00%(objectname)%00%(upstream:track)%00%(upstream:remotename)%00%(upstream:remoteref) refs/heads/master refs/remotes/master [10ms]
2023-11-16 14:32:37.238 [info] > git status -z -uall [54ms]
2023-11-16 14:32:37.239 [info] > git rev-parse --show-toplevel [22ms]
2023-11-16 14:32:37.260 [info] > git rev-parse --git-dir --git-common-dir [1ms]
2023-11-16 14:32:37.262 [info] Open repository: /home/ernest/block12
2023-11-16 14:32:38.440 [info] > git status -z -uall [1330ms] (cancelled)
2023-11-16 14:32:38.441 [info] > git rev-parse --show-toplevel [989ms]
2023-11-16 14:32:38.441 [info] > git config --get commit.template [998ms]
2023-11-16 14:32:38.608 [info] > git check-ignore -v -z --stdin [122ms]
2023-11-16 14:32:38.609 [info] > git check-ignore -v -z --stdin [108ms]
2023-11-16 14:32:38.610 [info] > git check-ignore -v -z --stdin [95ms]
2023-11-16 14:32:38.610 [info] > git check-ignore -v -z --stdin [81ms]
2023-11-16 14:32:38.632 [info] > git rev-parse --git-dir --git-common-dir [34ms]
2023-11-16 14:32:38.635 [info] Open repository: /home/ernest/block13
2023-11-16 14:32:38.683 [info] > git for-each-ref --format=%(refname)%00%(upstream:short)%00%(objectname)%00%(upstream:track)%00%(upstream:remotename)%00%(upstream:remoteref) refs/heads/master refs/remotes/master [59ms]
2023-11-16 14:32:38.699 [info] > git rev-parse --show-toplevel [18ms]
2023-11-16 14:32:38.700 [info] > git config --get commit.template [28ms]
2023-11-16 14:32:38.710 [info] > git status -z -uall [16ms]
2023-11-16 14:32:38.738 [info] > git rev-parse --git-dir --git-common-dir [29ms]
2023-11-16 14:32:38.742 [info] Open repository: /home/ernest/block14
2023-11-16 14:32:38.770 [info] > git config --get commit.template [36ms]
2023-11-16 14:32:38.770 [info] > git for-each-ref --format=%(refname)%00%(upstream:short)%00%(objectname)%00%(upstream:track)%00%(upstream:remotename)%00%(upstream:remoteref) refs/heads/JavaStuff refs/remotes/JavaStuff [47ms]
2023-11-16 14:32:38.810 [info] > git status -z -uall [29ms]
2023-11-16 14:32:38.810 [info] > git rev-parse --show-toplevel [13ms]
2023-11-16 14:32:38.811 [info] > git config --get commit.template [21ms]
2023-11-16 14:32:38.824 [info] No remotes found in the git config file.
2023-11-16 14:32:38.840 [info] > git for-each-ref --format=%(refname)%00%(upstream:short)%00%(objectname)%00%(upstream:track)%00%(upstream:remotename)%00%(upstream:remoteref) refs/heads/master refs/remotes/master [33ms]
2023-11-16 14:32:38.866 [info] > git status -z -uall [19ms]
2023-11-16 14:32:38.868 [info] > git config --get commit.template [30ms]
2023-11-16 14:32:38.868 [info] > git rev-parse --git-dir --git-common-dir [37ms]
2023-11-16 14:32:38.871 [info] Open repository: /home/ernest/block15
2023-11-16 14:32:38.872 [info] > git for-each-ref --format=%(refname)%00%(upstream:short)%00%(objectname)%00%(upstream:track)%00%(upstream:remotename)%00%(upstream:remoteref) refs/heads/master refs/remotes/master [48ms]
2023-11-16 14:32:38.907 [info] > git status -z -uall [27ms]
2023-11-16 14:32:38.908 [info] > git rev-parse --show-toplevel [12ms]
2023-11-16 14:32:38.908 [info] > git config --get commit.template [19ms]
2023-11-16 14:32:38.927 [info] > git for-each-ref --format=%(refname)%00%(upstream:short)%00%(objectname)%00%(upstream:track)%00%(upstream:remotename)%00%(upstream:remoteref) refs/heads/JavaStuff refs/remotes/JavaStuff [21ms]
2023-11-16 14:32:38.975 [info] > git status -z -uall [40ms]
2023-11-16 14:32:38.977 [info] > git config --get commit.template [51ms]
2023-11-16 14:32:38.978 [info] > git rev-parse --git-dir --git-common-dir [60ms]
2023-11-16 14:32:38.981 [info] Open repository: /home/ernest/block16
2023-11-16 14:32:39.022 [info] > git for-each-ref --format=%(refname)%00%(upstream:short)%00%(objectname)%00%(upstream:track)%00%(upstream:remotename)%00%(upstream:remoteref) refs/heads/master refs/remotes/master [78ms]
2023-11-16 14:32:39.038 [info] No remotes found in the git config file.
2023-11-16 14:32:39.097 [info] > git status -z -uall [68ms]
2023-11-16 14:32:39.108 [info] > git rev-parse --show-toplevel [107ms]
2023-11-16 14:32:39.108 [info] > git config --get commit.template [115ms]
2023-11-16 14:32:39.137 [info] > git fetch [66ms]
2023-11-16 14:32:39.137 [info] > git for-each-ref --format=%(refname)%00%(upstream:short)%00%(objectname)%00%(upstream:track)%00%(upstream:remotename)%00%(upstream:remoteref) refs/heads/master refs/remotes/master [100ms]
2023-11-16 14:32:39.194 [info] > git status -z -uall [46ms]
2023-11-16 14:32:39.203 [info] > git rev-parse --git-dir --git-common-dir [84ms]
2023-11-16 14:32:39.207 [info] Open repository: /home/ernest/block17
2023-11-16 14:32:39.249 [info] > git config --get commit.template [57ms]
2023-11-16 14:32:39.249 [info] > git config --get commit.template [64ms]
2023-11-16 14:32:39.249 [info] > git for-each-ref --format=%(refname)%00%(upstream:short)%00%(objectname)%00%(upstream:track)%00%(upstream:remotename)%00%(upstream:remoteref) refs/heads/master refs/remotes/master [72ms]
2023-11-16 14:32:39.271 [info] > git rev-parse --show-toplevel [36ms]
2023-11-16 14:32:39.272 [info] > git config --get commit.template [48ms]
2023-11-16 14:32:39.280 [info] No remotes found in the git config file.
2023-11-16 14:32:39.298 [info] > git status -z -uall [39ms]
2023-11-16 14:32:39.342 [info] > git rev-parse --show-toplevel [48ms]
2023-11-16 14:32:39.343 [info] > git for-each-ref --format=%(refname)%00%(upstream:short)%00%(objectname)%00%(upstream:track)%00%(upstream:remotename)%00%(upstream:remoteref) refs/heads/master refs/remotes/master [56ms]
2023-11-16 14:32:39.352 [info] > git for-each-ref --format=%(refname)%00%(upstream:short)%00%(objectname)%00%(upstream:track)%00%(upstream:remotename)%00%(upstream:remoteref) refs/heads/master refs/remotes/master [72ms]
2023-11-16 14:32:39.370 [info] > git status -z -uall [19ms]
2023-11-16 14:32:39.370 [info] > git status -z -uall [12ms]
2023-11-16 14:32:39.381 [info] > git config --get commit.template [57ms]
2023-11-16 14:32:39.382 [info] > git for-each-ref --format=%(refname)%00%(upstream:short)%00%(objectname)%00%(upstream:track)%00%(upstream:remotename)%00%(upstream:remoteref) refs/heads/master refs/remotes/master [64ms]
2023-11-16 14:32:39.393 [info] > git status -z -uall [4ms]
2023-11-16 14:32:39.395 [info] > git rev-parse --git-dir --git-common-dir [27ms]
2023-11-16 14:32:39.399 [info] Open repository: /home/ernest/personalwebsite
2023-11-16 14:32:39.441 [info] > git show --textconv :Practice/practice.js [33ms]
2023-11-16 14:32:39.441 [info] > git ls-files --stage -- /home/ernest/Practice/practice.js [24ms]
2023-11-16 14:32:39.454 [info] > git config --get commit.template [16ms]
2023-11-16 14:32:39.454 [info] > git for-each-ref --format=%(refname)%00%(upstream:short)%00%(objectname)%00%(upstream:track)%00%(upstream:remotename)%00%(upstream:remoteref) refs/heads/master refs/remotes/master [27ms]
2023-11-16 14:32:39.464 [info] > git status -z -uall [2ms]
2023-11-16 14:32:39.465 [info] > git config --get commit.template [13ms]
2023-11-16 14:32:39.487 [info] > git for-each-ref --format=%(refname)%00%(upstream:short)%00%(objectname)%00%(upstream:track)%00%(upstream:remotename)%00%(upstream:remoteref) refs/heads/main refs/remotes/main [14ms]
2023-11-16 14:32:39.495 [info] > git status -z -uall [1ms]
2023-11-16 14:32:39.498 [info] > git for-each-ref --format=%(refname)%00%(upstream:short)%00%(objectname)%00%(upstream:track)%00%(upstream:remotename)%00%(upstream:remoteref) refs/heads/master refs/remotes/master [15ms]
2023-11-16 14:32:39.522 [info] > git status -z -uall [17ms]
2023-11-16 14:32:39.524 [info] > git config --get commit.template [10ms]
2023-11-16 14:32:39.557 [info] > git for-each-ref --format=%(refname)%00%(upstream:short)%00%(objectname)%00%(upstream:track)%00%(upstream:remotename)%00%(upstream:remoteref) refs/heads/main refs/remotes/main [25ms]
2023-11-16 14:32:39.565 [info] > git status -z -uall [1ms]
2023-11-16 14:32:39.581 [info] > git fetch [501ms]
2023-11-16 14:32:39.590 [info] > git config --get commit.template [1ms]
2023-11-16 14:32:39.598 [info] > git fetch [509ms]
2023-11-16 14:32:39.607 [info] > git for-each-ref --format=%(refname)%00%(upstream:short)%00%(objectname)%00%(upstream:track)%00%(upstream:remotename)%00%(upstream:remoteref) refs/heads/master refs/remotes/master [9ms]
2023-11-16 14:32:39.618 [info] > git status -z -uall [4ms]
2023-11-16 14:32:39.618 [info] > git config --get commit.template [12ms]
2023-11-16 14:32:39.618 [info] > git fetch [460ms]
2023-11-16 14:32:39.631 [info] > git fetch [570ms]
2023-11-16 14:32:39.649 [info] > git config --get commit.template [19ms]
2023-11-16 14:32:39.653 [info] > git config --get commit.template [5ms]
2023-11-16 14:32:39.653 [info] > git for-each-ref --format=%(refname)%00%(upstream:short)%00%(objectname)%00%(upstream:track)%00%(upstream:remotename)%00%(upstream:remoteref) refs/heads/JavaStuff refs/remotes/JavaStuff [13ms]
2023-11-16 14:32:39.669 [info] > git status -z -uall [8ms]
2023-11-16 14:32:39.683 [info] > git for-each-ref --format=%(refname)%00%(upstream:short)%00%(objectname)%00%(upstream:track)%00%(upstream:remotename)%00%(upstream:remoteref) refs/heads/master refs/remotes/master [15ms]
2023-11-16 14:32:39.694 [info] > git status -z -uall [2ms]
2023-11-16 14:32:39.694 [info] > git for-each-ref --format=%(refname)%00%(upstream:short)%00%(objectname)%00%(upstream:track)%00%(upstream:remotename)%00%(upstream:remoteref) refs/heads/master refs/remotes/master [16ms]
2023-11-16 14:32:39.702 [info] > git fetch [655ms]
2023-11-16 14:32:39.702 [info] fatal: repository 'https://github.com/ernesttheiss/github-workflow/tree/master/' not found
2023-11-16 14:32:39.712 [info] > git status -z -uall [12ms]
2023-11-16 14:32:39.714 [info] > git config --get commit.template [3ms]
2023-11-16 14:32:39.724 [info] > git for-each-ref --format=%(refname)%00%(upstream:short)%00%(objectname)%00%(upstream:track)%00%(upstream:remotename)%00%(upstream:remoteref) refs/heads/main refs/remotes/main [2ms]
2023-11-16 14:32:40.729 [info] > git status -z -uall [999ms] (cancelled)
2023-11-16 14:32:40.923 [info] > git check-ignore -v -z --stdin [157ms]
2023-11-16 14:32:40.924 [info] > git check-ignore -v -z --stdin [143ms]
2023-11-16 14:32:40.925 [info] > git check-ignore -v -z --stdin [127ms]
2023-11-16 14:32:40.925 [info] > git check-ignore -v -z --stdin [114ms]
2023-11-16 14:32:40.926 [info] > git check-ignore -v -z --stdin [105ms]
2023-11-16 14:32:40.926 [info] > git check-ignore -v -z --stdin [93ms]
2023-11-16 14:32:40.926 [info] > git check-ignore -v -z --stdin [82ms]
2023-11-16 14:32:40.927 [info] > git check-ignore -v -z --stdin [70ms]
2023-11-16 14:32:40.927 [info] > git check-ignore -v -z --stdin [61ms]
2023-11-16 14:32:40.927 [info] > git check-ignore -v -z --stdin [53ms]
2023-11-16 14:32:40.945 [info] > git fetch [57ms]
2023-11-16 14:32:40.957 [info] > git config --get commit.template [14ms]
2023-11-16 14:32:40.958 [info] > git config --get commit.template [1ms]
2023-11-16 14:32:40.967 [info] No remotes found in the git config file.
2023-11-16 14:32:40.977 [info] No remotes found in the git config file.
2023-11-16 14:32:40.978 [info] > git for-each-ref --format=%(refname)%00%(upstream:short)%00%(objectname)%00%(upstream:track)%00%(upstream:remotename)%00%(upstream:remoteref) refs/heads/master refs/remotes/master [1ms]
2023-11-16 14:32:40.986 [info] > git for-each-ref --format=%(refname)%00%(upstream:short)%00%(objectname)%00%(upstream:track)%00%(upstream:remotename)%00%(upstream:remoteref) refs/heads/master refs/remotes/master [19ms]
2023-11-16 14:32:40.997 [info] > git status -z -uall [11ms]
2023-11-16 14:32:40.997 [info] > git status -z -uall [0ms]
2023-11-16 14:32:41.309 [info] > git show --textconv :Practice/practice.html [13ms]
2023-11-16 14:32:41.311 [info] > git ls-files --stage -- /home/ernest/Practice/practice.html [5ms]
2023-11-16 14:32:41.329 [info] > git fetch [434ms]
2023-11-16 14:32:41.340 [info] > git config --get commit.template [2ms]
2023-11-16 14:32:41.349 [info] > git for-each-ref --format=%(refname)%00%(upstream:short)%00%(objectname)%00%(upstream:track)%00%(upstream:remotename)%00%(upstream:remoteref) refs/heads/master refs/remotes/master [1ms]
2023-11-16 14:32:41.358 [info] > git status -z -uall [1ms]
2023-11-16 14:32:41.359 [info] > git fetch [446ms]
2023-11-16 14:32:41.370 [info] > git config --get commit.template [1ms]
2023-11-16 14:32:41.380 [info] > git for-each-ref --format=%(refname)%00%(upstream:short)%00%(objectname)%00%(upstream:track)%00%(upstream:remotename)%00%(upstream:remoteref) refs/heads/main refs/remotes/main [2ms]
2023-11-16 14:32:41.389 [info] > git status -z -uall [2ms]
2023-11-16 14:32:41.395 [info] > git fetch [491ms]
2023-11-16 14:32:41.405 [info] > git config --get commit.template [1ms]
2023-11-16 14:32:41.414 [info] > git for-each-ref --format=%(refname)%00%(upstream:short)%00%(objectname)%00%(upstream:track)%00%(upstream:remotename)%00%(upstream:remoteref) refs/heads/master refs/remotes/master [1ms]
2023-11-16 14:32:41.423 [info] > git status -z -uall [1ms]
2023-11-16 14:32:41.763 [info] > git config --get commit.template [10ms]
2023-11-16 14:32:41.763 [info] > git config --get commit.template [20ms]
2023-11-16 14:32:41.763 [info] > git config --get commit.template [26ms]
2023-11-16 14:32:41.764 [info] > git config --get commit.template [2ms]
2023-11-16 14:32:41.796 [info] > git for-each-ref --format=%(refname)%00%(upstream:short)%00%(objectname)%00%(upstream:track)%00%(upstream:remotename)%00%(upstream:remoteref) refs/heads/JavaStuff refs/remotes/JavaStuff [9ms]
2023-11-16 14:32:41.804 [info] > git for-each-ref --format=%(refname)%00%(upstream:short)%00%(objectname)%00%(upstream:track)%00%(upstream:remotename)%00%(upstream:remoteref) refs/heads/master refs/remotes/master [26ms]
2023-11-16 14:32:41.812 [info] > git for-each-ref --format=%(refname)%00%(upstream:short)%00%(objectname)%00%(upstream:track)%00%(upstream:remotename)%00%(upstream:remoteref) refs/heads/master refs/remotes/master [41ms]
2023-11-16 14:32:41.822 [info] > git status -z -uall [19ms]
2023-11-16 14:32:41.822 [info] > git status -z -uall [11ms]
2023-11-16 14:32:41.825 [info] > git for-each-ref --format=%(refname)%00%(upstream:short)%00%(objectname)%00%(upstream:track)%00%(upstream:remotename)%00%(upstream:remoteref) refs/heads/master refs/remotes/master [30ms]
2023-11-16 14:32:41.834 [info] > git status -z -uall [13ms]
2023-11-16 14:32:41.834 [info] > git status -z -uall [1ms]
2023-11-16 14:32:42.180 [info] > git config --get commit.template [1ms]
2023-11-16 14:32:42.188 [info] No remotes found in the git config file.
2023-11-16 14:32:42.188 [info] > git for-each-ref --format=%(refname)%00%(upstream:short)%00%(objectname)%00%(upstream:track)%00%(upstream:remotename)%00%(upstream:remoteref) refs/heads/master refs/remotes/master [1ms]
2023-11-16 14:32:42.197 [info] > git status -z -uall [1ms]
2023-11-16 14:32:43.909 [info] > git config --get commit.template [27ms]
2023-11-16 14:32:43.910 [info] > git config --get commit.template [38ms]
2023-11-16 14:32:43.912 [info] > git config --get commit.template [20ms]
2023-11-16 14:32:43.951 [info] > git for-each-ref --format=%(refname)%00%(upstream:short)%00%(objectname)%00%(upstream:track)%00%(upstream:remotename)%00%(upstream:remoteref) refs/heads/main refs/remotes/main [11ms]
2023-11-16 14:32:43.961 [info] > git for-each-ref --format=%(refname)%00%(upstream:short)%00%(objectname)%00%(upstream:track)%00%(upstream:remotename)%00%(upstream:remoteref) refs/heads/master refs/remotes/master [35ms]
2023-11-16 14:32:43.972 [info] > git ls-files --stage -- /home/ernest/Practice/practice.html [63ms]
2023-11-16 14:32:43.973 [info] > git status -z -uall [13ms]
2023-11-16 14:32:43.973 [info] > git status -z -uall [2ms]
2023-11-16 14:32:43.975 [info] > git for-each-ref --format=%(refname)%00%(upstream:short)%00%(objectname)%00%(upstream:track)%00%(upstream:remotename)%00%(upstream:remoteref) refs/heads/master refs/remotes/master [25ms]
2023-11-16 14:32:44.022 [info] > git status -z -uall [34ms]
2023-11-16 14:32:44.025 [info] > git show --textconv :Practice/practice.html [4ms]
2023-11-16 14:32:58.440 [info] > git check-ignore -v -z --stdin [16ms]
2023-11-16 14:33:26.854 [info] > git show --textconv :block19/freelancer.html [8ms]
2023-11-16 14:33:26.857 [info] > git ls-files --stage -- /home/ernest/block19/freelancer.html [4ms]
2023-11-16 14:33:27.125 [info] > git check-ignore -v -z --stdin [2ms]
2023-11-16 14:33:33.260 [info] > git show --textconv :block19/freelance.js [8ms]
2023-11-16 14:33:33.263 [info] > git ls-files --stage -- /home/ernest/block19/freelance.js [4ms]
2023-11-16 14:33:33.512 [info] > git check-ignore -v -z --stdin [3ms]
2023-11-16 14:33:34.756 [info] > git show --textconv :block19/freelancer.html [6ms]
2023-11-16 14:33:34.758 [info] > git ls-files --stage -- /home/ernest/block19/freelancer.html [3ms]
2023-11-16 14:35:33.500 [info] > git show --textconv :block19/freelance.js [13ms]
2023-11-16 14:35:33.502 [info] > git ls-files --stage -- /home/ernest/block19/freelance.js [3ms]
2023-11-16 14:35:44.369 [info] > git fetch [29ms]
2023-11-16 14:35:44.370 [info] > git fetch [94ms]
2023-11-16 14:35:44.385 [info] > git config --get commit.template [8ms]
2023-11-16 14:35:44.386 [info] > git config --get commit.template [2ms]
2023-11-16 14:35:44.393 [info] No remotes found in the git config file.
2023-11-16 14:35:44.399 [info] No remotes found in the git config file.
2023-11-16 14:35:44.400 [info] > git for-each-ref --format=%(refname)%00%(upstream:short)%00%(objectname)%00%(upstream:track)%00%(upstream:remotename)%00%(upstream:remoteref) refs/heads/master refs/remotes/master [1ms]
2023-11-16 14:35:44.408 [info] > git for-each-ref --format=%(refname)%00%(upstream:short)%00%(objectname)%00%(upstream:track)%00%(upstream:remotename)%00%(upstream:remoteref) refs/heads/master refs/remotes/master [15ms]
2023-11-16 14:35:44.414 [info] > git status -z -uall [6ms]
2023-11-16 14:35:44.418 [info] > git status -z -uall [4ms]
2023-11-16 14:35:45.018 [info] > git fetch [730ms]
2023-11-16 14:35:45.027 [info] > git config --get commit.template [1ms]
2023-11-16 14:35:45.036 [info] > git for-each-ref --format=%(refname)%00%(upstream:short)%00%(objectname)%00%(upstream:track)%00%(upstream:remotename)%00%(upstream:remoteref) refs/heads/master refs/remotes/master [1ms]
2023-11-16 14:35:45.045 [info] > git status -z -uall [1ms]
2023-11-16 14:35:45.158 [info] > git fetch [858ms]
2023-11-16 14:35:45.171 [info] > git config --get commit.template [6ms]
2023-11-16 14:35:45.171 [info] > git for-each-ref --format=%(refname)%00%(upstream:short)%00%(objectname)%00%(upstream:track)%00%(upstream:remotename)%00%(upstream:remoteref) refs/heads/JavaStuff refs/remotes/JavaStuff [1ms]
2023-11-16 14:35:45.178 [info] > git status -z -uall [1ms]
2023-11-16 14:35:45.181 [info] > git fetch [821ms]
2023-11-16 14:35:45.190 [info] > git fetch [841ms]
2023-11-16 14:35:45.197 [info] > git config --get commit.template [8ms]
2023-11-16 14:35:45.204 [info] > git config --get commit.template [6ms]
2023-11-16 14:35:45.204 [info] > git fetch [883ms]
2023-11-16 14:35:45.209 [info] > git for-each-ref --format=%(refname)%00%(upstream:short)%00%(objectname)%00%(upstream:track)%00%(upstream:remotename)%00%(upstream:remoteref) refs/heads/main refs/remotes/main [7ms]
2023-11-16 14:35:45.214 [info] > git fetch [846ms]
2023-11-16 14:35:45.226 [info] > git status -z -uall [12ms]
2023-11-16 14:35:45.227 [info] > git config --get commit.template [18ms]
2023-11-16 14:35:45.228 [info] > git config --get commit.template [4ms]
2023-11-16 14:35:45.228 [info] > git for-each-ref --format=%(refname)%00%(upstream:short)%00%(objectname)%00%(upstream:track)%00%(upstream:remotename)%00%(upstream:remoteref) refs/heads/master refs/remotes/master [9ms]
2023-11-16 14:35:45.247 [info] > git status -z -uall [12ms]
2023-11-16 14:35:45.247 [info] > git for-each-ref --format=%(refname)%00%(upstream:short)%00%(objectname)%00%(upstream:track)%00%(upstream:remotename)%00%(upstream:remoteref) refs/heads/master refs/remotes/master [7ms]
2023-11-16 14:35:45.254 [info] > git status -z -uall [3ms]
2023-11-16 14:35:45.255 [info] > git for-each-ref --format=%(refname)%00%(upstream:short)%00%(objectname)%00%(upstream:track)%00%(upstream:remotename)%00%(upstream:remoteref) refs/heads/master refs/remotes/master [9ms]
2023-11-16 14:35:45.263 [info] > git status -z -uall [2ms]
2023-11-16 14:35:45.396 [info] > git fetch [1086ms]
2023-11-16 14:35:45.409 [info] > git config --get commit.template [7ms]
2023-11-16 14:35:45.410 [info] > git for-each-ref --format=%(refname)%00%(upstream:short)%00%(objectname)%00%(upstream:track)%00%(upstream:remotename)%00%(upstream:remoteref) refs/heads/master refs/remotes/master [1ms]
2023-11-16 14:35:45.418 [info] > git status -z -uall [2ms]
2023-11-16 14:35:45.426 [info] > git fetch [1096ms]
2023-11-16 14:35:45.426 [info] fatal: repository 'https://github.com/ernesttheiss/github-workflow/tree/master/' not found
2023-11-16 14:35:45.437 [info] > git config --get commit.template [5ms]
2023-11-16 14:35:45.437 [info] > git for-each-ref --format=%(refname)%00%(upstream:short)%00%(objectname)%00%(upstream:track)%00%(upstream:remotename)%00%(upstream:remoteref) refs/heads/main refs/remotes/main [1ms]
2023-11-16 14:35:46.505 [info] > git status -z -uall [1062ms] (cancelled)
2023-11-16 14:35:46.595 [info] > git config --get commit.template [97ms]
2023-11-16 14:35:46.595 [info] > git config --get commit.template [106ms]
2023-11-16 14:35:46.597 [info] > git config --get commit.template [3ms]
2023-11-16 14:35:46.597 [info] > git config --get commit.template [10ms]
2023-11-16 14:35:46.597 [info] > git config --get commit.template [19ms]
2023-11-16 14:35:46.597 [info] > git config --get commit.template [25ms]
2023-11-16 14:35:46.597 [info] > git config --get commit.template [34ms]
2023-11-16 14:35:46.597 [info] > git config --get commit.template [44ms]
2023-11-16 14:35:46.605 [info] No remotes found in the git config file.
2023-11-16 14:35:46.612 [info] No remotes found in the git config file.
2023-11-16 14:35:46.675 [info] > git for-each-ref --format=%(refname)%00%(upstream:short)%00%(objectname)%00%(upstream:track)%00%(upstream:remotename)%00%(upstream:remoteref) refs/heads/master refs/remotes/master [63ms]
2023-11-16 14:35:46.684 [info] > git for-each-ref --format=%(refname)%00%(upstream:short)%00%(objectname)%00%(upstream:track)%00%(upstream:remotename)%00%(upstream:remoteref) refs/heads/master refs/remotes/master [80ms]
2023-11-16 14:35:46.694 [info] > git status -z -uall [10ms]
2023-11-16 14:35:46.694 [info] > git status -z -uall [2ms]
2023-11-16 14:35:46.696 [info] > git for-each-ref --format=%(refname)%00%(upstream:short)%00%(objectname)%00%(upstream:track)%00%(upstream:remotename)%00%(upstream:remoteref) refs/heads/main refs/remotes/main [22ms]
2023-11-16 14:35:46.705 [info] > git for-each-ref --format=%(refname)%00%(upstream:short)%00%(objectname)%00%(upstream:track)%00%(upstream:remotename)%00%(upstream:remoteref) refs/heads/master refs/remotes/master [42ms]
2023-11-16 14:35:46.712 [info] > git for-each-ref --format=%(refname)%00%(upstream:short)%00%(objectname)%00%(upstream:track)%00%(upstream:remotename)%00%(upstream:remoteref) refs/heads/master refs/remotes/master [64ms]
2023-11-16 14:35:46.723 [info] > git for-each-ref --format=%(refname)%00%(upstream:short)%00%(objectname)%00%(upstream:track)%00%(upstream:remotename)%00%(upstream:remoteref) refs/heads/JavaStuff refs/remotes/JavaStuff [87ms]
2023-11-16 14:35:46.732 [info] > git for-each-ref --format=%(refname)%00%(upstream:short)%00%(objectname)%00%(upstream:track)%00%(upstream:remotename)%00%(upstream:remoteref) refs/heads/master refs/remotes/master [104ms]
2023-11-16 14:35:46.742 [info] > git for-each-ref --format=%(refname)%00%(upstream:short)%00%(objectname)%00%(upstream:track)%00%(upstream:remotename)%00%(upstream:remoteref) refs/heads/master refs/remotes/master [122ms]
2023-11-16 14:35:46.751 [info] > git status -z -uall [47ms]
2023-11-16 14:35:46.751 [info] > git status -z -uall [40ms]
2023-11-16 14:35:46.751 [info] > git status -z -uall [28ms]
2023-11-16 14:35:46.751 [info] > git status -z -uall [19ms]
2023-11-16 14:35:46.751 [info] > git status -z -uall [9ms]
2023-11-16 14:35:46.751 [info] > git status -z -uall [2ms]
2023-11-16 14:35:47.533 [info] > git config --get commit.template [23ms]
2023-11-16 14:35:47.540 [info] > git for-each-ref --format=%(refname)%00%(upstream:short)%00%(objectname)%00%(upstream:track)%00%(upstream:remotename)%00%(upstream:remoteref) refs/heads/master refs/remotes/master [0ms]
2023-11-16 14:35:47.548 [info] > git status -z -uall [0ms]
2023-11-16 14:35:47.614 [info] > git ls-files --stage -- /home/ernest/block19/freelance.js [2ms]
2023-11-16 14:35:47.626 [info] > git show --textconv :block19/freelance.js [2ms]
2023-11-16 14:36:17.581 [info] > git ls-files --stage -- /home/ernest/block19/freelance.js [2ms]
2023-11-16 14:36:17.593 [info] > git show --textconv :block19/freelance.js [3ms]
2023-11-16 14:36:20.721 [info] > git ls-files --stage -- /home/ernest/block19/freelance.js [3ms]
2023-11-16 14:36:20.734 [info] > git show --textconv :block19/freelance.js [3ms]
2023-11-16 14:37:50.701 [info] > git show --textconv :block19/freelancer.html [10ms]
2023-11-16 14:37:50.704 [info] > git ls-files --stage -- /home/ernest/block19/freelancer.html [3ms]
2023-11-16 14:38:20.049 [info] > git rev-parse --show-toplevel [3ms]
2023-11-16 14:38:20.073 [info] > git rev-parse --git-dir --git-common-dir [17ms]
2023-11-16 14:38:20.083 [info] Open repository: /home/ernest/block19
2023-11-16 14:38:20.102 [info] > git fetch [20ms]
2023-11-16 14:38:20.113 [info] > git config --get commit.template [11ms]
2023-11-16 14:38:20.113 [info] > git config --get commit.template [1ms]
2023-11-16 14:38:20.121 [info] No remotes found in the git config file.
2023-11-16 14:38:20.130 [info] No remotes found in the git config file.
2023-11-16 14:38:20.130 [info] > git for-each-ref --format=%(refname)%00%(upstream:short)%00%(objectname)%00%(upstream:track)%00%(upstream:remotename)%00%(upstream:remoteref) refs/heads/master refs/remotes/master [10ms]
2023-11-16 14:38:20.144 [info] > git for-each-ref --format=%(refname)%00%(upstream:short)%00%(objectname)%00%(upstream:track)%00%(upstream:remotename)%00%(upstream:remoteref) refs/heads/master refs/remotes/master [14ms]
2023-11-16 14:38:20.145 [info] > git config --get commit.template [5ms]
2023-11-16 14:38:20.154 [info] No remotes found in the git config file.
2023-11-16 14:38:20.156 [info] > git for-each-ref --format=%(refname)%00%(upstream:short)%00%(objectname)%00%(upstream:track)%00%(upstream:remotename)%00%(upstream:remoteref) refs/heads/master refs/remotes/master [3ms]
2023-11-16 14:38:20.164 [info] > git status -z -uall [1ms]
2023-11-16 14:38:20.708 [info] > git check-ignore -v -z --stdin [57ms]
2023-11-16 14:38:20.710 [info] > git check-ignore -v -z --stdin [53ms]
2023-11-16 14:38:20.710 [info] > git check-ignore -v -z --stdin [47ms]
2023-11-16 14:38:20.711 [info] > git check-ignore -v -z --stdin [40ms]
2023-11-16 14:38:20.711 [info] > git check-ignore -v -z --stdin [36ms]
2023-11-16 14:38:20.712 [info] > git check-ignore -v -z --stdin [31ms]
2023-11-16 14:38:20.713 [info] > git check-ignore -v -z --stdin [27ms]
2023-11-16 14:38:20.713 [info] > git check-ignore -v -z --stdin [22ms]
2023-11-16 14:38:20.713 [info] > git check-ignore -v -z --stdin [17ms]
2023-11-16 14:38:20.713 [info] > git check-ignore -v -z --stdin [12ms]
2023-11-16 14:38:20.714 [info] > git check-ignore -v -z --stdin [8ms]
2023-11-16 14:38:21.305 [info] > git config --get commit.template [2ms]
2023-11-16 14:38:21.312 [info] No remotes found in the git config file.
2023-11-16 14:38:21.312 [info] > git for-each-ref --format=%(refname)%00%(upstream:short)%00%(objectname)%00%(upstream:track)%00%(upstream:remotename)%00%(upstream:remoteref) refs/heads/master refs/remotes/master [1ms]
2023-11-16 14:38:21.318 [info] > git status -z -uall [1ms]
2023-11-16 14:38:21.414 [info] > git ls-files --stage -- /home/ernest/block19/freelancer.html [2ms]
2023-11-16 14:38:21.432 [info] > git show --textconv :freelancer.html [2ms]
2023-11-16 14:38:25.994 [info] > git ls-files --stage -- /home/ernest/block19/freelancer.html [1ms]
2023-11-16 14:38:26.001 [info] > git cat-file -s e69de29bb2d1d6434b8b29ae775ad8c2e48c5391 [1ms]
2023-11-16 14:38:26.015 [info] > git show --textconv :freelancer.html [1ms]
2023-11-16 14:38:26.331 [info] > git config --get commit.template [1ms]
2023-11-16 14:38:26.337 [info] No remotes found in the git config file.
2023-11-16 14:38:26.338 [info] > git for-each-ref --format=%(refname)%00%(upstream:short)%00%(objectname)%00%(upstream:track)%00%(upstream:remotename)%00%(upstream:remoteref) refs/heads/master refs/remotes/master [1ms]
2023-11-16 14:38:26.344 [info] > git status -z -uall [1ms]
2023-11-16 14:38:41.648 [info] > git config --get commit.template [7ms]
2023-11-16 14:38:41.648 [info] No remotes found in the git config file.
2023-11-16 14:38:41.649 [info] > git for-each-ref --format=%(refname)%00%(upstream:short)%00%(objectname)%00%(upstream:track)%00%(upstream:remotename)%00%(upstream:remoteref) refs/heads/master refs/remotes/master [2ms]
2023-11-16 14:38:41.655 [info] > git status -z -uall [1ms]
2023-11-16 14:38:41.741 [info] > git ls-files --stage -- /home/ernest/block19/freelancer.html [0ms]
2023-11-16 14:38:41.749 [info] > git cat-file -s e69de29bb2d1d6434b8b29ae775ad8c2e48c5391 [1ms]
2023-11-16 14:38:41.762 [info] > git show --textconv :freelancer.html [1ms]
2023-11-16 14:38:44.434 [info] > git fetch [7ms]
2023-11-16 14:38:44.442 [info] > git fetch [9ms]
2023-11-16 14:38:44.449 [info] > git config --get commit.template [8ms]
2023-11-16 14:38:44.454 [info] No remotes found in the git config file.
2023-11-16 14:38:44.455 [info] > git config --get commit.template [7ms]
2023-11-16 14:38:44.455 [info] > git for-each-ref --format=%(refname)%00%(upstream:short)%00%(objectname)%00%(upstream:track)%00%(upstream:remotename)%00%(upstream:remoteref) refs/heads/master refs/remotes/master [1ms]
2023-11-16 14:38:44.467 [info] No remotes found in the git config file.
2023-11-16 14:38:44.468 [info] > git status -z -uall [6ms]
2023-11-16 14:38:44.469 [info] > git for-each-ref --format=%(refname)%00%(upstream:short)%00%(objectname)%00%(upstream:track)%00%(upstream:remotename)%00%(upstream:remoteref) refs/heads/master refs/remotes/master [2ms]
2023-11-16 14:38:44.478 [info] > git status -z -uall [1ms]
2023-11-16 14:38:45.547 [info] > git config --get commit.template [2ms]
2023-11-16 14:38:45.547 [info] > git fetch [491ms]
2023-11-16 14:38:45.563 [info] No remotes found in the git config file.
2023-11-16 14:38:45.564 [info] > git for-each-ref --format=%(refname)%00%(upstream:short)%00%(objectname)%00%(upstream:track)%00%(upstream:remotename)%00%(upstream:remoteref) refs/heads/master refs/remotes/master [2ms]
2023-11-16 14:38:45.571 [info] > git config --get commit.template [16ms]
2023-11-16 14:38:45.579 [info] > git status -z -uall [8ms]
2023-11-16 14:38:45.582 [info] > git for-each-ref --format=%(refname)%00%(upstream:short)%00%(objectname)%00%(upstream:track)%00%(upstream:remotename)%00%(upstream:remoteref) refs/heads/master refs/remotes/master [4ms]
2023-11-16 14:38:45.591 [info] > git status -z -uall [1ms]
2023-11-16 14:38:45.625 [info] No remotes found in the git config file.
2023-11-16 14:38:45.626 [info] > git config --get commit.template [8ms]
2023-11-16 14:38:45.626 [info] > git for-each-ref --format=%(refname)%00%(upstream:short)%00%(objectname)%00%(upstream:track)%00%(upstream:remotename)%00%(upstream:remoteref) refs/heads/master refs/remotes/master [1ms]
2023-11-16 14:38:45.633 [info] > git status -z -uall [1ms]
2023-11-16 14:38:45.635 [info] > git fetch [446ms]
2023-11-16 14:38:45.643 [info] > git config --get commit.template [1ms]
2023-11-16 14:38:45.650 [info] > git for-each-ref --format=%(refname)%00%(upstream:short)%00%(objectname)%00%(upstream:track)%00%(upstream:remotename)%00%(upstream:remoteref) refs/heads/JavaStuff refs/remotes/JavaStuff [0ms]
2023-11-16 14:38:45.656 [info] > git status -z -uall [1ms]
2023-11-16 14:38:45.696 [info] > git fetch [461ms]
2023-11-16 14:38:45.704 [info] > git config --get commit.template [1ms]
2023-11-16 14:38:45.711 [info] > git for-each-ref --format=%(refname)%00%(upstream:short)%00%(objectname)%00%(upstream:track)%00%(upstream:remotename)%00%(upstream:remoteref) refs/heads/main refs/remotes/main [0ms]
2023-11-16 14:38:45.716 [info] > git status -z -uall [0ms]
2023-11-16 14:38:45.725 [info] > git fetch [464ms]
2023-11-16 14:38:45.743 [info] > git fetch [467ms]
2023-11-16 14:38:45.744 [info] > git config --get commit.template [11ms]
2023-11-16 14:38:45.750 [info] > git for-each-ref --format=%(refname)%00%(upstream:short)%00%(objectname)%00%(upstream:track)%00%(upstream:remotename)%00%(upstream:remoteref) refs/heads/master refs/remotes/master [8ms]
2023-11-16 14:38:45.759 [info] > git status -z -uall [1ms]
2023-11-16 14:38:45.760 [info] > git config --get commit.template [11ms]
2023-11-16 14:38:45.760 [info] > git fetch [492ms]
2023-11-16 14:38:45.780 [info] > git for-each-ref --format=%(refname)%00%(upstream:short)%00%(objectname)%00%(upstream:track)%00%(upstream:remotename)%00%(upstream:remoteref) refs/heads/master refs/remotes/master [1ms]
2023-11-16 14:38:45.788 [info] > git config --get commit.template [20ms]
2023-11-16 14:38:45.794 [info] > git status -z -uall [7ms]
2023-11-16 14:38:45.797 [info] > git for-each-ref --format=%(refname)%00%(upstream:short)%00%(objectname)%00%(upstream:track)%00%(upstream:remotename)%00%(upstream:remoteref) refs/heads/master refs/remotes/master [3ms]
2023-11-16 14:38:45.805 [info] > git status -z -uall [1ms]
2023-11-16 14:38:45.889 [info] > git fetch [461ms]
2023-11-16 14:38:45.901 [info] > git config --get commit.template [5ms]
2023-11-16 14:38:45.902 [info] > git for-each-ref --format=%(refname)%00%(upstream:short)%00%(objectname)%00%(upstream:track)%00%(upstream:remotename)%00%(upstream:remoteref) refs/heads/master refs/remotes/master [1ms]
2023-11-16 14:38:45.907 [info] > git status -z -uall [0ms]
2023-11-16 14:38:46.232 [info] > git fetch [557ms]
2023-11-16 14:38:46.232 [info] fatal: repository 'https://github.com/ernesttheiss/github-workflow/tree/master/' not found
2023-11-16 14:38:46.247 [info] > git config --get commit.template [7ms]
2023-11-16 14:38:46.247 [info] > git for-each-ref --format=%(refname)%00%(upstream:short)%00%(objectname)%00%(upstream:track)%00%(upstream:remotename)%00%(upstream:remoteref) refs/heads/main refs/remotes/main [1ms]
2023-11-16 14:38:47.277 [info] > git status -z -uall [1024ms] (cancelled)
2023-11-16 14:38:47.416 [info] > git config --get commit.template [2ms]
2023-11-16 14:38:47.416 [info] > git config --get commit.template [13ms]
2023-11-16 14:38:47.416 [info] > git config --get commit.template [22ms]
2023-11-16 14:38:47.416 [info] > git config --get commit.template [33ms]
2023-11-16 14:38:47.416 [info] > git config --get commit.template [48ms]
2023-11-16 14:38:47.417 [info] > git config --get commit.template [74ms]
2023-11-16 14:38:47.417 [info] > git config --get commit.template [93ms]
2023-11-16 14:38:47.494 [info] > git for-each-ref --format=%(refname)%00%(upstream:short)%00%(objectname)%00%(upstream:track)%00%(upstream:remotename)%00%(upstream:remoteref) refs/heads/main refs/remotes/main [13ms]
2023-11-16 14:38:47.508 [info] > git for-each-ref --format=%(refname)%00%(upstream:short)%00%(objectname)%00%(upstream:track)%00%(upstream:remotename)%00%(upstream:remoteref) refs/heads/master refs/remotes/master [35ms]
2023-11-16 14:38:47.519 [info] > git for-each-ref --format=%(refname)%00%(upstream:short)%00%(objectname)%00%(upstream:track)%00%(upstream:remotename)%00%(upstream:remoteref) refs/heads/master refs/remotes/master [53ms]
2023-11-16 14:38:47.531 [info] > git for-each-ref --format=%(refname)%00%(upstream:short)%00%(objectname)%00%(upstream:track)%00%(upstream:remotename)%00%(upstream:remoteref) refs/heads/JavaStuff refs/remotes/JavaStuff [75ms]
2023-11-16 14:38:47.538 [info] > git for-each-ref --format=%(refname)%00%(upstream:short)%00%(objectname)%00%(upstream:track)%00%(upstream:remotename)%00%(upstream:remoteref) refs/heads/master refs/remotes/master [93ms]
2023-11-16 14:38:47.547 [info] > git for-each-ref --format=%(refname)%00%(upstream:short)%00%(objectname)%00%(upstream:track)%00%(upstream:remotename)%00%(upstream:remoteref) refs/heads/master refs/remotes/master [116ms]
2023-11-16 14:38:47.560 [info] > git status -z -uall [52ms]
2023-11-16 14:38:47.561 [info] > git status -z -uall [41ms]
2023-11-16 14:38:47.561 [info] > git status -z -uall [31ms]
2023-11-16 14:38:47.561 [info] > git status -z -uall [23ms]
2023-11-16 14:38:47.561 [info] > git status -z -uall [15ms]
2023-11-16 14:38:47.561 [info] > git status -z -uall [4ms]
2023-11-16 14:38:47.566 [info] > git for-each-ref --format=%(refname)%00%(upstream:short)%00%(objectname)%00%(upstream:track)%00%(upstream:remotename)%00%(upstream:remoteref) refs/heads/master refs/remotes/master [74ms]
2023-11-16 14:38:47.578 [info] > git status -z -uall [1ms]
2023-11-16 14:38:47.610 [info] > git ls-files --stage -- /home/ernest/block19/freelancer.html [2ms]
2023-11-16 14:38:47.619 [info] > git cat-file -s e69de29bb2d1d6434b8b29ae775ad8c2e48c5391 [1ms]
2023-11-16 14:38:47.632 [info] > git show --textconv :freelancer.html [2ms]
2023-11-16 14:38:54.767 [info] > git config --get commit.template [8ms]
2023-11-16 14:38:54.768 [info] > git for-each-ref --format=%(refname)%00%(upstream:short)%00%(objectname)%00%(upstream:track)%00%(upstream:remotename)%00%(upstream:remoteref) refs/heads/master refs/remotes/master [1ms]
2023-11-16 14:38:54.776 [info] > git status -z -uall [1ms]
2023-11-16 14:38:54.862 [info] > git ls-files --stage -- /home/ernest/block19/freelancer.html [1ms]
2023-11-16 14:38:54.871 [info] > git cat-file -s e69de29bb2d1d6434b8b29ae775ad8c2e48c5391 [1ms]
2023-11-16 14:38:54.884 [info] > git show --textconv :freelancer.html [1ms]
2023-11-16 14:39:15.462 [info] > git check-ignore -v -z --stdin [1ms]
2023-11-16 14:39:26.684 [info] > git push -u origin master [949ms]
2023-11-16 14:39:26.684 [info] To https://github.com/ernesttheiss/Unit2.FreelancerForum
 * [new branch]      master -> master
2023-11-16 14:39:26.700 [info] > git config --get commit.template [7ms]
2023-11-16 14:39:26.701 [info] > git for-each-ref --format=%(refname)%00%(upstream:short)%00%(objectname)%00%(upstream:track)%00%(upstream:remotename)%00%(upstream:remoteref) refs/heads/master refs/remotes/master [2ms]
2023-11-16 14:39:26.708 [info] > git status -z -uall [2ms]
2023-11-16 14:39:27.871 [info] > git config --get commit.template [1ms]
2023-11-16 14:39:27.883 [info] > git for-each-ref --format=%(refname)%00%(upstream:short)%00%(objectname)%00%(upstream:track)%00%(upstream:remotename)%00%(upstream:remoteref) refs/heads/master refs/remotes/master [3ms]
2023-11-16 14:39:27.890 [info] > git status -z -uall [1ms]
2023-11-16 14:39:27.975 [info] > git ls-files --stage -- /home/ernest/block19/freelancer.html [1ms]
2023-11-16 14:39:27.983 [info] > git cat-file -s e69de29bb2d1d6434b8b29ae775ad8c2e48c5391 [1ms]
2023-11-16 14:39:27.995 [info] > git show --textconv :freelancer.html [1ms]
2023-11-16 14:39:50.882 [info] > git show --textconv :freelance.js [8ms]
2023-11-16 14:39:50.883 [info] > git ls-files --stage -- /home/ernest/block19/freelance.js [1ms]
2023-11-16 14:39:50.890 [info] > git cat-file -s e69de29bb2d1d6434b8b29ae775ad8c2e48c5391 [1ms]
2023-11-16 14:39:54.146 [info] > git show --textconv :freelancer.html [17ms]
2023-11-16 14:39:54.147 [info] > git ls-files --stage -- /home/ernest/block19/freelancer.html [10ms]
2023-11-16 14:39:54.165 [info] > git cat-file -s e69de29bb2d1d6434b8b29ae775ad8c2e48c5391 [11ms]
2023-11-16 14:39:54.166 [info] > git config --get commit.template [21ms]
2023-11-16 14:39:54.176 [info] > git for-each-ref --format=%(refname)%00%(upstream:short)%00%(objectname)%00%(upstream:track)%00%(upstream:remotename)%00%(upstream:remoteref) refs/heads/master refs/remotes/master [1ms]
2023-11-16 14:39:54.185 [info] > git status -z -uall [1ms]
2023-11-16 14:39:59.207 [info] > git config --get commit.template [8ms]
2023-11-16 14:39:59.208 [info] > git for-each-ref --format=%(refname)%00%(upstream:short)%00%(objectname)%00%(upstream:track)%00%(upstream:remotename)%00%(upstream:remoteref) refs/heads/master refs/remotes/master [2ms]
2023-11-16 14:39:59.215 [info] > git status -z -uall [1ms]
2023-11-16 14:40:11.722 [info] > git add -A -- . [3ms]
2023-11-16 14:40:11.737 [info] > git -c user.useConfigOnly=true commit --quiet --allow-empty-message --file - [6ms]
2023-11-16 14:40:11.746 [info] > git config --get commit.template [1ms]
2023-11-16 14:40:11.757 [info] > git config --get commit.template [1ms]
2023-11-16 14:40:11.769 [info] > git for-each-ref --format=%(refname)%00%(upstream:short)%00%(objectname)%00%(upstream:track)%00%(upstream:remotename)%00%(upstream:remoteref) refs/heads/master refs/remotes/master [4ms]
2023-11-16 14:40:11.779 [info] > git status -z -uall [2ms]
2023-11-16 14:40:11.985 [info] > git config --get commit.template [1ms]
2023-11-16 14:40:11.992 [info] > git for-each-ref --format=%(refname)%00%(upstream:short)%00%(objectname)%00%(upstream:track)%00%(upstream:remotename)%00%(upstream:remoteref) refs/heads/master refs/remotes/master [0ms]
2023-11-16 14:40:12.000 [info] > git status -z -uall [1ms]
2023-11-16 14:40:13.086 [info] > git ls-files --stage -- /home/ernest/block19/freelancer.html [1ms]
2023-11-16 14:40:13.094 [info] > git cat-file -s 0b13bf95ce9f4be36d40651b28582bbc4dc4dd30 [1ms]
2023-11-16 14:40:13.105 [info] > git show --textconv :freelancer.html [1ms]
2023-11-16 14:40:27.616 [info] > git log --oneline --cherry master...master@{upstream} -- [1ms]
2023-11-16 14:40:28.130 [info] > git pull --tags origin master [504ms]
2023-11-16 14:40:28.131 [info] From https://github.com/ernesttheiss/Unit2.FreelancerForum
 * branch            master     -> FETCH_HEAD
2023-11-16 14:40:29.036 [info] > git push origin master:master [899ms]
2023-11-16 14:40:29.036 [info] To https://github.com/ernesttheiss/Unit2.FreelancerForum
   aaf3f7d..466aa86  master -> master
2023-11-16 14:40:29.049 [info] > git config --get commit.template [7ms]
2023-11-16 14:40:29.050 [info] > git for-each-ref --format=%(refname)%00%(upstream:short)%00%(objectname)%00%(upstream:track)%00%(upstream:remotename)%00%(upstream:remoteref) refs/heads/master refs/remotes/master [1ms]
2023-11-16 14:40:29.055 [info] > git status -z -uall [1ms]
2023-11-16 14:40:30.238 [info] > git config --get commit.template [12ms]
2023-11-16 14:40:30.239 [info] > git for-each-ref --format=%(refname)%00%(upstream:short)%00%(objectname)%00%(upstream:track)%00%(upstream:remotename)%00%(upstream:remoteref) refs/heads/master refs/remotes/master [2ms]
2023-11-16 14:40:30.249 [info] > git status -z -uall [1ms]
2023-11-16 14:40:30.327 [info] > git ls-files --stage -- /home/ernest/block19/freelancer.html [1ms]
2023-11-16 14:40:30.334 [info] > git cat-file -s 0b13bf95ce9f4be36d40651b28582bbc4dc4dd30 [1ms]
2023-11-16 14:40:30.344 [info] > git show --textconv :freelancer.html [1ms]
2023-11-16 14:40:49.421 [info] > git show --textconv :freelance.js [7ms]
2023-11-16 14:40:49.422 [info] > git ls-files --stage -- /home/ernest/block19/freelance.js [2ms]
2023-11-16 14:40:49.430 [info] > git cat-file -s c5db4b3b0450ce344c83ba9bdb3619e5e320579d [1ms]
2023-11-16 14:40:54.289 [info] > git show --textconv :freelancer.html [9ms]
2023-11-16 14:40:54.290 [info] > git ls-files --stage -- /home/ernest/block19/freelancer.html [1ms]
2023-11-16 14:40:54.297 [info] > git cat-file -s 0b13bf95ce9f4be36d40651b28582bbc4dc4dd30 [1ms]
2023-11-16 14:42:46.349 [info] > git fetch [85ms]
2023-11-16 14:42:46.349 [info] > git fetch [96ms]
2023-11-16 14:42:46.368 [info] > git config --get commit.template [4ms]
2023-11-16 14:42:46.368 [info] > git config --get commit.template [11ms]
2023-11-16 14:42:46.378 [info] No remotes found in the git config file.
2023-11-16 14:42:46.389 [info] No remotes found in the git config file.
2023-11-16 14:42:46.390 [info] > git for-each-ref --format=%(refname)%00%(upstream:short)%00%(objectname)%00%(upstream:track)%00%(upstream:remotename)%00%(upstream:remoteref) refs/heads/master refs/remotes/master [13ms]
2023-11-16 14:42:46.401 [info] > git for-each-ref --format=%(refname)%00%(upstream:short)%00%(objectname)%00%(upstream:track)%00%(upstream:remotename)%00%(upstream:remoteref) refs/heads/master refs/remotes/master [13ms]
2023-11-16 14:42:46.409 [info] > git status -z -uall [9ms]
2023-11-16 14:42:46.412 [info] > git status -z -uall [2ms]
2023-11-16 14:42:46.719 [info] > git fetch [478ms]
2023-11-16 14:42:46.732 [info] > git fetch [428ms]
2023-11-16 14:42:46.745 [info] > git config --get commit.template [13ms]
2023-11-16 14:42:46.758 [info] > git config --get commit.template [14ms]
2023-11-16 14:42:46.759 [info] > git for-each-ref --format=%(refname)%00%(upstream:short)%00%(objectname)%00%(upstream:track)%00%(upstream:remotename)%00%(upstream:remoteref) refs/heads/master refs/remotes/master [2ms]
2023-11-16 14:42:46.770 [info] > git fetch [455ms]
2023-11-16 14:42:46.771 [info] > git fetch [487ms]
2023-11-16 14:42:46.771 [info] > git fetch [478ms]
2023-11-16 14:42:46.813 [info] > git status -z -uall [44ms]
2023-11-16 14:42:46.817 [info] > git config --get commit.template [5ms]
2023-11-16 14:42:46.817 [info] > git config --get commit.template [15ms]
2023-11-16 14:42:46.817 [info] > git config --get commit.template [25ms]
2023-11-16 14:42:46.817 [info] > git for-each-ref --format=%(refname)%00%(upstream:short)%00%(objectname)%00%(upstream:track)%00%(upstream:remotename)%00%(upstream:remoteref) refs/heads/master refs/remotes/master [34ms]
2023-11-16 14:42:46.830 [info] > git fetch [507ms]
2023-11-16 14:42:46.840 [info] > git status -z -uall [11ms]
2023-11-16 14:42:46.866 [info] > git config --get commit.template [26ms]
2023-11-16 14:42:46.866 [info] > git for-each-ref --format=%(refname)%00%(upstream:short)%00%(objectname)%00%(upstream:track)%00%(upstream:remotename)%00%(upstream:remoteref) refs/heads/main refs/remotes/main [1ms]
2023-11-16 14:42:46.873 [info] > git for-each-ref --format=%(refname)%00%(upstream:short)%00%(objectname)%00%(upstream:track)%00%(upstream:remotename)%00%(upstream:remoteref) refs/heads/JavaStuff refs/remotes/JavaStuff [16ms]
2023-11-16 14:42:46.880 [info] > git for-each-ref --format=%(refname)%00%(upstream:short)%00%(objectname)%00%(upstream:track)%00%(upstream:remotename)%00%(upstream:remoteref) refs/heads/master refs/remotes/master [29ms]
2023-11-16 14:42:46.887 [info] > git fetch [554ms]
2023-11-16 14:42:46.901 [info] > git status -z -uall [28ms]
2023-11-16 14:42:46.901 [info] > git status -z -uall [21ms]
2023-11-16 14:42:46.901 [info] > git status -z -uall [15ms]
2023-11-16 14:42:46.905 [info] > git config --get commit.template [5ms]
2023-11-16 14:42:46.905 [info] > git for-each-ref --format=%(refname)%00%(upstream:short)%00%(objectname)%00%(upstream:track)%00%(upstream:remotename)%00%(upstream:remoteref) refs/heads/master refs/remotes/master [12ms]
2023-11-16 14:42:46.913 [info] > git fetch [571ms]
2023-11-16 14:42:46.913 [info] fatal: repository 'https://github.com/ernesttheiss/github-workflow/tree/master/' not found
2023-11-16 14:42:46.929 [info] > git status -z -uall [17ms]
2023-11-16 14:42:46.929 [info] > git config --get commit.template [8ms]
2023-11-16 14:42:46.932 [info] > git for-each-ref --format=%(refname)%00%(upstream:short)%00%(objectname)%00%(upstream:track)%00%(upstream:remotename)%00%(upstream:remoteref) refs/heads/master refs/remotes/master [4ms]
2023-11-16 14:42:46.938 [info] > git fetch [665ms]
2023-11-16 14:42:46.953 [info] > git status -z -uall [15ms]
2023-11-16 14:42:46.955 [info] > git config --get commit.template [3ms]
2023-11-16 14:42:46.955 [info] > git for-each-ref --format=%(refname)%00%(upstream:short)%00%(objectname)%00%(upstream:track)%00%(upstream:remotename)%00%(upstream:remoteref) refs/heads/main refs/remotes/main [9ms]
2023-11-16 14:42:46.971 [info] > git for-each-ref --format=%(refname)%00%(upstream:short)%00%(objectname)%00%(upstream:track)%00%(upstream:remotename)%00%(upstream:remoteref) refs/heads/master refs/remotes/master [0ms]
2023-11-16 14:42:46.977 [info] > git status -z -uall [1ms]
2023-11-16 14:42:48.001 [info] > git status -z -uall [1039ms] (cancelled)
2023-11-16 14:42:48.085 [info] > git config --get commit.template [16ms]
2023-11-16 14:42:48.085 [info] > git config --get commit.template [35ms]
2023-11-16 14:42:48.099 [info] No remotes found in the git config file.
2023-11-16 14:42:48.107 [info] No remotes found in the git config file.
2023-11-16 14:42:48.108 [info] > git for-each-ref --format=%(refname)%00%(upstream:short)%00%(objectname)%00%(upstream:track)%00%(upstream:remotename)%00%(upstream:remoteref) refs/heads/master refs/remotes/master [2ms]
2023-11-16 14:42:48.119 [info] > git for-each-ref --format=%(refname)%00%(upstream:short)%00%(objectname)%00%(upstream:track)%00%(upstream:remotename)%00%(upstream:remoteref) refs/heads/master refs/remotes/master [21ms]
2023-11-16 14:42:48.131 [info] > git status -z -uall [13ms]
2023-11-16 14:42:48.131 [info] > git status -z -uall [1ms]
2023-11-16 14:42:49.057 [info] > git config --get commit.template [24ms]
2023-11-16 14:42:49.058 [info] > git config --get commit.template [31ms]
2023-11-16 14:42:49.058 [info] > git config --get commit.template [37ms]
2023-11-16 14:42:49.058 [info] > git config --get commit.template [43ms]
2023-11-16 14:42:49.058 [info] > git config --get commit.template [50ms]
2023-11-16 14:42:49.059 [info] > git config --get commit.template [2ms]
2023-11-16 14:42:49.059 [info] > git config --get commit.template [9ms]
2023-11-16 14:42:49.059 [info] > git config --get commit.template [16ms]
2023-11-16 14:42:49.146 [info] > git for-each-ref --format=%(refname)%00%(upstream:short)%00%(objectname)%00%(upstream:track)%00%(upstream:remotename)%00%(upstream:remoteref) refs/heads/master refs/remotes/master [48ms]
2023-11-16 14:42:49.154 [info] > git for-each-ref --format=%(refname)%00%(upstream:short)%00%(objectname)%00%(upstream:track)%00%(upstream:remotename)%00%(upstream:remoteref) refs/heads/master refs/remotes/master [64ms]
2023-11-16 14:42:49.161 [info] > git for-each-ref --format=%(refname)%00%(upstream:short)%00%(objectname)%00%(upstream:track)%00%(upstream:remotename)%00%(upstream:remoteref) refs/heads/JavaStuff refs/remotes/JavaStuff [78ms]
2023-11-16 14:42:49.169 [info] > git for-each-ref --format=%(refname)%00%(upstream:short)%00%(objectname)%00%(upstream:track)%00%(upstream:remotename)%00%(upstream:remoteref) refs/heads/master refs/remotes/master [94ms]
2023-11-16 14:42:49.179 [info] > git for-each-ref --format=%(refname)%00%(upstream:short)%00%(objectname)%00%(upstream:track)%00%(upstream:remotename)%00%(upstream:remoteref) refs/heads/master refs/remotes/master [110ms]
2023-11-16 14:42:49.191 [info] > git status -z -uall [37ms]
2023-11-16 14:42:49.191 [info] > git status -z -uall [31ms]
2023-11-16 14:42:49.191 [info] > git status -z -uall [23ms]
2023-11-16 14:42:49.191 [info] > git status -z -uall [13ms]
2023-11-16 14:42:49.191 [info] > git status -z -uall [2ms]
2023-11-16 14:42:49.196 [info] > git for-each-ref --format=%(refname)%00%(upstream:short)%00%(objectname)%00%(upstream:track)%00%(upstream:remotename)%00%(upstream:remoteref) refs/heads/master refs/remotes/master [51ms]
2023-11-16 14:42:49.206 [info] > git for-each-ref --format=%(refname)%00%(upstream:short)%00%(objectname)%00%(upstream:track)%00%(upstream:remotename)%00%(upstream:remoteref) refs/heads/main refs/remotes/main [68ms]
2023-11-16 14:42:49.218 [info] > git for-each-ref --format=%(refname)%00%(upstream:short)%00%(objectname)%00%(upstream:track)%00%(upstream:remotename)%00%(upstream:remoteref) refs/heads/master refs/remotes/master [89ms]
2023-11-16 14:42:49.242 [info] > git status -z -uall [36ms]
2023-11-16 14:42:49.242 [info] > git status -z -uall [24ms]
2023-11-16 14:42:49.242 [info] > git status -z -uall [15ms]
2023-11-16 14:42:49.247 [info] > git ls-files --stage -- /home/ernest/block19/freelancer.html [6ms]
2023-11-16 14:42:49.262 [info] > git cat-file -s 0b13bf95ce9f4be36d40651b28582bbc4dc4dd30 [2ms]
2023-11-16 14:42:49.310 [info] > git show --textconv :freelancer.html [1ms]
2023-11-16 14:42:55.943 [info] > git show --textconv :freelance.js [10ms]
2023-11-16 14:42:55.944 [info] > git ls-files --stage -- /home/ernest/block19/freelance.js [1ms]
2023-11-16 14:42:55.954 [info] > git cat-file -s c5db4b3b0450ce344c83ba9bdb3619e5e320579d [1ms]
