2023-11-05 09:41:43.450 [info] Log level: Info
2023-11-05 09:41:43.450 [info] Validating found git in: "git"
2023-11-05 09:41:43.450 [info] Using git "2.34.1" from "git"
2023-11-05 09:41:43.450 [info] > git rev-parse --show-toplevel [147ms]
2023-11-05 09:41:43.450 [info] > git rev-parse --git-dir --git-common-dir [49ms]
2023-11-05 09:41:43.450 [info] Open repository: /home/ernest
2023-11-05 09:41:43.450 [info] > git rev-parse --show-toplevel [13ms]
2023-11-05 09:41:43.450 [info] > git config --get commit.template [17ms]
2023-11-05 09:41:43.471 [info] > git rev-parse --show-toplevel [16ms]
2023-11-05 09:41:43.480 [info] > git for-each-ref --format=%(refname)%00%(upstream:short)%00%(objectname)%00%(upstream:track)%00%(upstream:remotename)%00%(upstream:remoteref) refs/heads/main refs/remotes/main [18ms]
2023-11-05 09:41:43.493 [info] > git rev-parse --show-toplevel [17ms]
2023-11-05 09:41:43.519 [info] > git rev-parse --show-toplevel [6ms]
2023-11-05 09:41:43.533 [info] > git rev-parse --show-toplevel [5ms]
2023-11-05 09:41:43.552 [info] > git rev-parse --show-toplevel [3ms]
2023-11-05 09:41:43.560 [info] > git rev-parse --git-dir --git-common-dir [2ms]
2023-11-05 09:41:43.577 [info] Open repository: /home/ernest/.nvm
2023-11-05 09:41:43.606 [info] > git rev-parse --show-toplevel [6ms]
2023-11-05 09:41:43.607 [info] > git config --get commit.template [18ms]
2023-11-05 09:41:43.619 [info] > git rev-parse --show-toplevel [6ms]
2023-11-05 09:41:43.632 [info] > git for-each-ref --format=%(refname)%00%(upstream:short)%00%(objectname)%00%(upstream:track)%00%(upstream:remotename)%00%(upstream:remoteref) refs/heads/master refs/remotes/master [14ms]
2023-11-05 09:41:43.639 [info] > git rev-parse --show-toplevel [14ms]
2023-11-05 09:41:43.649 [info] > git status -z -uall [11ms]
2023-11-05 09:41:43.678 [info] > git rev-parse --show-toplevel [32ms]
2023-11-05 09:41:43.688 [info] > git config --get commit.template [12ms]
2023-11-05 09:41:43.691 [info] > git rev-parse --git-dir --git-common-dir [6ms]
2023-11-05 09:41:43.702 [info] Open repository: /home/ernest/2310-github-demo
2023-11-05 09:41:43.935 [info] > git status -z -uall [450ms] (cancelled)
2023-11-05 09:41:43.935 [info] > git rev-parse --show-toplevel [216ms]
2023-11-05 09:41:43.935 [info] > git config --get commit.template [221ms]
2023-11-05 09:41:43.935 [info] > git for-each-ref --format=%(refname)%00%(upstream:short)%00%(objectname)%00%(upstream:track)%00%(upstream:remotename)%00%(upstream:remoteref) refs/heads/master refs/remotes/master [227ms]
2023-11-05 09:41:43.941 [info] > git fetch [239ms]
2023-11-05 09:41:44.614 [info] > git status -z -uall [674ms]
2023-11-05 09:41:44.616 [info] > git fetch [1041ms]
2023-11-05 09:41:44.617 [info] > git fetch [1200ms]
2023-11-05 09:41:44.674 [info] No remotes found in the git config file.
2023-11-05 09:41:44.696 [info] > git config --get commit.template [88ms]
2023-11-05 09:41:44.696 [info] > git rev-parse --show-toplevel [93ms]
2023-11-05 09:41:44.696 [info] > git config --get commit.template [97ms]
2023-11-05 09:41:44.707 [info] > git check-ignore -v -z --stdin [61ms]
2023-11-05 09:41:44.709 [info] > git check-ignore -v -z --stdin [53ms]
2023-11-05 09:41:44.709 [info] > git check-ignore -v -z --stdin [44ms]
2023-11-05 09:41:44.710 [info] > git config --get commit.template [16ms]
2023-11-05 09:41:44.710 [info] > git config --get commit.template [25ms]
2023-11-05 09:41:44.710 [info] > git for-each-ref --format=%(refname)%00%(upstream:short)%00%(objectname)%00%(upstream:track)%00%(upstream:remotename)%00%(upstream:remoteref) refs/heads/master refs/remotes/master [36ms]
2023-11-05 09:41:44.731 [info] No remotes found in the git config file.
2023-11-05 09:41:44.752 [info] > git rev-parse --show-toplevel [47ms]
2023-11-05 09:41:44.783 [info] > git config --get commit.template [31ms]
2023-11-05 09:41:44.783 [info] > git for-each-ref --format=%(refname)%00%(upstream:short)%00%(objectname)%00%(upstream:track)%00%(upstream:remotename)%00%(upstream:remoteref) refs/heads/master refs/remotes/master [52ms]
2023-11-05 09:41:44.784 [info] > git for-each-ref --format=%(refname)%00%(upstream:short)%00%(objectname)%00%(upstream:track)%00%(upstream:remotename)%00%(upstream:remoteref) refs/heads/main refs/remotes/main [64ms]
2023-11-05 09:41:44.785 [info] > git rev-parse --show-toplevel [15ms]
2023-11-05 09:41:44.785 [info] > git for-each-ref --format=%(refname)%00%(upstream:short)%00%(objectname)%00%(upstream:track)%00%(upstream:remotename)%00%(upstream:remoteref) refs/heads/main refs/remotes/main [21ms]
2023-11-05 09:41:44.791 [info] > git for-each-ref --format=%(refname)%00%(upstream:short)%00%(objectname)%00%(upstream:track)%00%(upstream:remotename)%00%(upstream:remoteref) refs/heads/master refs/remotes/master [33ms]
2023-11-05 09:41:44.805 [info] No remotes found in the git config file.
2023-11-05 09:41:44.828 [info] > git status -z -uall [30ms]
2023-11-05 09:41:44.829 [info] > git for-each-ref --format=%(refname)%00%(upstream:short)%00%(objectname)%00%(upstream:track)%00%(upstream:remotename)%00%(upstream:remoteref) refs/heads/master refs/remotes/master [24ms]
2023-11-05 09:41:44.855 [info] > git status -z -uall [21ms]
2023-11-05 09:41:44.857 [info] > git rev-parse --show-toplevel [44ms]
2023-11-05 09:41:44.865 [info] > git rev-parse --show-toplevel [2ms]
2023-11-05 09:41:44.907 [info] > git rev-parse --git-dir --git-common-dir [16ms]
2023-11-05 09:41:44.915 [info] Open repository: /home/ernest/block12
2023-11-05 09:41:45.063 [info] > git status -z -uall [272ms] (cancelled)
2023-11-05 09:41:45.914 [info] > git rev-parse --show-toplevel [979ms]
2023-11-05 09:41:45.914 [info] > git config --get commit.template [985ms]
2023-11-05 09:41:45.915 [info] > git fetch [1000ms]
2023-11-05 09:41:46.079 [info] > git check-ignore -v -z --stdin [99ms]
2023-11-05 09:41:46.080 [info] > git check-ignore -v -z --stdin [87ms]
2023-11-05 09:41:46.080 [info] > git check-ignore -v -z --stdin [74ms]
2023-11-05 09:41:46.081 [info] > git check-ignore -v -z --stdin [64ms]
2023-11-05 09:41:46.108 [info] > git config --get commit.template [33ms]
2023-11-05 09:41:46.108 [info] > git rev-parse --git-dir --git-common-dir [44ms]
2023-11-05 09:41:46.123 [info] Open repository: /home/ernest/block13
2023-11-05 09:41:46.145 [info] > git for-each-ref --format=%(refname)%00%(upstream:short)%00%(objectname)%00%(upstream:track)%00%(upstream:remotename)%00%(upstream:remoteref) refs/heads/master refs/remotes/master [44ms]
2023-11-05 09:41:46.180 [info] > git rev-parse --show-toplevel [36ms]
2023-11-05 09:41:46.181 [info] > git config --get commit.template [45ms]
2023-11-05 09:41:46.195 [info] > git config --get commit.template [16ms]
2023-11-05 09:41:46.195 [info] > git for-each-ref --format=%(refname)%00%(upstream:short)%00%(objectname)%00%(upstream:track)%00%(upstream:remotename)%00%(upstream:remoteref) refs/heads/master refs/remotes/master [38ms]
2023-11-05 09:41:46.211 [info] > git rev-parse --show-toplevel [20ms]
2023-11-05 09:41:46.232 [info] > git for-each-ref --format=%(refname)%00%(upstream:short)%00%(objectname)%00%(upstream:track)%00%(upstream:remotename)%00%(upstream:remoteref) refs/heads/JavaStuff refs/remotes/JavaStuff [22ms]
2023-11-05 09:41:46.240 [info] > git status -z -uall [2ms]
2023-11-05 09:41:46.240 [info] > git rev-parse --show-toplevel [12ms]
2023-11-05 09:41:46.240 [info] > git for-each-ref --format=%(refname)%00%(upstream:short)%00%(objectname)%00%(upstream:track)%00%(upstream:remotename)%00%(upstream:remoteref) refs/heads/master refs/remotes/master [19ms]
2023-11-05 09:41:46.269 [info] > git status -z -uall [22ms]
2023-11-05 09:41:46.269 [info] > git rev-parse --git-dir --git-common-dir [14ms]
2023-11-05 09:41:46.280 [info] Open repository: /home/ernest/personalwebsite
2023-11-05 09:41:46.316 [info] > git show --textconv :block14/index14.js [27ms]
2023-11-05 09:41:46.317 [info] > git ls-files --stage -- /home/ernest/block14/index14.js [19ms]
2023-11-05 09:41:46.319 [info] > git config --get commit.template [50ms]
2023-11-05 09:41:46.534 [info] > git config --get commit.template [225ms]
2023-11-05 09:41:46.603 [info] > git for-each-ref --format=%(refname)%00%(upstream:short)%00%(objectname)%00%(upstream:track)%00%(upstream:remotename)%00%(upstream:remoteref) refs/heads/JavaStuff refs/remotes/JavaStuff [61ms]
2023-11-05 09:41:46.615 [info] > git status -z -uall [5ms]
2023-11-05 09:41:46.617 [info] > git for-each-ref --format=%(refname)%00%(upstream:short)%00%(objectname)%00%(upstream:track)%00%(upstream:remotename)%00%(upstream:remoteref) refs/heads/main refs/remotes/main [28ms]
2023-11-05 09:41:46.644 [info] > git status -z -uall [20ms]
2023-11-05 09:41:46.644 [info] > git show --textconv :block14/index14.html [9ms]
2023-11-05 09:41:46.657 [info] > git ls-files --stage -- /home/ernest/block14/index14.html [13ms]
2023-11-05 09:41:46.659 [info] > git config --get commit.template [3ms]
2023-11-05 09:41:46.659 [info] > git fetch [380ms]
2023-11-05 09:41:46.681 [info] > git config --get commit.template [13ms]
2023-11-05 09:41:46.682 [info] > git for-each-ref --format=%(refname)%00%(upstream:short)%00%(objectname)%00%(upstream:track)%00%(upstream:remotename)%00%(upstream:remoteref) refs/heads/main refs/remotes/main [6ms]
2023-11-05 09:41:46.697 [info] > git for-each-ref --format=%(refname)%00%(upstream:short)%00%(objectname)%00%(upstream:track)%00%(upstream:remotename)%00%(upstream:remoteref) refs/heads/main refs/remotes/main [7ms]
2023-11-05 09:41:46.705 [info] > git status -z -uall [1ms]
2023-11-05 09:41:47.106 [info] > git check-ignore -v -z --stdin [54ms]
2023-11-05 09:41:47.106 [info] > git check-ignore -v -z --stdin [48ms]
2023-11-05 09:41:47.107 [info] > git check-ignore -v -z --stdin [43ms]
2023-11-05 09:41:47.107 [info] > git check-ignore -v -z --stdin [36ms]
2023-11-05 09:41:47.107 [info] > git check-ignore -v -z --stdin [30ms]
2023-11-05 09:41:47.107 [info] > git check-ignore -v -z --stdin [24ms]
2023-11-05 09:41:47.850 [info] > git config --get commit.template [1ms]
2023-11-05 09:41:47.857 [info] > git for-each-ref --format=%(refname)%00%(upstream:short)%00%(objectname)%00%(upstream:track)%00%(upstream:remotename)%00%(upstream:remoteref) refs/heads/main refs/remotes/main [1ms]
2023-11-05 09:41:47.864 [info] > git status -z -uall [1ms]
2023-11-05 09:41:47.952 [info] > git ls-files --stage -- /home/ernest/block14/index14.html [2ms]
2023-11-05 09:41:47.961 [info] > git show --textconv :block14/index14.html [2ms]
2023-11-05 09:41:49.434 [info] > git show --textconv :block14/index14.js [7ms]
2023-11-05 09:41:49.438 [info] > git ls-files --stage -- /home/ernest/block14/index14.js [4ms]
2023-11-05 09:41:50.946 [info] > git fetch [4824ms]
2023-11-05 09:41:50.959 [info] > git config --get commit.template [6ms]
2023-11-05 09:41:50.959 [info] > git for-each-ref --format=%(refname)%00%(upstream:short)%00%(objectname)%00%(upstream:track)%00%(upstream:remotename)%00%(upstream:remoteref) refs/heads/JavaStuff refs/remotes/JavaStuff [1ms]
2023-11-05 09:41:50.965 [info] > git status -z -uall [1ms]
2023-11-05 09:41:52.030 [info] > git config --get commit.template [0ms]
2023-11-05 09:41:52.037 [info] > git for-each-ref --format=%(refname)%00%(upstream:short)%00%(objectname)%00%(upstream:track)%00%(upstream:remotename)%00%(upstream:remoteref) refs/heads/JavaStuff refs/remotes/JavaStuff [0ms]
2023-11-05 09:41:52.044 [info] > git status -z -uall [1ms]
2023-11-05 09:41:52.134 [info] > git show --textconv :block14/index14.html [7ms]
2023-11-05 09:41:52.135 [info] > git ls-files --stage -- /home/ernest/block14/index14.html [2ms]
2023-11-05 09:41:53.236 [info] > git show --textconv :block14/index14.js [6ms]
2023-11-05 09:41:53.237 [info] > git ls-files --stage -- /home/ernest/block14/index14.js [2ms]
2023-11-05 09:41:59.286 [info] > git show --textconv :block14/index14.html [7ms]
2023-11-05 09:41:59.287 [info] > git ls-files --stage -- /home/ernest/block14/index14.html [2ms]
2023-11-05 09:42:00.782 [info] > git check-ignore -v -z --stdin [1ms]
2023-11-05 09:42:01.729 [info] > git show --textconv :block13ws.js [10ms]
2023-11-05 09:42:01.729 [info] > git ls-files --stage -- /home/ernest/block13/block13ws.js [1ms]
2023-11-05 09:42:01.738 [info] > git cat-file -s 702883e22dc998cf5d869e165dd5806abd8982c4 [2ms]
2023-11-05 09:42:03.276 [info] > git show --textconv :index.js [7ms]
2023-11-05 09:42:03.276 [info] > git ls-files --stage -- /home/ernest/block13/index.js [1ms]
2023-11-05 09:42:03.284 [info] > git cat-file -s 7bd19eab96072fa5baabd6df6f68c78aeac05218 [1ms]
2023-11-05 09:42:04.680 [info] > git show --textconv :block13ws.js [8ms]
2023-11-05 09:42:04.680 [info] > git ls-files --stage -- /home/ernest/block13/block13ws.js [1ms]
2023-11-05 09:42:04.688 [info] > git cat-file -s 702883e22dc998cf5d869e165dd5806abd8982c4 [1ms]
