2023-11-16 15:37:27.608 [info] Log level: Info
2023-11-16 15:37:27.608 [info] Validating found git in: "git"
2023-11-16 15:37:27.608 [info] Using git "2.34.1" from "git"
2023-11-16 15:37:27.608 [info] > git rev-parse --show-toplevel [180ms]
2023-11-16 15:37:27.608 [info] > git rev-parse --git-dir --git-common-dir [24ms]
2023-11-16 15:37:27.608 [info] Open repository: /home/ernest
2023-11-16 15:37:27.661 [info] > git rev-parse --show-toplevel [21ms]
2023-11-16 15:37:27.662 [info] > git config --get commit.template [28ms]
2023-11-16 15:37:27.693 [info] > git rev-parse --git-dir --git-common-dir [24ms]
2023-11-16 15:37:27.699 [info] Open repository: /home/ernest/block19
2023-11-16 15:37:27.713 [info] > git for-each-ref --format=%(refname)%00%(upstream:short)%00%(objectname)%00%(upstream:track)%00%(upstream:remotename)%00%(upstream:remoteref) refs/heads/main refs/remotes/main [26ms]
2023-11-16 15:37:27.725 [info] > git rev-parse --show-toplevel [13ms]
2023-11-16 15:37:27.726 [info] > git config --get commit.template [20ms]
2023-11-16 15:37:27.751 [info] > git rev-parse --show-toplevel [14ms]
2023-11-16 15:37:27.770 [info] > git for-each-ref --format=%(refname)%00%(upstream:short)%00%(objectname)%00%(upstream:track)%00%(upstream:remotename)%00%(upstream:remoteref) refs/heads/master refs/remotes/master [21ms]
2023-11-16 15:37:27.792 [info] > git status -z -uall [15ms]
2023-11-16 15:37:27.793 [info] > git rev-parse --show-toplevel [5ms]
2023-11-16 15:37:27.832 [info] > git config --get commit.template [12ms]
2023-11-16 15:37:27.832 [info] > git rev-parse --show-toplevel [23ms]
2023-11-16 15:37:27.853 [info] > git rev-parse --show-toplevel [13ms]
2023-11-16 15:37:27.862 [info] > git for-each-ref --format=%(refname)%00%(upstream:short)%00%(objectname)%00%(upstream:track)%00%(upstream:remotename)%00%(upstream:remoteref) refs/heads/master refs/remotes/master [10ms]
2023-11-16 15:37:27.869 [info] > git rev-parse --git-dir --git-common-dir [10ms]
2023-11-16 15:37:27.872 [info] Open repository: /home/ernest/.nvm
2023-11-16 15:37:27.890 [info] > git status -z -uall [22ms]
2023-11-16 15:37:27.897 [info] > git rev-parse --show-toplevel [7ms]
2023-11-16 15:37:27.897 [info] > git config --get commit.template [17ms]
2023-11-16 15:37:28.871 [info] > git status -z -uall [1151ms] (cancelled)
2023-11-16 15:37:28.871 [info] > git rev-parse --show-toplevel [968ms]
2023-11-16 15:37:28.940 [info] > git config --get commit.template [102ms]
2023-11-16 15:37:28.940 [info] > git for-each-ref --format=%(refname)%00%(upstream:short)%00%(objectname)%00%(upstream:track)%00%(upstream:remotename)%00%(upstream:remoteref) refs/heads/master refs/remotes/master [108ms]
2023-11-16 15:37:28.953 [info] > git check-ignore -v -z --stdin [44ms]
2023-11-16 15:37:28.954 [info] > git check-ignore -v -z --stdin [34ms]
2023-11-16 15:37:28.955 [info] > git check-ignore -v -z --stdin [27ms]
2023-11-16 15:37:28.955 [info] > git status -z -uall [5ms]
2023-11-16 15:37:28.956 [info] > git rev-parse --show-toplevel [19ms]
2023-11-16 15:37:28.998 [info] > git rev-parse --show-toplevel [23ms]
2023-11-16 15:37:28.999 [info] > git for-each-ref --format=%(refname)%00%(upstream:short)%00%(objectname)%00%(upstream:track)%00%(upstream:remotename)%00%(upstream:remoteref) refs/heads/main refs/remotes/main [32ms]
2023-11-16 15:37:29.025 [info] > git config --get commit.template [28ms]
2023-11-16 15:37:29.027 [info] > git rev-parse --git-dir --git-common-dir [3ms]
2023-11-16 15:37:29.030 [info] Open repository: /home/ernest/2310-github-demo
2023-11-16 15:37:29.079 [info] > git rev-parse --show-toplevel [22ms]
2023-11-16 15:37:29.079 [info] > git config --get commit.template [30ms]
2023-11-16 15:37:29.080 [info] > git for-each-ref --format=%(refname)%00%(upstream:short)%00%(objectname)%00%(upstream:track)%00%(upstream:remotename)%00%(upstream:remoteref) refs/heads/master refs/remotes/master [40ms]
2023-11-16 15:37:29.118 [info] No remotes found in the git config file.
2023-11-16 15:37:29.120 [info] > git status -z -uall [30ms]
2023-11-16 15:37:29.120 [info] > git rev-parse --show-toplevel [20ms]
2023-11-16 15:37:29.141 [info] > git for-each-ref --format=%(refname)%00%(upstream:short)%00%(objectname)%00%(upstream:track)%00%(upstream:remotename)%00%(upstream:remoteref) refs/heads/master refs/remotes/master [23ms]
2023-11-16 15:37:29.201 [info] > git status -z -uall [52ms]
2023-11-16 15:37:29.202 [info] > git rev-parse --show-toplevel [70ms]
2023-11-16 15:37:29.369 [info] > git status -z -uall [362ms] (cancelled)
2023-11-16 15:37:29.369 [info] > git rev-parse --show-toplevel [160ms]
2023-11-16 15:37:30.385 [info] > git config --get commit.template [1162ms]
2023-11-16 15:37:30.540 [info] > git check-ignore -v -z --stdin [140ms]
2023-11-16 15:37:30.542 [info] > git check-ignore -v -z --stdin [113ms]
2023-11-16 15:37:30.542 [info] > git check-ignore -v -z --stdin [102ms]
2023-11-16 15:37:30.543 [info] > git check-ignore -v -z --stdin [91ms]
2023-11-16 15:37:30.544 [info] > git rev-parse --show-toplevel [179ms]
2023-11-16 15:37:30.559 [info] No remotes found in the git config file.
2023-11-16 15:37:30.582 [info] > git rev-parse --show-toplevel [4ms]
2023-11-16 15:37:30.583 [info] > git for-each-ref --format=%(refname)%00%(upstream:short)%00%(objectname)%00%(upstream:track)%00%(upstream:remotename)%00%(upstream:remoteref) refs/heads/master refs/remotes/master [26ms]
2023-11-16 15:37:30.639 [info] > git status -z -uall [46ms]
2023-11-16 15:37:30.639 [info] > git rev-parse --show-toplevel [33ms]
2023-11-16 15:37:30.663 [info] > git rev-parse --git-dir --git-common-dir [6ms]
2023-11-16 15:37:30.666 [info] Open repository: /home/ernest/block12
2023-11-16 15:37:30.709 [info] > git rev-parse --show-toplevel [21ms]
2023-11-16 15:37:30.709 [info] > git config --get commit.template [31ms]
2023-11-16 15:37:30.738 [info] > git rev-parse --git-dir --git-common-dir [18ms]
2023-11-16 15:37:30.742 [info] Open repository: /home/ernest/block13
2023-11-16 15:37:30.767 [info] > git for-each-ref --format=%(refname)%00%(upstream:short)%00%(objectname)%00%(upstream:track)%00%(upstream:remotename)%00%(upstream:remoteref) refs/heads/master refs/remotes/master [31ms]
2023-11-16 15:37:30.800 [info] > git rev-parse --show-toplevel [34ms]
2023-11-16 15:37:30.801 [info] > git config --get commit.template [46ms]
2023-11-16 15:37:30.813 [info] > git status -z -uall [34ms]
2023-11-16 15:37:30.844 [info] > git rev-parse --git-dir --git-common-dir [34ms]
2023-11-16 15:37:30.849 [info] Open repository: /home/ernest/block14
2023-11-16 15:37:30.882 [info] > git config --get commit.template [39ms]
2023-11-16 15:37:30.883 [info] > git for-each-ref --format=%(refname)%00%(upstream:short)%00%(objectname)%00%(upstream:track)%00%(upstream:remotename)%00%(upstream:remoteref) refs/heads/JavaStuff refs/remotes/JavaStuff [50ms]
2023-11-16 15:37:30.968 [info] > git rev-parse --show-toplevel [86ms]
2023-11-16 15:37:30.968 [info] > git config --get commit.template [103ms]
2023-11-16 15:37:31.005 [info] > git status -z -uall [112ms]
2023-11-16 15:37:31.005 [info] > git fetch [43ms]
2023-11-16 15:37:31.033 [info] No remotes found in the git config file.
2023-11-16 15:37:31.054 [info] > git rev-parse --git-dir --git-common-dir [61ms]
2023-11-16 15:37:31.066 [info] Open repository: /home/ernest/block15
2023-11-16 15:37:31.067 [info] > git for-each-ref --format=%(refname)%00%(upstream:short)%00%(objectname)%00%(upstream:track)%00%(upstream:remotename)%00%(upstream:remoteref) refs/heads/master refs/remotes/master [87ms]
2023-11-16 15:37:31.361 [info] > git status -z -uall [285ms]
2023-11-16 15:37:31.375 [info] > git config --get commit.template [322ms]
2023-11-16 15:37:31.376 [info] > git config --get commit.template [332ms]
2023-11-16 15:37:31.376 [info] > git for-each-ref --format=%(refname)%00%(upstream:short)%00%(objectname)%00%(upstream:track)%00%(upstream:remotename)%00%(upstream:remoteref) refs/heads/master refs/remotes/master [344ms]
2023-11-16 15:37:31.446 [info] > git rev-parse --show-toplevel [347ms]
2023-11-16 15:37:31.446 [info] > git config --get commit.template [358ms]
2023-11-16 15:37:31.456 [info] No remotes found in the git config file.
2023-11-16 15:37:31.489 [info] > git status -z -uall [102ms]
2023-11-16 15:37:31.565 [info] > git fetch [60ms]
2023-11-16 15:37:31.565 [info] > git rev-parse --git-dir --git-common-dir [77ms]
2023-11-16 15:37:31.578 [info] Open repository: /home/ernest/block16
2023-11-16 15:37:31.579 [info] > git for-each-ref --format=%(refname)%00%(upstream:short)%00%(objectname)%00%(upstream:track)%00%(upstream:remotename)%00%(upstream:remoteref) refs/heads/JavaStuff refs/remotes/JavaStuff [115ms]
2023-11-16 15:37:31.591 [info] > git for-each-ref --format=%(refname)%00%(upstream:short)%00%(objectname)%00%(upstream:track)%00%(upstream:remotename)%00%(upstream:remoteref) refs/heads/master refs/remotes/master [135ms]
2023-11-16 15:37:31.601 [info] > git fetch [651ms]
2023-11-16 15:37:31.601 [info] > git fetch [535ms]
2023-11-16 15:37:31.602 [info] > git fetch [663ms]
2023-11-16 15:37:31.602 [info] > git fetch [584ms]
2023-11-16 15:37:31.753 [info] > git status -z -uall [162ms] (cancelled)
2023-11-16 15:37:31.754 [info] > git status -z -uall [154ms]
2023-11-16 15:37:31.754 [info] > git check-ignore -v -z --stdin [139ms]
2023-11-16 15:37:31.754 [info] > git check-ignore -v -z --stdin [130ms]
2023-11-16 15:37:31.755 [info] > git check-ignore -v -z --stdin [120ms]
2023-11-16 15:37:31.755 [info] > git check-ignore -v -z --stdin [109ms]
2023-11-16 15:37:31.755 [info] > git check-ignore -v -z --stdin [100ms]
2023-11-16 15:37:31.755 [info] > git check-ignore -v -z --stdin [93ms]
2023-11-16 15:37:31.755 [info] > git check-ignore -v -z --stdin [83ms]
2023-11-16 15:37:31.756 [info] > git check-ignore -v -z --stdin [75ms]
2023-11-16 15:37:31.757 [info] > git config --get commit.template [201ms]
2023-11-16 15:37:31.757 [info] > git for-each-ref --format=%(refname)%00%(upstream:short)%00%(objectname)%00%(upstream:track)%00%(upstream:remotename)%00%(upstream:remoteref) refs/heads/master refs/remotes/master [210ms]
2023-11-16 15:37:31.758 [info] > git fetch [828ms]
2023-11-16 15:37:31.758 [info] fatal: repository 'https://github.com/ernesttheiss/github-workflow/tree/master/' not found
2023-11-16 15:37:31.804 [info] > git config --get commit.template [58ms]
2023-11-16 15:37:31.804 [info] > git config --get commit.template [66ms]
2023-11-16 15:37:31.804 [info] > git config --get commit.template [76ms]
2023-11-16 15:37:31.804 [info] > git config --get commit.template [84ms]
2023-11-16 15:37:31.804 [info] > git rev-parse --show-toplevel [94ms]
2023-11-16 15:37:31.804 [info] > git config --get commit.template [103ms]
2023-11-16 15:37:31.804 [info] > git config --get commit.template [113ms]
2023-11-16 15:37:31.814 [info] No remotes found in the git config file.
2023-11-16 15:37:31.826 [info] > git config --get commit.template [34ms]
2023-11-16 15:37:31.826 [info] > git config --get commit.template [42ms]
2023-11-16 15:37:31.836 [info] No remotes found in the git config file.
2023-11-16 15:37:31.885 [info] > git rev-parse --git-dir --git-common-dir [62ms]
2023-11-16 15:37:31.896 [info] Open repository: /home/ernest/block17
2023-11-16 15:37:31.898 [info] > git for-each-ref --format=%(refname)%00%(upstream:short)%00%(objectname)%00%(upstream:track)%00%(upstream:remotename)%00%(upstream:remoteref) refs/heads/master refs/remotes/master [83ms]
2023-11-16 15:37:31.941 [info] > git for-each-ref --format=%(refname)%00%(upstream:short)%00%(objectname)%00%(upstream:track)%00%(upstream:remotename)%00%(upstream:remoteref) refs/heads/JavaStuff refs/remotes/JavaStuff [61ms]
2023-11-16 15:37:31.951 [info] > git for-each-ref --format=%(refname)%00%(upstream:short)%00%(objectname)%00%(upstream:track)%00%(upstream:remotename)%00%(upstream:remoteref) refs/heads/master refs/remotes/master [78ms]
2023-11-16 15:37:31.959 [info] > git for-each-ref --format=%(refname)%00%(upstream:short)%00%(objectname)%00%(upstream:track)%00%(upstream:remotename)%00%(upstream:remoteref) refs/heads/master refs/remotes/master [97ms]
2023-11-16 15:37:31.960 [info] > git for-each-ref --format=%(refname)%00%(upstream:short)%00%(objectname)%00%(upstream:track)%00%(upstream:remotename)%00%(upstream:remoteref) refs/heads/master refs/remotes/master [105ms]
2023-11-16 15:37:31.969 [info] > git for-each-ref --format=%(refname)%00%(upstream:short)%00%(objectname)%00%(upstream:track)%00%(upstream:remotename)%00%(upstream:remoteref) refs/heads/master refs/remotes/master [123ms]
2023-11-16 15:37:31.978 [info] > git for-each-ref --format=%(refname)%00%(upstream:short)%00%(objectname)%00%(upstream:track)%00%(upstream:remotename)%00%(upstream:remoteref) refs/heads/master refs/remotes/master [143ms]
2023-11-16 15:37:31.989 [info] > git fetch [614ms]
2023-11-16 15:37:32.058 [info] > git status -z -uall [108ms]
2023-11-16 15:37:32.058 [info] > git status -z -uall [100ms]
2023-11-16 15:37:32.058 [info] > git status -z -uall [89ms]
2023-11-16 15:37:32.058 [info] > git status -z -uall [81ms]
2023-11-16 15:37:32.058 [info] > git status -z -uall [70ms]
2023-11-16 15:37:32.063 [info] > git rev-parse --show-toplevel [128ms]
2023-11-16 15:37:32.063 [info] > git config --get commit.template [136ms]
2023-11-16 15:37:32.063 [info] > git for-each-ref --format=%(refname)%00%(upstream:short)%00%(objectname)%00%(upstream:track)%00%(upstream:remotename)%00%(upstream:remoteref) refs/heads/main refs/remotes/main [145ms]
2023-11-16 15:37:32.072 [info] > git for-each-ref --format=%(refname)%00%(upstream:short)%00%(objectname)%00%(upstream:track)%00%(upstream:remotename)%00%(upstream:remoteref) refs/heads/master refs/remotes/master [164ms]
2023-11-16 15:37:32.108 [info] > git status -z -uall [27ms]
2023-11-16 15:37:32.111 [info] > git config --get commit.template [56ms]
2023-11-16 15:37:32.125 [info] > git fetch [548ms]
2023-11-16 15:37:32.178 [info] > git rev-parse --show-toplevel [76ms]
2023-11-16 15:37:32.179 [info] > git config --get commit.template [87ms]
2023-11-16 15:37:32.223 [info] > git config --get commit.template [59ms]
2023-11-16 15:37:32.232 [info] > git for-each-ref --format=%(refname)%00%(upstream:short)%00%(objectname)%00%(upstream:track)%00%(upstream:remotename)%00%(upstream:remoteref) refs/heads/master refs/remotes/master [96ms]
2023-11-16 15:37:32.256 [info] > git status -z -uall [15ms]
2023-11-16 15:37:32.275 [info] > git rev-parse --git-dir --git-common-dir [67ms]
2023-11-16 15:37:32.287 [info] Open repository: /home/ernest/personalwebsite
2023-11-16 15:37:32.306 [info] > git for-each-ref --format=%(refname)%00%(upstream:short)%00%(objectname)%00%(upstream:track)%00%(upstream:remotename)%00%(upstream:remoteref) refs/heads/master refs/remotes/master [110ms]
2023-11-16 15:37:32.339 [info] > git show --textconv :freelance.js [43ms]
2023-11-16 15:37:32.339 [info] > git status -z -uall [25ms]
2023-11-16 15:37:32.340 [info] > git ls-files --stage -- /home/ernest/block19/freelance.js [34ms]
2023-11-16 15:37:32.360 [info] > git for-each-ref --format=%(refname)%00%(upstream:short)%00%(objectname)%00%(upstream:track)%00%(upstream:remotename)%00%(upstream:remoteref) refs/heads/master refs/remotes/master [110ms]
2023-11-16 15:37:32.386 [info] > git cat-file -s c5db4b3b0450ce344c83ba9bdb3619e5e320579d [37ms]
2023-11-16 15:37:32.387 [info] > git config --get commit.template [51ms]
2023-11-16 15:37:32.387 [info] > git for-each-ref --format=%(refname)%00%(upstream:short)%00%(objectname)%00%(upstream:track)%00%(upstream:remotename)%00%(upstream:remoteref) refs/heads/master refs/remotes/master [62ms]
2023-11-16 15:37:32.540 [info] > git status -z -uall [468ms] (cancelled)
2023-11-16 15:37:32.540 [info] > git status -z -uall [145ms]
2023-11-16 15:37:32.552 [info] > git config --get commit.template [178ms]
2023-11-16 15:37:32.552 [info] > git fetch [656ms]
2023-11-16 15:37:33.484 [info] > git fetch [1198ms]
2023-11-16 15:37:33.653 [info] > git check-ignore -v -z --stdin [116ms]
2023-11-16 15:37:33.654 [info] > git check-ignore -v -z --stdin [105ms]
2023-11-16 15:37:33.655 [info] > git check-ignore -v -z --stdin [97ms]
2023-11-16 15:37:33.655 [info] > git check-ignore -v -z --stdin [89ms]
2023-11-16 15:37:33.656 [info] > git check-ignore -v -z --stdin [82ms]
2023-11-16 15:37:33.656 [info] > git check-ignore -v -z --stdin [73ms]
2023-11-16 15:37:33.656 [info] > git check-ignore -v -z --stdin [64ms]
2023-11-16 15:37:33.657 [info] > git check-ignore -v -z --stdin [53ms]
2023-11-16 15:37:33.657 [info] > git check-ignore -v -z --stdin [44ms]
2023-11-16 15:37:33.657 [info] > git check-ignore -v -z --stdin [35ms]
2023-11-16 15:37:33.657 [info] > git check-ignore -v -z --stdin [26ms]
2023-11-16 15:37:33.677 [info] > git config --get commit.template [222ms]
2023-11-16 15:37:33.677 [info] > git for-each-ref --format=%(refname)%00%(upstream:short)%00%(objectname)%00%(upstream:track)%00%(upstream:remotename)%00%(upstream:remoteref) refs/heads/main refs/remotes/main [231ms]
2023-11-16 15:37:33.696 [info] > git config --get commit.template [46ms]
2023-11-16 15:37:33.696 [info] > git for-each-ref --format=%(refname)%00%(upstream:short)%00%(objectname)%00%(upstream:track)%00%(upstream:remotename)%00%(upstream:remoteref) refs/heads/master refs/remotes/master [55ms]
2023-11-16 15:37:33.709 [info] > git config --get commit.template [15ms]
2023-11-16 15:37:33.721 [info] > git for-each-ref --format=%(refname)%00%(upstream:short)%00%(objectname)%00%(upstream:track)%00%(upstream:remotename)%00%(upstream:remoteref) refs/heads/master refs/remotes/master [14ms]
2023-11-16 15:37:33.746 [info] > git for-each-ref --format=%(refname)%00%(upstream:short)%00%(objectname)%00%(upstream:track)%00%(upstream:remotename)%00%(upstream:remoteref) refs/heads/main refs/remotes/main [28ms]
2023-11-16 15:37:33.748 [info] > git status -z -uall [17ms]
2023-11-16 15:37:33.748 [info] > git for-each-ref --format=%(refname)%00%(upstream:short)%00%(objectname)%00%(upstream:track)%00%(upstream:remotename)%00%(upstream:remoteref) refs/heads/main refs/remotes/main [4ms]
2023-11-16 15:37:33.760 [info] > git status -z -uall [2ms]
2023-11-16 15:37:58.274 [info] > git check-ignore -v -z --stdin [3ms]
2023-11-16 15:38:04.215 [info] > git show --textconv :Random/random.js [10ms]
2023-11-16 15:38:04.216 [info] > git ls-files --stage -- /home/ernest/Random/random.js [2ms]
2023-11-16 15:38:04.433 [info] > git check-ignore -v -z --stdin [2ms]
2023-11-16 15:40:31.768 [info] > git fetch [4ms]
2023-11-16 15:40:31.786 [info] No remotes found in the git config file.
2023-11-16 15:40:31.787 [info] > git config --get commit.template [8ms]
2023-11-16 15:40:31.787 [info] > git for-each-ref --format=%(refname)%00%(upstream:short)%00%(objectname)%00%(upstream:track)%00%(upstream:remotename)%00%(upstream:remoteref) refs/heads/master refs/remotes/master [1ms]
2023-11-16 15:40:31.795 [info] > git status -z -uall [1ms]
2023-11-16 15:40:32.092 [info] > git fetch [26ms]
2023-11-16 15:40:32.102 [info] > git config --get commit.template [1ms]
2023-11-16 15:40:32.110 [info] No remotes found in the git config file.
2023-11-16 15:40:32.111 [info] > git for-each-ref --format=%(refname)%00%(upstream:short)%00%(objectname)%00%(upstream:track)%00%(upstream:remotename)%00%(upstream:remoteref) refs/heads/master refs/remotes/master [0ms]
2023-11-16 15:40:32.120 [info] > git status -z -uall [1ms]
2023-11-16 15:40:32.501 [info] > git fetch [532ms]
2023-11-16 15:40:32.518 [info] > git fetch [428ms]
2023-11-16 15:40:32.519 [info] > git config --get commit.template [9ms]
2023-11-16 15:40:32.527 [info] > git for-each-ref --format=%(refname)%00%(upstream:short)%00%(objectname)%00%(upstream:track)%00%(upstream:remotename)%00%(upstream:remoteref) refs/heads/master refs/remotes/master [11ms]
2023-11-16 15:40:32.534 [info] > git fetch [452ms]
2023-11-16 15:40:32.541 [info] > git status -z -uall [8ms]
2023-11-16 15:40:32.543 [info] > git config --get commit.template [17ms]
2023-11-16 15:40:32.560 [info] > git config --get commit.template [18ms]
2023-11-16 15:40:32.577 [info] > git for-each-ref --format=%(refname)%00%(upstream:short)%00%(objectname)%00%(upstream:track)%00%(upstream:remotename)%00%(upstream:remoteref) refs/heads/JavaStuff refs/remotes/JavaStuff [7ms]
2023-11-16 15:40:32.583 [info] > git for-each-ref --format=%(refname)%00%(upstream:short)%00%(objectname)%00%(upstream:track)%00%(upstream:remotename)%00%(upstream:remoteref) refs/heads/master refs/remotes/master [8ms]
2023-11-16 15:40:32.591 [info] > git status -z -uall [9ms]
2023-11-16 15:40:32.593 [info] > git status -z -uall [2ms]
2023-11-16 15:40:32.831 [info] > git fetch [425ms]
2023-11-16 15:40:32.840 [info] > git config --get commit.template [1ms]
2023-11-16 15:40:32.848 [info] > git for-each-ref --format=%(refname)%00%(upstream:short)%00%(objectname)%00%(upstream:track)%00%(upstream:remotename)%00%(upstream:remoteref) refs/heads/master refs/remotes/master [1ms]
2023-11-16 15:40:32.855 [info] > git status -z -uall [1ms]
2023-11-16 15:40:32.934 [info] > git fetch [860ms]
2023-11-16 15:40:32.942 [info] > git config --get commit.template [9ms]
2023-11-16 15:40:32.949 [info] No remotes found in the git config file.
2023-11-16 15:40:32.950 [info] > git config --get commit.template [8ms]
2023-11-16 15:40:32.950 [info] > git for-each-ref --format=%(refname)%00%(upstream:short)%00%(objectname)%00%(upstream:track)%00%(upstream:remotename)%00%(upstream:remoteref) refs/heads/master refs/remotes/master [1ms]
2023-11-16 15:40:32.965 [info] > git status -z -uall [8ms]
2023-11-16 15:40:32.966 [info] > git fetch [408ms]
2023-11-16 15:40:32.967 [info] > git for-each-ref --format=%(refname)%00%(upstream:short)%00%(objectname)%00%(upstream:track)%00%(upstream:remotename)%00%(upstream:remoteref) refs/heads/master refs/remotes/master [3ms]
2023-11-16 15:40:32.980 [info] > git status -z -uall [6ms]
2023-11-16 15:40:32.981 [info] > git config --get commit.template [1ms]
2023-11-16 15:40:32.994 [info] > git for-each-ref --format=%(refname)%00%(upstream:short)%00%(objectname)%00%(upstream:track)%00%(upstream:remotename)%00%(upstream:remoteref) refs/heads/master refs/remotes/master [1ms]
2023-11-16 15:40:33.002 [info] > git status -z -uall [1ms]
2023-11-16 15:40:33.081 [info] > git fetch [531ms]
2023-11-16 15:40:33.081 [info] fatal: repository 'https://github.com/ernesttheiss/github-workflow/tree/master/' not found
2023-11-16 15:40:33.091 [info] > git config --get commit.template [0ms]
2023-11-16 15:40:33.097 [info] > git for-each-ref --format=%(refname)%00%(upstream:short)%00%(objectname)%00%(upstream:track)%00%(upstream:remotename)%00%(upstream:remoteref) refs/heads/main refs/remotes/main [1ms]
2023-11-16 15:40:34.181 [info] > git status -z -uall [1076ms] (cancelled)
2023-11-16 15:40:34.326 [info] > git config --get commit.template [160ms]
2023-11-16 15:40:34.328 [info] > git config --get commit.template [5ms]
2023-11-16 15:40:34.329 [info] > git config --get commit.template [18ms]
2023-11-16 15:40:34.329 [info] > git config --get commit.template [33ms]
2023-11-16 15:40:34.329 [info] > git config --get commit.template [50ms]
2023-11-16 15:40:34.341 [info] No remotes found in the git config file.
2023-11-16 15:40:34.388 [info] > git for-each-ref --format=%(refname)%00%(upstream:short)%00%(objectname)%00%(upstream:track)%00%(upstream:remotename)%00%(upstream:remoteref) refs/heads/master refs/remotes/master [48ms]
2023-11-16 15:40:34.403 [info] > git for-each-ref --format=%(refname)%00%(upstream:short)%00%(objectname)%00%(upstream:track)%00%(upstream:remotename)%00%(upstream:remoteref) refs/heads/master refs/remotes/master [17ms]
2023-11-16 15:40:34.413 [info] > git for-each-ref --format=%(refname)%00%(upstream:short)%00%(objectname)%00%(upstream:track)%00%(upstream:remotename)%00%(upstream:remoteref) refs/heads/master refs/remotes/master [39ms]
2023-11-16 15:40:34.427 [info] > git for-each-ref --format=%(refname)%00%(upstream:short)%00%(objectname)%00%(upstream:track)%00%(upstream:remotename)%00%(upstream:remoteref) refs/heads/JavaStuff refs/remotes/JavaStuff [68ms]
2023-11-16 15:40:34.442 [info] > git for-each-ref --format=%(refname)%00%(upstream:short)%00%(objectname)%00%(upstream:track)%00%(upstream:remotename)%00%(upstream:remoteref) refs/heads/master refs/remotes/master [92ms]
2023-11-16 15:40:34.457 [info] > git status -z -uall [55ms]
2023-11-16 15:40:34.457 [info] > git status -z -uall [44ms]
2023-11-16 15:40:34.457 [info] > git status -z -uall [31ms]
2023-11-16 15:40:34.457 [info] > git status -z -uall [15ms]
2023-11-16 15:40:34.457 [info] > git status -z -uall [3ms]
2023-11-16 15:40:34.691 [info] > git fetch [442ms]
2023-11-16 15:40:34.713 [info] > git config --get commit.template [11ms]
2023-11-16 15:40:34.713 [info] > git for-each-ref --format=%(refname)%00%(upstream:short)%00%(objectname)%00%(upstream:track)%00%(upstream:remotename)%00%(upstream:remoteref) refs/heads/main refs/remotes/main [1ms]
2023-11-16 15:40:34.724 [info] > git fetch [457ms]
2023-11-16 15:40:34.735 [info] > git status -z -uall [12ms]
2023-11-16 15:40:34.740 [info] > git config --get commit.template [5ms]
2023-11-16 15:40:34.753 [info] > git for-each-ref --format=%(refname)%00%(upstream:short)%00%(objectname)%00%(upstream:track)%00%(upstream:remotename)%00%(upstream:remoteref) refs/heads/master refs/remotes/master [2ms]
2023-11-16 15:40:34.766 [info] > git status -z -uall [0ms]
2023-11-16 15:40:35.191 [info] > git config --get commit.template [12ms]
2023-11-16 15:40:35.192 [info] > git config --get commit.template [1ms]
2023-11-16 15:40:35.210 [info] > git for-each-ref --format=%(refname)%00%(upstream:short)%00%(objectname)%00%(upstream:track)%00%(upstream:remotename)%00%(upstream:remoteref) refs/heads/master refs/remotes/master [1ms]
2023-11-16 15:40:35.218 [info] > git for-each-ref --format=%(refname)%00%(upstream:short)%00%(objectname)%00%(upstream:track)%00%(upstream:remotename)%00%(upstream:remoteref) refs/heads/master refs/remotes/master [17ms]
2023-11-16 15:40:35.249 [info] > git status -z -uall [31ms]
2023-11-16 15:40:35.249 [info] > git status -z -uall [22ms]
2023-11-16 15:40:35.939 [info] > git config --get commit.template [1ms]
2023-11-16 15:40:35.940 [info] > git config --get commit.template [10ms]
2023-11-16 15:40:35.959 [info] > git for-each-ref --format=%(refname)%00%(upstream:short)%00%(objectname)%00%(upstream:track)%00%(upstream:remotename)%00%(upstream:remoteref) refs/heads/master refs/remotes/master [9ms]
2023-11-16 15:40:35.969 [info] > git status -z -uall [2ms]
2023-11-16 15:40:35.970 [info] > git for-each-ref --format=%(refname)%00%(upstream:short)%00%(objectname)%00%(upstream:track)%00%(upstream:remotename)%00%(upstream:remoteref) refs/heads/main refs/remotes/main [13ms]
2023-11-16 15:40:35.980 [info] > git status -z -uall [0ms]
2023-11-16 15:40:36.033 [info] > git ls-files --stage -- /home/ernest/Random/random.js [2ms]
2023-11-16 15:40:36.048 [info] > git show --textconv :Random/random.js [2ms]
2023-11-16 15:47:25.620 [info] > git fetch [103ms]
2023-11-16 15:47:25.621 [info] > git fetch [113ms]
2023-11-16 15:47:25.658 [info] > git config --get commit.template [5ms]
2023-11-16 15:47:25.658 [info] > git config --get commit.template [16ms]
2023-11-16 15:47:25.669 [info] No remotes found in the git config file.
2023-11-16 15:47:25.678 [info] No remotes found in the git config file.
2023-11-16 15:47:25.678 [info] > git for-each-ref --format=%(refname)%00%(upstream:short)%00%(objectname)%00%(upstream:track)%00%(upstream:remotename)%00%(upstream:remoteref) refs/heads/master refs/remotes/master [10ms]
2023-11-16 15:47:25.690 [info] > git for-each-ref --format=%(refname)%00%(upstream:short)%00%(objectname)%00%(upstream:track)%00%(upstream:remotename)%00%(upstream:remoteref) refs/heads/master refs/remotes/master [13ms]
2023-11-16 15:47:25.699 [info] > git status -z -uall [10ms]
2023-11-16 15:47:25.700 [info] > git status -z -uall [1ms]
2023-11-16 15:47:26.291 [info] > git fetch [709ms]
2023-11-16 15:47:26.300 [info] > git fetch [761ms]
2023-11-16 15:47:26.308 [info] > git config --get commit.template [9ms]
2023-11-16 15:47:26.317 [info] > git config --get commit.template [9ms]
2023-11-16 15:47:26.318 [info] > git for-each-ref --format=%(refname)%00%(upstream:short)%00%(objectname)%00%(upstream:track)%00%(upstream:remotename)%00%(upstream:remoteref) refs/heads/master refs/remotes/master [2ms]
2023-11-16 15:47:26.326 [info] > git fetch [778ms]
2023-11-16 15:47:26.327 [info] > git fetch [767ms]
2023-11-16 15:47:26.349 [info] > git status -z -uall [21ms]
2023-11-16 15:47:26.350 [info] > git fetch [780ms]
2023-11-16 15:47:26.360 [info] > git config --get commit.template [13ms]
2023-11-16 15:47:26.360 [info] > git config --get commit.template [19ms]
2023-11-16 15:47:26.361 [info] > git for-each-ref --format=%(refname)%00%(upstream:short)%00%(objectname)%00%(upstream:track)%00%(upstream:remotename)%00%(upstream:remoteref) refs/heads/JavaStuff refs/remotes/JavaStuff [26ms]
2023-11-16 15:47:26.368 [info] > git fetch [751ms]
2023-11-16 15:47:26.369 [info] > git fetch [775ms]
2023-11-16 15:47:26.369 [info] fatal: repository 'https://github.com/ernesttheiss/github-workflow/tree/master/' not found
2023-11-16 15:47:26.384 [info] > git status -z -uall [16ms]
2023-11-16 15:47:26.388 [info] > git config --get commit.template [28ms]
2023-11-16 15:47:26.407 [info] > git config --get commit.template [24ms]
2023-11-16 15:47:26.408 [info] > git config --get commit.template [31ms]
2023-11-16 15:47:26.408 [info] > git fetch [804ms]
2023-11-16 15:47:26.424 [info] > git for-each-ref --format=%(refname)%00%(upstream:short)%00%(objectname)%00%(upstream:track)%00%(upstream:remotename)%00%(upstream:remoteref) refs/heads/master refs/remotes/master [18ms]
2023-11-16 15:47:26.432 [info] > git for-each-ref --format=%(refname)%00%(upstream:short)%00%(objectname)%00%(upstream:track)%00%(upstream:remotename)%00%(upstream:remoteref) refs/heads/master refs/remotes/master [34ms]
2023-11-16 15:47:26.439 [info] > git fetch [911ms]
2023-11-16 15:47:26.461 [info] > git status -z -uall [30ms]
2023-11-16 15:47:26.461 [info] > git status -z -uall [22ms]
2023-11-16 15:47:26.464 [info] > git config --get commit.template [41ms]
2023-11-16 15:47:26.464 [info] > git for-each-ref --format=%(refname)%00%(upstream:short)%00%(objectname)%00%(upstream:track)%00%(upstream:remotename)%00%(upstream:remoteref) refs/heads/master refs/remotes/master [50ms]
2023-11-16 15:47:26.472 [info] > git config --get commit.template [11ms]
2023-11-16 15:47:26.472 [info] > git for-each-ref --format=%(refname)%00%(upstream:short)%00%(objectname)%00%(upstream:track)%00%(upstream:remotename)%00%(upstream:remoteref) refs/heads/main refs/remotes/main [20ms]
2023-11-16 15:47:26.479 [info] > git for-each-ref --format=%(refname)%00%(upstream:short)%00%(objectname)%00%(upstream:track)%00%(upstream:remotename)%00%(upstream:remoteref) refs/heads/master refs/remotes/master [33ms]
2023-11-16 15:47:26.501 [info] > git status -z -uall [31ms]
2023-11-16 15:47:26.501 [info] > git status -z -uall [11ms]
2023-11-16 15:47:26.515 [info] > git for-each-ref --format=%(refname)%00%(upstream:short)%00%(objectname)%00%(upstream:track)%00%(upstream:remotename)%00%(upstream:remoteref) refs/heads/main refs/remotes/main [15ms]
2023-11-16 15:47:26.525 [info] > git status -z -uall [0ms]
2023-11-16 15:47:26.526 [info] > git for-each-ref --format=%(refname)%00%(upstream:short)%00%(objectname)%00%(upstream:track)%00%(upstream:remotename)%00%(upstream:remoteref) refs/heads/master refs/remotes/master [11ms]
2023-11-16 15:47:26.535 [info] > git status -z -uall [3ms]
2023-11-16 15:47:27.561 [info] > git status -z -uall [1082ms] (cancelled)
2023-11-16 15:47:27.644 [info] > git config --get commit.template [26ms]
2023-11-16 15:47:27.644 [info] > git config --get commit.template [39ms]
2023-11-16 15:47:27.645 [info] > git config --get commit.template [3ms]
2023-11-16 15:47:27.659 [info] No remotes found in the git config file.
2023-11-16 15:47:27.668 [info] No remotes found in the git config file.
2023-11-16 15:47:27.681 [info] > git for-each-ref --format=%(refname)%00%(upstream:short)%00%(objectname)%00%(upstream:track)%00%(upstream:remotename)%00%(upstream:remoteref) refs/heads/master refs/remotes/master [1ms]
2023-11-16 15:47:27.692 [info] > git for-each-ref --format=%(refname)%00%(upstream:short)%00%(objectname)%00%(upstream:track)%00%(upstream:remotename)%00%(upstream:remoteref) refs/heads/master refs/remotes/master [24ms]
2023-11-16 15:47:27.701 [info] > git for-each-ref --format=%(refname)%00%(upstream:short)%00%(objectname)%00%(upstream:track)%00%(upstream:remotename)%00%(upstream:remoteref) refs/heads/master refs/remotes/master [43ms]
2023-11-16 15:47:27.712 [info] > git status -z -uall [20ms]
2023-11-16 15:47:27.712 [info] > git status -z -uall [11ms]
2023-11-16 15:47:27.712 [info] > git status -z -uall [1ms]
2023-11-16 15:47:28.639 [info] > git config --get commit.template [60ms]
2023-11-16 15:47:28.639 [info] > git config --get commit.template [71ms]
2023-11-16 15:47:28.667 [info] > git config --get commit.template [29ms]
2023-11-16 15:47:28.668 [info] > git config --get commit.template [41ms]
2023-11-16 15:47:28.668 [info] > git config --get commit.template [52ms]
2023-11-16 15:47:28.668 [info] > git config --get commit.template [63ms]
2023-11-16 15:47:28.668 [info] > git config --get commit.template [74ms]
2023-11-16 15:47:28.732 [info] > git for-each-ref --format=%(refname)%00%(upstream:short)%00%(objectname)%00%(upstream:track)%00%(upstream:remotename)%00%(upstream:remoteref) refs/heads/master refs/remotes/master [46ms]
2023-11-16 15:47:28.740 [info] > git for-each-ref --format=%(refname)%00%(upstream:short)%00%(objectname)%00%(upstream:track)%00%(upstream:remotename)%00%(upstream:remoteref) refs/heads/master refs/remotes/master [62ms]
2023-11-16 15:47:28.761 [info] > git status -z -uall [21ms]
2023-11-16 15:47:28.761 [info] > git status -z -uall [13ms]
2023-11-16 15:47:28.763 [info] > git for-each-ref --format=%(refname)%00%(upstream:short)%00%(objectname)%00%(upstream:track)%00%(upstream:remotename)%00%(upstream:remoteref) refs/heads/main refs/remotes/main [32ms]
2023-11-16 15:47:28.771 [info] > git for-each-ref --format=%(refname)%00%(upstream:short)%00%(objectname)%00%(upstream:track)%00%(upstream:remotename)%00%(upstream:remoteref) refs/heads/master refs/remotes/master [50ms]
2023-11-16 15:47:28.782 [info] > git for-each-ref --format=%(refname)%00%(upstream:short)%00%(objectname)%00%(upstream:track)%00%(upstream:remotename)%00%(upstream:remoteref) refs/heads/master refs/remotes/master [69ms]
2023-11-16 15:47:28.791 [info] > git for-each-ref --format=%(refname)%00%(upstream:short)%00%(objectname)%00%(upstream:track)%00%(upstream:remotename)%00%(upstream:remoteref) refs/heads/JavaStuff refs/remotes/JavaStuff [87ms]
2023-11-16 15:47:28.800 [info] > git for-each-ref --format=%(refname)%00%(upstream:short)%00%(objectname)%00%(upstream:track)%00%(upstream:remotename)%00%(upstream:remoteref) refs/heads/master refs/remotes/master [104ms]
2023-11-16 15:47:28.811 [info] > git status -z -uall [40ms]
2023-11-16 15:47:28.812 [info] > git status -z -uall [30ms]
2023-11-16 15:47:28.812 [info] > git status -z -uall [21ms]
2023-11-16 15:47:28.812 [info] > git status -z -uall [12ms]
2023-11-16 15:47:28.812 [info] > git status -z -uall [2ms]
2023-11-16 15:47:28.815 [info] > git ls-files --stage -- /home/ernest/Random/random.js [55ms]
2023-11-16 15:47:28.830 [info] > git show --textconv :Random/random.js [2ms]
2023-11-16 15:49:44.056 [info] > git check-ignore -v -z --stdin [1ms]
2023-11-16 15:49:45.448 [info] > git show --textconv :block13ws.js [10ms]
2023-11-16 15:49:45.448 [info] > git ls-files --stage -- /home/ernest/block13/block13ws.js [1ms]
2023-11-16 15:49:45.460 [info] > git cat-file -s 702883e22dc998cf5d869e165dd5806abd8982c4 [1ms]
2023-11-16 15:50:28.775 [info] > git fetch [128ms]
2023-11-16 15:50:28.776 [info] > git fetch [140ms]
2023-11-16 15:50:28.804 [info] > git config --get commit.template [11ms]
2023-11-16 15:50:28.805 [info] > git config --get commit.template [2ms]
2023-11-16 15:50:28.816 [info] No remotes found in the git config file.
2023-11-16 15:50:28.826 [info] No remotes found in the git config file.
2023-11-16 15:50:28.827 [info] > git for-each-ref --format=%(refname)%00%(upstream:short)%00%(objectname)%00%(upstream:track)%00%(upstream:remotename)%00%(upstream:remoteref) refs/heads/master refs/remotes/master [1ms]
2023-11-16 15:50:28.843 [info] > git for-each-ref --format=%(refname)%00%(upstream:short)%00%(objectname)%00%(upstream:track)%00%(upstream:remotename)%00%(upstream:remoteref) refs/heads/master refs/remotes/master [28ms]
2023-11-16 15:50:28.859 [info] > git status -z -uall [16ms]
2023-11-16 15:50:28.859 [info] > git status -z -uall [1ms]
2023-11-16 15:50:29.150 [info] > git fetch [466ms]
2023-11-16 15:50:29.166 [info] > git fetch [506ms]
2023-11-16 15:50:29.168 [info] > git fetch [495ms]
2023-11-16 15:50:29.192 [info] > git config --get commit.template [27ms]
2023-11-16 15:50:29.205 [info] > git config --get commit.template [14ms]
2023-11-16 15:50:29.206 [info] > git config --get commit.template [24ms]
2023-11-16 15:50:29.206 [info] > git fetch [466ms]
2023-11-16 15:50:29.218 [info] > git for-each-ref --format=%(refname)%00%(upstream:short)%00%(objectname)%00%(upstream:track)%00%(upstream:remotename)%00%(upstream:remoteref) refs/heads/master refs/remotes/master [14ms]
2023-11-16 15:50:29.227 [info] > git fetch [502ms]
2023-11-16 15:50:29.228 [info] > git fetch [530ms]
2023-11-16 15:50:29.280 [info] > git status -z -uall [54ms]
2023-11-16 15:50:29.284 [info] > git config --get commit.template [66ms]
2023-11-16 15:50:29.285 [info] > git config --get commit.template [6ms]
2023-11-16 15:50:29.285 [info] > git config --get commit.template [17ms]
2023-11-16 15:50:29.286 [info] > git for-each-ref --format=%(refname)%00%(upstream:short)%00%(objectname)%00%(upstream:track)%00%(upstream:remotename)%00%(upstream:remoteref) refs/heads/JavaStuff refs/remotes/JavaStuff [31ms]
2023-11-16 15:50:29.300 [info] > git for-each-ref --format=%(refname)%00%(upstream:short)%00%(objectname)%00%(upstream:track)%00%(upstream:remotename)%00%(upstream:remoteref) refs/heads/master refs/remotes/master [60ms]
2023-11-16 15:50:29.312 [info] > git fetch [600ms]
2023-11-16 15:50:29.313 [info] > git fetch [559ms]
2023-11-16 15:50:29.349 [info] > git status -z -uall [49ms]
2023-11-16 15:50:29.349 [info] > git status -z -uall [38ms]
2023-11-16 15:50:29.377 [info] > git config --get commit.template [29ms]
2023-11-16 15:50:29.377 [info] > git config --get commit.template [42ms]
2023-11-16 15:50:29.378 [info] > git for-each-ref --format=%(refname)%00%(upstream:short)%00%(objectname)%00%(upstream:track)%00%(upstream:remotename)%00%(upstream:remoteref) refs/heads/main refs/remotes/main [52ms]
2023-11-16 15:50:29.387 [info] > git fetch [618ms]
2023-11-16 15:50:29.387 [info] fatal: repository 'https://github.com/ernesttheiss/github-workflow/tree/master/' not found
2023-11-16 15:50:29.399 [info] > git status -z -uall [13ms]
2023-11-16 15:50:29.401 [info] > git for-each-ref --format=%(refname)%00%(upstream:short)%00%(objectname)%00%(upstream:track)%00%(upstream:remotename)%00%(upstream:remoteref) refs/heads/master refs/remotes/master [26ms]
2023-11-16 15:50:29.412 [info] > git for-each-ref --format=%(refname)%00%(upstream:short)%00%(objectname)%00%(upstream:track)%00%(upstream:remotename)%00%(upstream:remoteref) refs/heads/master refs/remotes/master [48ms]
2023-11-16 15:50:29.439 [info] > git status -z -uall [27ms]
2023-11-16 15:50:29.439 [info] > git status -z -uall [19ms]
2023-11-16 15:50:29.441 [info] > git config --get commit.template [44ms]
2023-11-16 15:50:29.442 [info] > git for-each-ref --format=%(refname)%00%(upstream:short)%00%(objectname)%00%(upstream:track)%00%(upstream:remotename)%00%(upstream:remoteref) refs/heads/master refs/remotes/master [4ms]
2023-11-16 15:50:29.454 [info] > git for-each-ref --format=%(refname)%00%(upstream:short)%00%(objectname)%00%(upstream:track)%00%(upstream:remotename)%00%(upstream:remoteref) refs/heads/master refs/remotes/master [25ms]
2023-11-16 15:50:29.477 [info] > git status -z -uall [24ms]
2023-11-16 15:50:29.477 [info] > git status -z -uall [14ms]
2023-11-16 15:50:29.482 [info] > git for-each-ref --format=%(refname)%00%(upstream:short)%00%(objectname)%00%(upstream:track)%00%(upstream:remotename)%00%(upstream:remoteref) refs/heads/main refs/remotes/main [6ms]
2023-11-16 15:50:30.641 [info] > git status -z -uall [1151ms] (cancelled)
2023-11-16 15:50:34.313 [info] > git config --get commit.template [27ms]
2023-11-16 15:50:34.313 [info] > git config --get commit.template [40ms]
2023-11-16 15:50:34.313 [info] > git config --get commit.template [56ms]
2023-11-16 15:50:34.313 [info] > git config --get commit.template [68ms]
2023-11-16 15:50:34.313 [info] > git config --get commit.template [80ms]
2023-11-16 15:50:34.314 [info] > git config --get commit.template [91ms]
2023-11-16 15:50:34.314 [info] > git config --get commit.template [105ms]
2023-11-16 15:50:34.314 [info] > git config --get commit.template [118ms]
2023-11-16 15:50:34.315 [info] > git ls-files --stage -- /home/ernest/block13/block13ws.js [4ms]
2023-11-16 15:50:34.326 [info] > git config --get commit.template [31ms]
2023-11-16 15:50:34.339 [info] No remotes found in the git config file.
2023-11-16 15:50:34.435 [info] > git cat-file -s 702883e22dc998cf5d869e165dd5806abd8982c4 [109ms]
2023-11-16 15:50:34.437 [info] > git for-each-ref --format=%(refname)%00%(upstream:short)%00%(objectname)%00%(upstream:track)%00%(upstream:remotename)%00%(upstream:remoteref) refs/heads/main refs/remotes/main [3ms]
2023-11-16 15:50:34.447 [info] > git for-each-ref --format=%(refname)%00%(upstream:short)%00%(objectname)%00%(upstream:track)%00%(upstream:remotename)%00%(upstream:remoteref) refs/heads/master refs/remotes/master [23ms]
2023-11-16 15:50:34.457 [info] > git for-each-ref --format=%(refname)%00%(upstream:short)%00%(objectname)%00%(upstream:track)%00%(upstream:remotename)%00%(upstream:remoteref) refs/heads/master refs/remotes/master [46ms]
2023-11-16 15:50:34.468 [info] > git for-each-ref --format=%(refname)%00%(upstream:short)%00%(objectname)%00%(upstream:track)%00%(upstream:remotename)%00%(upstream:remoteref) refs/heads/master refs/remotes/master [68ms]
2023-11-16 15:50:34.477 [info] > git for-each-ref --format=%(refname)%00%(upstream:short)%00%(objectname)%00%(upstream:track)%00%(upstream:remotename)%00%(upstream:remoteref) refs/heads/JavaStuff refs/remotes/JavaStuff [91ms]
2023-11-16 15:50:34.491 [info] > git for-each-ref --format=%(refname)%00%(upstream:short)%00%(objectname)%00%(upstream:track)%00%(upstream:remotename)%00%(upstream:remoteref) refs/heads/master refs/remotes/master [118ms]
2023-11-16 15:50:34.513 [info] > git for-each-ref --format=%(refname)%00%(upstream:short)%00%(objectname)%00%(upstream:track)%00%(upstream:remotename)%00%(upstream:remoteref) refs/heads/master refs/remotes/master [151ms]
2023-11-16 15:50:34.536 [info] > git for-each-ref --format=%(refname)%00%(upstream:short)%00%(objectname)%00%(upstream:track)%00%(upstream:remotename)%00%(upstream:remoteref) refs/heads/master refs/remotes/master [186ms]
2023-11-16 15:50:34.547 [info] > git for-each-ref --format=%(refname)%00%(upstream:short)%00%(objectname)%00%(upstream:track)%00%(upstream:remotename)%00%(upstream:remoteref) refs/heads/master refs/remotes/master [208ms]
2023-11-16 15:50:34.573 [info] > git status -z -uall [127ms]
2023-11-16 15:50:34.573 [info] > git status -z -uall [116ms]
2023-11-16 15:50:34.573 [info] > git status -z -uall [106ms]
2023-11-16 15:50:34.573 [info] > git status -z -uall [96ms]
2023-11-16 15:50:34.573 [info] > git status -z -uall [83ms]
2023-11-16 15:50:34.573 [info] > git status -z -uall [61ms]
2023-11-16 15:50:34.573 [info] > git status -z -uall [38ms]
2023-11-16 15:50:34.573 [info] > git status -z -uall [27ms]
2023-11-16 15:50:34.573 [info] > git status -z -uall [13ms]
2023-11-16 15:50:34.573 [info] > git show --textconv :block13ws.js [1ms]
2023-11-16 15:51:29.853 [info] > git show --textconv :Random/random.js [9ms]
2023-11-16 15:51:29.854 [info] > git ls-files --stage -- /home/ernest/Random/random.js [3ms]
2023-11-16 16:04:09.266 [info] > git fetch [94ms]
2023-11-16 16:04:09.267 [info] > git fetch [105ms]
2023-11-16 16:04:09.286 [info] > git config --get commit.template [0ms]
2023-11-16 16:04:09.286 [info] > git config --get commit.template [9ms]
2023-11-16 16:04:09.294 [info] No remotes found in the git config file.
2023-11-16 16:04:09.302 [info] No remotes found in the git config file.
2023-11-16 16:04:09.302 [info] > git for-each-ref --format=%(refname)%00%(upstream:short)%00%(objectname)%00%(upstream:track)%00%(upstream:remotename)%00%(upstream:remoteref) refs/heads/master refs/remotes/master [9ms]
2023-11-16 16:04:09.310 [info] > git for-each-ref --format=%(refname)%00%(upstream:short)%00%(objectname)%00%(upstream:track)%00%(upstream:remotename)%00%(upstream:remoteref) refs/heads/master refs/remotes/master [8ms]
2023-11-16 16:04:09.318 [info] > git status -z -uall [9ms]
2023-11-16 16:04:09.320 [info] > git status -z -uall [2ms]
2023-11-16 16:04:09.738 [info] > git fetch [544ms]
2023-11-16 16:04:09.757 [info] > git config --get commit.template [9ms]
2023-11-16 16:04:09.757 [info] > git for-each-ref --format=%(refname)%00%(upstream:short)%00%(objectname)%00%(upstream:track)%00%(upstream:remotename)%00%(upstream:remoteref) refs/heads/master refs/remotes/master [1ms]
2023-11-16 16:04:09.767 [info] > git status -z -uall [2ms]
2023-11-16 16:04:10.004 [info] > git fetch [822ms]
2023-11-16 16:04:10.016 [info] > git fetch [813ms]
2023-11-16 16:04:10.016 [info] > git fetch [795ms]
2023-11-16 16:04:10.034 [info] > git config --get commit.template [19ms]
2023-11-16 16:04:10.045 [info] > git config --get commit.template [11ms]
2023-11-16 16:04:10.045 [info] > git config --get commit.template [22ms]
2023-11-16 16:04:10.046 [info] > git for-each-ref --format=%(refname)%00%(upstream:short)%00%(objectname)%00%(upstream:track)%00%(upstream:remotename)%00%(upstream:remoteref) refs/heads/master refs/remotes/master [2ms]
2023-11-16 16:04:10.054 [info] > git fetch [810ms]
2023-11-16 16:04:10.085 [info] > git status -z -uall [31ms]
2023-11-16 16:04:10.088 [info] > git fetch [835ms]
2023-11-16 16:04:10.103 [info] > git config --get commit.template [18ms]
2023-11-16 16:04:10.103 [info] > git for-each-ref --format=%(refname)%00%(upstream:short)%00%(objectname)%00%(upstream:track)%00%(upstream:remotename)%00%(upstream:remoteref) refs/heads/master refs/remotes/master [30ms]
2023-11-16 16:04:10.113 [info] > git for-each-ref --format=%(refname)%00%(upstream:short)%00%(objectname)%00%(upstream:track)%00%(upstream:remotename)%00%(upstream:remoteref) refs/heads/JavaStuff refs/remotes/JavaStuff [47ms]
2023-11-16 16:04:10.121 [info] > git status -z -uall [8ms]
2023-11-16 16:04:10.123 [info] > git config --get commit.template [21ms]
2023-11-16 16:04:10.135 [info] > git status -z -uall [14ms]
2023-11-16 16:04:10.149 [info] > git for-each-ref --format=%(refname)%00%(upstream:short)%00%(objectname)%00%(upstream:track)%00%(upstream:remotename)%00%(upstream:remoteref) refs/heads/master refs/remotes/master [14ms]
2023-11-16 16:04:10.156 [info] > git for-each-ref --format=%(refname)%00%(upstream:short)%00%(objectname)%00%(upstream:track)%00%(upstream:remotename)%00%(upstream:remoteref) refs/heads/master refs/remotes/master [9ms]
2023-11-16 16:04:10.167 [info] > git fetch [904ms]
2023-11-16 16:04:10.167 [info] fatal: repository 'https://github.com/ernesttheiss/github-workflow/tree/master/' not found
2023-11-16 16:04:10.167 [info] > git fetch [934ms]
2023-11-16 16:04:10.184 [info] > git status -z -uall [28ms]
2023-11-16 16:04:10.184 [info] > git status -z -uall [18ms]
2023-11-16 16:04:10.187 [info] > git config --get commit.template [4ms]
2023-11-16 16:04:10.188 [info] > git config --get commit.template [13ms]
2023-11-16 16:04:10.205 [info] > git for-each-ref --format=%(refname)%00%(upstream:short)%00%(objectname)%00%(upstream:track)%00%(upstream:remotename)%00%(upstream:remoteref) refs/heads/main refs/remotes/main [7ms]
2023-11-16 16:04:10.215 [info] > git for-each-ref --format=%(refname)%00%(upstream:short)%00%(objectname)%00%(upstream:track)%00%(upstream:remotename)%00%(upstream:remoteref) refs/heads/master refs/remotes/master [10ms]
2023-11-16 16:04:10.225 [info] > git status -z -uall [3ms]
2023-11-16 16:04:11.372 [info] > git status -z -uall [1158ms] (cancelled)
2023-11-16 16:04:11.373 [info] > git fetch [2160ms]
2023-11-16 16:04:11.502 [info] > git config --get commit.template [3ms]
2023-11-16 16:04:11.502 [info] > git config --get commit.template [21ms]
2023-11-16 16:04:11.503 [info] > git config --get commit.template [39ms]
2023-11-16 16:04:11.535 [info] No remotes found in the git config file.
2023-11-16 16:04:11.556 [info] > git for-each-ref --format=%(refname)%00%(upstream:short)%00%(objectname)%00%(upstream:track)%00%(upstream:remotename)%00%(upstream:remoteref) refs/heads/master refs/remotes/master [2ms]
2023-11-16 16:04:11.574 [info] > git for-each-ref --format=%(refname)%00%(upstream:short)%00%(objectname)%00%(upstream:track)%00%(upstream:remotename)%00%(upstream:remoteref) refs/heads/master refs/remotes/master [38ms]
2023-11-16 16:04:11.597 [info] > git for-each-ref --format=%(refname)%00%(upstream:short)%00%(objectname)%00%(upstream:track)%00%(upstream:remotename)%00%(upstream:remoteref) refs/heads/main refs/remotes/main [77ms]
2023-11-16 16:04:11.612 [info] > git status -z -uall [39ms]
2023-11-16 16:04:11.612 [info] > git status -z -uall [16ms]
2023-11-16 16:04:11.612 [info] > git status -z -uall [2ms]
2023-11-16 16:04:12.464 [info] > git config --get commit.template [63ms]
2023-11-16 16:04:12.465 [info] > git config --get commit.template [79ms]
2023-11-16 16:04:12.498 [info] > git config --get commit.template [34ms]
2023-11-16 16:04:12.498 [info] > git config --get commit.template [48ms]
2023-11-16 16:04:12.498 [info] > git config --get commit.template [63ms]
2023-11-16 16:04:12.498 [info] > git config --get commit.template [79ms]
2023-11-16 16:04:12.578 [info] > git for-each-ref --format=%(refname)%00%(upstream:short)%00%(objectname)%00%(upstream:track)%00%(upstream:remotename)%00%(upstream:remoteref) refs/heads/master refs/remotes/master [64ms]
2023-11-16 16:04:12.607 [info] > git status -z -uall [14ms]
2023-11-16 16:04:12.607 [info] > git for-each-ref --format=%(refname)%00%(upstream:short)%00%(objectname)%00%(upstream:track)%00%(upstream:remotename)%00%(upstream:remoteref) refs/heads/master refs/remotes/master [31ms]
2023-11-16 16:04:12.621 [info] > git for-each-ref --format=%(refname)%00%(upstream:short)%00%(objectname)%00%(upstream:track)%00%(upstream:remotename)%00%(upstream:remoteref) refs/heads/master refs/remotes/master [57ms]
2023-11-16 16:04:12.636 [info] > git for-each-ref --format=%(refname)%00%(upstream:short)%00%(objectname)%00%(upstream:track)%00%(upstream:remotename)%00%(upstream:remoteref) refs/heads/JavaStuff refs/remotes/JavaStuff [83ms]
2023-11-16 16:04:12.650 [info] > git for-each-ref --format=%(refname)%00%(upstream:short)%00%(objectname)%00%(upstream:track)%00%(upstream:remotename)%00%(upstream:remoteref) refs/heads/master refs/remotes/master [111ms]
2023-11-16 16:04:12.664 [info] > git for-each-ref --format=%(refname)%00%(upstream:short)%00%(objectname)%00%(upstream:track)%00%(upstream:remotename)%00%(upstream:remoteref) refs/heads/master refs/remotes/master [140ms]
2023-11-16 16:04:12.676 [info] > git status -z -uall [56ms]
2023-11-16 16:04:12.676 [info] > git status -z -uall [40ms]
2023-11-16 16:04:12.676 [info] > git status -z -uall [27ms]
2023-11-16 16:04:12.677 [info] > git status -z -uall [12ms]
2023-11-16 16:04:12.681 [info] > git ls-files --stage -- /home/ernest/Random/random.js [75ms]
2023-11-16 16:04:12.683 [info] > git status -z -uall [8ms]
2023-11-16 16:04:12.703 [info] > git show --textconv :Random/random.js [2ms]
2023-11-16 16:04:23.827 [info] > git show --textconv :freelance.css [10ms]
2023-11-16 16:04:23.829 [info] > git ls-files --stage -- /home/ernest/block19/freelance.css [2ms]
2023-11-16 16:04:24.073 [info] > git check-ignore -v -z --stdin [1ms]
2023-11-16 16:04:24.662 [info] > git config --get commit.template [1ms]
2023-11-16 16:04:24.671 [info] > git for-each-ref --format=%(refname)%00%(upstream:short)%00%(objectname)%00%(upstream:track)%00%(upstream:remotename)%00%(upstream:remoteref) refs/heads/master refs/remotes/master [2ms]
2023-11-16 16:04:24.681 [info] > git status -z -uall [1ms]
2023-11-16 16:04:25.478 [info] > git show --textconv :freelancer.html [11ms]
2023-11-16 16:04:25.478 [info] > git ls-files --stage -- /home/ernest/block19/freelancer.html [2ms]
2023-11-16 16:04:25.487 [info] > git cat-file -s 0b13bf95ce9f4be36d40651b28582bbc4dc4dd30 [1ms]
2023-11-16 16:05:11.359 [info] > git show --textconv :freelance.css [10ms]
2023-11-16 16:05:11.359 [info] > git ls-files --stage -- /home/ernest/block19/freelance.css [3ms]
2023-11-16 16:06:04.402 [info] > git show --textconv :freelance.js [8ms]
2023-11-16 16:06:04.402 [info] > git ls-files --stage -- /home/ernest/block19/freelance.js [1ms]
2023-11-16 16:06:04.412 [info] > git cat-file -s c5db4b3b0450ce344c83ba9bdb3619e5e320579d [2ms]
2023-11-16 16:06:08.883 [info] > git show --textconv :freelance.css [10ms]
2023-11-16 16:06:08.884 [info] > git ls-files --stage -- /home/ernest/block19/freelance.css [1ms]
2023-11-16 16:06:10.587 [info] > git show --textconv :freelancer.html [11ms]
2023-11-16 16:06:10.587 [info] > git ls-files --stage -- /home/ernest/block19/freelancer.html [2ms]
2023-11-16 16:06:10.595 [info] > git cat-file -s 0b13bf95ce9f4be36d40651b28582bbc4dc4dd30 [1ms]
2023-11-16 16:06:30.204 [info] > git check-ignore -v -z --stdin [0ms]
2023-11-16 16:06:31.731 [info] > git check-ignore -v -z --stdin [1ms]
2023-11-16 16:06:32.550 [info] > git check-ignore -v -z --stdin [1ms]
2023-11-16 16:06:34.218 [info] > git show --textconv :froyo.html [10ms]
2023-11-16 16:06:34.219 [info] > git ls-files --stage -- /home/ernest/block15/froyo.html [1ms]
2023-11-16 16:06:34.228 [info] > git cat-file -s 3c0620f9ddae31a07223c83abe5d91c84e9b16f5 [1ms]
2023-11-16 16:06:48.402 [info] > git show --textconv :freelance.css [12ms]
2023-11-16 16:06:48.404 [info] > git ls-files --stage -- /home/ernest/block19/freelance.css [2ms]
2023-11-16 16:06:49.549 [info] > git show --textconv :freelancer.html [9ms]
2023-11-16 16:06:49.550 [info] > git ls-files --stage -- /home/ernest/block19/freelancer.html [1ms]
2023-11-16 16:06:49.558 [info] > git cat-file -s 0b13bf95ce9f4be36d40651b28582bbc4dc4dd30 [1ms]
2023-11-16 16:07:09.339 [info] > git fetch [9ms]
2023-11-16 16:07:09.348 [info] > git fetch [10ms]
2023-11-16 16:07:09.357 [info] > git config --get commit.template [10ms]
2023-11-16 16:07:09.358 [info] > git config --get commit.template [1ms]
2023-11-16 16:07:09.366 [info] No remotes found in the git config file.
2023-11-16 16:07:09.372 [info] No remotes found in the git config file.
2023-11-16 16:07:09.372 [info] > git for-each-ref --format=%(refname)%00%(upstream:short)%00%(objectname)%00%(upstream:track)%00%(upstream:remotename)%00%(upstream:remoteref) refs/heads/master refs/remotes/master [7ms]
2023-11-16 16:07:09.380 [info] > git for-each-ref --format=%(refname)%00%(upstream:short)%00%(objectname)%00%(upstream:track)%00%(upstream:remotename)%00%(upstream:remoteref) refs/heads/master refs/remotes/master [8ms]
2023-11-16 16:07:09.388 [info] > git status -z -uall [9ms]
2023-11-16 16:07:09.391 [info] > git status -z -uall [4ms]
2023-11-16 16:07:10.361 [info] > git fetch [584ms]
2023-11-16 16:07:10.373 [info] > git config --get commit.template [3ms]
2023-11-16 16:07:10.384 [info] > git for-each-ref --format=%(refname)%00%(upstream:short)%00%(objectname)%00%(upstream:track)%00%(upstream:remotename)%00%(upstream:remoteref) refs/heads/master refs/remotes/master [1ms]
2023-11-16 16:07:10.393 [info] > git status -z -uall [1ms]
2023-11-16 16:07:10.461 [info] > git config --get commit.template [12ms]
2023-11-16 16:07:10.470 [info] No remotes found in the git config file.
2023-11-16 16:07:10.471 [info] > git for-each-ref --format=%(refname)%00%(upstream:short)%00%(objectname)%00%(upstream:track)%00%(upstream:remotename)%00%(upstream:remoteref) refs/heads/master refs/remotes/master [1ms]
2023-11-16 16:07:10.479 [info] > git status -z -uall [1ms]
2023-11-16 16:07:10.532 [info] > git config --get commit.template [2ms]
2023-11-16 16:07:10.540 [info] No remotes found in the git config file.
2023-11-16 16:07:10.541 [info] > git for-each-ref --format=%(refname)%00%(upstream:short)%00%(objectname)%00%(upstream:track)%00%(upstream:remotename)%00%(upstream:remoteref) refs/heads/master refs/remotes/master [1ms]
2023-11-16 16:07:10.550 [info] > git status -z -uall [1ms]
2023-11-16 16:07:10.553 [info] > git fetch [456ms]
2023-11-16 16:07:10.574 [info] > git config --get commit.template [9ms]
2023-11-16 16:07:10.574 [info] > git for-each-ref --format=%(refname)%00%(upstream:short)%00%(objectname)%00%(upstream:track)%00%(upstream:remotename)%00%(upstream:remoteref) refs/heads/master refs/remotes/master [1ms]
2023-11-16 16:07:10.585 [info] > git status -z -uall [1ms]
2023-11-16 16:07:10.585 [info] > git fetch [438ms]
2023-11-16 16:07:10.598 [info] > git config --get commit.template [5ms]
2023-11-16 16:07:10.598 [info] > git fetch [465ms]
2023-11-16 16:07:10.617 [info] > git for-each-ref --format=%(refname)%00%(upstream:short)%00%(objectname)%00%(upstream:track)%00%(upstream:remotename)%00%(upstream:remoteref) refs/heads/JavaStuff refs/remotes/JavaStuff [1ms]
2023-11-16 16:07:10.628 [info] > git config --get commit.template [21ms]
2023-11-16 16:07:10.638 [info] > git status -z -uall [11ms]
2023-11-16 16:07:10.640 [info] > git fetch [447ms]
2023-11-16 16:07:10.651 [info] > git for-each-ref --format=%(refname)%00%(upstream:short)%00%(objectname)%00%(upstream:track)%00%(upstream:remotename)%00%(upstream:remoteref) refs/heads/master refs/remotes/master [14ms]
2023-11-16 16:07:10.659 [info] > git fetch [457ms]
2023-11-16 16:07:10.672 [info] > git status -z -uall [13ms]
2023-11-16 16:07:10.673 [info] > git config --get commit.template [23ms]
2023-11-16 16:07:10.674 [info] > git config --get commit.template [4ms]
2023-11-16 16:07:10.691 [info] > git for-each-ref --format=%(refname)%00%(upstream:short)%00%(objectname)%00%(upstream:track)%00%(upstream:remotename)%00%(upstream:remoteref) refs/heads/master refs/remotes/master [1ms]
2023-11-16 16:07:10.700 [info] > git for-each-ref --format=%(refname)%00%(upstream:short)%00%(objectname)%00%(upstream:track)%00%(upstream:remotename)%00%(upstream:remoteref) refs/heads/master refs/remotes/master [18ms]
2023-11-16 16:07:10.708 [info] > git status -z -uall [8ms]
2023-11-16 16:07:10.708 [info] > git status -z -uall [1ms]
2023-11-16 16:07:10.711 [info] > git fetch [473ms]
2023-11-16 16:07:10.725 [info] > git config --get commit.template [2ms]
2023-11-16 16:07:10.736 [info] > git for-each-ref --format=%(refname)%00%(upstream:short)%00%(objectname)%00%(upstream:track)%00%(upstream:remotename)%00%(upstream:remoteref) refs/heads/master refs/remotes/master [1ms]
2023-11-16 16:07:10.746 [info] > git status -z -uall [3ms]
2023-11-16 16:07:11.024 [info] > git fetch [564ms]
2023-11-16 16:07:11.024 [info] fatal: repository 'https://github.com/ernesttheiss/github-workflow/tree/master/' not found
2023-11-16 16:07:11.041 [info] > git config --get commit.template [7ms]
2023-11-16 16:07:11.042 [info] > git for-each-ref --format=%(refname)%00%(upstream:short)%00%(objectname)%00%(upstream:track)%00%(upstream:remotename)%00%(upstream:remoteref) refs/heads/main refs/remotes/main [1ms]
2023-11-16 16:07:12.220 [info] > git status -z -uall [1171ms] (cancelled)
2023-11-16 16:07:12.390 [info] > git config --get commit.template [15ms]
2023-11-16 16:07:12.390 [info] > git config --get commit.template [30ms]
2023-11-16 16:07:12.390 [info] > git config --get commit.template [45ms]
2023-11-16 16:07:12.390 [info] > git config --get commit.template [62ms]
2023-11-16 16:07:12.390 [info] > git config --get commit.template [89ms]
2023-11-16 16:07:12.390 [info] > git config --get commit.template [103ms]
2023-11-16 16:07:12.391 [info] > git config --get commit.template [5ms]
2023-11-16 16:07:12.487 [info] > git for-each-ref --format=%(refname)%00%(upstream:short)%00%(objectname)%00%(upstream:track)%00%(upstream:remotename)%00%(upstream:remoteref) refs/heads/master refs/remotes/master [15ms]
2023-11-16 16:07:12.501 [info] > git for-each-ref --format=%(refname)%00%(upstream:short)%00%(objectname)%00%(upstream:track)%00%(upstream:remotename)%00%(upstream:remoteref) refs/heads/JavaStuff refs/remotes/JavaStuff [42ms]
2023-11-16 16:07:12.512 [info] > git for-each-ref --format=%(refname)%00%(upstream:short)%00%(objectname)%00%(upstream:track)%00%(upstream:remotename)%00%(upstream:remoteref) refs/heads/master refs/remotes/master [63ms]
2023-11-16 16:07:12.524 [info] > git for-each-ref --format=%(refname)%00%(upstream:short)%00%(objectname)%00%(upstream:track)%00%(upstream:remotename)%00%(upstream:remoteref) refs/heads/master refs/remotes/master [92ms]
2023-11-16 16:07:12.542 [info] > git for-each-ref --format=%(refname)%00%(upstream:short)%00%(objectname)%00%(upstream:track)%00%(upstream:remotename)%00%(upstream:remoteref) refs/heads/master refs/remotes/master [126ms]
2023-11-16 16:07:12.554 [info] > git for-each-ref --format=%(refname)%00%(upstream:short)%00%(objectname)%00%(upstream:track)%00%(upstream:remotename)%00%(upstream:remoteref) refs/heads/master refs/remotes/master [150ms]
2023-11-16 16:07:12.578 [info] > git status -z -uall [78ms]
2023-11-16 16:07:12.578 [info] > git status -z -uall [67ms]
2023-11-16 16:07:12.578 [info] > git status -z -uall [54ms]
2023-11-16 16:07:12.578 [info] > git status -z -uall [36ms]
2023-11-16 16:07:12.578 [info] > git status -z -uall [24ms]
2023-11-16 16:07:12.578 [info] > git status -z -uall [11ms]
2023-11-16 16:07:12.583 [info] > git for-each-ref --format=%(refname)%00%(upstream:short)%00%(objectname)%00%(upstream:track)%00%(upstream:remotename)%00%(upstream:remoteref) refs/heads/master refs/remotes/master [98ms]
2023-11-16 16:07:12.594 [info] > git ls-files --stage -- /home/ernest/block19/freelancer.html [17ms]
2023-11-16 16:07:12.608 [info] > git status -z -uall [16ms]
2023-11-16 16:07:12.608 [info] > git cat-file -s 0b13bf95ce9f4be36d40651b28582bbc4dc4dd30 [2ms]
2023-11-16 16:07:12.669 [info] > git show --textconv :freelancer.html [2ms]
2023-11-16 16:07:12.707 [info] > git fetch [465ms]
2023-11-16 16:07:12.720 [info] > git config --get commit.template [1ms]
2023-11-16 16:07:12.730 [info] > git for-each-ref --format=%(refname)%00%(upstream:short)%00%(objectname)%00%(upstream:track)%00%(upstream:remotename)%00%(upstream:remoteref) refs/heads/main refs/remotes/main [1ms]
2023-11-16 16:07:12.741 [info] > git status -z -uall [0ms]
2023-11-16 16:07:13.894 [info] > git config --get commit.template [8ms]
2023-11-16 16:07:13.894 [info] > git for-each-ref --format=%(refname)%00%(upstream:short)%00%(objectname)%00%(upstream:track)%00%(upstream:remotename)%00%(upstream:remoteref) refs/heads/main refs/remotes/main [1ms]
2023-11-16 16:07:13.905 [info] > git status -z -uall [1ms]
2023-11-16 16:07:16.898 [info] > git show --textconv :froyo.html [9ms]
2023-11-16 16:07:16.899 [info] > git ls-files --stage -- /home/ernest/block15/froyo.html [2ms]
2023-11-16 16:07:16.910 [info] > git cat-file -s 3c0620f9ddae31a07223c83abe5d91c84e9b16f5 [1ms]
2023-11-16 16:07:22.775 [info] > git show --textconv :froyo.html [12ms]
2023-11-16 16:07:22.775 [info] > git ls-files --stage -- /home/ernest/block15/froyo.html [2ms]
2023-11-16 16:07:22.784 [info] > git cat-file -s 3c0620f9ddae31a07223c83abe5d91c84e9b16f5 [1ms]
2023-11-16 16:07:23.577 [info] > git show --textconv :freelancer.html [12ms]
2023-11-16 16:07:23.578 [info] > git ls-files --stage -- /home/ernest/block19/freelancer.html [1ms]
2023-11-16 16:07:23.588 [info] > git cat-file -s 0b13bf95ce9f4be36d40651b28582bbc4dc4dd30 [1ms]
2023-11-16 16:08:14.110 [info] > git ls-files --stage -- /home/ernest/block19/freelancer.html [0ms]
2023-11-16 16:08:14.121 [info] > git cat-file -s 0b13bf95ce9f4be36d40651b28582bbc4dc4dd30 [1ms]
2023-11-16 16:08:14.133 [info] > git show --textconv :freelancer.html [1ms]
2023-11-16 16:08:23.775 [info] > git ls-files --stage -- /home/ernest/block19/freelancer.html [1ms]
2023-11-16 16:08:23.782 [info] > git cat-file -s 0b13bf95ce9f4be36d40651b28582bbc4dc4dd30 [1ms]
2023-11-16 16:08:23.794 [info] > git show --textconv :freelancer.html [1ms]
2023-11-16 16:08:30.089 [info] > git show --textconv :froyo.css [12ms]
2023-11-16 16:08:30.090 [info] > git ls-files --stage -- /home/ernest/block15/froyo.css [1ms]
2023-11-16 16:08:30.100 [info] > git cat-file -s ceeab3cd909777b3ab2a6afa53c26303419a34ff [1ms]
2023-11-16 16:08:31.841 [info] > git ls-files --stage -- /home/ernest/block15/froyo.css [1ms]
2023-11-16 16:08:31.849 [info] > git cat-file -s ceeab3cd909777b3ab2a6afa53c26303419a34ff [1ms]
2023-11-16 16:08:31.861 [info] > git show --textconv :froyo.css [1ms]
2023-11-16 16:08:32.837 [info] > git show --textconv :freelance.css [11ms]
2023-11-16 16:08:32.838 [info] > git ls-files --stage -- /home/ernest/block19/freelance.css [2ms]
2023-11-16 16:08:35.893 [info] > git config --get commit.template [1ms]
2023-11-16 16:08:35.904 [info] > git for-each-ref --format=%(refname)%00%(upstream:short)%00%(objectname)%00%(upstream:track)%00%(upstream:remotename)%00%(upstream:remoteref) refs/heads/master refs/remotes/master [1ms]
2023-11-16 16:08:35.914 [info] > git status -z -uall [1ms]
2023-11-16 16:08:37.468 [info] > git show --textconv :freelancer.html [8ms]
2023-11-16 16:08:37.468 [info] > git ls-files --stage -- /home/ernest/block19/freelancer.html [1ms]
2023-11-16 16:08:37.477 [info] > git cat-file -s 0b13bf95ce9f4be36d40651b28582bbc4dc4dd30 [1ms]
2023-11-16 16:08:38.124 [info] > git show --textconv :freelance.js [10ms]
2023-11-16 16:08:38.125 [info] > git ls-files --stage -- /home/ernest/block19/freelance.js [2ms]
2023-11-16 16:08:38.133 [info] > git cat-file -s c5db4b3b0450ce344c83ba9bdb3619e5e320579d [1ms]
2023-11-16 16:08:39.950 [info] > git show --textconv :freelancer.html [8ms]
2023-11-16 16:08:39.951 [info] > git ls-files --stage -- /home/ernest/block19/freelancer.html [1ms]
2023-11-16 16:08:39.960 [info] > git cat-file -s 0b13bf95ce9f4be36d40651b28582bbc4dc4dd30 [1ms]
2023-11-16 16:08:40.928 [info] > git config --get commit.template [1ms]
2023-11-16 16:08:40.940 [info] > git for-each-ref --format=%(refname)%00%(upstream:short)%00%(objectname)%00%(upstream:track)%00%(upstream:remotename)%00%(upstream:remoteref) refs/heads/master refs/remotes/master [3ms]
2023-11-16 16:08:40.950 [info] > git status -z -uall [1ms]
2023-11-16 16:08:45.964 [info] > git config --get commit.template [1ms]
2023-11-16 16:08:45.972 [info] > git for-each-ref --format=%(refname)%00%(upstream:short)%00%(objectname)%00%(upstream:track)%00%(upstream:remotename)%00%(upstream:remoteref) refs/heads/master refs/remotes/master [1ms]
2023-11-16 16:08:45.980 [info] > git status -z -uall [1ms]
2023-11-16 16:08:53.022 [info] > git config --get commit.template [1ms]
2023-11-16 16:08:53.022 [info] > git config --get commit.template [9ms]
2023-11-16 16:08:53.038 [info] > git for-each-ref --format=%(refname)%00%(upstream:short)%00%(objectname)%00%(upstream:track)%00%(upstream:remotename)%00%(upstream:remoteref) refs/heads/master refs/remotes/master [10ms]
2023-11-16 16:08:53.046 [info] > git for-each-ref --format=%(refname)%00%(upstream:short)%00%(objectname)%00%(upstream:track)%00%(upstream:remotename)%00%(upstream:remoteref) refs/heads/master refs/remotes/master [9ms]
2023-11-16 16:08:53.053 [info] > git status -z -uall [8ms]
2023-11-16 16:08:53.055 [info] > git status -z -uall [3ms]
2023-11-16 16:08:53.147 [info] > git ls-files --stage -- /home/ernest/block19/freelancer.html [1ms]
2023-11-16 16:08:53.158 [info] > git cat-file -s 0b13bf95ce9f4be36d40651b28582bbc4dc4dd30 [1ms]
2023-11-16 16:08:53.174 [info] > git show --textconv :freelancer.html [1ms]
2023-11-16 16:09:09.335 [info] > git ls-files --stage -- /home/ernest/block19/freelancer.html [1ms]
2023-11-16 16:09:09.343 [info] > git cat-file -s 0b13bf95ce9f4be36d40651b28582bbc4dc4dd30 [0ms]
2023-11-16 16:09:09.362 [info] > git show --textconv :freelancer.html [2ms]
2023-11-16 16:10:01.608 [info] > git add -A -- . [3ms]
2023-11-16 16:10:01.630 [info] > git -c user.useConfigOnly=true commit --quiet --allow-empty-message --file - [7ms]
2023-11-16 16:10:01.639 [info] > git config --get commit.template [1ms]
2023-11-16 16:10:01.657 [info] > git config --get commit.template [1ms]
2023-11-16 16:10:01.672 [info] > git for-each-ref --format=%(refname)%00%(upstream:short)%00%(objectname)%00%(upstream:track)%00%(upstream:remotename)%00%(upstream:remoteref) refs/heads/master refs/remotes/master [2ms]
2023-11-16 16:10:01.685 [info] > git status -z -uall [1ms]
2023-11-16 16:10:01.922 [info] > git config --get commit.template [9ms]
2023-11-16 16:10:01.922 [info] > git for-each-ref --format=%(refname)%00%(upstream:short)%00%(objectname)%00%(upstream:track)%00%(upstream:remotename)%00%(upstream:remoteref) refs/heads/master refs/remotes/master [1ms]
2023-11-16 16:10:01.931 [info] > git status -z -uall [0ms]
2023-11-16 16:10:03.022 [info] > git ls-files --stage -- /home/ernest/block19/freelancer.html [1ms]
2023-11-16 16:10:03.032 [info] > git cat-file -s 3a39ad6fc75378b29a55ce414a8b4880ecc94f37 [0ms]
2023-11-16 16:10:03.045 [info] > git show --textconv :freelancer.html [1ms]
2023-11-16 16:10:04.971 [info] > git log --oneline --cherry master...master@{upstream} -- [2ms]
2023-11-16 16:10:05.553 [info] > git pull --tags origin master [572ms]
2023-11-16 16:10:05.553 [info] From https://github.com/ernesttheiss/Unit2.FreelancerForum
 * branch            master     -> FETCH_HEAD
2023-11-16 16:10:06.452 [info] > git push origin master:master [889ms]
2023-11-16 16:10:06.453 [info] To https://github.com/ernesttheiss/Unit2.FreelancerForum
   466aa86..2c1c91f  master -> master
2023-11-16 16:10:06.470 [info] > git config --get commit.template [8ms]
2023-11-16 16:10:06.470 [info] > git for-each-ref --format=%(refname)%00%(upstream:short)%00%(objectname)%00%(upstream:track)%00%(upstream:remotename)%00%(upstream:remoteref) refs/heads/master refs/remotes/master [1ms]
2023-11-16 16:10:06.479 [info] > git status -z -uall [1ms]
2023-11-16 16:10:07.680 [info] > git for-each-ref --format=%(refname)%00%(upstream:short)%00%(objectname)%00%(upstream:track)%00%(upstream:remotename)%00%(upstream:remoteref) refs/heads/master refs/remotes/master [3ms]
2023-11-16 16:10:07.680 [info] > git config --get commit.template [10ms]
2023-11-16 16:10:07.687 [info] > git status -z -uall [0ms]
2023-11-16 16:10:07.774 [info] > git ls-files --stage -- /home/ernest/block19/freelancer.html [1ms]
2023-11-16 16:10:07.786 [info] > git cat-file -s 3a39ad6fc75378b29a55ce414a8b4880ecc94f37 [1ms]
2023-11-16 16:10:07.812 [info] > git show --textconv :freelancer.html [3ms]
2023-11-16 16:10:53.022 [info] > git fetch [107ms]
2023-11-16 16:10:53.023 [info] > git fetch [122ms]
2023-11-16 16:10:53.043 [info] > git config --get commit.template [1ms]
2023-11-16 16:10:53.043 [info] > git config --get commit.template [11ms]
2023-11-16 16:10:53.054 [info] No remotes found in the git config file.
2023-11-16 16:10:53.066 [info] No remotes found in the git config file.
2023-11-16 16:10:53.068 [info] > git for-each-ref --format=%(refname)%00%(upstream:short)%00%(objectname)%00%(upstream:track)%00%(upstream:remotename)%00%(upstream:remoteref) refs/heads/master refs/remotes/master [1ms]
2023-11-16 16:10:53.080 [info] > git for-each-ref --format=%(refname)%00%(upstream:short)%00%(objectname)%00%(upstream:track)%00%(upstream:remotename)%00%(upstream:remoteref) refs/heads/master refs/remotes/master [27ms]
2023-11-16 16:10:53.092 [info] > git status -z -uall [12ms]
2023-11-16 16:10:53.096 [info] > git status -z -uall [4ms]
2023-11-16 16:10:53.398 [info] > git fetch [460ms]
2023-11-16 16:10:53.399 [info] > git fetch [450ms]
2023-11-16 16:10:53.425 [info] > git config --get commit.template [15ms]
2023-11-16 16:10:53.425 [info] > git fetch [442ms]
2023-11-16 16:10:53.426 [info] > git fetch [499ms]
2023-11-16 16:10:53.426 [info] > git fetch [464ms]
2023-11-16 16:10:53.453 [info] > git config --get commit.template [29ms]
2023-11-16 16:10:53.469 [info] > git config --get commit.template [16ms]
2023-11-16 16:10:53.469 [info] > git config --get commit.template [25ms]
2023-11-16 16:10:53.469 [info] > git config --get commit.template [34ms]
2023-11-16 16:10:53.469 [info] > git fetch [475ms]
2023-11-16 16:10:53.470 [info] > git fetch [498ms]
2023-11-16 16:10:53.489 [info] > git for-each-ref --format=%(refname)%00%(upstream:short)%00%(objectname)%00%(upstream:track)%00%(upstream:remotename)%00%(upstream:remoteref) refs/heads/JavaStuff refs/remotes/JavaStuff [21ms]
2023-11-16 16:10:53.495 [info] > git for-each-ref --format=%(refname)%00%(upstream:short)%00%(objectname)%00%(upstream:track)%00%(upstream:remotename)%00%(upstream:remoteref) refs/heads/master refs/remotes/master [35ms]
2023-11-16 16:10:53.506 [info] > git fetch [489ms]
2023-11-16 16:10:53.539 [info] > git status -z -uall [44ms]
2023-11-16 16:10:53.539 [info] > git status -z -uall [34ms]
2023-11-16 16:10:53.544 [info] > git config --get commit.template [57ms]
2023-11-16 16:10:53.544 [info] > git config --get commit.template [66ms]
2023-11-16 16:10:53.545 [info] > git config --get commit.template [7ms]
2023-11-16 16:10:53.545 [info] > git for-each-ref --format=%(refname)%00%(upstream:short)%00%(objectname)%00%(upstream:track)%00%(upstream:remotename)%00%(upstream:remoteref) refs/heads/master refs/remotes/master [15ms]
2023-11-16 16:10:53.557 [info] > git for-each-ref --format=%(refname)%00%(upstream:short)%00%(objectname)%00%(upstream:track)%00%(upstream:remotename)%00%(upstream:remoteref) refs/heads/master refs/remotes/master [35ms]
2023-11-16 16:10:53.567 [info] > git for-each-ref --format=%(refname)%00%(upstream:short)%00%(objectname)%00%(upstream:track)%00%(upstream:remotename)%00%(upstream:remoteref) refs/heads/master refs/remotes/master [51ms]
2023-11-16 16:10:53.591 [info] > git status -z -uall [35ms]
2023-11-16 16:10:53.591 [info] > git status -z -uall [25ms]
2023-11-16 16:10:53.591 [info] > git status -z -uall [16ms]
2023-11-16 16:10:53.602 [info] > git for-each-ref --format=%(refname)%00%(upstream:short)%00%(objectname)%00%(upstream:track)%00%(upstream:remotename)%00%(upstream:remoteref) refs/heads/master refs/remotes/master [13ms]
2023-11-16 16:10:53.610 [info] > git for-each-ref --format=%(refname)%00%(upstream:short)%00%(objectname)%00%(upstream:track)%00%(upstream:remotename)%00%(upstream:remoteref) refs/heads/master refs/remotes/master [28ms]
2023-11-16 16:10:53.621 [info] > git status -z -uall [11ms]
2023-11-16 16:10:53.621 [info] > git status -z -uall [3ms]
2023-11-16 16:10:53.625 [info] > git for-each-ref --format=%(refname)%00%(upstream:short)%00%(objectname)%00%(upstream:track)%00%(upstream:remotename)%00%(upstream:remoteref) refs/heads/main refs/remotes/main [24ms]
2023-11-16 16:10:53.632 [info] > git status -z -uall [1ms]
2023-11-16 16:10:53.646 [info] > git fetch [640ms]
2023-11-16 16:10:53.646 [info] fatal: repository 'https://github.com/ernesttheiss/github-workflow/tree/master/' not found
2023-11-16 16:10:53.664 [info] > git config --get commit.template [9ms]
2023-11-16 16:10:53.664 [info] > git for-each-ref --format=%(refname)%00%(upstream:short)%00%(objectname)%00%(upstream:track)%00%(upstream:remotename)%00%(upstream:remoteref) refs/heads/main refs/remotes/main [1ms]
2023-11-16 16:10:53.718 [info] > git status -z -uall [46ms]
2023-11-16 16:10:54.243 [info] > git config --get commit.template [1ms]
2023-11-16 16:10:54.252 [info] No remotes found in the git config file.
2023-11-16 16:10:54.252 [info] > git for-each-ref --format=%(refname)%00%(upstream:short)%00%(objectname)%00%(upstream:track)%00%(upstream:remotename)%00%(upstream:remoteref) refs/heads/master refs/remotes/master [1ms]
2023-11-16 16:10:54.260 [info] > git status -z -uall [1ms]
2023-11-16 16:10:54.915 [info] > git config --get commit.template [33ms]
2023-11-16 16:10:54.916 [info] > git config --get commit.template [42ms]
2023-11-16 16:10:54.916 [info] > git config --get commit.template [53ms]
2023-11-16 16:10:54.916 [info] > git config --get commit.template [60ms]
2023-11-16 16:10:54.916 [info] > git config --get commit.template [70ms]
2023-11-16 16:10:54.917 [info] > git config --get commit.template [3ms]
2023-11-16 16:10:54.917 [info] > git config --get commit.template [12ms]
2023-11-16 16:10:54.917 [info] > git config --get commit.template [23ms]
2023-11-16 16:10:54.993 [info] > git for-each-ref --format=%(refname)%00%(upstream:short)%00%(objectname)%00%(upstream:track)%00%(upstream:remotename)%00%(upstream:remoteref) refs/heads/master refs/remotes/master [30ms]
2023-11-16 16:10:55.003 [info] > git for-each-ref --format=%(refname)%00%(upstream:short)%00%(objectname)%00%(upstream:track)%00%(upstream:remotename)%00%(upstream:remoteref) refs/heads/JavaStuff refs/remotes/JavaStuff [51ms]
2023-11-16 16:10:55.013 [info] > git for-each-ref --format=%(refname)%00%(upstream:short)%00%(objectname)%00%(upstream:track)%00%(upstream:remotename)%00%(upstream:remoteref) refs/heads/master refs/remotes/master [70ms]
2023-11-16 16:10:55.023 [info] > git for-each-ref --format=%(refname)%00%(upstream:short)%00%(objectname)%00%(upstream:track)%00%(upstream:remotename)%00%(upstream:remoteref) refs/heads/master refs/remotes/master [89ms]
2023-11-16 16:10:55.031 [info] > git for-each-ref --format=%(refname)%00%(upstream:short)%00%(objectname)%00%(upstream:track)%00%(upstream:remotename)%00%(upstream:remoteref) refs/heads/master refs/remotes/master [105ms]
2023-11-16 16:10:55.044 [info] > git status -z -uall [42ms]
2023-11-16 16:10:55.044 [info] > git status -z -uall [32ms]
2023-11-16 16:10:55.044 [info] > git status -z -uall [21ms]
2023-11-16 16:10:55.044 [info] > git status -z -uall [13ms]
2023-11-16 16:10:55.044 [info] > git status -z -uall [3ms]
2023-11-16 16:10:55.048 [info] > git for-each-ref --format=%(refname)%00%(upstream:short)%00%(objectname)%00%(upstream:track)%00%(upstream:remotename)%00%(upstream:remoteref) refs/heads/main refs/remotes/main [57ms]
2023-11-16 16:10:55.058 [info] > git for-each-ref --format=%(refname)%00%(upstream:short)%00%(objectname)%00%(upstream:track)%00%(upstream:remotename)%00%(upstream:remoteref) refs/heads/master refs/remotes/master [76ms]
2023-11-16 16:10:55.066 [info] > git for-each-ref --format=%(refname)%00%(upstream:short)%00%(objectname)%00%(upstream:track)%00%(upstream:remotename)%00%(upstream:remoteref) refs/heads/master refs/remotes/master [93ms]
2023-11-16 16:10:55.090 [info] > git status -z -uall [33ms]
2023-11-16 16:10:55.090 [info] > git status -z -uall [25ms]
2023-11-16 16:10:55.090 [info] > git status -z -uall [13ms]
2023-11-16 16:10:55.093 [info] > git ls-files --stage -- /home/ernest/block19/freelancer.html [5ms]
2023-11-16 16:10:55.106 [info] > git cat-file -s 3a39ad6fc75378b29a55ce414a8b4880ecc94f37 [2ms]
2023-11-16 16:10:55.158 [info] > git show --textconv :freelancer.html [1ms]
2023-11-16 16:10:55.401 [info] > git config --get commit.template [2ms]
2023-11-16 16:10:55.413 [info] > git for-each-ref --format=%(refname)%00%(upstream:short)%00%(objectname)%00%(upstream:track)%00%(upstream:remotename)%00%(upstream:remoteref) refs/heads/main refs/remotes/main [1ms]
2023-11-16 16:10:55.470 [info] > git status -z -uall [45ms]
