2023-11-16 16:54:32.674 [info] Log level: Info
2023-11-16 16:54:32.674 [info] Validating found git in: "git"
2023-11-16 16:54:32.674 [info] Using git "2.34.1" from "git"
2023-11-16 16:54:32.674 [info] > git rev-parse --show-toplevel [11ms]
2023-11-16 16:54:32.674 [info] > git rev-parse --git-dir --git-common-dir [169ms]
2023-11-16 16:54:32.674 [info] Open repository: /home/ernest
2023-11-16 16:54:32.808 [info] > git rev-parse --show-toplevel [107ms]
2023-11-16 16:54:32.809 [info] > git config --get commit.template [115ms]
2023-11-16 16:54:32.840 [info] > git rev-parse --git-dir --git-common-dir [23ms]
2023-11-16 16:54:32.850 [info] Open repository: /home/ernest/block19
2023-11-16 16:54:32.875 [info] > git for-each-ref --format=%(refname)%00%(upstream:short)%00%(objectname)%00%(upstream:track)%00%(upstream:remotename)%00%(upstream:remoteref) refs/heads/main refs/remotes/main [48ms]
2023-11-16 16:54:32.892 [info] > git rev-parse --show-toplevel [26ms]
2023-11-16 16:54:32.893 [info] > git config --get commit.template [33ms]
2023-11-16 16:54:32.912 [info] > git rev-parse --show-toplevel [11ms]
2023-11-16 16:54:32.924 [info] > git for-each-ref --format=%(refname)%00%(upstream:short)%00%(objectname)%00%(upstream:track)%00%(upstream:remotename)%00%(upstream:remoteref) refs/heads/master refs/remotes/master [16ms]
2023-11-16 16:54:32.932 [info] > git status -z -uall [2ms]
2023-11-16 16:54:32.952 [info] > git rev-parse --show-toplevel [32ms]
2023-11-16 16:54:32.985 [info] > git rev-parse --show-toplevel [15ms]
2023-11-16 16:54:32.986 [info] > git config --get commit.template [26ms]
2023-11-16 16:54:33.009 [info] > git status -z -uall [127ms]
2023-11-16 16:54:33.009 [info] > git rev-parse --show-toplevel [12ms]
2023-11-16 16:54:33.032 [info] > git for-each-ref --format=%(refname)%00%(upstream:short)%00%(objectname)%00%(upstream:track)%00%(upstream:remotename)%00%(upstream:remoteref) refs/heads/master refs/remotes/master [24ms]
2023-11-16 16:54:33.044 [info] > git status -z -uall [5ms]
2023-11-16 16:54:33.047 [info] > git config --get commit.template [17ms]
2023-11-16 16:54:33.048 [info] > git rev-parse --git-dir --git-common-dir [23ms]
2023-11-16 16:54:33.059 [info] Open repository: /home/ernest/.nvm
2023-11-16 16:54:33.142 [info] > git rev-parse --show-toplevel [64ms]
2023-11-16 16:54:33.142 [info] > git config --get commit.template [72ms]
2023-11-16 16:54:33.151 [info] > git for-each-ref --format=%(refname)%00%(upstream:short)%00%(objectname)%00%(upstream:track)%00%(upstream:remotename)%00%(upstream:remoteref) refs/heads/main refs/remotes/main [14ms]
2023-11-16 16:54:33.170 [info] > git rev-parse --show-toplevel [20ms]
2023-11-16 16:54:33.179 [info] > git rev-parse --show-toplevel [2ms]
2023-11-16 16:54:33.191 [info] > git for-each-ref --format=%(refname)%00%(upstream:short)%00%(objectname)%00%(upstream:track)%00%(upstream:remotename)%00%(upstream:remoteref) refs/heads/master refs/remotes/master [23ms]
2023-11-16 16:54:33.201 [info] > git rev-parse --show-toplevel [10ms]
2023-11-16 16:54:33.208 [info] > git status -z -uall [9ms]
2023-11-16 16:54:33.222 [info] > git rev-parse --git-dir --git-common-dir [15ms]
2023-11-16 16:54:33.235 [info] Open repository: /home/ernest/2310-github-demo
2023-11-16 16:54:33.254 [info] > git status -z -uall [96ms]
2023-11-16 16:54:33.254 [info] > git config --get commit.template [33ms]
2023-11-16 16:54:33.268 [info] > git rev-parse --show-toplevel [17ms]
2023-11-16 16:54:33.268 [info] > git config --get commit.template [24ms]
2023-11-16 16:54:33.268 [info] > git fetch [33ms]
2023-11-16 16:54:33.300 [info] No remotes found in the git config file.
2023-11-16 16:54:33.306 [info] > git config --get commit.template [15ms]
2023-11-16 16:54:33.306 [info] > git rev-parse --show-toplevel [22ms]
2023-11-16 16:54:33.306 [info] > git for-each-ref --format=%(refname)%00%(upstream:short)%00%(objectname)%00%(upstream:track)%00%(upstream:remotename)%00%(upstream:remoteref) refs/heads/master refs/remotes/master [30ms]
2023-11-16 16:54:33.312 [info] > git fetch [642ms]
2023-11-16 16:54:33.312 [info] fatal: repository 'https://github.com/ernesttheiss/github-workflow/tree/master/' not found
2023-11-16 16:54:33.326 [info] > git status -z -uall [14ms]
2023-11-16 16:54:33.326 [info] > git for-each-ref --format=%(refname)%00%(upstream:short)%00%(objectname)%00%(upstream:track)%00%(upstream:remotename)%00%(upstream:remoteref) refs/heads/master refs/remotes/master [26ms]
2023-11-16 16:54:33.329 [info] > git fetch [479ms]
2023-11-16 16:54:33.337 [info] No remotes found in the git config file.
2023-11-16 16:54:33.366 [info] > git config --get commit.template [41ms]
2023-11-16 16:54:33.367 [info] > git rev-parse --show-toplevel [47ms]
2023-11-16 16:54:33.395 [info] > git config --get commit.template [30ms]
2023-11-16 16:54:33.395 [info] > git config --get commit.template [37ms]
2023-11-16 16:54:33.396 [info] > git for-each-ref --format=%(refname)%00%(upstream:short)%00%(objectname)%00%(upstream:track)%00%(upstream:remotename)%00%(upstream:remoteref) refs/heads/master refs/remotes/master [60ms]
2023-11-16 16:54:33.405 [info] > git rev-parse --show-toplevel [22ms]
2023-11-16 16:54:33.411 [info] No remotes found in the git config file.
2023-11-16 16:54:33.423 [info] > git for-each-ref --format=%(refname)%00%(upstream:short)%00%(objectname)%00%(upstream:track)%00%(upstream:remotename)%00%(upstream:remoteref) refs/heads/main refs/remotes/main [19ms]
2023-11-16 16:54:33.450 [info] > git rev-parse --show-toplevel [27ms]
2023-11-16 16:54:33.450 [info] > git for-each-ref --format=%(refname)%00%(upstream:short)%00%(objectname)%00%(upstream:track)%00%(upstream:remotename)%00%(upstream:remoteref) refs/heads/master refs/remotes/master [34ms]
2023-11-16 16:54:33.458 [info] > git for-each-ref --format=%(refname)%00%(upstream:short)%00%(objectname)%00%(upstream:track)%00%(upstream:remotename)%00%(upstream:remoteref) refs/heads/master refs/remotes/master [48ms]
2023-11-16 16:54:33.475 [info] > git status -z -uall [18ms]
2023-11-16 16:54:33.476 [info] > git status -z -uall [11ms]
2023-11-16 16:54:33.502 [info] > git rev-parse --show-toplevel [28ms]
2023-11-16 16:54:33.513 [info] > git status -z -uall [84ms]
2023-11-16 16:54:33.534 [info] > git rev-parse --show-toplevel [22ms]
2023-11-16 16:54:33.548 [info] > git rev-parse --show-toplevel [4ms]
2023-11-16 16:54:33.548 [info] > git fetch [489ms]
2023-11-16 16:54:33.590 [info] > git config --get commit.template [26ms]
2023-11-16 16:54:33.591 [info] > git rev-parse --git-dir --git-common-dir [34ms]
2023-11-16 16:54:33.603 [info] Open repository: /home/ernest/block12
2023-11-16 16:54:33.657 [info] > git rev-parse --show-toplevel [35ms]
2023-11-16 16:54:33.657 [info] > git config --get commit.template [44ms]
2023-11-16 16:54:33.672 [info] > git for-each-ref --format=%(refname)%00%(upstream:short)%00%(objectname)%00%(upstream:track)%00%(upstream:remotename)%00%(upstream:remoteref) refs/heads/master refs/remotes/master [22ms]
2023-11-16 16:54:33.708 [info] > git rev-parse --git-dir --git-common-dir [37ms]
2023-11-16 16:54:33.720 [info] Open repository: /home/ernest/block13
2023-11-16 16:54:33.743 [info] > git status -z -uall [63ms]
2023-11-16 16:54:33.745 [info] > git for-each-ref --format=%(refname)%00%(upstream:short)%00%(objectname)%00%(upstream:track)%00%(upstream:remotename)%00%(upstream:remoteref) refs/heads/master refs/remotes/master [55ms]
2023-11-16 16:54:33.763 [info] > git status -z -uall [9ms]
2023-11-16 16:54:33.769 [info] > git rev-parse --show-toplevel [27ms]
2023-11-16 16:54:33.769 [info] > git config --get commit.template [37ms]
2023-11-16 16:54:33.814 [info] > git rev-parse --git-dir --git-common-dir [26ms]
2023-11-16 16:54:33.825 [info] Open repository: /home/ernest/block14
2023-11-16 16:54:33.826 [info] > git config --get commit.template [48ms]
2023-11-16 16:54:33.852 [info] > git fetch [28ms]
2023-11-16 16:54:33.855 [info] > git for-each-ref --format=%(refname)%00%(upstream:short)%00%(objectname)%00%(upstream:track)%00%(upstream:remotename)%00%(upstream:remoteref) refs/heads/JavaStuff refs/remotes/JavaStuff [53ms]
2023-11-16 16:54:33.890 [info] > git rev-parse --show-toplevel [45ms]
2023-11-16 16:54:33.890 [info] > git config --get commit.template [56ms]
2023-11-16 16:54:33.901 [info] > git status -z -uall [36ms]
2023-11-16 16:54:33.902 [info] > git config --get commit.template [19ms]
2023-11-16 16:54:33.902 [info] > git for-each-ref --format=%(refname)%00%(upstream:short)%00%(objectname)%00%(upstream:track)%00%(upstream:remotename)%00%(upstream:remoteref) refs/heads/master refs/remotes/master [27ms]
2023-11-16 16:54:33.925 [info] No remotes found in the git config file.
2023-11-16 16:54:33.952 [info] > git status -z -uall [42ms]
2023-11-16 16:54:33.955 [info] > git rev-parse --git-dir --git-common-dir [55ms]
2023-11-16 16:54:33.968 [info] Open repository: /home/ernest/block15
2023-11-16 16:54:33.979 [info] No remotes found in the git config file.
2023-11-16 16:54:34.005 [info] > git config --get commit.template [53ms]
2023-11-16 16:54:34.006 [info] > git for-each-ref --format=%(refname)%00%(upstream:short)%00%(objectname)%00%(upstream:track)%00%(upstream:remotename)%00%(upstream:remoteref) refs/heads/master refs/remotes/master [81ms]
2023-11-16 16:54:34.026 [info] > git rev-parse --show-toplevel [29ms]
2023-11-16 16:54:34.026 [info] > git config --get commit.template [37ms]
2023-11-16 16:54:34.027 [info] > git for-each-ref --format=%(refname)%00%(upstream:short)%00%(objectname)%00%(upstream:track)%00%(upstream:remotename)%00%(upstream:remoteref) refs/heads/master refs/remotes/master [48ms]
2023-11-16 16:54:34.054 [info] > git config --get commit.template [34ms]
2023-11-16 16:54:34.083 [info] > git rev-parse --git-dir --git-common-dir [33ms]
2023-11-16 16:54:34.096 [info] Open repository: /home/ernest/block16
2023-11-16 16:54:34.097 [info] > git for-each-ref --format=%(refname)%00%(upstream:short)%00%(objectname)%00%(upstream:track)%00%(upstream:remotename)%00%(upstream:remoteref) refs/heads/JavaStuff refs/remotes/JavaStuff [58ms]
2023-11-16 16:54:34.118 [info] No remotes found in the git config file.
2023-11-16 16:54:34.144 [info] > git status -z -uall [38ms]
2023-11-16 16:54:34.148 [info] > git for-each-ref --format=%(refname)%00%(upstream:short)%00%(objectname)%00%(upstream:track)%00%(upstream:remotename)%00%(upstream:remoteref) refs/heads/master refs/remotes/master [85ms]
2023-11-16 16:54:34.159 [info] > git rev-parse --show-toplevel [22ms]
2023-11-16 16:54:34.160 [info] > git config --get commit.template [31ms]
2023-11-16 16:54:34.160 [info] > git for-each-ref --format=%(refname)%00%(upstream:short)%00%(objectname)%00%(upstream:track)%00%(upstream:remotename)%00%(upstream:remoteref) refs/heads/master refs/remotes/master [42ms]
2023-11-16 16:54:34.169 [info] > git fetch [567ms]
2023-11-16 16:54:34.186 [info] > git status -z -uall [31ms]
2023-11-16 16:54:34.187 [info] > git status -z -uall [17ms]
2023-11-16 16:54:34.218 [info] > git config --get commit.template [34ms]
2023-11-16 16:54:34.218 [info] > git rev-parse --git-dir --git-common-dir [41ms]
2023-11-16 16:54:34.228 [info] Open repository: /home/ernest/block17
2023-11-16 16:54:34.247 [info] > git config --get commit.template [30ms]
2023-11-16 16:54:34.248 [info] > git for-each-ref --format=%(refname)%00%(upstream:short)%00%(objectname)%00%(upstream:track)%00%(upstream:remotename)%00%(upstream:remoteref) refs/heads/master refs/remotes/master [50ms]
2023-11-16 16:54:34.273 [info] > git status -z -uall [17ms]
2023-11-16 16:54:34.277 [info] > git rev-parse --show-toplevel [32ms]
2023-11-16 16:54:34.277 [info] > git config --get commit.template [39ms]
2023-11-16 16:54:34.277 [info] > git fetch [558ms]
2023-11-16 16:54:34.318 [info] > git for-each-ref --format=%(refname)%00%(upstream:short)%00%(objectname)%00%(upstream:track)%00%(upstream:remotename)%00%(upstream:remoteref) refs/heads/master refs/remotes/master [54ms]
2023-11-16 16:54:34.379 [info] > git status -z -uall [54ms]
2023-11-16 16:54:34.380 [info] > git config --get commit.template [67ms]
2023-11-16 16:54:34.380 [info] > git rev-parse --show-toplevel [73ms]
2023-11-16 16:54:34.381 [info] > git config --get commit.template [82ms]
2023-11-16 16:54:34.381 [info] > git for-each-ref --format=%(refname)%00%(upstream:short)%00%(objectname)%00%(upstream:track)%00%(upstream:remotename)%00%(upstream:remoteref) refs/heads/master refs/remotes/master [94ms]
2023-11-16 16:54:34.408 [info] > git status -z -uall [18ms]
2023-11-16 16:54:34.430 [info] > git for-each-ref --format=%(refname)%00%(upstream:short)%00%(objectname)%00%(upstream:track)%00%(upstream:remotename)%00%(upstream:remoteref) refs/heads/master refs/remotes/master [96ms]
2023-11-16 16:54:34.474 [info] > git status -z -uall [34ms]
2023-11-16 16:54:34.490 [info] > git rev-parse --git-dir --git-common-dir [89ms]
2023-11-16 16:54:34.505 [info] Open repository: /home/ernest/personalwebsite
2023-11-16 16:54:34.512 [info] > git fetch [545ms]
2023-11-16 16:54:34.591 [info] > git for-each-ref --format=%(refname)%00%(upstream:short)%00%(objectname)%00%(upstream:track)%00%(upstream:remotename)%00%(upstream:remoteref) refs/heads/JavaStuff refs/remotes/JavaStuff [131ms]
2023-11-16 16:54:34.597 [info] > git for-each-ref --format=%(refname)%00%(upstream:short)%00%(objectname)%00%(upstream:track)%00%(upstream:remotename)%00%(upstream:remoteref) refs/heads/master refs/remotes/master [145ms]
2023-11-16 16:54:34.614 [info] > git status -z -uall [17ms]
2023-11-16 16:54:34.614 [info] > git status -z -uall [10ms]
2023-11-16 16:54:34.638 [info] > git config --get commit.template [70ms]
2023-11-16 16:54:34.638 [info] > git config --get commit.template [81ms]
2023-11-16 16:54:34.638 [info] > git config --get commit.template [92ms]
2023-11-16 16:54:34.639 [info] > git fetch [544ms]
2023-11-16 16:54:34.730 [info] > git config --get commit.template [79ms]
2023-11-16 16:54:34.742 [info] > git for-each-ref --format=%(refname)%00%(upstream:short)%00%(objectname)%00%(upstream:track)%00%(upstream:remotename)%00%(upstream:remoteref) refs/heads/master refs/remotes/master [49ms]
2023-11-16 16:54:34.747 [info] > git for-each-ref --format=%(refname)%00%(upstream:short)%00%(objectname)%00%(upstream:track)%00%(upstream:remotename)%00%(upstream:remoteref) refs/heads/main refs/remotes/main [60ms]
2023-11-16 16:54:34.754 [info] > git for-each-ref --format=%(refname)%00%(upstream:short)%00%(objectname)%00%(upstream:track)%00%(upstream:remotename)%00%(upstream:remoteref) refs/heads/master refs/remotes/master [71ms]
2023-11-16 16:54:34.760 [info] > git fetch [531ms]
2023-11-16 16:54:34.800 [info] > git status -z -uall [53ms]
2023-11-16 16:54:34.800 [info] > git status -z -uall [47ms]
2023-11-16 16:54:34.800 [info] > git status -z -uall [41ms] (cancelled)
2023-11-16 16:54:34.846 [info] > git config --get commit.template [47ms]
2023-11-16 16:54:34.847 [info] > git config --get commit.template [53ms]
2023-11-16 16:54:34.847 [info] > git config --get commit.template [57ms]
2023-11-16 16:54:34.847 [info] > git config --get commit.template [63ms]
2023-11-16 16:54:34.847 [info] > git config --get commit.template [69ms]
2023-11-16 16:54:34.847 [info] > git for-each-ref --format=%(refname)%00%(upstream:short)%00%(objectname)%00%(upstream:track)%00%(upstream:remotename)%00%(upstream:remoteref) refs/heads/master refs/remotes/master [75ms]
2023-11-16 16:54:34.868 [info] > git status -z -uall [15ms]
2023-11-16 16:54:34.870 [info] > git config --get commit.template [41ms]
2023-11-16 16:54:34.903 [info] No remotes found in the git config file.
2023-11-16 16:54:34.919 [info] > git for-each-ref --format=%(refname)%00%(upstream:short)%00%(objectname)%00%(upstream:track)%00%(upstream:remotename)%00%(upstream:remoteref) refs/heads/master refs/remotes/master [16ms]
2023-11-16 16:54:34.926 [info] > git for-each-ref --format=%(refname)%00%(upstream:short)%00%(objectname)%00%(upstream:track)%00%(upstream:remotename)%00%(upstream:remoteref) refs/heads/master refs/remotes/master [27ms]
2023-11-16 16:54:34.932 [info] > git for-each-ref --format=%(refname)%00%(upstream:short)%00%(objectname)%00%(upstream:track)%00%(upstream:remotename)%00%(upstream:remoteref) refs/heads/master refs/remotes/master [37ms]
2023-11-16 16:54:34.937 [info] > git for-each-ref --format=%(refname)%00%(upstream:short)%00%(objectname)%00%(upstream:track)%00%(upstream:remotename)%00%(upstream:remoteref) refs/heads/main refs/remotes/main [48ms]
2023-11-16 16:54:34.944 [info] > git for-each-ref --format=%(refname)%00%(upstream:short)%00%(objectname)%00%(upstream:track)%00%(upstream:remotename)%00%(upstream:remoteref) refs/heads/master refs/remotes/master [61ms]
2023-11-16 16:54:34.958 [info] > git status -z -uall [32ms]
2023-11-16 16:54:34.958 [info] > git status -z -uall [27ms]
2023-11-16 16:54:34.958 [info] > git status -z -uall [22ms]
2023-11-16 16:54:34.958 [info] > git status -z -uall [3ms]
2023-11-16 16:54:34.962 [info] > git for-each-ref --format=%(refname)%00%(upstream:short)%00%(objectname)%00%(upstream:track)%00%(upstream:remotename)%00%(upstream:remoteref) refs/heads/main refs/remotes/main [48ms]
2023-11-16 16:54:34.968 [info] > git fetch [464ms]
2023-11-16 16:54:34.978 [info] > git status -z -uall [10ms] (cancelled)
2023-11-16 16:54:34.980 [info] > git config --get commit.template [3ms]
2023-11-16 16:54:34.991 [info] > git for-each-ref --format=%(refname)%00%(upstream:short)%00%(objectname)%00%(upstream:track)%00%(upstream:remotename)%00%(upstream:remoteref) refs/heads/main refs/remotes/main [2ms]
2023-11-16 16:54:34.997 [info] > git status -z -uall [53ms]
2023-11-16 16:54:34.997 [info] > git status -z -uall [1ms]
2023-11-16 16:54:35.203 [info] > git check-ignore -v -z --stdin [67ms]
2023-11-16 16:54:35.211 [info] > git check-ignore -v -z --stdin [69ms]
2023-11-16 16:54:35.211 [info] > git check-ignore -v -z --stdin [64ms]
2023-11-16 16:54:35.212 [info] > git check-ignore -v -z --stdin [60ms]
2023-11-16 16:54:35.212 [info] > git check-ignore -v -z --stdin [54ms]
2023-11-16 16:54:35.212 [info] > git check-ignore -v -z --stdin [48ms]
2023-11-16 16:54:35.212 [info] > git check-ignore -v -z --stdin [43ms]
2023-11-16 16:54:35.213 [info] > git check-ignore -v -z --stdin [35ms]
2023-11-16 16:54:35.213 [info] > git check-ignore -v -z --stdin [27ms]
2023-11-16 16:54:35.213 [info] > git check-ignore -v -z --stdin [20ms]
2023-11-16 16:54:35.213 [info] > git check-ignore -v -z --stdin [15ms]
2023-11-16 16:54:35.279 [info] > git config --get commit.template [1ms]
2023-11-16 16:54:35.288 [info] No remotes found in the git config file.
2023-11-16 16:54:35.291 [info] > git for-each-ref --format=%(refname)%00%(upstream:short)%00%(objectname)%00%(upstream:track)%00%(upstream:remotename)%00%(upstream:remoteref) refs/heads/master refs/remotes/master [3ms]
2023-11-16 16:54:35.298 [info] > git status -z -uall [2ms]
2023-11-16 16:54:35.468 [info] > git show --textconv :freelance.js [7ms]
2023-11-16 16:54:35.468 [info] > git ls-files --stage -- /home/ernest/block19/freelance.js [1ms]
2023-11-16 16:54:35.476 [info] > git cat-file -s c5db4b3b0450ce344c83ba9bdb3619e5e320579d [1ms]
2023-11-16 16:54:36.211 [info] > git config --get commit.template [1ms]
2023-11-16 16:54:36.232 [info] > git for-each-ref --format=%(refname)%00%(upstream:short)%00%(objectname)%00%(upstream:track)%00%(upstream:remotename)%00%(upstream:remoteref) refs/heads/main refs/remotes/main [1ms]
2023-11-16 16:54:36.240 [info] > git status -z -uall [1ms]
2023-11-16 16:54:36.314 [info] > git ls-files --stage -- /home/ernest/block19/freelance.js [1ms]
2023-11-16 16:54:36.320 [info] > git cat-file -s c5db4b3b0450ce344c83ba9bdb3619e5e320579d [1ms]
2023-11-16 16:54:36.330 [info] > git show --textconv :freelance.js [1ms]
2023-11-16 16:54:40.017 [info] > git config --get commit.template [9ms]
2023-11-16 16:54:40.017 [info] > git for-each-ref --format=%(refname)%00%(upstream:short)%00%(objectname)%00%(upstream:track)%00%(upstream:remotename)%00%(upstream:remoteref) refs/heads/main refs/remotes/main [4ms]
2023-11-16 16:54:40.062 [info] > git status -z -uall [40ms]
2023-11-16 16:54:45.099 [info] > git config --get commit.template [27ms]
2023-11-16 16:54:45.106 [info] > git for-each-ref --format=%(refname)%00%(upstream:short)%00%(objectname)%00%(upstream:track)%00%(upstream:remotename)%00%(upstream:remoteref) refs/heads/main refs/remotes/main [1ms]
2023-11-16 16:54:45.167 [info] > git status -z -uall [56ms]
2023-11-16 16:54:50.180 [info] > git config --get commit.template [1ms]
2023-11-16 16:54:50.188 [info] > git for-each-ref --format=%(refname)%00%(upstream:short)%00%(objectname)%00%(upstream:track)%00%(upstream:remotename)%00%(upstream:remoteref) refs/heads/main refs/remotes/main [2ms]
2023-11-16 16:54:50.251 [info] > git status -z -uall [56ms]
2023-11-16 16:54:59.418 [info] > git config --get commit.template [1ms]
2023-11-16 16:54:59.429 [info] > git for-each-ref --format=%(refname)%00%(upstream:short)%00%(objectname)%00%(upstream:track)%00%(upstream:remotename)%00%(upstream:remoteref) refs/heads/main refs/remotes/main [2ms]
2023-11-16 16:54:59.490 [info] > git status -z -uall [54ms]
2023-11-16 16:55:02.332 [info] > git show --textconv :freelance.css [5ms]
2023-11-16 16:55:02.333 [info] > git ls-files --stage -- /home/ernest/block19/freelance.css [0ms]
2023-11-16 16:55:02.359 [info] > git cat-file -s e493948425baba7100112e4ce4dcd6b3ce0c2425 [22ms]
2023-11-16 16:55:03.764 [info] > git show --textconv :freelancer.html [12ms]
2023-11-16 16:55:03.764 [info] > git ls-files --stage -- /home/ernest/block19/freelancer.html [2ms]
2023-11-16 16:55:03.772 [info] > git cat-file -s 3a39ad6fc75378b29a55ce414a8b4880ecc94f37 [2ms]
2023-11-16 16:55:04.509 [info] > git config --get commit.template [7ms]
2023-11-16 16:55:04.509 [info] > git for-each-ref --format=%(refname)%00%(upstream:short)%00%(objectname)%00%(upstream:track)%00%(upstream:remotename)%00%(upstream:remoteref) refs/heads/main refs/remotes/main [1ms]
2023-11-16 16:55:04.556 [info] > git status -z -uall [42ms]
2023-11-16 16:55:05.446 [info] > git show --textconv :freelance.css [7ms]
2023-11-16 16:55:05.446 [info] > git ls-files --stage -- /home/ernest/block19/freelance.css [1ms]
2023-11-16 16:55:05.452 [info] > git cat-file -s e493948425baba7100112e4ce4dcd6b3ce0c2425 [1ms]
2023-11-16 16:55:05.839 [info] > git show --textconv :freelance.js [5ms]
2023-11-16 16:55:05.840 [info] > git ls-files --stage -- /home/ernest/block19/freelance.js [1ms]
2023-11-16 16:55:05.847 [info] > git cat-file -s c5db4b3b0450ce344c83ba9bdb3619e5e320579d [2ms]
2023-11-16 16:55:09.569 [info] > git config --get commit.template [1ms]
2023-11-16 16:55:09.577 [info] > git for-each-ref --format=%(refname)%00%(upstream:short)%00%(objectname)%00%(upstream:track)%00%(upstream:remotename)%00%(upstream:remoteref) refs/heads/main refs/remotes/main [1ms]
2023-11-16 16:55:09.643 [info] > git status -z -uall [61ms]
2023-11-16 16:55:14.655 [info] > git config --get commit.template [1ms]
2023-11-16 16:55:14.661 [info] > git for-each-ref --format=%(refname)%00%(upstream:short)%00%(objectname)%00%(upstream:track)%00%(upstream:remotename)%00%(upstream:remoteref) refs/heads/main refs/remotes/main [1ms]
2023-11-16 16:55:14.725 [info] > git status -z -uall [57ms]
2023-11-16 16:55:19.738 [info] > git config --get commit.template [1ms]
2023-11-16 16:55:19.745 [info] > git for-each-ref --format=%(refname)%00%(upstream:short)%00%(objectname)%00%(upstream:track)%00%(upstream:remotename)%00%(upstream:remoteref) refs/heads/main refs/remotes/main [1ms]
2023-11-16 16:55:19.809 [info] > git status -z -uall [60ms]
2023-11-16 16:55:24.826 [info] > git config --get commit.template [7ms]
2023-11-16 16:55:24.827 [info] > git for-each-ref --format=%(refname)%00%(upstream:short)%00%(objectname)%00%(upstream:track)%00%(upstream:remotename)%00%(upstream:remoteref) refs/heads/main refs/remotes/main [2ms]
2023-11-16 16:55:24.874 [info] > git status -z -uall [43ms]
2023-11-16 16:55:29.894 [info] > git config --get commit.template [7ms]
2023-11-16 16:55:29.895 [info] > git for-each-ref --format=%(refname)%00%(upstream:short)%00%(objectname)%00%(upstream:track)%00%(upstream:remotename)%00%(upstream:remoteref) refs/heads/main refs/remotes/main [2ms]
2023-11-16 16:55:29.961 [info] > git status -z -uall [60ms]
2023-11-16 16:55:34.984 [info] > git config --get commit.template [9ms]
2023-11-16 16:55:34.986 [info] > git for-each-ref --format=%(refname)%00%(upstream:short)%00%(objectname)%00%(upstream:track)%00%(upstream:remotename)%00%(upstream:remoteref) refs/heads/main refs/remotes/main [3ms]
2023-11-16 16:55:35.058 [info] > git status -z -uall [61ms]
2023-11-16 16:55:40.079 [info] > git config --get commit.template [8ms]
2023-11-16 16:55:40.079 [info] > git for-each-ref --format=%(refname)%00%(upstream:short)%00%(objectname)%00%(upstream:track)%00%(upstream:remotename)%00%(upstream:remoteref) refs/heads/main refs/remotes/main [2ms]
2023-11-16 16:55:40.142 [info] > git status -z -uall [58ms]
2023-11-16 16:55:45.156 [info] > git config --get commit.template [1ms]
2023-11-16 16:55:45.163 [info] > git for-each-ref --format=%(refname)%00%(upstream:short)%00%(objectname)%00%(upstream:track)%00%(upstream:remotename)%00%(upstream:remoteref) refs/heads/main refs/remotes/main [2ms]
2023-11-16 16:55:45.226 [info] > git status -z -uall [57ms]
2023-11-16 16:55:50.238 [info] > git config --get commit.template [1ms]
2023-11-16 16:55:50.245 [info] > git for-each-ref --format=%(refname)%00%(upstream:short)%00%(objectname)%00%(upstream:track)%00%(upstream:remotename)%00%(upstream:remoteref) refs/heads/main refs/remotes/main [1ms]
2023-11-16 16:55:50.306 [info] > git status -z -uall [56ms]
2023-11-16 16:55:55.318 [info] > git config --get commit.template [1ms]
2023-11-16 16:55:55.326 [info] > git for-each-ref --format=%(refname)%00%(upstream:short)%00%(objectname)%00%(upstream:track)%00%(upstream:remotename)%00%(upstream:remoteref) refs/heads/main refs/remotes/main [1ms]
2023-11-16 16:55:55.388 [info] > git status -z -uall [57ms]
2023-11-16 16:56:00.400 [info] > git config --get commit.template [1ms]
2023-11-16 16:56:00.406 [info] > git for-each-ref --format=%(refname)%00%(upstream:short)%00%(objectname)%00%(upstream:track)%00%(upstream:remotename)%00%(upstream:remoteref) refs/heads/main refs/remotes/main [1ms]
2023-11-16 16:56:00.468 [info] > git status -z -uall [57ms]
2023-11-16 16:56:05.481 [info] > git config --get commit.template [1ms]
2023-11-16 16:56:05.488 [info] > git for-each-ref --format=%(refname)%00%(upstream:short)%00%(objectname)%00%(upstream:track)%00%(upstream:remotename)%00%(upstream:remoteref) refs/heads/main refs/remotes/main [1ms]
2023-11-16 16:56:05.548 [info] > git status -z -uall [55ms]
2023-11-16 16:56:10.560 [info] > git config --get commit.template [1ms]
2023-11-16 16:56:10.567 [info] > git for-each-ref --format=%(refname)%00%(upstream:short)%00%(objectname)%00%(upstream:track)%00%(upstream:remotename)%00%(upstream:remoteref) refs/heads/main refs/remotes/main [1ms]
2023-11-16 16:56:10.627 [info] > git status -z -uall [56ms]
2023-11-16 16:56:15.638 [info] > git config --get commit.template [2ms]
2023-11-16 16:56:15.644 [info] > git for-each-ref --format=%(refname)%00%(upstream:short)%00%(objectname)%00%(upstream:track)%00%(upstream:remotename)%00%(upstream:remoteref) refs/heads/main refs/remotes/main [1ms]
2023-11-16 16:56:15.705 [info] > git status -z -uall [56ms]
2023-11-16 16:56:20.723 [info] > git config --get commit.template [7ms]
2023-11-16 16:56:20.724 [info] > git for-each-ref --format=%(refname)%00%(upstream:short)%00%(objectname)%00%(upstream:track)%00%(upstream:remotename)%00%(upstream:remoteref) refs/heads/main refs/remotes/main [2ms]
2023-11-16 16:56:20.788 [info] > git status -z -uall [58ms]
2023-11-16 16:56:25.801 [info] > git config --get commit.template [1ms]
2023-11-16 16:56:25.807 [info] > git for-each-ref --format=%(refname)%00%(upstream:short)%00%(objectname)%00%(upstream:track)%00%(upstream:remotename)%00%(upstream:remoteref) refs/heads/main refs/remotes/main [1ms]
2023-11-16 16:56:25.898 [info] > git status -z -uall [86ms]
2023-11-16 16:56:30.911 [info] > git config --get commit.template [1ms]
2023-11-16 16:56:30.918 [info] > git for-each-ref --format=%(refname)%00%(upstream:short)%00%(objectname)%00%(upstream:track)%00%(upstream:remotename)%00%(upstream:remoteref) refs/heads/main refs/remotes/main [1ms]
2023-11-16 16:56:30.982 [info] > git status -z -uall [59ms]
2023-11-16 16:56:35.994 [info] > git config --get commit.template [1ms]
2023-11-16 16:56:36.002 [info] > git for-each-ref --format=%(refname)%00%(upstream:short)%00%(objectname)%00%(upstream:track)%00%(upstream:remotename)%00%(upstream:remoteref) refs/heads/main refs/remotes/main [1ms]
2023-11-16 16:56:36.060 [info] > git status -z -uall [52ms]
2023-11-16 16:56:41.081 [info] > git config --get commit.template [9ms]
2023-11-16 16:56:41.082 [info] > git for-each-ref --format=%(refname)%00%(upstream:short)%00%(objectname)%00%(upstream:track)%00%(upstream:remotename)%00%(upstream:remoteref) refs/heads/main refs/remotes/main [2ms]
2023-11-16 16:56:41.165 [info] > git status -z -uall [77ms]
2023-11-16 16:56:46.180 [info] > git config --get commit.template [1ms]
2023-11-16 16:56:46.187 [info] > git for-each-ref --format=%(refname)%00%(upstream:short)%00%(objectname)%00%(upstream:track)%00%(upstream:remotename)%00%(upstream:remoteref) refs/heads/main refs/remotes/main [1ms]
2023-11-16 16:56:46.265 [info] > git status -z -uall [73ms]
2023-11-16 16:56:51.279 [info] > git config --get commit.template [1ms]
2023-11-16 16:56:51.287 [info] > git for-each-ref --format=%(refname)%00%(upstream:short)%00%(objectname)%00%(upstream:track)%00%(upstream:remotename)%00%(upstream:remoteref) refs/heads/main refs/remotes/main [1ms]
2023-11-16 16:56:51.354 [info] > git status -z -uall [62ms]
2023-11-16 16:56:56.383 [info] > git config --get commit.template [14ms]
2023-11-16 16:56:56.385 [info] > git for-each-ref --format=%(refname)%00%(upstream:short)%00%(objectname)%00%(upstream:track)%00%(upstream:remotename)%00%(upstream:remoteref) refs/heads/main refs/remotes/main [3ms]
2023-11-16 16:56:56.480 [info] > git status -z -uall [88ms]
2023-11-16 16:57:01.492 [info] > git config --get commit.template [1ms]
2023-11-16 16:57:01.498 [info] > git for-each-ref --format=%(refname)%00%(upstream:short)%00%(objectname)%00%(upstream:track)%00%(upstream:remotename)%00%(upstream:remoteref) refs/heads/main refs/remotes/main [1ms]
2023-11-16 16:57:01.561 [info] > git status -z -uall [55ms]
2023-11-16 16:57:06.574 [info] > git config --get commit.template [2ms]
2023-11-16 16:57:06.582 [info] > git for-each-ref --format=%(refname)%00%(upstream:short)%00%(objectname)%00%(upstream:track)%00%(upstream:remotename)%00%(upstream:remoteref) refs/heads/main refs/remotes/main [1ms]
2023-11-16 16:57:06.643 [info] > git status -z -uall [55ms]
2023-11-16 16:57:11.658 [info] > git config --get commit.template [1ms]
2023-11-16 16:57:11.665 [info] > git for-each-ref --format=%(refname)%00%(upstream:short)%00%(objectname)%00%(upstream:track)%00%(upstream:remotename)%00%(upstream:remoteref) refs/heads/main refs/remotes/main [1ms]
2023-11-16 16:57:11.726 [info] > git status -z -uall [56ms]
2023-11-16 16:57:16.748 [info] > git config --get commit.template [7ms]
2023-11-16 16:57:16.748 [info] > git for-each-ref --format=%(refname)%00%(upstream:short)%00%(objectname)%00%(upstream:track)%00%(upstream:remotename)%00%(upstream:remoteref) refs/heads/main refs/remotes/main [1ms]
2023-11-16 16:57:16.811 [info] > git status -z -uall [58ms]
2023-11-16 18:07:58.253 [info] > git fetch [87ms]
2023-11-16 18:07:58.254 [info] > git fetch [152ms]
2023-11-16 18:07:58.276 [info] > git config --get commit.template [25ms]
2023-11-16 18:07:58.277 [info] > git config --get commit.template [1ms]
2023-11-16 18:07:58.277 [info] > git config --get commit.template [9ms]
2023-11-16 18:07:58.304 [info] No remotes found in the git config file.
2023-11-16 18:07:58.325 [info] No remotes found in the git config file.
2023-11-16 18:07:58.325 [info] > git for-each-ref --format=%(refname)%00%(upstream:short)%00%(objectname)%00%(upstream:track)%00%(upstream:remotename)%00%(upstream:remoteref) refs/heads/main refs/remotes/main [36ms]
2023-11-16 18:07:58.334 [info] > git for-each-ref --format=%(refname)%00%(upstream:short)%00%(objectname)%00%(upstream:track)%00%(upstream:remotename)%00%(upstream:remoteref) refs/heads/master refs/remotes/master [10ms]
2023-11-16 18:07:58.352 [info] > git for-each-ref --format=%(refname)%00%(upstream:short)%00%(objectname)%00%(upstream:track)%00%(upstream:remotename)%00%(upstream:remoteref) refs/heads/master refs/remotes/master [49ms]
2023-11-16 18:07:58.361 [info] > git status -z -uall [10ms]
2023-11-16 18:07:58.363 [info] > git status -z -uall [3ms]
2023-11-16 18:07:58.440 [info] > git status -z -uall [106ms]
2023-11-16 18:07:58.799 [info] > git fetch [620ms]
2023-11-16 18:07:58.807 [info] > git config --get commit.template [1ms]
2023-11-16 18:07:58.815 [info] > git for-each-ref --format=%(refname)%00%(upstream:short)%00%(objectname)%00%(upstream:track)%00%(upstream:remotename)%00%(upstream:remoteref) refs/heads/master refs/remotes/master [1ms]
2023-11-16 18:07:58.824 [info] > git status -z -uall [1ms]
2023-11-16 18:07:58.997 [info] > git fetch [779ms]
2023-11-16 18:07:59.017 [info] > git fetch [902ms]
2023-11-16 18:07:59.018 [info] > git config --get commit.template [13ms]
2023-11-16 18:07:59.027 [info] > git fetch [791ms]
2023-11-16 18:07:59.028 [info] > git for-each-ref --format=%(refname)%00%(upstream:short)%00%(objectname)%00%(upstream:track)%00%(upstream:remotename)%00%(upstream:remoteref) refs/heads/master refs/remotes/master [12ms]
2023-11-16 18:07:59.041 [info] > git status -z -uall [7ms]
2023-11-16 18:07:59.042 [info] > git fetch [899ms]
2023-11-16 18:07:59.042 [info] > git config --get commit.template [16ms]
2023-11-16 18:07:59.056 [info] > git config --get commit.template [15ms]
2023-11-16 18:07:59.056 [info] > git fetch [828ms]
2023-11-16 18:07:59.065 [info] > git config --get commit.template [9ms]
2023-11-16 18:07:59.065 [info] > git for-each-ref --format=%(refname)%00%(upstream:short)%00%(objectname)%00%(upstream:track)%00%(upstream:remotename)%00%(upstream:remoteref) refs/heads/master refs/remotes/master [17ms]
2023-11-16 18:07:59.077 [info] > git status -z -uall [6ms]
2023-11-16 18:07:59.077 [info] > git config --get commit.template [12ms]
2023-11-16 18:07:59.084 [info] > git for-each-ref --format=%(refname)%00%(upstream:short)%00%(objectname)%00%(upstream:track)%00%(upstream:remotename)%00%(upstream:remoteref) refs/heads/main refs/remotes/main [7ms]
2023-11-16 18:07:59.099 [info] > git status -z -uall [9ms]
2023-11-16 18:07:59.101 [info] > git for-each-ref --format=%(refname)%00%(upstream:short)%00%(objectname)%00%(upstream:track)%00%(upstream:remotename)%00%(upstream:remoteref) refs/heads/master refs/remotes/master [18ms]
2023-11-16 18:07:59.108 [info] > git for-each-ref --format=%(refname)%00%(upstream:short)%00%(objectname)%00%(upstream:track)%00%(upstream:remotename)%00%(upstream:remoteref) refs/heads/master refs/remotes/master [9ms]
2023-11-16 18:07:59.114 [info] > git status -z -uall [7ms]
2023-11-16 18:07:59.116 [info] > git status -z -uall [2ms]
2023-11-16 18:07:59.316 [info] > git fetch [1106ms]
2023-11-16 18:07:59.323 [info] > git config --get commit.template [1ms]
2023-11-16 18:07:59.329 [info] > git for-each-ref --format=%(refname)%00%(upstream:short)%00%(objectname)%00%(upstream:track)%00%(upstream:remotename)%00%(upstream:remoteref) refs/heads/master refs/remotes/master [1ms]
2023-11-16 18:07:59.336 [info] > git status -z -uall [1ms]
2023-11-16 18:07:59.354 [info] > git fetch [1159ms]
2023-11-16 18:07:59.366 [info] > git config --get commit.template [6ms]
2023-11-16 18:07:59.366 [info] > git for-each-ref --format=%(refname)%00%(upstream:short)%00%(objectname)%00%(upstream:track)%00%(upstream:remotename)%00%(upstream:remoteref) refs/heads/JavaStuff refs/remotes/JavaStuff [1ms]
2023-11-16 18:07:59.372 [info] > git status -z -uall [1ms]
2023-11-16 18:07:59.514 [info] > git config --get commit.template [2ms]
2023-11-16 18:07:59.520 [info] No remotes found in the git config file.
2023-11-16 18:07:59.521 [info] > git for-each-ref --format=%(refname)%00%(upstream:short)%00%(objectname)%00%(upstream:track)%00%(upstream:remotename)%00%(upstream:remoteref) refs/heads/master refs/remotes/master [1ms]
2023-11-16 18:07:59.527 [info] > git fetch [1398ms]
2023-11-16 18:07:59.527 [info] fatal: repository 'https://github.com/ernesttheiss/github-workflow/tree/master/' not found
2023-11-16 18:07:59.533 [info] > git status -z -uall [7ms]
2023-11-16 18:07:59.535 [info] > git config --get commit.template [2ms]
2023-11-16 18:07:59.541 [info] > git for-each-ref --format=%(refname)%00%(upstream:short)%00%(objectname)%00%(upstream:track)%00%(upstream:remotename)%00%(upstream:remoteref) refs/heads/main refs/remotes/main [1ms]
2023-11-16 18:07:59.591 [info] > git status -z -uall [45ms]
2023-11-16 18:07:59.978 [info] > git config --get commit.template [13ms]
2023-11-16 18:07:59.979 [info] > git for-each-ref --format=%(refname)%00%(upstream:short)%00%(objectname)%00%(upstream:track)%00%(upstream:remotename)%00%(upstream:remoteref) refs/heads/master refs/remotes/master [2ms]
2023-11-16 18:07:59.988 [info] > git status -z -uall [2ms]
2023-11-16 18:08:00.296 [info] > git config --get commit.template [18ms]
2023-11-16 18:08:00.296 [info] > git config --get commit.template [24ms]
2023-11-16 18:08:00.297 [info] > git config --get commit.template [2ms]
2023-11-16 18:08:00.297 [info] > git config --get commit.template [5ms]
2023-11-16 18:08:00.297 [info] > git config --get commit.template [11ms]
2023-11-16 18:08:00.323 [info] > git for-each-ref --format=%(refname)%00%(upstream:short)%00%(objectname)%00%(upstream:track)%00%(upstream:remotename)%00%(upstream:remoteref) refs/heads/master refs/remotes/master [20ms]
2023-11-16 18:08:00.330 [info] > git for-each-ref --format=%(refname)%00%(upstream:short)%00%(objectname)%00%(upstream:track)%00%(upstream:remotename)%00%(upstream:remoteref) refs/heads/main refs/remotes/main [8ms]
2023-11-16 18:08:00.338 [info] > git for-each-ref --format=%(refname)%00%(upstream:short)%00%(objectname)%00%(upstream:track)%00%(upstream:remotename)%00%(upstream:remoteref) refs/heads/master refs/remotes/master [24ms]
2023-11-16 18:08:00.345 [info] > git for-each-ref --format=%(refname)%00%(upstream:short)%00%(objectname)%00%(upstream:track)%00%(upstream:remotename)%00%(upstream:remoteref) refs/heads/master refs/remotes/master [35ms]
2023-11-16 18:08:00.350 [info] > git for-each-ref --format=%(refname)%00%(upstream:short)%00%(objectname)%00%(upstream:track)%00%(upstream:remotename)%00%(upstream:remoteref) refs/heads/master refs/remotes/master [44ms]
2023-11-16 18:08:00.357 [info] > git status -z -uall [28ms]
2023-11-16 18:08:00.357 [info] > git status -z -uall [19ms]
2023-11-16 18:08:00.357 [info] > git status -z -uall [13ms]
2023-11-16 18:08:00.357 [info] > git status -z -uall [7ms]
2023-11-16 18:08:00.364 [info] > git status -z -uall [7ms]
2023-11-16 18:08:00.526 [info] > git config --get commit.template [6ms]
2023-11-16 18:08:00.526 [info] > git config --get commit.template [1ms]
2023-11-16 18:08:00.539 [info] > git for-each-ref --format=%(refname)%00%(upstream:short)%00%(objectname)%00%(upstream:track)%00%(upstream:remotename)%00%(upstream:remoteref) refs/heads/JavaStuff refs/remotes/JavaStuff [6ms]
2023-11-16 18:08:00.544 [info] > git for-each-ref --format=%(refname)%00%(upstream:short)%00%(objectname)%00%(upstream:track)%00%(upstream:remotename)%00%(upstream:remoteref) refs/heads/master refs/remotes/master [6ms]
2023-11-16 18:08:00.549 [info] > git status -z -uall [5ms]
2023-11-16 18:08:00.552 [info] > git status -z -uall [3ms]
2023-11-16 18:08:00.626 [info] > git ls-files --stage -- /home/ernest/block19/freelance.js [1ms]
2023-11-16 18:08:00.633 [info] > git cat-file -s c5db4b3b0450ce344c83ba9bdb3619e5e320579d [1ms]
2023-11-16 18:08:00.646 [info] > git show --textconv :freelance.js [1ms]
2023-11-16 18:10:20.829 [info] > git config --get commit.template [12ms]
2023-11-16 18:10:20.830 [info] > git for-each-ref --format=%(refname)%00%(upstream:short)%00%(objectname)%00%(upstream:track)%00%(upstream:remotename)%00%(upstream:remoteref) refs/heads/main refs/remotes/main [2ms]
2023-11-16 18:10:20.883 [info] > git status -z -uall [45ms]
2023-11-16 18:29:26.855 [info] > git fetch [116ms]
2023-11-16 18:29:26.860 [info] > git fetch [129ms]
2023-11-16 18:29:26.889 [info] > git config --get commit.template [35ms]
2023-11-16 18:29:26.891 [info] > git config --get commit.template [1ms]
2023-11-16 18:29:26.891 [info] > git config --get commit.template [16ms]
2023-11-16 18:29:26.906 [info] No remotes found in the git config file.
2023-11-16 18:29:26.912 [info] No remotes found in the git config file.
2023-11-16 18:29:26.915 [info] > git for-each-ref --format=%(refname)%00%(upstream:short)%00%(objectname)%00%(upstream:track)%00%(upstream:remotename)%00%(upstream:remoteref) refs/heads/master refs/remotes/master [2ms]
2023-11-16 18:29:26.924 [info] > git for-each-ref --format=%(refname)%00%(upstream:short)%00%(objectname)%00%(upstream:track)%00%(upstream:remotename)%00%(upstream:remoteref) refs/heads/master refs/remotes/master [18ms]
2023-11-16 18:29:26.935 [info] > git for-each-ref --format=%(refname)%00%(upstream:short)%00%(objectname)%00%(upstream:track)%00%(upstream:remotename)%00%(upstream:remoteref) refs/heads/main refs/remotes/main [36ms]
2023-11-16 18:29:26.952 [info] > git status -z -uall [27ms]
2023-11-16 18:29:26.953 [info] > git status -z -uall [19ms]
2023-11-16 18:29:27.006 [info] > git status -z -uall [60ms]
2023-11-16 18:29:27.565 [info] > git fetch [804ms]
2023-11-16 18:29:27.574 [info] > git fetch [776ms]
2023-11-16 18:29:27.575 [info] > git fetch [757ms]
2023-11-16 18:29:27.576 [info] > git fetch [797ms]
2023-11-16 18:29:27.601 [info] > git fetch [792ms]
2023-11-16 18:29:27.602 [info] > git config --get commit.template [29ms]
2023-11-16 18:29:27.607 [info] > git config --get commit.template [8ms]
2023-11-16 18:29:27.607 [info] > git config --get commit.template [12ms]
2023-11-16 18:29:27.607 [info] > git config --get commit.template [19ms]
2023-11-16 18:29:27.607 [info] > git for-each-ref --format=%(refname)%00%(upstream:short)%00%(objectname)%00%(upstream:track)%00%(upstream:remotename)%00%(upstream:remoteref) refs/heads/master refs/remotes/master [26ms]
2023-11-16 18:29:27.613 [info] > git fetch [843ms]
2023-11-16 18:29:27.614 [info] > git fetch [863ms]
2023-11-16 18:29:27.614 [info] > git fetch [825ms]
2023-11-16 18:29:27.615 [info] > git fetch [779ms]
2023-11-16 18:29:27.615 [info] fatal: repository 'https://github.com/ernesttheiss/github-workflow/tree/master/' not found
2023-11-16 18:29:27.635 [info] > git status -z -uall [23ms]
2023-11-16 18:29:27.636 [info] > git config --get commit.template [30ms]
2023-11-16 18:29:27.657 [info] > git config --get commit.template [23ms]
2023-11-16 18:29:27.657 [info] > git config --get commit.template [28ms]
2023-11-16 18:29:27.658 [info] > git config --get commit.template [32ms]
2023-11-16 18:29:27.658 [info] > git config --get commit.template [38ms]
2023-11-16 18:29:27.663 [info] > git for-each-ref --format=%(refname)%00%(upstream:short)%00%(objectname)%00%(upstream:track)%00%(upstream:remotename)%00%(upstream:remoteref) refs/heads/main refs/remotes/main [7ms]
2023-11-16 18:29:27.668 [info] > git for-each-ref --format=%(refname)%00%(upstream:short)%00%(objectname)%00%(upstream:track)%00%(upstream:remotename)%00%(upstream:remoteref) refs/heads/JavaStuff refs/remotes/JavaStuff [20ms]
2023-11-16 18:29:27.672 [info] > git for-each-ref --format=%(refname)%00%(upstream:short)%00%(objectname)%00%(upstream:track)%00%(upstream:remotename)%00%(upstream:remoteref) refs/heads/master refs/remotes/master [30ms]
2023-11-16 18:29:27.709 [info] > git status -z -uall [42ms]
2023-11-16 18:29:27.709 [info] > git status -z -uall [37ms]
2023-11-16 18:29:27.709 [info] > git status -z -uall [33ms]
2023-11-16 18:29:27.711 [info] > git for-each-ref --format=%(refname)%00%(upstream:short)%00%(objectname)%00%(upstream:track)%00%(upstream:remotename)%00%(upstream:remoteref) refs/heads/master refs/remotes/master [49ms]
2023-11-16 18:29:27.717 [info] > git for-each-ref --format=%(refname)%00%(upstream:short)%00%(objectname)%00%(upstream:track)%00%(upstream:remotename)%00%(upstream:remoteref) refs/heads/main refs/remotes/main [9ms]
2023-11-16 18:29:27.723 [info] > git for-each-ref --format=%(refname)%00%(upstream:short)%00%(objectname)%00%(upstream:track)%00%(upstream:remotename)%00%(upstream:remoteref) refs/heads/master refs/remotes/master [22ms]
2023-11-16 18:29:27.731 [info] > git for-each-ref --format=%(refname)%00%(upstream:short)%00%(objectname)%00%(upstream:track)%00%(upstream:remotename)%00%(upstream:remoteref) refs/heads/master refs/remotes/master [35ms]
2023-11-16 18:29:27.737 [info] > git for-each-ref --format=%(refname)%00%(upstream:short)%00%(objectname)%00%(upstream:track)%00%(upstream:remotename)%00%(upstream:remoteref) refs/heads/master refs/remotes/master [55ms]
2023-11-16 18:29:27.746 [info] > git status -z -uall [30ms]
2023-11-16 18:29:27.746 [info] > git status -z -uall [16ms]
2023-11-16 18:29:27.746 [info] > git status -z -uall [9ms]
2023-11-16 18:29:27.746 [info] > git status -z -uall [3ms]
2023-11-16 18:29:27.767 [info] > git status -z -uall [45ms]
2023-11-16 18:29:29.010 [info] > git config --get commit.template [11ms]
2023-11-16 18:29:29.011 [info] > git config --get commit.template [17ms]
2023-11-16 18:29:29.011 [info] > git config --get commit.template [27ms]
2023-11-16 18:29:29.011 [info] > git config --get commit.template [40ms]
2023-11-16 18:29:29.011 [info] > git config --get commit.template [48ms]
2023-11-16 18:29:29.011 [info] > git config --get commit.template [61ms]
2023-11-16 18:29:29.011 [info] > git config --get commit.template [73ms]
2023-11-16 18:29:29.012 [info] > git config --get commit.template [3ms]
2023-11-16 18:29:29.054 [info] > git for-each-ref --format=%(refname)%00%(upstream:short)%00%(objectname)%00%(upstream:track)%00%(upstream:remotename)%00%(upstream:remoteref) refs/heads/master refs/remotes/master [13ms]
2023-11-16 18:29:29.060 [info] > git for-each-ref --format=%(refname)%00%(upstream:short)%00%(objectname)%00%(upstream:track)%00%(upstream:remotename)%00%(upstream:remoteref) refs/heads/master refs/remotes/master [24ms]
2023-11-16 18:29:29.066 [info] > git for-each-ref --format=%(refname)%00%(upstream:short)%00%(objectname)%00%(upstream:track)%00%(upstream:remotename)%00%(upstream:remoteref) refs/heads/JavaStuff refs/remotes/JavaStuff [34ms]
2023-11-16 18:29:29.074 [info] > git for-each-ref --format=%(refname)%00%(upstream:short)%00%(objectname)%00%(upstream:track)%00%(upstream:remotename)%00%(upstream:remoteref) refs/heads/master refs/remotes/master [46ms]
2023-11-16 18:29:29.079 [info] > git for-each-ref --format=%(refname)%00%(upstream:short)%00%(objectname)%00%(upstream:track)%00%(upstream:remotename)%00%(upstream:remoteref) refs/heads/master refs/remotes/master [56ms]
2023-11-16 18:29:29.084 [info] > git for-each-ref --format=%(refname)%00%(upstream:short)%00%(objectname)%00%(upstream:track)%00%(upstream:remotename)%00%(upstream:remoteref) refs/heads/master refs/remotes/master [66ms]
2023-11-16 18:29:29.091 [info] > git status -z -uall [32ms]
2023-11-16 18:29:29.091 [info] > git status -z -uall [26ms]
2023-11-16 18:29:29.091 [info] > git status -z -uall [18ms]
2023-11-16 18:29:29.091 [info] > git status -z -uall [12ms]
2023-11-16 18:29:29.091 [info] > git status -z -uall [7ms]
2023-11-16 18:29:29.091 [info] > git status -z -uall [1ms]
2023-11-16 18:29:29.095 [info] > git for-each-ref --format=%(refname)%00%(upstream:short)%00%(objectname)%00%(upstream:track)%00%(upstream:remotename)%00%(upstream:remoteref) refs/heads/main refs/remotes/main [43ms]
2023-11-16 18:29:29.101 [info] > git for-each-ref --format=%(refname)%00%(upstream:short)%00%(objectname)%00%(upstream:track)%00%(upstream:remotename)%00%(upstream:remoteref) refs/heads/master refs/remotes/master [54ms]
2023-11-16 18:29:29.107 [info] > git status -z -uall [7ms]
2023-11-16 18:29:29.107 [info] > git status -z -uall [2ms]
2023-11-16 18:30:45.922 [info] > git config --get commit.template [2ms]
2023-11-16 18:30:45.935 [info] > git for-each-ref --format=%(refname)%00%(upstream:short)%00%(objectname)%00%(upstream:track)%00%(upstream:remotename)%00%(upstream:remoteref) refs/heads/main refs/remotes/main [2ms]
2023-11-16 18:30:45.959 [info] > git ls-files --stage -- /home/ernest/block19/freelance.js [1ms]
2023-11-16 18:30:45.970 [info] > git cat-file -s c5db4b3b0450ce344c83ba9bdb3619e5e320579d [1ms]
2023-11-16 18:30:45.987 [info] > git show --textconv :freelance.js [0ms]
2023-11-16 18:30:46.005 [info] > git status -z -uall [59ms]
2023-11-16 18:30:51.023 [info] > git config --get commit.template [6ms]
2023-11-16 18:30:51.024 [info] > git for-each-ref --format=%(refname)%00%(upstream:short)%00%(objectname)%00%(upstream:track)%00%(upstream:remotename)%00%(upstream:remoteref) refs/heads/main refs/remotes/main [2ms]
2023-11-16 18:30:51.081 [info] > git status -z -uall [49ms]
2023-11-16 18:30:56.099 [info] > git config --get commit.template [8ms]
2023-11-16 18:30:56.099 [info] > git for-each-ref --format=%(refname)%00%(upstream:short)%00%(objectname)%00%(upstream:track)%00%(upstream:remotename)%00%(upstream:remoteref) refs/heads/main refs/remotes/main [1ms]
2023-11-16 18:30:56.160 [info] > git status -z -uall [55ms]
2023-11-16 18:31:01.172 [info] > git config --get commit.template [1ms]
2023-11-16 18:31:01.178 [info] > git for-each-ref --format=%(refname)%00%(upstream:short)%00%(objectname)%00%(upstream:track)%00%(upstream:remotename)%00%(upstream:remoteref) refs/heads/main refs/remotes/main [1ms]
2023-11-16 18:31:01.238 [info] > git status -z -uall [54ms]
2023-11-16 18:31:06.256 [info] > git config --get commit.template [6ms]
2023-11-16 18:31:06.257 [info] > git for-each-ref --format=%(refname)%00%(upstream:short)%00%(objectname)%00%(upstream:track)%00%(upstream:remotename)%00%(upstream:remoteref) refs/heads/main refs/remotes/main [2ms]
2023-11-16 18:31:06.320 [info] > git status -z -uall [58ms]
2023-11-16 18:31:11.338 [info] > git config --get commit.template [7ms]
2023-11-16 18:31:11.339 [info] > git for-each-ref --format=%(refname)%00%(upstream:short)%00%(objectname)%00%(upstream:track)%00%(upstream:remotename)%00%(upstream:remoteref) refs/heads/main refs/remotes/main [2ms]
2023-11-16 18:31:11.403 [info] > git status -z -uall [58ms]
2023-11-16 18:31:16.426 [info] > git config --get commit.template [10ms]
2023-11-16 18:31:16.426 [info] > git for-each-ref --format=%(refname)%00%(upstream:short)%00%(objectname)%00%(upstream:track)%00%(upstream:remotename)%00%(upstream:remoteref) refs/heads/main refs/remotes/main [1ms]
2023-11-16 18:31:16.497 [info] > git status -z -uall [65ms]
2023-11-16 18:31:21.516 [info] > git config --get commit.template [8ms]
2023-11-16 18:31:21.516 [info] > git for-each-ref --format=%(refname)%00%(upstream:short)%00%(objectname)%00%(upstream:track)%00%(upstream:remotename)%00%(upstream:remoteref) refs/heads/main refs/remotes/main [1ms]
2023-11-16 18:31:21.608 [info] > git status -z -uall [84ms]
2023-11-16 18:31:26.629 [info] > git config --get commit.template [7ms]
2023-11-16 18:31:26.629 [info] > git for-each-ref --format=%(refname)%00%(upstream:short)%00%(objectname)%00%(upstream:track)%00%(upstream:remotename)%00%(upstream:remoteref) refs/heads/main refs/remotes/main [1ms]
2023-11-16 18:31:26.697 [info] > git status -z -uall [61ms]
2023-11-16 18:31:31.711 [info] > git config --get commit.template [2ms]
2023-11-16 18:31:31.719 [info] > git for-each-ref --format=%(refname)%00%(upstream:short)%00%(objectname)%00%(upstream:track)%00%(upstream:remotename)%00%(upstream:remoteref) refs/heads/main refs/remotes/main [1ms]
2023-11-16 18:31:31.785 [info] > git status -z -uall [59ms]
2023-11-16 18:31:36.801 [info] > git config --get commit.template [6ms]
2023-11-16 18:31:36.801 [info] > git for-each-ref --format=%(refname)%00%(upstream:short)%00%(objectname)%00%(upstream:track)%00%(upstream:remotename)%00%(upstream:remoteref) refs/heads/main refs/remotes/main [2ms]
2023-11-16 18:31:36.862 [info] > git status -z -uall [56ms]
2023-11-16 18:31:41.884 [info] > git config --get commit.template [6ms]
2023-11-16 18:31:41.884 [info] > git for-each-ref --format=%(refname)%00%(upstream:short)%00%(objectname)%00%(upstream:track)%00%(upstream:remotename)%00%(upstream:remoteref) refs/heads/main refs/remotes/main [2ms]
2023-11-16 18:31:41.949 [info] > git status -z -uall [59ms]
2023-11-16 18:31:46.969 [info] > git config --get commit.template [8ms]
2023-11-16 18:31:46.969 [info] > git for-each-ref --format=%(refname)%00%(upstream:short)%00%(objectname)%00%(upstream:track)%00%(upstream:remotename)%00%(upstream:remoteref) refs/heads/main refs/remotes/main [2ms]
2023-11-16 18:31:47.032 [info] > git status -z -uall [57ms]
2023-11-16 18:31:52.046 [info] > git config --get commit.template [1ms]
2023-11-16 18:31:52.054 [info] > git for-each-ref --format=%(refname)%00%(upstream:short)%00%(objectname)%00%(upstream:track)%00%(upstream:remotename)%00%(upstream:remoteref) refs/heads/main refs/remotes/main [1ms]
2023-11-16 18:31:52.122 [info] > git status -z -uall [61ms]
2023-11-16 18:31:57.141 [info] > git config --get commit.template [2ms]
2023-11-16 18:31:57.149 [info] > git for-each-ref --format=%(refname)%00%(upstream:short)%00%(objectname)%00%(upstream:track)%00%(upstream:remotename)%00%(upstream:remoteref) refs/heads/main refs/remotes/main [1ms]
2023-11-16 18:31:57.212 [info] > git status -z -uall [57ms]
2023-11-16 18:32:02.231 [info] > git config --get commit.template [7ms]
2023-11-16 18:32:02.231 [info] > git for-each-ref --format=%(refname)%00%(upstream:short)%00%(objectname)%00%(upstream:track)%00%(upstream:remotename)%00%(upstream:remoteref) refs/heads/main refs/remotes/main [1ms]
2023-11-16 18:32:02.296 [info] > git status -z -uall [60ms]
2023-11-16 18:32:07.315 [info] > git config --get commit.template [7ms]
2023-11-16 18:32:07.315 [info] > git for-each-ref --format=%(refname)%00%(upstream:short)%00%(objectname)%00%(upstream:track)%00%(upstream:remotename)%00%(upstream:remoteref) refs/heads/main refs/remotes/main [1ms]
2023-11-16 18:32:07.365 [info] > git status -z -uall [44ms]
