2023-11-22 14:43:35.344 [info] Log level: Info
2023-11-22 14:43:35.344 [info] Validating found git in: "git"
2023-11-22 14:43:35.344 [info] Using git "2.34.1" from "git"
2023-11-22 14:43:35.344 [info] > git rev-parse --show-toplevel [260ms]
2023-11-22 14:43:35.352 [info] > git rev-parse --git-dir --git-common-dir [8ms]
2023-11-22 14:43:35.363 [info] Open repository: /home/ernest
2023-11-22 14:43:35.399 [info] > git rev-parse --show-toplevel [20ms]
2023-11-22 14:43:35.399 [info] > git config --get commit.template [28ms]
2023-11-22 14:43:35.431 [info] > git rev-parse --git-dir --git-common-dir [26ms]
2023-11-22 14:43:35.434 [info] Open repository: /home/ernest/Block20
2023-11-22 14:43:35.448 [info] > git for-each-ref --format=%(refname)%00%(upstream:short)%00%(objectname)%00%(upstream:track)%00%(upstream:remotename)%00%(upstream:remoteref) refs/heads/main refs/remotes/main [28ms]
2023-11-22 14:43:35.464 [info] > git rev-parse --show-toplevel [19ms]
2023-11-22 14:43:35.465 [info] > git config --get commit.template [26ms]
2023-11-22 14:43:35.482 [info] > git rev-parse --show-toplevel [12ms]
2023-11-22 14:43:35.489 [info] > git for-each-ref --format=%(refname)%00%(upstream:short)%00%(objectname)%00%(upstream:track)%00%(upstream:remotename)%00%(upstream:remoteref) refs/heads/master refs/remotes/master [11ms]
2023-11-22 14:43:35.496 [info] > git rev-parse --show-toplevel [9ms]
2023-11-22 14:43:35.502 [info] > git status -z -uall [7ms]
2023-11-22 14:43:35.502 [info] > git rev-parse --show-toplevel [1ms]
2023-11-22 14:43:35.521 [info] > git rev-parse --show-toplevel [6ms]
2023-11-22 14:43:35.522 [info] > git config --get commit.template [2ms]
2023-11-22 14:43:35.542 [info] > git for-each-ref --format=%(refname)%00%(upstream:short)%00%(objectname)%00%(upstream:track)%00%(upstream:remotename)%00%(upstream:remoteref) refs/heads/master refs/remotes/master [6ms]
2023-11-22 14:43:35.547 [info] > git rev-parse --git-dir --git-common-dir [19ms]
2023-11-22 14:43:35.550 [info] Open repository: /home/ernest/.nvm
2023-11-22 14:43:35.565 [info] > git status -z -uall [112ms]
2023-11-22 14:43:35.565 [info] > git status -z -uall [18ms]
2023-11-22 14:43:35.570 [info] > git rev-parse --show-toplevel [7ms]
2023-11-22 14:43:35.570 [info] > git config --get commit.template [12ms]
2023-11-22 14:43:35.595 [info] > git config --get commit.template [9ms]
2023-11-22 14:43:35.595 [info] > git rev-parse --show-toplevel [13ms]
2023-11-22 14:43:35.635 [info] > git rev-parse --show-toplevel [35ms]
2023-11-22 14:43:35.636 [info] > git for-each-ref --format=%(refname)%00%(upstream:short)%00%(objectname)%00%(upstream:track)%00%(upstream:remotename)%00%(upstream:remoteref) refs/heads/master refs/remotes/master [43ms]
2023-11-22 14:43:35.649 [info] > git for-each-ref --format=%(refname)%00%(upstream:short)%00%(objectname)%00%(upstream:track)%00%(upstream:remotename)%00%(upstream:remoteref) refs/heads/main refs/remotes/main [15ms]
2023-11-22 14:43:35.654 [info] > git status -z -uall [11ms]
2023-11-22 14:43:35.655 [info] > git rev-parse --show-toplevel [7ms]
2023-11-22 14:43:35.686 [info] > git config --get commit.template [15ms]
2023-11-22 14:43:35.686 [info] > git rev-parse --git-dir --git-common-dir [20ms]
2023-11-22 14:43:35.689 [info] Open repository: /home/ernest/2310-github-demo
2023-11-22 14:43:35.709 [info] > git status -z -uall [56ms]
2023-11-22 14:43:35.710 [info] > git rev-parse --show-toplevel [8ms]
2023-11-22 14:43:35.710 [info] > git config --get commit.template [14ms]
2023-11-22 14:43:35.716 [info] > git for-each-ref --format=%(refname)%00%(upstream:short)%00%(objectname)%00%(upstream:track)%00%(upstream:remotename)%00%(upstream:remoteref) refs/heads/master refs/remotes/master [8ms]
2023-11-22 14:43:35.732 [info] No remotes found in the git config file.
2023-11-22 14:43:35.758 [info] > git status -z -uall [36ms]
2023-11-22 14:43:35.763 [info] > git rev-parse --show-toplevel [47ms]
2023-11-22 14:43:35.775 [info] > git for-each-ref --format=%(refname)%00%(upstream:short)%00%(objectname)%00%(upstream:track)%00%(upstream:remotename)%00%(upstream:remoteref) refs/heads/master refs/remotes/master [42ms]
2023-11-22 14:43:35.796 [info] > git status -z -uall [14ms]
2023-11-22 14:43:35.796 [info] > git rev-parse --show-toplevel [25ms]
2023-11-22 14:43:35.841 [info] > git rev-parse --show-toplevel [35ms]
2023-11-22 14:43:35.864 [info] > git config --get commit.template [25ms]
2023-11-22 14:43:35.872 [info] > git rev-parse --show-toplevel [10ms]
2023-11-22 14:43:35.883 [info] No remotes found in the git config file.
2023-11-22 14:43:35.904 [info] > git for-each-ref --format=%(refname)%00%(upstream:short)%00%(objectname)%00%(upstream:track)%00%(upstream:remotename)%00%(upstream:remoteref) refs/heads/master refs/remotes/master [22ms]
2023-11-22 14:43:35.913 [info] > git status -z -uall [2ms]
2023-11-22 14:43:35.916 [info] > git rev-parse --show-toplevel [25ms]
2023-11-22 14:43:35.945 [info] > git rev-parse --show-toplevel [20ms]
2023-11-22 14:43:35.969 [info] > git rev-parse --show-toplevel [16ms]
2023-11-22 14:43:35.978 [info] > git rev-parse --git-dir --git-common-dir [1ms]
2023-11-22 14:43:35.981 [info] Open repository: /home/ernest/block12
2023-11-22 14:43:36.010 [info] > git rev-parse --show-toplevel [16ms]
2023-11-22 14:43:36.010 [info] > git config --get commit.template [23ms]
2023-11-22 14:43:36.025 [info] > git rev-parse --git-dir --git-common-dir [9ms]
2023-11-22 14:43:36.029 [info] Open repository: /home/ernest/block13
2023-11-22 14:43:36.050 [info] > git for-each-ref --format=%(refname)%00%(upstream:short)%00%(objectname)%00%(upstream:track)%00%(upstream:remotename)%00%(upstream:remoteref) refs/heads/master refs/remotes/master [25ms]
2023-11-22 14:43:36.075 [info] > git rev-parse --show-toplevel [35ms]
2023-11-22 14:43:36.076 [info] > git config --get commit.template [41ms]
2023-11-22 14:43:36.089 [info] > git status -z -uall [31ms]
2023-11-22 14:43:36.109 [info] > git rev-parse --git-dir --git-common-dir [25ms]
2023-11-22 14:43:36.112 [info] Open repository: /home/ernest/block14
2023-11-22 14:43:36.126 [info] > git config --get commit.template [20ms]
2023-11-22 14:43:36.126 [info] > git for-each-ref --format=%(refname)%00%(upstream:short)%00%(objectname)%00%(upstream:track)%00%(upstream:remotename)%00%(upstream:remoteref) refs/heads/JavaStuff refs/remotes/JavaStuff [25ms]
2023-11-22 14:43:36.156 [info] > git status -z -uall [23ms]
2023-11-22 14:43:36.161 [info] > git rev-parse --show-toplevel [36ms]
2023-11-22 14:43:36.162 [info] > git config --get commit.template [43ms]
2023-11-22 14:43:36.205 [info] No remotes found in the git config file.
2023-11-22 14:43:36.207 [info] > git rev-parse --git-dir --git-common-dir [18ms]
2023-11-22 14:43:36.211 [info] Open repository: /home/ernest/block15
2023-11-22 14:43:36.211 [info] > git config --get commit.template [30ms]
2023-11-22 14:43:36.212 [info] > git for-each-ref --format=%(refname)%00%(upstream:short)%00%(objectname)%00%(upstream:track)%00%(upstream:remotename)%00%(upstream:remoteref) refs/heads/master refs/remotes/master [41ms]
2023-11-22 14:43:36.228 [info] > git for-each-ref --format=%(refname)%00%(upstream:short)%00%(objectname)%00%(upstream:track)%00%(upstream:remotename)%00%(upstream:remoteref) refs/heads/master refs/remotes/master [23ms]
2023-11-22 14:43:36.254 [info] > git status -z -uall [38ms]
2023-11-22 14:43:36.254 [info] > git status -z -uall [20ms]
2023-11-22 14:43:36.254 [info] > git rev-parse --show-toplevel [27ms]
2023-11-22 14:43:36.255 [info] > git config --get commit.template [34ms]
2023-11-22 14:43:36.270 [info] > git for-each-ref --format=%(refname)%00%(upstream:short)%00%(objectname)%00%(upstream:track)%00%(upstream:remotename)%00%(upstream:remoteref) refs/heads/JavaStuff refs/remotes/JavaStuff [28ms]
2023-11-22 14:43:36.300 [info] > git status -z -uall [22ms]
2023-11-22 14:43:36.302 [info] > git rev-parse --git-dir --git-common-dir [35ms]
2023-11-22 14:43:36.305 [info] Open repository: /home/ernest/block16
2023-11-22 14:43:36.326 [info] > git config --get commit.template [27ms]
2023-11-22 14:43:36.326 [info] > git for-each-ref --format=%(refname)%00%(upstream:short)%00%(objectname)%00%(upstream:track)%00%(upstream:remotename)%00%(upstream:remoteref) refs/heads/master refs/remotes/master [36ms]
2023-11-22 14:43:36.349 [info] > git status -z -uall [17ms]
2023-11-22 14:43:36.353 [info] > git rev-parse --show-toplevel [32ms]
2023-11-22 14:43:36.353 [info] > git config --get commit.template [39ms]
2023-11-22 14:43:36.372 [info] No remotes found in the git config file.
2023-11-22 14:43:36.398 [info] > git rev-parse --git-dir --git-common-dir [12ms]
2023-11-22 14:43:36.401 [info] Open repository: /home/ernest/block17
2023-11-22 14:43:36.402 [info] > git config --get commit.template [20ms]
2023-11-22 14:43:36.402 [info] > git for-each-ref --format=%(refname)%00%(upstream:short)%00%(objectname)%00%(upstream:track)%00%(upstream:remotename)%00%(upstream:remoteref) refs/heads/master refs/remotes/master [30ms]
2023-11-22 14:43:36.424 [info] > git status -z -uall [15ms]
2023-11-22 14:43:36.427 [info] > git for-each-ref --format=%(refname)%00%(upstream:short)%00%(objectname)%00%(upstream:track)%00%(upstream:remotename)%00%(upstream:remoteref) refs/heads/master refs/remotes/master [31ms]
2023-11-22 14:43:36.475 [info] > git rev-parse --show-toplevel [52ms]
2023-11-22 14:43:36.475 [info] > git config --get commit.template [58ms]
2023-11-22 14:43:36.486 [info] > git status -z -uall [52ms]
2023-11-22 14:43:36.500 [info] > git for-each-ref --format=%(refname)%00%(upstream:short)%00%(objectname)%00%(upstream:track)%00%(upstream:remotename)%00%(upstream:remoteref) refs/heads/master refs/remotes/master [60ms]
2023-11-22 14:43:36.540 [info] > git status -z -uall [35ms]
2023-11-22 14:43:36.550 [info] > git rev-parse --git-dir --git-common-dir [66ms]
2023-11-22 14:43:36.553 [info] Open repository: /home/ernest/block19
2023-11-22 14:43:36.585 [info] > git config --get commit.template [54ms]
2023-11-22 14:43:36.592 [info] > git for-each-ref --format=%(refname)%00%(upstream:short)%00%(objectname)%00%(upstream:track)%00%(upstream:remotename)%00%(upstream:remoteref) refs/heads/master refs/remotes/master [74ms]
2023-11-22 14:43:36.603 [info] > git status -z -uall [5ms]
2023-11-22 14:43:36.617 [info] > git rev-parse --show-toplevel [42ms]
2023-11-22 14:43:36.617 [info] > git config --get commit.template [48ms]
2023-11-22 14:43:36.733 [info] > git rev-parse --show-toplevel [100ms]
2023-11-22 14:43:36.734 [info] > git for-each-ref --format=%(refname)%00%(upstream:short)%00%(objectname)%00%(upstream:track)%00%(upstream:remotename)%00%(upstream:remoteref) refs/heads/master refs/remotes/master [108ms]
2023-11-22 14:43:36.754 [info] > git status -z -uall [13ms]
2023-11-22 14:43:36.763 [info] > git config --get commit.template [76ms]
2023-11-22 14:43:36.764 [info] > git for-each-ref --format=%(refname)%00%(upstream:short)%00%(objectname)%00%(upstream:track)%00%(upstream:remotename)%00%(upstream:remoteref) refs/heads/master refs/remotes/master [83ms]
2023-11-22 14:43:36.779 [info] > git status -z -uall [10ms]
2023-11-22 14:43:36.796 [info] > git rev-parse --git-dir --git-common-dir [47ms]
2023-11-22 14:43:36.799 [info] Open repository: /home/ernest/personalwebsite
2023-11-22 14:43:36.868 [info] > git config --get commit.template [33ms]
2023-11-22 14:43:36.868 [info] > git config --get commit.template [39ms]
2023-11-22 14:43:36.868 [info] > git for-each-ref --format=%(refname)%00%(upstream:short)%00%(objectname)%00%(upstream:track)%00%(upstream:remotename)%00%(upstream:remoteref) refs/heads/master refs/remotes/master [48ms]
2023-11-22 14:43:36.881 [info] > git status -z -uall [6ms]
2023-11-22 14:43:36.907 [info] > git for-each-ref --format=%(refname)%00%(upstream:short)%00%(objectname)%00%(upstream:track)%00%(upstream:remotename)%00%(upstream:remoteref) refs/heads/main refs/remotes/main [10ms]
2023-11-22 14:43:36.915 [info] > git for-each-ref --format=%(refname)%00%(upstream:short)%00%(objectname)%00%(upstream:track)%00%(upstream:remotename)%00%(upstream:remoteref) refs/heads/master refs/remotes/master [26ms]
2023-11-22 14:43:36.922 [info] > git status -z -uall [8ms]
2023-11-22 14:43:36.922 [info] > git status -z -uall [2ms]
2023-11-22 14:43:36.938 [info] > git config --get commit.template [3ms]
2023-11-22 14:43:36.948 [info] > git for-each-ref --format=%(refname)%00%(upstream:short)%00%(objectname)%00%(upstream:track)%00%(upstream:remotename)%00%(upstream:remoteref) refs/heads/main refs/remotes/main [2ms]
2023-11-22 14:43:36.957 [info] > git status -z -uall [2ms]
2023-11-22 14:43:37.452 [info] > git check-ignore -v -z --stdin [88ms]
2023-11-22 14:43:37.455 [info] > git check-ignore -v -z --stdin [81ms]
2023-11-22 14:43:37.455 [info] > git check-ignore -v -z --stdin [73ms]
2023-11-22 14:43:37.456 [info] > git check-ignore -v -z --stdin [67ms]
2023-11-22 14:43:37.456 [info] > git check-ignore -v -z --stdin [58ms]
2023-11-22 14:43:37.456 [info] > git check-ignore -v -z --stdin [51ms]
2023-11-22 14:43:37.457 [info] > git check-ignore -v -z --stdin [46ms]
2023-11-22 14:43:37.457 [info] > git check-ignore -v -z --stdin [38ms]
2023-11-22 14:43:37.457 [info] > git check-ignore -v -z --stdin [30ms]
2023-11-22 14:43:37.458 [info] > git check-ignore -v -z --stdin [25ms]
2023-11-22 14:43:37.458 [info] > git check-ignore -v -z --stdin [19ms]
2023-11-22 14:43:37.458 [info] > git check-ignore -v -z --stdin [12ms]
2023-11-22 14:43:37.484 [info] > git show --textconv :oddsandevents.html [9ms]
2023-11-22 14:43:37.484 [info] > git ls-files --stage -- /home/ernest/Block20/oddsandevents.html [2ms]
2023-11-22 14:43:37.496 [info] > git cat-file -s b6bd3f6d3b6441444843a5c3b32c6d2d486a0b65 [2ms]
2023-11-22 14:43:54.542 [info] > git fetch [40ms]
2023-11-22 14:43:54.543 [info] > git fetch [58ms]
2023-11-22 14:43:54.557 [info] > git config --get commit.template [16ms]
2023-11-22 14:43:54.561 [info] > git config --get commit.template [5ms]
2023-11-22 14:43:54.561 [info] > git config --get commit.template [10ms]
2023-11-22 14:43:54.573 [info] No remotes found in the git config file.
2023-11-22 14:43:54.577 [info] No remotes found in the git config file.
2023-11-22 14:43:54.578 [info] > git for-each-ref --format=%(refname)%00%(upstream:short)%00%(objectname)%00%(upstream:track)%00%(upstream:remotename)%00%(upstream:remoteref) refs/heads/main refs/remotes/main [12ms]
2023-11-22 14:43:54.584 [info] > git for-each-ref --format=%(refname)%00%(upstream:short)%00%(objectname)%00%(upstream:track)%00%(upstream:remotename)%00%(upstream:remoteref) refs/heads/master refs/remotes/master [6ms]
2023-11-22 14:43:54.592 [info] > git for-each-ref --format=%(refname)%00%(upstream:short)%00%(objectname)%00%(upstream:track)%00%(upstream:remotename)%00%(upstream:remoteref) refs/heads/master refs/remotes/master [19ms]
2023-11-22 14:43:54.598 [info] > git status -z -uall [7ms]
2023-11-22 14:43:54.601 [info] > git status -z -uall [4ms]
2023-11-22 14:43:54.672 [info] > git status -z -uall [89ms]
2023-11-22 14:43:54.970 [info] > git show --textconv :oddsandevents.js [16ms]
2023-11-22 14:43:54.971 [info] > git ls-files --stage -- /home/ernest/Block20/oddsandevents.js [8ms]
2023-11-22 14:43:54.979 [info] > git fetch [472ms]
2023-11-22 14:43:54.989 [info] > git cat-file -s 347500f780ce960f790c39a16371ad013a54d9ab [12ms]
2023-11-22 14:43:54.993 [info] > git config --get commit.template [5ms]
2023-11-22 14:43:54.993 [info] > git fetch [461ms]
2023-11-22 14:43:54.994 [info] > git fetch [481ms]
2023-11-22 14:43:54.995 [info] > git fetch [514ms]
2023-11-22 14:43:54.995 [info] > git fetch [476ms]
2023-11-22 14:43:54.995 [info] > git fetch [498ms]
2023-11-22 14:43:54.996 [info] > git fetch [506ms]
2023-11-22 14:43:54.996 [info] > git fetch [524ms]
2023-11-22 14:43:54.997 [info] From https://github.com/ernesttheiss/Odds-and-Events-
 * [new branch]      master     -> origin/master
2023-11-22 14:43:55.056 [info] > git config --get commit.template [12ms]
2023-11-22 14:43:55.056 [info] > git config --get commit.template [20ms]
2023-11-22 14:43:55.057 [info] > git config --get commit.template [27ms]
2023-11-22 14:43:55.057 [info] > git config --get commit.template [33ms]
2023-11-22 14:43:55.057 [info] > git config --get commit.template [39ms]
2023-11-22 14:43:55.057 [info] > git config --get commit.template [46ms]
2023-11-22 14:43:55.057 [info] > git config --get commit.template [53ms]
2023-11-22 14:43:55.058 [info] > git fetch [532ms]
2023-11-22 14:43:55.068 [info] > git for-each-ref --format=%(refname)%00%(upstream:short)%00%(objectname)%00%(upstream:track)%00%(upstream:remotename)%00%(upstream:remoteref) refs/heads/master refs/remotes/master [16ms]
2023-11-22 14:43:55.134 [info] > git status -z -uall [60ms]
2023-11-22 14:43:55.134 [info] > git config --get commit.template [67ms]
2023-11-22 14:43:55.136 [info] > git for-each-ref --format=%(refname)%00%(upstream:short)%00%(objectname)%00%(upstream:track)%00%(upstream:remotename)%00%(upstream:remoteref) refs/heads/master refs/remotes/master [3ms]
2023-11-22 14:43:55.145 [info] > git for-each-ref --format=%(refname)%00%(upstream:short)%00%(objectname)%00%(upstream:track)%00%(upstream:remotename)%00%(upstream:remoteref) refs/heads/master refs/remotes/master [18ms]
2023-11-22 14:43:55.152 [info] > git for-each-ref --format=%(refname)%00%(upstream:short)%00%(objectname)%00%(upstream:track)%00%(upstream:remotename)%00%(upstream:remoteref) refs/heads/JavaStuff refs/remotes/JavaStuff [32ms]
2023-11-22 14:43:55.161 [info] > git for-each-ref --format=%(refname)%00%(upstream:short)%00%(objectname)%00%(upstream:track)%00%(upstream:remotename)%00%(upstream:remoteref) refs/heads/master refs/remotes/master [49ms]
2023-11-22 14:43:55.168 [info] > git for-each-ref --format=%(refname)%00%(upstream:short)%00%(objectname)%00%(upstream:track)%00%(upstream:remotename)%00%(upstream:remoteref) refs/heads/master refs/remotes/master [65ms]
2023-11-22 14:43:55.175 [info] > git for-each-ref --format=%(refname)%00%(upstream:short)%00%(objectname)%00%(upstream:track)%00%(upstream:remotename)%00%(upstream:remoteref) refs/heads/master refs/remotes/master [86ms]
2023-11-22 14:43:55.182 [info] > git for-each-ref --format=%(refname)%00%(upstream:short)%00%(objectname)%00%(upstream:track)%00%(upstream:remotename)%00%(upstream:remoteref) refs/heads/main refs/remotes/main [100ms]
2023-11-22 14:43:55.189 [info] > git fetch [723ms]
2023-11-22 14:43:55.189 [info] fatal: repository 'https://github.com/ernesttheiss/github-workflow/tree/master/' not found
2023-11-22 14:43:55.212 [info] > git status -z -uall [67ms]
2023-11-22 14:43:55.212 [info] > git status -z -uall [60ms]
2023-11-22 14:43:55.212 [info] > git status -z -uall [52ms]
2023-11-22 14:43:55.212 [info] > git status -z -uall [45ms]
2023-11-22 14:43:55.212 [info] > git status -z -uall [37ms]
2023-11-22 14:43:55.212 [info] > git status -z -uall [31ms]
2023-11-22 14:43:55.212 [info] > git status -z -uall [24ms]
2023-11-22 14:43:55.248 [info] > git config --get commit.template [40ms]
2023-11-22 14:43:55.249 [info] > git for-each-ref --format=%(refname)%00%(upstream:short)%00%(objectname)%00%(upstream:track)%00%(upstream:remotename)%00%(upstream:remoteref) refs/heads/master refs/remotes/master [47ms]
2023-11-22 14:43:55.260 [info] > git status -z -uall [4ms]
2023-11-22 14:43:55.274 [info] > git for-each-ref --format=%(refname)%00%(upstream:short)%00%(objectname)%00%(upstream:track)%00%(upstream:remotename)%00%(upstream:remoteref) refs/heads/main refs/remotes/main [6ms]
2023-11-22 14:43:55.336 [info] > git status -z -uall [55ms]
2023-11-22 14:43:55.922 [info] > git config --get commit.template [7ms]
2023-11-22 14:43:55.923 [info] > git config --get commit.template [2ms]
2023-11-22 14:43:55.935 [info] No remotes found in the git config file.
2023-11-22 14:43:55.936 [info] No remotes found in the git config file.
2023-11-22 14:43:55.936 [info] > git for-each-ref --format=%(refname)%00%(upstream:short)%00%(objectname)%00%(upstream:track)%00%(upstream:remotename)%00%(upstream:remoteref) refs/heads/master refs/remotes/master [1ms]
2023-11-22 14:43:55.945 [info] > git for-each-ref --format=%(refname)%00%(upstream:short)%00%(objectname)%00%(upstream:track)%00%(upstream:remotename)%00%(upstream:remoteref) refs/heads/master refs/remotes/master [14ms]
2023-11-22 14:43:55.951 [info] > git status -z -uall [7ms]
2023-11-22 14:43:55.954 [info] > git status -z -uall [3ms]
2023-11-22 14:43:56.283 [info] > git config --get commit.template [48ms]
2023-11-22 14:43:56.283 [info] > git config --get commit.template [53ms]
2023-11-22 14:43:56.287 [info] > git config --get commit.template [6ms]
2023-11-22 14:43:56.287 [info] > git config --get commit.template [14ms]
2023-11-22 14:43:56.287 [info] > git config --get commit.template [21ms]
2023-11-22 14:43:56.287 [info] > git config --get commit.template [26ms]
2023-11-22 14:43:56.287 [info] > git config --get commit.template [33ms]
2023-11-22 14:43:56.287 [info] > git config --get commit.template [40ms]
2023-11-22 14:43:56.337 [info] > git for-each-ref --format=%(refname)%00%(upstream:short)%00%(objectname)%00%(upstream:track)%00%(upstream:remotename)%00%(upstream:remoteref) refs/heads/master refs/remotes/master [37ms]
2023-11-22 14:43:56.343 [info] > git for-each-ref --format=%(refname)%00%(upstream:short)%00%(objectname)%00%(upstream:track)%00%(upstream:remotename)%00%(upstream:remoteref) refs/heads/master refs/remotes/master [49ms]
2023-11-22 14:43:56.350 [info] > git status -z -uall [7ms]
2023-11-22 14:43:56.350 [info] > git status -z -uall [2ms]
2023-11-22 14:43:56.352 [info] > git for-each-ref --format=%(refname)%00%(upstream:short)%00%(objectname)%00%(upstream:track)%00%(upstream:remotename)%00%(upstream:remoteref) refs/heads/main refs/remotes/main [16ms]
2023-11-22 14:43:56.359 [info] > git for-each-ref --format=%(refname)%00%(upstream:short)%00%(objectname)%00%(upstream:track)%00%(upstream:remotename)%00%(upstream:remoteref) refs/heads/master refs/remotes/master [28ms]
2023-11-22 14:43:56.365 [info] > git for-each-ref --format=%(refname)%00%(upstream:short)%00%(objectname)%00%(upstream:track)%00%(upstream:remotename)%00%(upstream:remoteref) refs/heads/master refs/remotes/master [42ms]
2023-11-22 14:43:56.370 [info] > git for-each-ref --format=%(refname)%00%(upstream:short)%00%(objectname)%00%(upstream:track)%00%(upstream:remotename)%00%(upstream:remoteref) refs/heads/master refs/remotes/master [52ms]
2023-11-22 14:43:56.375 [info] > git for-each-ref --format=%(refname)%00%(upstream:short)%00%(objectname)%00%(upstream:track)%00%(upstream:remotename)%00%(upstream:remoteref) refs/heads/JavaStuff refs/remotes/JavaStuff [62ms]
2023-11-22 14:43:56.379 [info] > git for-each-ref --format=%(refname)%00%(upstream:short)%00%(objectname)%00%(upstream:track)%00%(upstream:remotename)%00%(upstream:remoteref) refs/heads/master refs/remotes/master [71ms]
2023-11-22 14:43:56.384 [info] > git status -z -uall [25ms]
2023-11-22 14:43:56.384 [info] > git status -z -uall [19ms]
2023-11-22 14:43:56.384 [info] > git status -z -uall [14ms]
2023-11-22 14:43:56.384 [info] > git status -z -uall [10ms]
2023-11-22 14:43:56.384 [info] > git status -z -uall [6ms]
2023-11-22 14:43:56.384 [info] > git status -z -uall [1ms]
2023-11-22 14:43:56.401 [info] > git ls-files --stage -- /home/ernest/Block20/oddsandevents.js [4ms]
2023-11-22 14:43:56.408 [info] > git cat-file -s 347500f780ce960f790c39a16371ad013a54d9ab [2ms]
2023-11-22 14:43:56.421 [info] > git show --textconv :oddsandevents.js [3ms]
2023-11-22 14:43:59.695 [info] > git config --get commit.template [6ms]
2023-11-22 14:43:59.696 [info] > git for-each-ref --format=%(refname)%00%(upstream:short)%00%(objectname)%00%(upstream:track)%00%(upstream:remotename)%00%(upstream:remoteref) refs/heads/main refs/remotes/main [1ms]
2023-11-22 14:43:59.748 [info] > git status -z -uall [49ms]
2023-11-22 14:44:25.667 [info] > git config --get commit.template [2ms]
2023-11-22 14:44:25.676 [info] > git for-each-ref --format=%(refname)%00%(upstream:short)%00%(objectname)%00%(upstream:track)%00%(upstream:remotename)%00%(upstream:remoteref) refs/heads/main refs/remotes/main [2ms]
2023-11-22 14:44:25.730 [info] > git status -z -uall [49ms]
2023-11-22 14:44:29.124 [info] > git ls-files --stage -- /home/ernest/Block20/oddsandevents.js [0ms]
2023-11-22 14:44:29.129 [info] > git cat-file -s 347500f780ce960f790c39a16371ad013a54d9ab [1ms]
2023-11-22 14:44:29.138 [info] > git show --textconv :oddsandevents.js [1ms]
2023-11-22 14:44:30.747 [info] > git config --get commit.template [1ms]
2023-11-22 14:44:30.753 [info] > git for-each-ref --format=%(refname)%00%(upstream:short)%00%(objectname)%00%(upstream:track)%00%(upstream:remotename)%00%(upstream:remoteref) refs/heads/main refs/remotes/main [1ms]
2023-11-22 14:44:30.800 [info] > git status -z -uall [41ms]
2023-11-22 14:44:35.816 [info] > git config --get commit.template [1ms]
2023-11-22 14:44:35.822 [info] > git for-each-ref --format=%(refname)%00%(upstream:short)%00%(objectname)%00%(upstream:track)%00%(upstream:remotename)%00%(upstream:remoteref) refs/heads/main refs/remotes/main [0ms]
2023-11-22 14:44:35.882 [info] > git status -z -uall [55ms]
2023-11-22 14:44:40.894 [info] > git config --get commit.template [1ms]
2023-11-22 14:44:40.900 [info] > git for-each-ref --format=%(refname)%00%(upstream:short)%00%(objectname)%00%(upstream:track)%00%(upstream:remotename)%00%(upstream:remoteref) refs/heads/main refs/remotes/main [1ms]
2023-11-22 14:44:40.947 [info] > git status -z -uall [43ms]
2023-11-22 14:44:45.959 [info] > git config --get commit.template [1ms]
2023-11-22 14:44:45.966 [info] > git for-each-ref --format=%(refname)%00%(upstream:short)%00%(objectname)%00%(upstream:track)%00%(upstream:remotename)%00%(upstream:remoteref) refs/heads/main refs/remotes/main [1ms]
2023-11-22 14:44:46.013 [info] > git status -z -uall [42ms]
2023-11-22 14:44:51.028 [info] > git config --get commit.template [1ms]
2023-11-22 14:44:51.034 [info] > git for-each-ref --format=%(refname)%00%(upstream:short)%00%(objectname)%00%(upstream:track)%00%(upstream:remotename)%00%(upstream:remoteref) refs/heads/main refs/remotes/main [1ms]
2023-11-22 14:44:51.094 [info] > git status -z -uall [55ms]
2023-11-22 14:44:59.648 [info] > git config --get commit.template [1ms]
2023-11-22 14:44:59.660 [info] > git for-each-ref --format=%(refname)%00%(upstream:short)%00%(objectname)%00%(upstream:track)%00%(upstream:remotename)%00%(upstream:remoteref) refs/heads/main refs/remotes/main [1ms]
2023-11-22 14:44:59.718 [info] > git status -z -uall [50ms]
2023-11-22 14:45:04.736 [info] > git config --get commit.template [7ms]
2023-11-22 14:45:04.736 [info] > git for-each-ref --format=%(refname)%00%(upstream:short)%00%(objectname)%00%(upstream:track)%00%(upstream:remotename)%00%(upstream:remoteref) refs/heads/main refs/remotes/main [1ms]
2023-11-22 14:45:04.798 [info] > git status -z -uall [57ms]
2023-11-22 14:45:09.813 [info] > git config --get commit.template [1ms]
2023-11-22 14:45:09.821 [info] > git for-each-ref --format=%(refname)%00%(upstream:short)%00%(objectname)%00%(upstream:track)%00%(upstream:remotename)%00%(upstream:remoteref) refs/heads/main refs/remotes/main [1ms]
2023-11-22 14:45:09.891 [info] > git status -z -uall [65ms]
2023-11-22 14:45:14.909 [info] > git config --get commit.template [1ms]
2023-11-22 14:45:14.915 [info] > git for-each-ref --format=%(refname)%00%(upstream:short)%00%(objectname)%00%(upstream:track)%00%(upstream:remotename)%00%(upstream:remoteref) refs/heads/main refs/remotes/main [1ms]
2023-11-22 14:45:14.976 [info] > git status -z -uall [57ms]
