2023-11-27 15:20:13.512 [info] Log level: Info
2023-11-27 15:20:13.512 [info] Validating found git in: "git"
2023-11-27 15:20:13.512 [info] Using git "2.34.1" from "git"
2023-11-27 15:20:13.512 [info] > git rev-parse --show-toplevel [11ms]
2023-11-27 15:20:13.512 [info] > git rev-parse --git-dir --git-common-dir [3ms]
2023-11-27 15:20:13.512 [info] Open repository: /home/ernest
2023-11-27 15:20:13.512 [info] > git rev-parse --show-toplevel [3ms]
2023-11-27 15:20:13.512 [info] > git config --get commit.template [8ms]
2023-11-27 15:20:13.525 [info] > git rev-parse --show-toplevel [7ms]
2023-11-27 15:20:13.525 [info] > git for-each-ref --format=%(refname)%00%(upstream:short)%00%(objectname)%00%(upstream:track)%00%(upstream:remotename)%00%(upstream:remoteref) refs/heads/main refs/remotes/main [2ms]
2023-11-27 15:20:13.538 [info] > git rev-parse --show-toplevel [2ms]
2023-11-27 15:20:13.546 [info] > git rev-parse --show-toplevel [0ms]
2023-11-27 15:20:13.551 [info] > git rev-parse --show-toplevel [1ms]
2023-11-27 15:20:13.556 [info] > git rev-parse --show-toplevel [1ms]
2023-11-27 15:20:13.562 [info] > git rev-parse --git-dir --git-common-dir [1ms]
2023-11-27 15:20:13.566 [info] Open repository: /home/ernest/.nvm
2023-11-27 15:20:13.743 [info] > git status -z -uall [213ms]
2023-11-27 15:20:13.743 [info] > git rev-parse --show-toplevel [163ms]
2023-11-27 15:20:13.744 [info] > git config --get commit.template [169ms]
2023-11-27 15:20:13.973 [info] > git rev-parse --show-toplevel [221ms]
2023-11-27 15:20:13.981 [info] > git config --get commit.template [18ms]
2023-11-27 15:20:14.028 [info] > git rev-parse --show-toplevel [48ms]
2023-11-27 15:20:14.029 [info] > git for-each-ref --format=%(refname)%00%(upstream:short)%00%(objectname)%00%(upstream:track)%00%(upstream:remotename)%00%(upstream:remoteref) refs/heads/master refs/remotes/master [72ms]
2023-11-27 15:20:14.117 [info] > git status -z -uall [84ms]
2023-11-27 15:20:14.142 [info] > git rev-parse --show-toplevel [33ms]
2023-11-27 15:20:14.142 [info] > git for-each-ref --format=%(refname)%00%(upstream:short)%00%(objectname)%00%(upstream:track)%00%(upstream:remotename)%00%(upstream:remoteref) refs/heads/main refs/remotes/main [40ms]
2023-11-27 15:20:14.157 [info] > git check-ignore -v -z --stdin [32ms]
2023-11-27 15:20:14.159 [info] > git check-ignore -v -z --stdin [29ms]
2023-11-27 15:20:14.160 [info] > git config --get commit.template [19ms]
2023-11-27 15:20:14.231 [info] > git rev-parse --git-dir --git-common-dir [75ms]
2023-11-27 15:20:14.233 [info] Open repository: /home/ernest/2310-github-demo
2023-11-27 15:20:14.253 [info] > git status -z -uall [104ms]
2023-11-27 15:20:14.327 [info] > git rev-parse --show-toplevel [75ms]
2023-11-27 15:20:14.327 [info] > git config --get commit.template [81ms]
2023-11-27 15:20:14.328 [info] > git for-each-ref --format=%(refname)%00%(upstream:short)%00%(objectname)%00%(upstream:track)%00%(upstream:remotename)%00%(upstream:remoteref) refs/heads/master refs/remotes/master [86ms]
2023-11-27 15:20:14.356 [info] No remotes found in the git config file.
2023-11-27 15:20:14.383 [info] > git status -z -uall [52ms]
2023-11-27 15:20:14.383 [info] > git rev-parse --show-toplevel [36ms]
2023-11-27 15:20:14.458 [info] > git for-each-ref --format=%(refname)%00%(upstream:short)%00%(objectname)%00%(upstream:track)%00%(upstream:remotename)%00%(upstream:remoteref) refs/heads/master refs/remotes/master [102ms]
2023-11-27 15:20:14.466 [info] > git status -z -uall [2ms]
2023-11-27 15:20:14.467 [info] > git rev-parse --git-dir --git-common-dir [21ms]
2023-11-27 15:20:14.470 [info] Open repository: /home/ernest/Block20
2023-11-27 15:20:14.494 [info] > git rev-parse --show-toplevel [12ms]
2023-11-27 15:20:14.494 [info] > git config --get commit.template [18ms]
2023-11-27 15:20:14.502 [info] > git config --get commit.template [12ms]
2023-11-27 15:20:14.511 [info] > git rev-parse --show-toplevel [11ms]
2023-11-27 15:20:14.516 [info] No remotes found in the git config file.
2023-11-27 15:20:14.524 [info] > git for-each-ref --format=%(refname)%00%(upstream:short)%00%(objectname)%00%(upstream:track)%00%(upstream:remotename)%00%(upstream:remoteref) refs/heads/master refs/remotes/master [17ms]
2023-11-27 15:20:14.531 [info] > git rev-parse --show-toplevel [10ms]
2023-11-27 15:20:14.531 [info] > git for-each-ref --format=%(refname)%00%(upstream:short)%00%(objectname)%00%(upstream:track)%00%(upstream:remotename)%00%(upstream:remoteref) refs/heads/master refs/remotes/master [16ms]
2023-11-27 15:20:14.542 [info] > git status -z -uall [13ms]
2023-11-27 15:20:14.543 [info] > git status -z -uall [8ms]
2023-11-27 15:20:14.554 [info] > git rev-parse --show-toplevel [12ms]
2023-11-27 15:20:14.560 [info] > git config --get commit.template [9ms]
2023-11-27 15:20:14.560 [info] > git rev-parse --show-toplevel [1ms]
2023-11-27 15:20:14.572 [info] > git rev-parse --show-toplevel [2ms]
2023-11-27 15:20:14.572 [info] > git for-each-ref --format=%(refname)%00%(upstream:short)%00%(objectname)%00%(upstream:track)%00%(upstream:remotename)%00%(upstream:remoteref) refs/heads/master refs/remotes/master [7ms]
2023-11-27 15:20:14.588 [info] > git status -z -uall [11ms]
2023-11-27 15:20:14.589 [info] > git rev-parse --show-toplevel [7ms]
2023-11-27 15:20:14.596 [info] > git rev-parse --show-toplevel [1ms]
2023-11-27 15:20:14.606 [info] > git rev-parse --show-toplevel [6ms]
2023-11-27 15:20:14.618 [info] > git rev-parse --git-dir --git-common-dir [7ms]
2023-11-27 15:20:14.621 [info] Open repository: /home/ernest/block12
2023-11-27 15:20:14.645 [info] > git rev-parse --show-toplevel [11ms]
2023-11-27 15:20:14.646 [info] > git config --get commit.template [18ms]
2023-11-27 15:20:14.658 [info] > git rev-parse --git-dir --git-common-dir [8ms]
2023-11-27 15:20:14.660 [info] Open repository: /home/ernest/block13
2023-11-27 15:20:14.671 [info] > git for-each-ref --format=%(refname)%00%(upstream:short)%00%(objectname)%00%(upstream:track)%00%(upstream:remotename)%00%(upstream:remoteref) refs/heads/master refs/remotes/master [14ms]
2023-11-27 15:20:14.687 [info] > git rev-parse --show-toplevel [16ms]
2023-11-27 15:20:14.687 [info] > git config --get commit.template [22ms]
2023-11-27 15:20:14.694 [info] > git status -z -uall [19ms]
2023-11-27 15:20:14.707 [info] > git rev-parse --git-dir --git-common-dir [14ms]
2023-11-27 15:20:14.710 [info] Open repository: /home/ernest/block14
2023-11-27 15:20:14.720 [info] > git config --get commit.template [13ms]
2023-11-27 15:20:14.720 [info] > git for-each-ref --format=%(refname)%00%(upstream:short)%00%(objectname)%00%(upstream:track)%00%(upstream:remotename)%00%(upstream:remoteref) refs/heads/JavaStuff refs/remotes/JavaStuff [19ms]
2023-11-27 15:20:14.745 [info] > git status -z -uall [19ms]
2023-11-27 15:20:14.748 [info] > git rev-parse --show-toplevel [30ms]
2023-11-27 15:20:14.748 [info] > git config --get commit.template [34ms]
2023-11-27 15:20:14.773 [info] No remotes found in the git config file.
2023-11-27 15:20:14.774 [info] > git rev-parse --git-dir --git-common-dir [11ms]
2023-11-27 15:20:14.777 [info] Open repository: /home/ernest/block15
2023-11-27 15:20:14.777 [info] > git config --get commit.template [18ms]
2023-11-27 15:20:14.777 [info] > git for-each-ref --format=%(refname)%00%(upstream:short)%00%(objectname)%00%(upstream:track)%00%(upstream:remotename)%00%(upstream:remoteref) refs/heads/master refs/remotes/master [22ms]
2023-11-27 15:20:14.798 [info] > git for-each-ref --format=%(refname)%00%(upstream:short)%00%(objectname)%00%(upstream:track)%00%(upstream:remotename)%00%(upstream:remoteref) refs/heads/master refs/remotes/master [25ms]
2023-11-27 15:20:14.824 [info] > git status -z -uall [42ms]
2023-11-27 15:20:14.824 [info] > git status -z -uall [20ms]
2023-11-27 15:20:14.827 [info] > git rev-parse --show-toplevel [34ms]
2023-11-27 15:20:14.827 [info] > git config --get commit.template [39ms]
2023-11-27 15:20:14.843 [info] > git for-each-ref --format=%(refname)%00%(upstream:short)%00%(objectname)%00%(upstream:track)%00%(upstream:remotename)%00%(upstream:remoteref) refs/heads/JavaStuff refs/remotes/JavaStuff [32ms]
2023-11-27 15:20:14.855 [info] > git status -z -uall [7ms]
2023-11-27 15:20:14.857 [info] > git rev-parse --git-dir --git-common-dir [16ms]
2023-11-27 15:20:14.860 [info] Open repository: /home/ernest/block16
2023-11-27 15:20:14.861 [info] > git config --get commit.template [26ms]
2023-11-27 15:20:14.878 [info] > git for-each-ref --format=%(refname)%00%(upstream:short)%00%(objectname)%00%(upstream:track)%00%(upstream:remotename)%00%(upstream:remoteref) refs/heads/master refs/remotes/master [24ms]
2023-11-27 15:20:14.889 [info] No remotes found in the git config file.
2023-11-27 15:20:14.915 [info] > git status -z -uall [32ms]
2023-11-27 15:20:14.916 [info] > git rev-parse --show-toplevel [42ms]
2023-11-27 15:20:14.916 [info] > git config --get commit.template [49ms]
2023-11-27 15:20:14.933 [info] > git for-each-ref --format=%(refname)%00%(upstream:short)%00%(objectname)%00%(upstream:track)%00%(upstream:remotename)%00%(upstream:remoteref) refs/heads/master refs/remotes/master [44ms]
2023-11-27 15:20:14.959 [info] > git status -z -uall [18ms]
2023-11-27 15:20:14.961 [info] > git rev-parse --git-dir --git-common-dir [31ms]
2023-11-27 15:20:14.965 [info] Open repository: /home/ernest/block17
2023-11-27 15:20:14.983 [info] > git config --get commit.template [24ms]
2023-11-27 15:20:14.983 [info] > git for-each-ref --format=%(refname)%00%(upstream:short)%00%(objectname)%00%(upstream:track)%00%(upstream:remotename)%00%(upstream:remoteref) refs/heads/master refs/remotes/master [32ms]
2023-11-27 15:20:15.005 [info] > git status -z -uall [15ms]
2023-11-27 15:20:15.005 [info] > git rev-parse --show-toplevel [25ms]
2023-11-27 15:20:15.006 [info] > git config --get commit.template [32ms]
2023-11-27 15:20:15.048 [info] > git rev-parse --git-dir --git-common-dir [31ms]
2023-11-27 15:20:15.051 [info] Open repository: /home/ernest/block19
2023-11-27 15:20:15.051 [info] > git for-each-ref --format=%(refname)%00%(upstream:short)%00%(objectname)%00%(upstream:track)%00%(upstream:remotename)%00%(upstream:remoteref) refs/heads/master refs/remotes/master [40ms]
2023-11-27 15:20:15.073 [info] > git config --get commit.template [31ms]
2023-11-27 15:20:15.073 [info] > git for-each-ref --format=%(refname)%00%(upstream:short)%00%(objectname)%00%(upstream:track)%00%(upstream:remotename)%00%(upstream:remoteref) refs/heads/master refs/remotes/master [42ms]
2023-11-27 15:20:15.100 [info] > git status -z -uall [44ms]
2023-11-27 15:20:15.100 [info] > git status -z -uall [19ms]
2023-11-27 15:20:15.104 [info] > git rev-parse --show-toplevel [33ms]
2023-11-27 15:20:15.104 [info] > git config --get commit.template [42ms]
2023-11-27 15:20:15.134 [info] > git rev-parse --git-dir --git-common-dir [13ms]
2023-11-27 15:20:15.137 [info] Open repository: /home/ernest/personalwebsite
2023-11-27 15:20:15.151 [info] > git config --get commit.template [35ms]
2023-11-27 15:20:15.151 [info] > git for-each-ref --format=%(refname)%00%(upstream:short)%00%(objectname)%00%(upstream:track)%00%(upstream:remotename)%00%(upstream:remoteref) refs/heads/master refs/remotes/master [40ms]
2023-11-27 15:20:15.170 [info] > git show --textconv :Block20A/theprescription.css [25ms]
2023-11-27 15:20:15.171 [info] > git status -z -uall [12ms]
2023-11-27 15:20:15.172 [info] > git ls-files --stage -- /home/ernest/Block20A/theprescription.css [22ms]
2023-11-27 15:20:15.173 [info] > git for-each-ref --format=%(refname)%00%(upstream:short)%00%(objectname)%00%(upstream:track)%00%(upstream:remotename)%00%(upstream:remoteref) refs/heads/master refs/remotes/master [42ms]
2023-11-27 15:20:15.198 [info] > git config --get commit.template [33ms]
2023-11-27 15:20:15.200 [info] > git status -z -uall [21ms]
2023-11-27 15:20:15.200 [info] > git for-each-ref --format=%(refname)%00%(upstream:short)%00%(objectname)%00%(upstream:track)%00%(upstream:remotename)%00%(upstream:remoteref) refs/heads/master refs/remotes/master [15ms]
2023-11-27 15:20:15.220 [info] > git status -z -uall [14ms]
2023-11-27 15:20:15.223 [info] > git config --get commit.template [3ms]
2023-11-27 15:20:15.223 [info] > git for-each-ref --format=%(refname)%00%(upstream:short)%00%(objectname)%00%(upstream:track)%00%(upstream:remotename)%00%(upstream:remoteref) refs/heads/main refs/remotes/main [9ms]
2023-11-27 15:20:15.249 [info] > git status -z -uall [20ms]
2023-11-27 15:20:15.263 [info] > git for-each-ref --format=%(refname)%00%(upstream:short)%00%(objectname)%00%(upstream:track)%00%(upstream:remotename)%00%(upstream:remoteref) refs/heads/master refs/remotes/master [17ms]
2023-11-27 15:20:15.269 [info] > git status -z -uall [1ms]
2023-11-27 15:20:15.272 [info] > git config --get commit.template [12ms]
2023-11-27 15:20:15.292 [info] > git for-each-ref --format=%(refname)%00%(upstream:short)%00%(objectname)%00%(upstream:track)%00%(upstream:remotename)%00%(upstream:remoteref) refs/heads/main refs/remotes/main [2ms]
2023-11-27 15:20:15.321 [info] > git status -z -uall [25ms]
2023-11-27 15:20:15.751 [info] > git check-ignore -v -z --stdin [42ms]
2023-11-27 15:20:15.752 [info] > git check-ignore -v -z --stdin [38ms]
2023-11-27 15:20:15.752 [info] > git check-ignore -v -z --stdin [34ms]
2023-11-27 15:20:15.752 [info] > git check-ignore -v -z --stdin [30ms]
2023-11-27 15:20:15.752 [info] > git check-ignore -v -z --stdin [26ms]
2023-11-27 15:20:15.752 [info] > git check-ignore -v -z --stdin [22ms]
2023-11-27 15:20:15.753 [info] > git check-ignore -v -z --stdin [18ms]
2023-11-27 15:20:15.753 [info] > git check-ignore -v -z --stdin [14ms]
2023-11-27 15:20:15.753 [info] > git check-ignore -v -z --stdin [10ms]
2023-11-27 15:20:15.753 [info] > git check-ignore -v -z --stdin [6ms]
2023-11-27 15:20:15.753 [info] > git check-ignore -v -z --stdin [3ms]
2023-11-27 15:20:15.753 [info] > git check-ignore -v -z --stdin [49ms]
2023-11-27 15:20:45.833 [info] > git fetch [37ms]
2023-11-27 15:20:45.834 [info] > git fetch [62ms]
2023-11-27 15:20:45.844 [info] > git config --get commit.template [11ms]
2023-11-27 15:20:45.847 [info] > git config --get commit.template [4ms]
2023-11-27 15:20:45.847 [info] > git config --get commit.template [8ms]
2023-11-27 15:20:45.858 [info] No remotes found in the git config file.
2023-11-27 15:20:45.862 [info] No remotes found in the git config file.
2023-11-27 15:20:45.863 [info] > git for-each-ref --format=%(refname)%00%(upstream:short)%00%(objectname)%00%(upstream:track)%00%(upstream:remotename)%00%(upstream:remoteref) refs/heads/main refs/remotes/main [10ms]
2023-11-27 15:20:45.869 [info] > git for-each-ref --format=%(refname)%00%(upstream:short)%00%(objectname)%00%(upstream:track)%00%(upstream:remotename)%00%(upstream:remoteref) refs/heads/master refs/remotes/master [7ms]
2023-11-27 15:20:45.874 [info] > git for-each-ref --format=%(refname)%00%(upstream:short)%00%(objectname)%00%(upstream:track)%00%(upstream:remotename)%00%(upstream:remoteref) refs/heads/master refs/remotes/master [17ms]
2023-11-27 15:20:45.879 [info] > git status -z -uall [5ms]
2023-11-27 15:20:45.879 [info] > git status -z -uall [1ms]
2023-11-27 15:20:45.922 [info] > git status -z -uall [54ms]
2023-11-27 15:20:46.229 [info] > git fetch [451ms]
2023-11-27 15:20:46.247 [info] > git config --get commit.template [10ms]
2023-11-27 15:20:46.248 [info] > git fetch [463ms]
2023-11-27 15:20:46.255 [info] > git for-each-ref --format=%(refname)%00%(upstream:short)%00%(objectname)%00%(upstream:track)%00%(upstream:remotename)%00%(upstream:remoteref) refs/heads/master refs/remotes/master [11ms]
2023-11-27 15:20:46.260 [info] > git fetch [469ms]
2023-11-27 15:20:46.261 [info] > git fetch [459ms]
2023-11-27 15:20:46.278 [info] > git status -z -uall [18ms]
2023-11-27 15:20:46.280 [info] > git config --get commit.template [25ms]
2023-11-27 15:20:46.280 [info] > git fetch [516ms]
2023-11-27 15:20:46.280 [info] > git fetch [468ms]
2023-11-27 15:20:46.293 [info] > git config --get commit.template [16ms]
2023-11-27 15:20:46.293 [info] > git config --get commit.template [23ms]
2023-11-27 15:20:46.293 [info] > git fetch [469ms]
2023-11-27 15:20:46.294 [info] > git fetch [487ms]
2023-11-27 15:20:46.294 [info] > git fetch [475ms]
2023-11-27 15:20:46.315 [info] > git config --get commit.template [23ms]
2023-11-27 15:20:46.315 [info] > git config --get commit.template [28ms]
2023-11-27 15:20:46.328 [info] > git config --get commit.template [15ms]
2023-11-27 15:20:46.328 [info] > git config --get commit.template [19ms]
2023-11-27 15:20:46.328 [info] > git config --get commit.template [23ms]
2023-11-27 15:20:46.328 [info] > git for-each-ref --format=%(refname)%00%(upstream:short)%00%(objectname)%00%(upstream:track)%00%(upstream:remotename)%00%(upstream:remoteref) refs/heads/master refs/remotes/master [28ms]
2023-11-27 15:20:46.346 [info] > git status -z -uall [12ms]
2023-11-27 15:20:46.346 [info] > git for-each-ref --format=%(refname)%00%(upstream:short)%00%(objectname)%00%(upstream:track)%00%(upstream:remotename)%00%(upstream:remoteref) refs/heads/master refs/remotes/master [19ms]
2023-11-27 15:20:46.354 [info] > git for-each-ref --format=%(refname)%00%(upstream:short)%00%(objectname)%00%(upstream:track)%00%(upstream:remotename)%00%(upstream:remoteref) refs/heads/JavaStuff refs/remotes/JavaStuff [32ms]
2023-11-27 15:20:46.384 [info] > git status -z -uall [30ms]
2023-11-27 15:20:46.384 [info] > git status -z -uall [21ms]
2023-11-27 15:20:46.386 [info] > git for-each-ref --format=%(refname)%00%(upstream:short)%00%(objectname)%00%(upstream:track)%00%(upstream:remotename)%00%(upstream:remoteref) refs/heads/master refs/remotes/master [41ms]
2023-11-27 15:20:46.392 [info] > git for-each-ref --format=%(refname)%00%(upstream:short)%00%(objectname)%00%(upstream:track)%00%(upstream:remotename)%00%(upstream:remoteref) refs/heads/master refs/remotes/master [52ms]
2023-11-27 15:20:46.401 [info] > git status -z -uall [9ms]
2023-11-27 15:20:46.401 [info] > git status -z -uall [4ms]
2023-11-27 15:20:46.403 [info] > git for-each-ref --format=%(refname)%00%(upstream:short)%00%(objectname)%00%(upstream:track)%00%(upstream:remotename)%00%(upstream:remoteref) refs/heads/master refs/remotes/master [21ms]
2023-11-27 15:20:46.408 [info] > git for-each-ref --format=%(refname)%00%(upstream:short)%00%(objectname)%00%(upstream:track)%00%(upstream:remotename)%00%(upstream:remoteref) refs/heads/master refs/remotes/master [33ms]
2023-11-27 15:20:46.413 [info] > git for-each-ref --format=%(refname)%00%(upstream:short)%00%(objectname)%00%(upstream:track)%00%(upstream:remotename)%00%(upstream:remoteref) refs/heads/main refs/remotes/main [43ms]
2023-11-27 15:20:46.421 [info] > git status -z -uall [13ms]
2023-11-27 15:20:46.421 [info] > git status -z -uall [8ms]
2023-11-27 15:20:46.421 [info] > git status -z -uall [3ms]
2023-11-27 15:20:46.424 [info] > git fetch [668ms]
2023-11-27 15:20:46.424 [info] fatal: repository 'https://github.com/ernesttheiss/github-workflow/tree/master/' not found
2023-11-27 15:20:46.431 [info] > git config --get commit.template [1ms]
2023-11-27 15:20:46.437 [info] > git for-each-ref --format=%(refname)%00%(upstream:short)%00%(objectname)%00%(upstream:track)%00%(upstream:remotename)%00%(upstream:remoteref) refs/heads/main refs/remotes/main [1ms]
2023-11-27 15:20:46.484 [info] > git status -z -uall [43ms]
2023-11-27 15:20:47.109 [info] > git config --get commit.template [5ms]
2023-11-27 15:20:47.110 [info] > git config --get commit.template [2ms]
2023-11-27 15:20:47.115 [info] No remotes found in the git config file.
2023-11-27 15:20:47.119 [info] No remotes found in the git config file.
2023-11-27 15:20:47.119 [info] > git for-each-ref --format=%(refname)%00%(upstream:short)%00%(objectname)%00%(upstream:track)%00%(upstream:remotename)%00%(upstream:remoteref) refs/heads/master refs/remotes/master [4ms]
2023-11-27 15:20:47.124 [info] > git for-each-ref --format=%(refname)%00%(upstream:short)%00%(objectname)%00%(upstream:track)%00%(upstream:remotename)%00%(upstream:remoteref) refs/heads/master refs/remotes/master [5ms]
2023-11-27 15:20:47.128 [info] > git status -z -uall [5ms]
2023-11-27 15:20:47.130 [info] > git status -z -uall [2ms]
2023-11-27 15:20:47.634 [info] > git config --get commit.template [35ms]
2023-11-27 15:20:47.634 [info] > git config --get commit.template [39ms]
2023-11-27 15:20:47.634 [info] > git config --get commit.template [44ms]
2023-11-27 15:20:47.635 [info] > git config --get commit.template [2ms]
2023-11-27 15:20:47.635 [info] > git config --get commit.template [6ms]
2023-11-27 15:20:47.635 [info] > git config --get commit.template [11ms]
2023-11-27 15:20:47.635 [info] > git config --get commit.template [15ms]
2023-11-27 15:20:47.636 [info] > git config --get commit.template [20ms]
2023-11-27 15:20:47.636 [info] > git config --get commit.template [26ms]
2023-11-27 15:20:47.672 [info] > git for-each-ref --format=%(refname)%00%(upstream:short)%00%(objectname)%00%(upstream:track)%00%(upstream:remotename)%00%(upstream:remoteref) refs/heads/master refs/remotes/master [28ms]
2023-11-27 15:20:47.677 [info] > git for-each-ref --format=%(refname)%00%(upstream:short)%00%(objectname)%00%(upstream:track)%00%(upstream:remotename)%00%(upstream:remoteref) refs/heads/master refs/remotes/master [37ms]
2023-11-27 15:20:47.683 [info] > git status -z -uall [6ms]
2023-11-27 15:20:47.684 [info] > git for-each-ref --format=%(refname)%00%(upstream:short)%00%(objectname)%00%(upstream:track)%00%(upstream:remotename)%00%(upstream:remoteref) refs/heads/main refs/remotes/main [12ms]
2023-11-27 15:20:47.688 [info] > git for-each-ref --format=%(refname)%00%(upstream:short)%00%(objectname)%00%(upstream:track)%00%(upstream:remotename)%00%(upstream:remoteref) refs/heads/master refs/remotes/master [21ms]
2023-11-27 15:20:47.692 [info] > git for-each-ref --format=%(refname)%00%(upstream:short)%00%(objectname)%00%(upstream:track)%00%(upstream:remotename)%00%(upstream:remoteref) refs/heads/master refs/remotes/master [28ms]
2023-11-27 15:20:47.696 [info] > git for-each-ref --format=%(refname)%00%(upstream:short)%00%(objectname)%00%(upstream:track)%00%(upstream:remotename)%00%(upstream:remoteref) refs/heads/master refs/remotes/master [37ms]
2023-11-27 15:20:47.700 [info] > git for-each-ref --format=%(refname)%00%(upstream:short)%00%(objectname)%00%(upstream:track)%00%(upstream:remotename)%00%(upstream:remoteref) refs/heads/master refs/remotes/master [43ms]
2023-11-27 15:20:47.704 [info] > git for-each-ref --format=%(refname)%00%(upstream:short)%00%(objectname)%00%(upstream:track)%00%(upstream:remotename)%00%(upstream:remoteref) refs/heads/JavaStuff refs/remotes/JavaStuff [52ms]
2023-11-27 15:20:47.709 [info] > git for-each-ref --format=%(refname)%00%(upstream:short)%00%(objectname)%00%(upstream:track)%00%(upstream:remotename)%00%(upstream:remoteref) refs/heads/master refs/remotes/master [61ms]
2023-11-27 15:20:47.715 [info] > git status -z -uall [33ms]
2023-11-27 15:20:47.715 [info] > git status -z -uall [27ms]
2023-11-27 15:20:47.715 [info] > git status -z -uall [23ms]
2023-11-27 15:20:47.715 [info] > git status -z -uall [19ms]
2023-11-27 15:20:47.715 [info] > git status -z -uall [16ms]
2023-11-27 15:20:47.715 [info] > git status -z -uall [12ms]
2023-11-27 15:20:47.715 [info] > git status -z -uall [7ms]
2023-11-27 15:20:47.715 [info] > git status -z -uall [2ms]
2023-11-27 15:20:47.737 [info] > git ls-files --stage -- /home/ernest/Block20A/theprescription.css [3ms]
2023-11-27 15:20:47.748 [info] > git show --textconv :Block20A/theprescription.css [2ms]
2023-11-27 15:20:50.957 [info] > git config --get commit.template [1ms]
2023-11-27 15:20:50.966 [info] > git for-each-ref --format=%(refname)%00%(upstream:short)%00%(objectname)%00%(upstream:track)%00%(upstream:remotename)%00%(upstream:remoteref) refs/heads/main refs/remotes/main [0ms]
2023-11-27 15:20:51.042 [info] > git status -z -uall [71ms]
2023-11-27 15:20:52.333 [info] > git show --textconv :Block20A/theprescription.html [7ms]
2023-11-27 15:20:52.336 [info] > git ls-files --stage -- /home/ernest/Block20A/theprescription.html [4ms]
2023-11-27 15:20:56.086 [info] > git config --get commit.template [11ms]
2023-11-27 15:20:56.087 [info] > git for-each-ref --format=%(refname)%00%(upstream:short)%00%(objectname)%00%(upstream:track)%00%(upstream:remotename)%00%(upstream:remoteref) refs/heads/main refs/remotes/main [1ms]
2023-11-27 15:20:56.202 [info] > git status -z -uall [104ms]
2023-11-27 15:21:28.206 [info] > git config --get commit.template [10ms]
2023-11-27 15:21:28.206 [info] > git for-each-ref --format=%(refname)%00%(upstream:short)%00%(objectname)%00%(upstream:track)%00%(upstream:remotename)%00%(upstream:remoteref) refs/heads/main refs/remotes/main [1ms]
2023-11-27 15:21:28.260 [info] > git status -z -uall [44ms]
2023-11-27 15:21:33.291 [info] > git config --get commit.template [1ms]
2023-11-27 15:21:33.299 [info] > git for-each-ref --format=%(refname)%00%(upstream:short)%00%(objectname)%00%(upstream:track)%00%(upstream:remotename)%00%(upstream:remoteref) refs/heads/main refs/remotes/main [1ms]
2023-11-27 15:21:33.360 [info] > git status -z -uall [56ms]
2023-11-27 15:21:33.583 [info] > git ls-files --stage -- /home/ernest/Block20A/theprescription.html [3ms]
2023-11-27 15:21:33.595 [info] > git show --textconv :Block20A/theprescription.html [3ms]
2023-11-27 15:21:38.396 [info] > git config --get commit.template [7ms]
2023-11-27 15:21:38.396 [info] > git for-each-ref --format=%(refname)%00%(upstream:short)%00%(objectname)%00%(upstream:track)%00%(upstream:remotename)%00%(upstream:remoteref) refs/heads/main refs/remotes/main [1ms]
2023-11-27 15:21:38.457 [info] > git status -z -uall [55ms]
2023-11-27 15:21:47.940 [info] > git config --get commit.template [2ms]
2023-11-27 15:21:47.948 [info] > git for-each-ref --format=%(refname)%00%(upstream:short)%00%(objectname)%00%(upstream:track)%00%(upstream:remotename)%00%(upstream:remoteref) refs/heads/main refs/remotes/main [2ms]
2023-11-27 15:21:48.011 [info] > git status -z -uall [56ms]
2023-11-27 15:21:53.058 [info] > git config --get commit.template [1ms]
2023-11-27 15:21:53.065 [info] > git for-each-ref --format=%(refname)%00%(upstream:short)%00%(objectname)%00%(upstream:track)%00%(upstream:remotename)%00%(upstream:remoteref) refs/heads/main refs/remotes/main [1ms]
2023-11-27 15:21:53.126 [info] > git status -z -uall [56ms]
2023-11-27 15:22:01.590 [info] > git config --get commit.template [1ms]
2023-11-27 15:22:01.605 [info] > git for-each-ref --format=%(refname)%00%(upstream:short)%00%(objectname)%00%(upstream:track)%00%(upstream:remotename)%00%(upstream:remoteref) refs/heads/main refs/remotes/main [2ms]
2023-11-27 15:22:01.657 [info] > git status -z -uall [46ms]
2023-11-27 15:22:06.689 [info] > git config --get commit.template [9ms]
2023-11-27 15:22:06.689 [info] > git for-each-ref --format=%(refname)%00%(upstream:short)%00%(objectname)%00%(upstream:track)%00%(upstream:remotename)%00%(upstream:remoteref) refs/heads/main refs/remotes/main [1ms]
2023-11-27 15:22:06.766 [info] > git status -z -uall [71ms]
2023-11-27 15:22:11.805 [info] > git config --get commit.template [6ms]
2023-11-27 15:22:11.806 [info] > git for-each-ref --format=%(refname)%00%(upstream:short)%00%(objectname)%00%(upstream:track)%00%(upstream:remotename)%00%(upstream:remoteref) refs/heads/main refs/remotes/main [2ms]
2023-11-27 15:22:11.868 [info] > git status -z -uall [57ms]
2023-11-27 15:22:16.900 [info] > git config --get commit.template [1ms]
2023-11-27 15:22:16.909 [info] > git for-each-ref --format=%(refname)%00%(upstream:short)%00%(objectname)%00%(upstream:track)%00%(upstream:remotename)%00%(upstream:remoteref) refs/heads/main refs/remotes/main [1ms]
2023-11-27 15:22:16.972 [info] > git status -z -uall [57ms]
2023-11-27 15:23:07.962 [info] > git config --get commit.template [2ms]
2023-11-27 15:23:07.968 [info] > git for-each-ref --format=%(refname)%00%(upstream:short)%00%(objectname)%00%(upstream:track)%00%(upstream:remotename)%00%(upstream:remoteref) refs/heads/main refs/remotes/main [1ms]
2023-11-27 15:23:08.022 [info] > git status -z -uall [47ms]
2023-11-27 15:23:11.369 [info] > git ls-files --stage -- /home/ernest/Block20A/theprescription.html [2ms]
2023-11-27 15:23:11.380 [info] > git show --textconv :Block20A/theprescription.html [2ms]
2023-11-27 15:23:13.057 [info] > git config --get commit.template [5ms]
2023-11-27 15:23:13.057 [info] > git for-each-ref --format=%(refname)%00%(upstream:short)%00%(objectname)%00%(upstream:track)%00%(upstream:remotename)%00%(upstream:remoteref) refs/heads/main refs/remotes/main [1ms]
2023-11-27 15:23:13.119 [info] > git status -z -uall [57ms]
2023-11-27 15:23:14.728 [info] > git ls-files --stage -- /home/ernest/Block20A/theprescription.html [2ms]
2023-11-27 15:23:14.734 [info] > git cat-file -s 7f3e84441a0102c92bad5f4a552169a75285da16 [1ms]
2023-11-27 15:23:14.746 [info] > git show --textconv :Block20A/theprescription.html [2ms]
2023-11-27 15:23:18.154 [info] > git config --get commit.template [7ms]
2023-11-27 15:23:18.155 [info] > git for-each-ref --format=%(refname)%00%(upstream:short)%00%(objectname)%00%(upstream:track)%00%(upstream:remotename)%00%(upstream:remoteref) refs/heads/main refs/remotes/main [1ms]
2023-11-27 15:23:18.289 [info] > git status -z -uall [128ms]
2023-11-27 15:23:23.314 [info] > git config --get commit.template [1ms]
2023-11-27 15:23:23.321 [info] > git for-each-ref --format=%(refname)%00%(upstream:short)%00%(objectname)%00%(upstream:track)%00%(upstream:remotename)%00%(upstream:remoteref) refs/heads/main refs/remotes/main [1ms]
2023-11-27 15:23:23.449 [info] > git status -z -uall [123ms]
2023-11-27 15:23:24.879 [info] > git ls-files --stage -- /home/ernest/Block20A/theprescription.html [4ms]
2023-11-27 15:23:24.889 [info] > git cat-file -s 7f3e84441a0102c92bad5f4a552169a75285da16 [1ms]
2023-11-27 15:23:24.904 [info] > git show --textconv :Block20A/theprescription.html [3ms]
2023-11-27 15:23:28.466 [info] > git config --get commit.template [1ms]
2023-11-27 15:23:28.476 [info] > git for-each-ref --format=%(refname)%00%(upstream:short)%00%(objectname)%00%(upstream:track)%00%(upstream:remotename)%00%(upstream:remoteref) refs/heads/main refs/remotes/main [2ms]
2023-11-27 15:23:28.563 [info] > git status -z -uall [80ms]
2023-11-27 15:23:34.972 [info] > git config --get commit.template [2ms]
2023-11-27 15:23:34.979 [info] > git for-each-ref --format=%(refname)%00%(upstream:short)%00%(objectname)%00%(upstream:track)%00%(upstream:remotename)%00%(upstream:remoteref) refs/heads/main refs/remotes/main [1ms]
2023-11-27 15:23:35.039 [info] > git status -z -uall [55ms]
2023-11-27 15:23:40.059 [info] > git config --get commit.template [7ms]
2023-11-27 15:23:40.059 [info] > git for-each-ref --format=%(refname)%00%(upstream:short)%00%(objectname)%00%(upstream:track)%00%(upstream:remotename)%00%(upstream:remoteref) refs/heads/main refs/remotes/main [1ms]
2023-11-27 15:23:40.135 [info] > git status -z -uall [71ms]
2023-11-27 15:23:45.897 [info] > git fetch [9ms]
2023-11-27 15:23:45.904 [info] > git fetch [8ms]
2023-11-27 15:23:45.910 [info] > git config --get commit.template [7ms]
2023-11-27 15:23:45.912 [info] > git config --get commit.template [3ms]
2023-11-27 15:23:45.918 [info] No remotes found in the git config file.
2023-11-27 15:23:45.922 [info] No remotes found in the git config file.
2023-11-27 15:23:45.923 [info] > git for-each-ref --format=%(refname)%00%(upstream:short)%00%(objectname)%00%(upstream:track)%00%(upstream:remotename)%00%(upstream:remoteref) refs/heads/master refs/remotes/master [5ms]
2023-11-27 15:23:45.931 [info] > git for-each-ref --format=%(refname)%00%(upstream:short)%00%(objectname)%00%(upstream:track)%00%(upstream:remotename)%00%(upstream:remoteref) refs/heads/master refs/remotes/master [9ms]
2023-11-27 15:23:45.938 [info] > git status -z -uall [8ms]
2023-11-27 15:23:45.940 [info] > git status -z -uall [3ms]
2023-11-27 15:23:45.973 [info] > git config --get commit.template [1ms]
2023-11-27 15:23:45.980 [info] > git for-each-ref --format=%(refname)%00%(upstream:short)%00%(objectname)%00%(upstream:track)%00%(upstream:remotename)%00%(upstream:remoteref) refs/heads/main refs/remotes/main [1ms]
2023-11-27 15:23:46.043 [info] > git status -z -uall [59ms]
2023-11-27 15:23:46.743 [info] > git fetch [457ms]
2023-11-27 15:23:46.750 [info] > git config --get commit.template [1ms]
2023-11-27 15:23:46.756 [info] > git for-each-ref --format=%(refname)%00%(upstream:short)%00%(objectname)%00%(upstream:track)%00%(upstream:remotename)%00%(upstream:remoteref) refs/heads/master refs/remotes/master [1ms]
2023-11-27 15:23:46.762 [info] > git status -z -uall [1ms]
2023-11-27 15:23:46.837 [info] > git fetch [444ms]
2023-11-27 15:23:46.844 [info] > git config --get commit.template [1ms]
2023-11-27 15:23:46.851 [info] > git fetch [445ms]
2023-11-27 15:23:46.857 [info] > git for-each-ref --format=%(refname)%00%(upstream:short)%00%(objectname)%00%(upstream:track)%00%(upstream:remotename)%00%(upstream:remoteref) refs/heads/master refs/remotes/master [7ms]
2023-11-27 15:23:46.862 [info] > git config --get commit.template [6ms]
2023-11-27 15:23:46.862 [info] > git status -z -uall [1ms]
2023-11-27 15:23:46.870 [info] > git fetch [456ms]
2023-11-27 15:23:46.877 [info] > git for-each-ref --format=%(refname)%00%(upstream:short)%00%(objectname)%00%(upstream:track)%00%(upstream:remotename)%00%(upstream:remoteref) refs/heads/master refs/remotes/master [8ms]
2023-11-27 15:23:46.883 [info] > git config --get commit.template [7ms]
2023-11-27 15:23:46.884 [info] > git status -z -uall [2ms]
2023-11-27 15:23:46.894 [info] > git fetch [459ms]
2023-11-27 15:23:46.894 [info] > git fetch [473ms]
2023-11-27 15:23:46.895 [info] > git fetch [466ms]
2023-11-27 15:23:46.911 [info] > git for-each-ref --format=%(refname)%00%(upstream:short)%00%(objectname)%00%(upstream:track)%00%(upstream:remotename)%00%(upstream:remoteref) refs/heads/master refs/remotes/master [18ms]
2023-11-27 15:23:46.917 [info] > git status -z -uall [2ms]
2023-11-27 15:23:46.918 [info] > git config --get commit.template [7ms]
2023-11-27 15:23:46.918 [info] > git config --get commit.template [12ms]
2023-11-27 15:23:46.918 [info] > git config --get commit.template [17ms]
2023-11-27 15:23:46.918 [info] > git fetch [475ms]
2023-11-27 15:23:46.918 [info] > git fetch [467ms]
2023-11-27 15:23:46.946 [info] > git config --get commit.template [18ms]
2023-11-27 15:23:46.946 [info] > git config --get commit.template [23ms]
2023-11-27 15:23:46.947 [info] > git for-each-ref --format=%(refname)%00%(upstream:short)%00%(objectname)%00%(upstream:track)%00%(upstream:remotename)%00%(upstream:remoteref) refs/heads/JavaStuff refs/remotes/JavaStuff [2ms]
2023-11-27 15:23:46.953 [info] > git for-each-ref --format=%(refname)%00%(upstream:short)%00%(objectname)%00%(upstream:track)%00%(upstream:remotename)%00%(upstream:remoteref) refs/heads/master refs/remotes/master [14ms]
2023-11-27 15:23:46.959 [info] > git for-each-ref --format=%(refname)%00%(upstream:short)%00%(objectname)%00%(upstream:track)%00%(upstream:remotename)%00%(upstream:remoteref) refs/heads/main refs/remotes/main [24ms]
2023-11-27 15:23:46.974 [info] > git status -z -uall [22ms]
2023-11-27 15:23:46.974 [info] > git status -z -uall [15ms]
2023-11-27 15:23:46.974 [info] > git status -z -uall [10ms]
2023-11-27 15:23:46.977 [info] > git for-each-ref --format=%(refname)%00%(upstream:short)%00%(objectname)%00%(upstream:track)%00%(upstream:remotename)%00%(upstream:remoteref) refs/heads/master refs/remotes/master [4ms]
2023-11-27 15:23:46.983 [info] > git for-each-ref --format=%(refname)%00%(upstream:short)%00%(objectname)%00%(upstream:track)%00%(upstream:remotename)%00%(upstream:remoteref) refs/heads/master refs/remotes/master [13ms]
2023-11-27 15:23:46.990 [info] > git status -z -uall [8ms]
2023-11-27 15:23:46.990 [info] > git status -z -uall [3ms]
2023-11-27 15:23:47.019 [info] > git config --get commit.template [1ms]
2023-11-27 15:23:47.024 [info] No remotes found in the git config file.
2023-11-27 15:23:47.025 [info] > git for-each-ref --format=%(refname)%00%(upstream:short)%00%(objectname)%00%(upstream:track)%00%(upstream:remotename)%00%(upstream:remoteref) refs/heads/master refs/remotes/master [0ms]
2023-11-27 15:23:47.030 [info] > git status -z -uall [1ms]
2023-11-27 15:23:47.040 [info] > git fetch [529ms]
2023-11-27 15:23:47.040 [info] fatal: repository 'https://github.com/ernesttheiss/github-workflow/tree/master/' not found
2023-11-27 15:23:47.052 [info] > git config --get commit.template [5ms]
2023-11-27 15:23:47.053 [info] > git for-each-ref --format=%(refname)%00%(upstream:short)%00%(objectname)%00%(upstream:track)%00%(upstream:remotename)%00%(upstream:remoteref) refs/heads/main refs/remotes/main [2ms]
2023-11-27 15:23:47.106 [info] > git status -z -uall [49ms]
2023-11-27 15:23:47.117 [info] > git config --get commit.template [1ms]
2023-11-27 15:23:47.124 [info] No remotes found in the git config file.
2023-11-27 15:23:47.124 [info] > git for-each-ref --format=%(refname)%00%(upstream:short)%00%(objectname)%00%(upstream:track)%00%(upstream:remotename)%00%(upstream:remoteref) refs/heads/master refs/remotes/master [1ms]
2023-11-27 15:23:47.130 [info] > git status -z -uall [1ms]
2023-11-27 15:23:47.961 [info] > git config --get commit.template [8ms]
2023-11-27 15:23:47.962 [info] > git for-each-ref --format=%(refname)%00%(upstream:short)%00%(objectname)%00%(upstream:track)%00%(upstream:remotename)%00%(upstream:remoteref) refs/heads/master refs/remotes/master [2ms]
2023-11-27 15:23:47.970 [info] > git status -z -uall [1ms]
2023-11-27 15:23:48.231 [info] > git config --get commit.template [28ms]
2023-11-27 15:23:48.231 [info] > git config --get commit.template [32ms]
2023-11-27 15:23:48.233 [info] > git config --get commit.template [3ms]
2023-11-27 15:23:48.233 [info] > git config --get commit.template [6ms]
2023-11-27 15:23:48.233 [info] > git config --get commit.template [10ms]
2023-11-27 15:23:48.233 [info] > git config --get commit.template [13ms]
2023-11-27 15:23:48.233 [info] > git config --get commit.template [17ms]
2023-11-27 15:23:48.233 [info] > git config --get commit.template [21ms]
2023-11-27 15:23:48.269 [info] > git for-each-ref --format=%(refname)%00%(upstream:short)%00%(objectname)%00%(upstream:track)%00%(upstream:remotename)%00%(upstream:remoteref) refs/heads/master refs/remotes/master [27ms]
2023-11-27 15:23:48.274 [info] > git for-each-ref --format=%(refname)%00%(upstream:short)%00%(objectname)%00%(upstream:track)%00%(upstream:remotename)%00%(upstream:remoteref) refs/heads/master refs/remotes/master [36ms]
2023-11-27 15:23:48.280 [info] > git status -z -uall [6ms]
2023-11-27 15:23:48.280 [info] > git status -z -uall [3ms]
2023-11-27 15:23:48.281 [info] > git for-each-ref --format=%(refname)%00%(upstream:short)%00%(objectname)%00%(upstream:track)%00%(upstream:remotename)%00%(upstream:remoteref) refs/heads/main refs/remotes/main [13ms]
2023-11-27 15:23:48.285 [info] > git for-each-ref --format=%(refname)%00%(upstream:short)%00%(objectname)%00%(upstream:track)%00%(upstream:remotename)%00%(upstream:remoteref) refs/heads/master refs/remotes/master [22ms]
2023-11-27 15:23:48.289 [info] > git for-each-ref --format=%(refname)%00%(upstream:short)%00%(objectname)%00%(upstream:track)%00%(upstream:remotename)%00%(upstream:remoteref) refs/heads/master refs/remotes/master [31ms]
2023-11-27 15:23:48.293 [info] > git for-each-ref --format=%(refname)%00%(upstream:short)%00%(objectname)%00%(upstream:track)%00%(upstream:remotename)%00%(upstream:remoteref) refs/heads/master refs/remotes/master [39ms]
2023-11-27 15:23:48.298 [info] > git for-each-ref --format=%(refname)%00%(upstream:short)%00%(objectname)%00%(upstream:track)%00%(upstream:remotename)%00%(upstream:remoteref) refs/heads/master refs/remotes/master [47ms]
2023-11-27 15:23:48.302 [info] > git for-each-ref --format=%(refname)%00%(upstream:short)%00%(objectname)%00%(upstream:track)%00%(upstream:remotename)%00%(upstream:remoteref) refs/heads/JavaStuff refs/remotes/JavaStuff [55ms]
2023-11-27 15:23:48.308 [info] > git status -z -uall [23ms]
2023-11-27 15:23:48.308 [info] > git status -z -uall [19ms]
2023-11-27 15:23:48.308 [info] > git status -z -uall [15ms]
2023-11-27 15:23:48.308 [info] > git status -z -uall [11ms]
2023-11-27 15:23:48.308 [info] > git status -z -uall [7ms]
2023-11-27 15:23:48.308 [info] > git status -z -uall [2ms]
2023-11-27 15:23:48.328 [info] > git ls-files --stage -- /home/ernest/Block20A/theprescription.html [3ms]
2023-11-27 15:23:48.334 [info] > git cat-file -s 7f3e84441a0102c92bad5f4a552169a75285da16 [1ms]
2023-11-27 15:23:48.345 [info] > git show --textconv :Block20A/theprescription.html [2ms]
2023-11-27 15:23:51.054 [info] > git config --get commit.template [1ms]
2023-11-27 15:23:51.060 [info] > git for-each-ref --format=%(refname)%00%(upstream:short)%00%(objectname)%00%(upstream:track)%00%(upstream:remotename)%00%(upstream:remoteref) refs/heads/main refs/remotes/main [1ms]
2023-11-27 15:23:51.117 [info] > git status -z -uall [53ms]
2023-11-27 15:23:56.135 [info] > git config --get commit.template [7ms]
2023-11-27 15:23:56.135 [info] > git for-each-ref --format=%(refname)%00%(upstream:short)%00%(objectname)%00%(upstream:track)%00%(upstream:remotename)%00%(upstream:remoteref) refs/heads/main refs/remotes/main [1ms]
2023-11-27 15:23:56.201 [info] > git status -z -uall [59ms]
2023-11-27 15:23:59.752 [info] > git ls-files --stage -- /home/ernest/Block20A/theprescription.html [3ms]
2023-11-27 15:23:59.759 [info] > git cat-file -s 7f3e84441a0102c92bad5f4a552169a75285da16 [1ms]
2023-11-27 15:23:59.773 [info] > git show --textconv :Block20A/theprescription.html [3ms]
2023-11-27 15:24:01.218 [info] > git config --get commit.template [7ms]
2023-11-27 15:24:01.219 [info] > git for-each-ref --format=%(refname)%00%(upstream:short)%00%(objectname)%00%(upstream:track)%00%(upstream:remotename)%00%(upstream:remoteref) refs/heads/main refs/remotes/main [1ms]
2023-11-27 15:24:01.282 [info] > git status -z -uall [57ms]
2023-11-27 15:24:06.292 [info] > git config --get commit.template [0ms]
2023-11-27 15:24:06.298 [info] > git for-each-ref --format=%(refname)%00%(upstream:short)%00%(objectname)%00%(upstream:track)%00%(upstream:remotename)%00%(upstream:remoteref) refs/heads/main refs/remotes/main [1ms]
2023-11-27 15:24:06.363 [info] > git status -z -uall [58ms]
